#
# There is insufficient memory for the Java Runtime Environment to continue.
# Native memory allocation (malloc) failed to allocate 32744 bytes for ChunkPool::allocate
# Possible reasons:
#   The system is out of physical RAM or swap space
#   The process is running with CompressedOops enabled, and the Java Heap may be blocking the growth of the native heap
# Possible solutions:
#   Reduce memory load on the system
#   Increase physical memory or swap space
#   Check if swap backing store is full
#   Decrease Java heap size (-Xmx/-Xms)
#   Decrease number of Java threads
#   Decrease Java thread stack sizes (-Xss)
#   Set larger code cache with -XX:ReservedCodeCacheSize=
#   JVM is running with Unscaled Compressed Oops mode in which the Java heap is
#     placed in the first 4GB address space. The Java Heap base address is the
#     maximum limit for the native heap growth. Please use -XX:HeapBaseMinAddress
#     to set the Java Heap base and to place the Java Heap above 4GB virtual address.
# This output file may be truncated or incomplete.
#
#  Out of Memory Error (./open/src/hotspot/share/memory/arena.cpp:81), pid=10076, tid=1480
#
# JRE version: Java(TM) SE Runtime Environment 18.9 (11.0.12+8) (build 11.0.12+8-LTS-237)
# Java VM: Java HotSpot(TM) 64-Bit Server VM 18.9 (11.0.12+8-LTS-237, mixed mode, tiered, compressed oops, g1 gc, windows-amd64)
# No core dump will be written. Minidumps are not enabled by default on client versions of Windows
#

---------------  S U M M A R Y ------------

Command Line: -Xverify:none -XX:TieredStopAtLevel=1 -Dfile.encoding=windows-1252 -Duser.country=AR -Duser.language=es -Duser.variant com.mindhub.homebanking.HomeBankingApplication

Host: Intel(R) Celeron(R) CPU 1007U @ 1.50GHz, 2 cores, 3G,  Windows 10 , 64 bit Build 19041 (10.0.19041.2546)
Time: Wed Apr 12 10:33:31 2023 Hora estándar de Argentina elapsed time: 10.162870 seconds (0d 0h 0m 10s)

---------------  T H R E A D  ---------------

Current thread (0x0000023db440a000):  JavaThread "C1 CompilerThread0" daemon [_thread_in_native, id=1480, stack(0x00000049c1300000,0x00000049c1400000)]


Current CompileTask:
C1:  10163 2232       1       org.springframework.asm.ClassReader::accept (1401 bytes)

Stack: [0x00000049c1300000,0x00000049c1400000]
Native frames: (J=compiled Java code, j=interpreted, Vv=VM code, C=native code)
V  [jvm.dll+0x617d9a]
V  [jvm.dll+0x74eeef]
V  [jvm.dll+0x750599]
V  [jvm.dll+0x750c23]
V  [jvm.dll+0x2438d8]
V  [jvm.dll+0xba93b]
V  [jvm.dll+0xbac9c]
V  [jvm.dll+0x166e59]
V  [jvm.dll+0x16589b]
V  [jvm.dll+0x120585]
V  [jvm.dll+0x11fdff]
V  [jvm.dll+0x12002f]
V  [jvm.dll+0x11f2d7]
V  [jvm.dll+0x1211e7]
V  [jvm.dll+0x20b87c]
V  [jvm.dll+0x20997b]
V  [jvm.dll+0x716359]
V  [jvm.dll+0x70f064]
V  [jvm.dll+0x616f66]
C  [ucrtbase.dll+0x21bb2]
C  [KERNEL32.DLL+0x17614]
C  [ntdll.dll+0x526a1]


---------------  P R O C E S S  ---------------

Threads class SMR info:
_java_thread_list=0x0000023db62b8d00, length=9, elements={
0x0000023d96296000, 0x0000023db43b2800, 0x0000023db43bc800, 0x0000023db4403000,
0x0000023db4404000, 0x0000023db4407800, 0x0000023db440a000, 0x0000023db4410800,
0x0000023db4651000
}

Java Threads: ( => current thread )
  0x0000023d96296000 JavaThread "main" [_thread_in_native, id=9164, stack(0x00000049c0700000,0x00000049c0800000)]
  0x0000023db43b2800 JavaThread "Reference Handler" daemon [_thread_blocked, id=2452, stack(0x00000049c0e00000,0x00000049c0f00000)]
  0x0000023db43bc800 JavaThread "Finalizer" daemon [_thread_blocked, id=1288, stack(0x00000049c0f00000,0x00000049c1000000)]
  0x0000023db4403000 JavaThread "Signal Dispatcher" daemon [_thread_blocked, id=2488, stack(0x00000049c1000000,0x00000049c1100000)]
  0x0000023db4404000 JavaThread "Attach Listener" daemon [_thread_blocked, id=3452, stack(0x00000049c1100000,0x00000049c1200000)]
  0x0000023db4407800 JavaThread "Service Thread" daemon [_thread_blocked, id=4456, stack(0x00000049c1200000,0x00000049c1300000)]
=>0x0000023db440a000 JavaThread "C1 CompilerThread0" daemon [_thread_in_native, id=1480, stack(0x00000049c1300000,0x00000049c1400000)]
  0x0000023db4410800 JavaThread "Sweeper thread" daemon [_thread_blocked, id=8, stack(0x00000049c1400000,0x00000049c1500000)]
  0x0000023db4651000 JavaThread "Common-Cleaner" daemon [_thread_blocked, id=2848, stack(0x00000049c1600000,0x00000049c1700000)]

Other Threads:
  0x0000023db437d000 VMThread "VM Thread" [stack: 0x00000049c0d00000,0x00000049c0e00000] [id=3676]
  0x0000023db464d800 WatcherThread [stack: 0x00000049c1500000,0x00000049c1600000] [id=3704]
  0x0000023d962ab000 GCTaskThread "GC Thread#0" [stack: 0x00000049c0800000,0x00000049c0900000] [id=9264]
  0x0000023db495e800 GCTaskThread "GC Thread#1" [stack: 0x00000049c1700000,0x00000049c1800000] [id=9888]
  0x0000023d962c4800 ConcurrentGCThread "G1 Main Marker" [stack: 0x00000049c0900000,0x00000049c0a00000] [id=5852]
  0x0000023d962c7800 ConcurrentGCThread "G1 Conc#0" [stack: 0x00000049c0a00000,0x00000049c0b00000] [id=3044]
  0x0000023d96314800 ConcurrentGCThread "G1 Refine#0" [stack: 0x00000049c0b00000,0x00000049c0c00000] [id=8328]
  0x0000023d96315800 ConcurrentGCThread "G1 Young RemSet Sampling" [stack: 0x00000049c0c00000,0x00000049c0d00000] [id=2752]

Threads with active compile tasks:
C1 CompilerThread0  10223 2232       1       org.springframework.asm.ClassReader::accept (1401 bytes)

VM state:not at safepoint (normal execution)

VM Mutex/Monitor currently owned by a thread: None

Heap address: 0x00000000c1e00000, size: 994 MB, Compressed Oops mode: 32-bit
Narrow klass base: 0x0000000000000000, Narrow klass shift: 3
Compressed class space size: 1073741824 Address: 0x0000000100000000

Heap:
 garbage-first heap   total 78848K, used 37603K [0x00000000c1e00000, 0x0000000100000000)
  region size 1024K, 33 young (33792K), 3 survivors (3072K)
 Metaspace       used 22248K, capacity 22905K, committed 23088K, reserved 1069056K
  class space    used 2609K, capacity 2849K, committed 2944K, reserved 1048576K
Heap Regions: E=young(eden), S=young(survivor), O=old, HS=humongous(starts), HC=humongous(continues), CS=collection set, F=free, A=archive, TAMS=top-at-mark-start (previous, next)
|   0|0x00000000c1e00000, 0x00000000c1f00000, 0x00000000c1f00000|100%|HS|  |TAMS 0x00000000c1f00000, 0x00000000c1e00000| Complete 
|   1|0x00000000c1f00000, 0x00000000c2000000, 0x00000000c2000000|100%| O|  |TAMS 0x00000000c2000000, 0x00000000c1f00000| Untracked 
|   2|0x00000000c2000000, 0x00000000c2100000, 0x00000000c2100000|100%| O|  |TAMS 0x00000000c2100000, 0x00000000c2000000| Untracked 
|   3|0x00000000c2100000, 0x00000000c2200000, 0x00000000c2200000|100%| O|  |TAMS 0x00000000c2200000, 0x00000000c2100000| Untracked 
|   4|0x00000000c2200000, 0x00000000c2300000, 0x00000000c2300000|100%| O|  |TAMS 0x00000000c2300000, 0x00000000c2200000| Untracked 
|   5|0x00000000c2300000, 0x00000000c23f2800, 0x00000000c2400000| 94%| O|  |TAMS 0x00000000c236ac00, 0x00000000c2300000| Untracked 
|   6|0x00000000c2400000, 0x00000000c2400000, 0x00000000c2500000|  0%| F|  |TAMS 0x00000000c2400000, 0x00000000c2400000| Untracked 
|   7|0x00000000c2500000, 0x00000000c2500000, 0x00000000c2600000|  0%| F|  |TAMS 0x00000000c2500000, 0x00000000c2500000| Untracked 
|   8|0x00000000c2600000, 0x00000000c2600000, 0x00000000c2700000|  0%| F|  |TAMS 0x00000000c2600000, 0x00000000c2600000| Untracked 
|   9|0x00000000c2700000, 0x00000000c2700000, 0x00000000c2800000|  0%| F|  |TAMS 0x00000000c2700000, 0x00000000c2700000| Untracked 
|  10|0x00000000c2800000, 0x00000000c2800000, 0x00000000c2900000|  0%| F|  |TAMS 0x00000000c2800000, 0x00000000c2800000| Untracked 
|  11|0x00000000c2900000, 0x00000000c2900000, 0x00000000c2a00000|  0%| F|  |TAMS 0x00000000c2900000, 0x00000000c2900000| Untracked 
|  12|0x00000000c2a00000, 0x00000000c2a00000, 0x00000000c2b00000|  0%| F|  |TAMS 0x00000000c2a00000, 0x00000000c2a00000| Untracked 
|  13|0x00000000c2b00000, 0x00000000c2b00000, 0x00000000c2c00000|  0%| F|  |TAMS 0x00000000c2b00000, 0x00000000c2b00000| Untracked 
|  14|0x00000000c2c00000, 0x00000000c2c00000, 0x00000000c2d00000|  0%| F|  |TAMS 0x00000000c2c00000, 0x00000000c2c00000| Untracked 
|  15|0x00000000c2d00000, 0x00000000c2d00000, 0x00000000c2e00000|  0%| F|  |TAMS 0x00000000c2d00000, 0x00000000c2d00000| Untracked 
|  16|0x00000000c2e00000, 0x00000000c2e00000, 0x00000000c2f00000|  0%| F|  |TAMS 0x00000000c2e00000, 0x00000000c2e00000| Untracked 
|  17|0x00000000c2f00000, 0x00000000c2f00000, 0x00000000c3000000|  0%| F|  |TAMS 0x00000000c2f00000, 0x00000000c2f00000| Untracked 
|  18|0x00000000c3000000, 0x00000000c3000000, 0x00000000c3100000|  0%| F|  |TAMS 0x00000000c3000000, 0x00000000c3000000| Untracked 
|  19|0x00000000c3100000, 0x00000000c3100000, 0x00000000c3200000|  0%| F|  |TAMS 0x00000000c3100000, 0x00000000c3100000| Untracked 
|  20|0x00000000c3200000, 0x00000000c3200000, 0x00000000c3300000|  0%| F|  |TAMS 0x00000000c3200000, 0x00000000c3200000| Untracked 
|  21|0x00000000c3300000, 0x00000000c3300000, 0x00000000c3400000|  0%| F|  |TAMS 0x00000000c3300000, 0x00000000c3300000| Untracked 
|  22|0x00000000c3400000, 0x00000000c3400000, 0x00000000c3500000|  0%| F|  |TAMS 0x00000000c3400000, 0x00000000c3400000| Untracked 
|  23|0x00000000c3500000, 0x00000000c3500000, 0x00000000c3600000|  0%| F|  |TAMS 0x00000000c3500000, 0x00000000c3500000| Untracked 
|  24|0x00000000c3600000, 0x00000000c3600000, 0x00000000c3700000|  0%| F|  |TAMS 0x00000000c3600000, 0x00000000c3600000| Untracked 
|  25|0x00000000c3700000, 0x00000000c3700000, 0x00000000c3800000|  0%| F|  |TAMS 0x00000000c3700000, 0x00000000c3700000| Untracked 
|  26|0x00000000c3800000, 0x00000000c3800000, 0x00000000c3900000|  0%| F|  |TAMS 0x00000000c3800000, 0x00000000c3800000| Untracked 
|  27|0x00000000c3900000, 0x00000000c3900000, 0x00000000c3a00000|  0%| F|  |TAMS 0x00000000c3900000, 0x00000000c3900000| Untracked 
|  28|0x00000000c3a00000, 0x00000000c3a00000, 0x00000000c3b00000|  0%| F|  |TAMS 0x00000000c3a00000, 0x00000000c3a00000| Untracked 
|  29|0x00000000c3b00000, 0x00000000c3b00000, 0x00000000c3c00000|  0%| F|  |TAMS 0x00000000c3b00000, 0x00000000c3b00000| Untracked 
|  30|0x00000000c3c00000, 0x00000000c3c00000, 0x00000000c3d00000|  0%| F|  |TAMS 0x00000000c3c00000, 0x00000000c3c00000| Untracked 
|  31|0x00000000c3d00000, 0x00000000c3d00000, 0x00000000c3e00000|  0%| F|  |TAMS 0x00000000c3d00000, 0x00000000c3d00000| Untracked 
|  32|0x00000000c3e00000, 0x00000000c3e00000, 0x00000000c3f00000|  0%| F|  |TAMS 0x00000000c3e00000, 0x00000000c3e00000| Untracked 
|  33|0x00000000c3f00000, 0x00000000c3f00000, 0x00000000c4000000|  0%| F|  |TAMS 0x00000000c3f00000, 0x00000000c3f00000| Untracked 
|  34|0x00000000c4000000, 0x00000000c4000000, 0x00000000c4100000|  0%| F|  |TAMS 0x00000000c4000000, 0x00000000c4000000| Untracked 
|  35|0x00000000c4100000, 0x00000000c4100000, 0x00000000c4200000|  0%| F|  |TAMS 0x00000000c4100000, 0x00000000c4100000| Untracked 
|  36|0x00000000c4200000, 0x00000000c42c64b0, 0x00000000c4300000| 77%| S|CS|TAMS 0x00000000c4200000, 0x00000000c4200000| Complete 
|  37|0x00000000c4300000, 0x00000000c4400000, 0x00000000c4400000|100%| S|CS|TAMS 0x00000000c4300000, 0x00000000c4300000| Complete 
|  38|0x00000000c4400000, 0x00000000c4500000, 0x00000000c4500000|100%| S|CS|TAMS 0x00000000c4400000, 0x00000000c4400000| Complete 
|  39|0x00000000c4500000, 0x00000000c4500000, 0x00000000c4600000|  0%| F|  |TAMS 0x00000000c4500000, 0x00000000c4500000| Untracked 
|  40|0x00000000c4600000, 0x00000000c4600000, 0x00000000c4700000|  0%| F|  |TAMS 0x00000000c4600000, 0x00000000c4600000| Untracked 
|  41|0x00000000c4700000, 0x00000000c4700000, 0x00000000c4800000|  0%| F|  |TAMS 0x00000000c4700000, 0x00000000c4700000| Untracked 
|  42|0x00000000c4800000, 0x00000000c4800000, 0x00000000c4900000|  0%| F|  |TAMS 0x00000000c4800000, 0x00000000c4800000| Untracked 
|  43|0x00000000c4900000, 0x00000000c4900000, 0x00000000c4a00000|  0%| F|  |TAMS 0x00000000c4900000, 0x00000000c4900000| Untracked 
|  44|0x00000000c4a00000, 0x00000000c4a00000, 0x00000000c4b00000|  0%| F|  |TAMS 0x00000000c4a00000, 0x00000000c4a00000| Untracked 
|  45|0x00000000c4b00000, 0x00000000c4b00000, 0x00000000c4c00000|  0%| F|  |TAMS 0x00000000c4b00000, 0x00000000c4b00000| Untracked 
|  46|0x00000000c4c00000, 0x00000000c4c00000, 0x00000000c4d00000|  0%| F|  |TAMS 0x00000000c4c00000, 0x00000000c4c00000| Untracked 
|  47|0x00000000c4d00000, 0x00000000c4e00000, 0x00000000c4e00000|100%| E|  |TAMS 0x00000000c4d00000, 0x00000000c4d00000| Complete 
|  48|0x00000000c4e00000, 0x00000000c4f00000, 0x00000000c4f00000|100%| E|CS|TAMS 0x00000000c4e00000, 0x00000000c4e00000| Complete 
|  49|0x00000000c4f00000, 0x00000000c5000000, 0x00000000c5000000|100%| E|CS|TAMS 0x00000000c4f00000, 0x00000000c4f00000| Complete 
|  50|0x00000000c5000000, 0x00000000c5100000, 0x00000000c5100000|100%| E|CS|TAMS 0x00000000c5000000, 0x00000000c5000000| Complete 
|  51|0x00000000c5100000, 0x00000000c5200000, 0x00000000c5200000|100%| E|CS|TAMS 0x00000000c5100000, 0x00000000c5100000| Complete 
|  52|0x00000000c5200000, 0x00000000c5300000, 0x00000000c5300000|100%| E|CS|TAMS 0x00000000c5200000, 0x00000000c5200000| Complete 
|  53|0x00000000c5300000, 0x00000000c5400000, 0x00000000c5400000|100%| E|CS|TAMS 0x00000000c5300000, 0x00000000c5300000| Complete 
|  54|0x00000000c5400000, 0x00000000c5500000, 0x00000000c5500000|100%| E|CS|TAMS 0x00000000c5400000, 0x00000000c5400000| Complete 
|  55|0x00000000c5500000, 0x00000000c5600000, 0x00000000c5600000|100%| E|CS|TAMS 0x00000000c5500000, 0x00000000c5500000| Complete 
|  56|0x00000000c5600000, 0x00000000c5700000, 0x00000000c5700000|100%| E|CS|TAMS 0x00000000c5600000, 0x00000000c5600000| Complete 
|  57|0x00000000c5700000, 0x00000000c5800000, 0x00000000c5800000|100%| E|CS|TAMS 0x00000000c5700000, 0x00000000c5700000| Complete 
|  58|0x00000000c5800000, 0x00000000c5900000, 0x00000000c5900000|100%| E|CS|TAMS 0x00000000c5800000, 0x00000000c5800000| Complete 
|  59|0x00000000c5900000, 0x00000000c5a00000, 0x00000000c5a00000|100%| E|CS|TAMS 0x00000000c5900000, 0x00000000c5900000| Complete 
|  60|0x00000000c5a00000, 0x00000000c5b00000, 0x00000000c5b00000|100%| E|CS|TAMS 0x00000000c5a00000, 0x00000000c5a00000| Complete 
|  61|0x00000000c5b00000, 0x00000000c5c00000, 0x00000000c5c00000|100%| E|CS|TAMS 0x00000000c5b00000, 0x00000000c5b00000| Complete 
|  62|0x00000000c5c00000, 0x00000000c5d00000, 0x00000000c5d00000|100%| E|CS|TAMS 0x00000000c5c00000, 0x00000000c5c00000| Complete 
|  63|0x00000000c5d00000, 0x00000000c5e00000, 0x00000000c5e00000|100%| E|CS|TAMS 0x00000000c5d00000, 0x00000000c5d00000| Complete 
|  64|0x00000000c5e00000, 0x00000000c5f00000, 0x00000000c5f00000|100%| E|CS|TAMS 0x00000000c5e00000, 0x00000000c5e00000| Complete 
|  65|0x00000000c5f00000, 0x00000000c6000000, 0x00000000c6000000|100%| E|CS|TAMS 0x00000000c5f00000, 0x00000000c5f00000| Complete 
|  66|0x00000000c6000000, 0x00000000c6100000, 0x00000000c6100000|100%| E|CS|TAMS 0x00000000c6000000, 0x00000000c6000000| Complete 
|  67|0x00000000c6100000, 0x00000000c6200000, 0x00000000c6200000|100%| E|CS|TAMS 0x00000000c6100000, 0x00000000c6100000| Complete 
|  68|0x00000000c6200000, 0x00000000c6300000, 0x00000000c6300000|100%| E|CS|TAMS 0x00000000c6200000, 0x00000000c6200000| Complete 
|  69|0x00000000c6300000, 0x00000000c6400000, 0x00000000c6400000|100%| E|CS|TAMS 0x00000000c6300000, 0x00000000c6300000| Complete 
|  70|0x00000000c6400000, 0x00000000c6500000, 0x00000000c6500000|100%| E|CS|TAMS 0x00000000c6400000, 0x00000000c6400000| Complete 
|  71|0x00000000c6500000, 0x00000000c6600000, 0x00000000c6600000|100%| E|CS|TAMS 0x00000000c6500000, 0x00000000c6500000| Complete 
|  72|0x00000000c6600000, 0x00000000c6700000, 0x00000000c6700000|100%| E|CS|TAMS 0x00000000c6600000, 0x00000000c6600000| Complete 
|  73|0x00000000c6700000, 0x00000000c6800000, 0x00000000c6800000|100%| E|CS|TAMS 0x00000000c6700000, 0x00000000c6700000| Complete 
|  74|0x00000000c6800000, 0x00000000c6900000, 0x00000000c6900000|100%| E|CS|TAMS 0x00000000c6800000, 0x00000000c6800000| Complete 
|  75|0x00000000c6900000, 0x00000000c6a00000, 0x00000000c6a00000|100%| E|CS|TAMS 0x00000000c6900000, 0x00000000c6900000| Complete 
|  76|0x00000000c6a00000, 0x00000000c6b00000, 0x00000000c6b00000|100%| E|  |TAMS 0x00000000c6a00000, 0x00000000c6a00000| Complete 

Card table byte_map: [0x0000023daf500000,0x0000023daf700000] _byte_map_base: 0x0000023daeef1000

Marking Bits (Prev, Next): (CMBitMap*) 0x0000023d962bfaa0, (CMBitMap*) 0x0000023d962bfa68
 Prev Bits: [0x0000023db0890000, 0x0000023db1818000)
 Next Bits: [0x0000023daf900000, 0x0000023db0888000)

Polling page: 0x0000023d960c0000

Metaspace:

Usage:
  Non-class:     19.59 MB capacity,    19.18 MB ( 98%) used,   348.65 KB (  2%) free+waste,    68.88 KB ( <1%) overhead. 
      Class:      2.78 MB capacity,     2.55 MB ( 92%) used,   203.84 KB (  7%) free+waste,    35.25 KB (  1%) overhead. 
       Both:     22.37 MB capacity,    21.73 MB ( 97%) used,   552.48 KB (  2%) free+waste,   104.13 KB ( <1%) overhead. 

Virtual space:
  Non-class space:       20.00 MB reserved,      19.67 MB ( 98%) committed 
      Class space:        1.00 GB reserved,       2.88 MB ( <1%) committed 
             Both:        1.02 GB reserved,      22.55 MB (  2%) committed 

Chunk freelists:
   Non-Class:  5.00 KB
       Class:  0 bytes
        Both:  5.00 KB

CodeHeap 'non-profiled nmethods': size=239488Kb used=3261Kb max_used=3261Kb free=236226Kb
 bounds [0x0000023da0520000, 0x0000023da0850000, 0x0000023daef00000]
CodeHeap 'non-nmethods': size=6272Kb used=1104Kb max_used=1104Kb free=5167Kb
 bounds [0x0000023d9ff00000, 0x0000023da0170000, 0x0000023da0520000]
 total_blobs=2653 nmethods=2231 adapters=349
 compilation: enabled
              stopped_count=0, restarted_count=0
 full_count=0

Compilation events (10 events):
Event: 10.140 Thread 0x0000023db440a000 nmethod 2227 0x0000023da084d290 code [0x0000023da084d420, 0x0000023da084d558]
Event: 10.141 Thread 0x0000023db440a000 2228       1       org.springframework.core.type.classreading.SimpleMethodMetadataReadingVisitor$$Lambda$280/0x000000010026b440::<init> (10 bytes)
Event: 10.141 Thread 0x0000023db440a000 nmethod 2228 0x0000023da084d610 code [0x0000023da084d7a0, 0x0000023da084d898]
Event: 10.145 Thread 0x0000023db440a000 2229   !   1       org.springframework.core.type.filter.AbstractTypeHierarchyTraversingFilter::match (305 bytes)
Event: 10.148 Thread 0x0000023db440a000 nmethod 2229 0x0000023da084d910 code [0x0000023da084dcc0, 0x0000023da084e928]
Event: 10.148 Thread 0x0000023db440a000 2230       1       java.util.Collections::singletonList (9 bytes)
Event: 10.148 Thread 0x0000023db440a000 nmethod 2230 0x0000023da084f110 code [0x0000023da084f2a0, 0x0000023da084f3d8]
Event: 10.148 Thread 0x0000023db440a000 2231       1       java.util.Collections$SingletonList::<init> (10 bytes)
Event: 10.148 Thread 0x0000023db440a000 nmethod 2231 0x0000023da084f490 code [0x0000023da084f620, 0x0000023da084f738]
Event: 10.149 Thread 0x0000023db440a000 2232       1       org.springframework.asm.ClassReader::accept (1401 bytes)

GC Heap History (10 events):
Event: 2.403 GC heap before
{Heap before GC invocations=2 (full 0):
 garbage-first heap   total 65536K, used 15859K [0x00000000c1e00000, 0x0000000100000000)
  region size 1024K, 11 young (11264K), 1 survivors (1024K)
 Metaspace       used 10493K, capacity 10772K, committed 10880K, reserved 1058816K
  class space    used 1055K, capacity 1145K, committed 1152K, reserved 1048576K
}
Event: 2.410 GC heap after
{Heap after GC invocations=3 (full 0):
 garbage-first heap   total 65536K, used 6226K [0x00000000c1e00000, 0x0000000100000000)
  region size 1024K, 2 young (2048K), 2 survivors (2048K)
 Metaspace       used 10493K, capacity 10772K, committed 10880K, reserved 1058816K
  class space    used 1055K, capacity 1145K, committed 1152K, reserved 1048576K
}
Event: 4.331 GC heap before
{Heap before GC invocations=3 (full 0):
 garbage-first heap   total 65536K, used 21586K [0x00000000c1e00000, 0x0000000100000000)
  region size 1024K, 17 young (17408K), 2 survivors (2048K)
 Metaspace       used 14065K, capacity 14419K, committed 14592K, reserved 1062912K
  class space    used 1522K, capacity 1673K, committed 1792K, reserved 1048576K
}
Event: 4.347 GC heap after
{Heap after GC invocations=4 (full 0):
 garbage-first heap   total 65536K, used 7264K [0x00000000c1e00000, 0x0000000100000000)
  region size 1024K, 3 young (3072K), 3 survivors (3072K)
 Metaspace       used 14065K, capacity 14419K, committed 14592K, reserved 1062912K
  class space    used 1522K, capacity 1673K, committed 1792K, reserved 1048576K
}
Event: 7.290 GC heap before
{Heap before GC invocations=4 (full 0):
 garbage-first heap   total 65536K, used 30816K [0x00000000c1e00000, 0x0000000100000000)
  region size 1024K, 27 young (27648K), 3 survivors (3072K)
 Metaspace       used 18236K, capacity 18788K, committed 18944K, reserved 1067008K
  class space    used 2079K, capacity 2283K, committed 2304K, reserved 1048576K
}
Event: 7.321 GC heap after
{Heap after GC invocations=5 (full 0):
 garbage-first heap   total 78848K, used 8221K [0x00000000c1e00000, 0x0000000100000000)
  region size 1024K, 3 young (3072K), 3 survivors (3072K)
 Metaspace       used 18236K, capacity 18788K, committed 18944K, reserved 1067008K
  class space    used 2079K, capacity 2283K, committed 2304K, reserved 1048576K
}
Event: 8.801 GC heap before
{Heap before GC invocations=5 (full 0):
 garbage-first heap   total 78848K, used 22557K [0x00000000c1e00000, 0x0000000100000000)
  region size 1024K, 18 young (18432K), 3 survivors (3072K)
 Metaspace       used 20570K, capacity 21167K, committed 21296K, reserved 1069056K
  class space    used 2380K, capacity 2630K, committed 2688K, reserved 1048576K
}
Event: 8.813 GC heap after
{Heap after GC invocations=6 (full 0):
 garbage-first heap   total 78848K, used 8513K [0x00000000c1e00000, 0x0000000100000000)
  region size 1024K, 3 young (3072K), 3 survivors (3072K)
 Metaspace       used 20570K, capacity 21167K, committed 21296K, reserved 1069056K
  class space    used 2380K, capacity 2630K, committed 2688K, reserved 1048576K
}
Event: 9.132 GC heap before
{Heap before GC invocations=7 (full 0):
 garbage-first heap   total 78848K, used 43329K [0x00000000c1e00000, 0x0000000100000000)
  region size 1024K, 38 young (38912K), 3 survivors (3072K)
 Metaspace       used 20798K, capacity 21377K, committed 21552K, reserved 1069056K
  class space    used 2410K, capacity 2636K, committed 2688K, reserved 1048576K
}
Event: 9.144 GC heap after
{Heap after GC invocations=8 (full 0):
 garbage-first heap   total 78848K, used 8931K [0x00000000c1e00000, 0x0000000100000000)
  region size 1024K, 3 young (3072K), 3 survivors (3072K)
 Metaspace       used 20798K, capacity 21377K, committed 21552K, reserved 1069056K
  class space    used 2410K, capacity 2636K, committed 2688K, reserved 1048576K
}

Deoptimization events (0 events):
No events

Classes redefined (0 events):
No events

Internal exceptions (10 events):
Event: 7.758 Thread 0x0000023d96296000 Exception <a 'java/lang/ClassNotFoundException'{0x00000000c63f2060}: org/springframework/beans/factory/AwareCustomizer> (0x00000000c63f2060) thrown at [./open/src/hotspot/share/classfile/systemDictionary.cpp, line 228]
Event: 7.795 Thread 0x0000023db4f9b800 Exception <a 'java/lang/NoSuchMethodError'{0x00000000c61d6b98}: java.lang.invoke.DirectMethodHandle$Holder.invokeSpecial(Ljava/lang/Object;Ljava/lang/Object;)J> (0x00000000c61d6b98) thrown at [./open/src/hotspot/share/interpreter/linkResolver.cpp, line 77
Event: 7.811 Thread 0x0000023db4f9b800 Exception <a 'java/lang/NoSuchMethodError'{0x00000000c601bfd8}: java.lang.invoke.DirectMethodHandle$Holder.invokeStatic(Ljava/lang/Object;Ljava/lang/Object;)J> (0x00000000c601bfd8) thrown at [./open/src/hotspot/share/interpreter/linkResolver.cpp, line 772
Event: 7.812 Thread 0x0000023db4f9b800 Exception <a 'java/lang/NoSuchMethodError'{0x00000000c601ee00}: java.lang.invoke.DirectMethodHandle$Holder.invokeStaticInit(Ljava/lang/Object;Ljava/lang/Object;)J> (0x00000000c601ee00) thrown at [./open/src/hotspot/share/interpreter/linkResolver.cpp, line
Event: 7.827 Thread 0x0000023db4f9b800 Exception <a 'java/lang/NoSuchMethodError'{0x00000000c60d8360}: java.lang.invoke.DirectMethodHandle$Holder.invokeInterface(Ljava/lang/Object;Ljava/lang/Object;)J> (0x00000000c60d8360) thrown at [./open/src/hotspot/share/interpreter/linkResolver.cpp, line 
Event: 7.827 Thread 0x0000023db4f9b800 Exception <a 'java/lang/IncompatibleClassChangeError'{0x00000000c60db0f8}: Found class java.lang.Object, but interface was expected> (0x00000000c60db0f8) thrown at [./open/src/hotspot/share/interpreter/linkResolver.cpp, line 838]
Event: 7.834 Thread 0x0000023d96296000 Exception <a 'java/lang/NoSuchMethodError'{0x00000000c608b5e8}: java.lang.invoke.DirectMethodHandle$Holder.invokeVirtual(Ljava/lang/Object;Ljava/lang/Object;Ljava/lang/Object;)Ljava/lang/Object;> (0x00000000c608b5e8) thrown at [./open/src/hotspot/share/in
Event: 7.888 Thread 0x0000023db4f9b800 Exception <a 'java/lang/NoSuchMethodError'{0x00000000c5e55dc0}: java.lang.invoke.DirectMethodHandle$Holder.invokeVirtual(Ljava/lang/Object;Ljava/lang/Object;Ljava/lang/Object;Ljava/lang/Object;)Ljava/lang/Object;> (0x00000000c5e55dc0) thrown at [./open/sr
Event: 9.407 Thread 0x0000023d96296000 Exception <a 'java/lang/IncompatibleClassChangeError'{0x00000000c5f367f0}: Found class java.lang.Object, but interface was expected> (0x00000000c5f367f0) thrown at [./open/src/hotspot/share/interpreter/linkResolver.cpp, line 838]
Event: 9.539 Thread 0x0000023d96296000 Exception <a 'java/lang/NoSuchMethodError'{0x00000000c5ebd400}: java.lang.invoke.DirectMethodHandle$Holder.invokeInterface(Ljava/lang/Object;Ljava/lang/Object;Ljava/lang/Object;Ljava/lang/Object;)V> (0x00000000c5ebd400) thrown at [./open/src/hotspot/share

Events (10 events):
Event: 10.152 loading class org/springframework/plugin/core/config/EnablePluginRegistries
Event: 10.152 loading class org/springframework/plugin/core/config/EnablePluginRegistries done
Event: 10.153 Executing VM operation: RevokeBias
Event: 10.153 Executing VM operation: RevokeBias done
Event: 10.153 Executing VM operation: RevokeBias
Event: 10.153 Executing VM operation: RevokeBias done
Event: 10.153 Executing VM operation: RevokeBias
Event: 10.153 Executing VM operation: RevokeBias done
Event: 10.154 loading class org/springframework/plugin/core/config/PluginRegistriesBeanDefinitionRegistrar
Event: 10.154 loading class org/springframework/plugin/core/config/PluginRegistriesBeanDefinitionRegistrar done


Dynamic libraries:
0x00007ff683670000 - 0x00007ff68367f000 	C:\Program Files\Java\jdk-11.0.12\bin\java.exe
0x00007ff8759d0000 - 0x00007ff875bc8000 	C:\WINDOWS\SYSTEM32\ntdll.dll
0x00007ff8755f0000 - 0x00007ff8756af000 	C:\WINDOWS\System32\KERNEL32.DLL
0x00007ff8730d0000 - 0x00007ff8733a2000 	C:\WINDOWS\System32\KERNELBASE.dll
0x00007ff8735f0000 - 0x00007ff8736f0000 	C:\WINDOWS\System32\ucrtbase.dll
0x00007ff863830000 - 0x00007ff863845000 	C:\Program Files\Java\jdk-11.0.12\bin\VCRUNTIME140.dll
0x00007ff863850000 - 0x00007ff863868000 	C:\Program Files\Java\jdk-11.0.12\bin\jli.dll
0x00007ff8756e0000 - 0x00007ff87578e000 	C:\WINDOWS\System32\ADVAPI32.dll
0x00007ff873b50000 - 0x00007ff873bee000 	C:\WINDOWS\System32\msvcrt.dll
0x00007ff873bf0000 - 0x00007ff873c8c000 	C:\WINDOWS\System32\sechost.dll
0x00007ff875790000 - 0x00007ff8758b4000 	C:\WINDOWS\System32\RPCRT4.dll
0x00007ff875200000 - 0x00007ff8753a1000 	C:\WINDOWS\System32\USER32.dll
0x00007ff873910000 - 0x00007ff873932000 	C:\WINDOWS\System32\win32u.dll
0x00007ff874a70000 - 0x00007ff874a9b000 	C:\WINDOWS\System32\GDI32.dll
0x00007ff864290000 - 0x00007ff86452a000 	C:\WINDOWS\WinSxS\amd64_microsoft.windows.common-controls_6595b64144ccf1df_6.0.19041.1110_none_60b5254171f9507e\COMCTL32.dll
0x00007ff8736f0000 - 0x00007ff8737ff000 	C:\WINDOWS\System32\gdi32full.dll
0x00007ff873800000 - 0x00007ff87389d000 	C:\WINDOWS\System32\msvcp_win.dll
0x00007ff8652e0000 - 0x00007ff8652ea000 	C:\WINDOWS\SYSTEM32\VERSION.dll
0x00007ff8756b0000 - 0x00007ff8756e0000 	C:\WINDOWS\System32\IMM32.DLL
0x00007ff84f0f0000 - 0x00007ff84f18b000 	C:\Program Files\Java\jdk-11.0.12\bin\msvcp140.dll
0x00007ff845180000 - 0x00007ff845c7f000 	C:\Program Files\Java\jdk-11.0.12\bin\server\jvm.dll
0x00007ff873ec0000 - 0x00007ff873ec8000 	C:\WINDOWS\System32\PSAPI.DLL
0x00007ff867bb0000 - 0x00007ff867bb9000 	C:\WINDOWS\SYSTEM32\WSOCK32.dll
0x00007ff873a30000 - 0x00007ff873a9b000 	C:\WINDOWS\System32\WS2_32.dll
0x00007ff857ae0000 - 0x00007ff857b07000 	C:\WINDOWS\SYSTEM32\WINMM.dll
0x00007ff870f90000 - 0x00007ff870fa2000 	C:\WINDOWS\SYSTEM32\kernel.appcore.dll
0x00007ff86bb40000 - 0x00007ff86bb50000 	C:\Program Files\Java\jdk-11.0.12\bin\verify.dll
0x00007ff85f660000 - 0x00007ff85f844000 	C:\WINDOWS\SYSTEM32\DBGHELP.DLL
0x00007ff85f580000 - 0x00007ff85f5b5000 	C:\WINDOWS\SYSTEM32\dbgcore.DLL
0x00007ff8733b0000 - 0x00007ff873432000 	C:\WINDOWS\System32\bcryptPrimitives.dll
0x00007ff86a8b0000 - 0x00007ff86a8d8000 	C:\Program Files\Java\jdk-11.0.12\bin\java.dll
0x00007ff86a8a0000 - 0x00007ff86a8aa000 	C:\Program Files\Java\jdk-11.0.12\bin\jimage.dll
0x00007ff86a880000 - 0x00007ff86a896000 	C:\Program Files\Java\jdk-11.0.12\bin\zip.dll
0x00007ff874ab0000 - 0x00007ff8751f5000 	C:\WINDOWS\System32\SHELL32.dll
0x00007ff871190000 - 0x00007ff871922000 	C:\WINDOWS\SYSTEM32\windows.storage.dll
0x00007ff873ed0000 - 0x00007ff874225000 	C:\WINDOWS\System32\combase.dll
0x00007ff872a50000 - 0x00007ff872a80000 	C:\WINDOWS\SYSTEM32\Wldp.dll
0x00007ff873cf0000 - 0x00007ff873d9d000 	C:\WINDOWS\System32\SHCORE.dll
0x00007ff873c90000 - 0x00007ff873ce5000 	C:\WINDOWS\System32\shlwapi.dll
0x00007ff873010000 - 0x00007ff87302f000 	C:\WINDOWS\SYSTEM32\profapi.dll
0x00007ff86a860000 - 0x00007ff86a879000 	C:\Program Files\Java\jdk-11.0.12\bin\net.dll
0x00007ff867350000 - 0x00007ff86745a000 	C:\WINDOWS\SYSTEM32\WINHTTP.dll
0x00007ff8727b0000 - 0x00007ff87281a000 	C:\WINDOWS\system32\mswsock.dll
0x00007ff86a840000 - 0x00007ff86a852000 	C:\Program Files\Java\jdk-11.0.12\bin\nio.dll
0x00007ff86d2d0000 - 0x00007ff86d2d9000 	C:\Program Files\Java\jdk-11.0.12\bin\management.dll
0x00007ff86d2c0000 - 0x00007ff86d2cb000 	C:\Program Files\Java\jdk-11.0.12\bin\management_ext.dll
0x00007ff858a90000 - 0x00007ff858aa7000 	C:\WINDOWS\system32\napinsp.dll
0x00007ff858a70000 - 0x00007ff858a8b000 	C:\WINDOWS\system32\pnrpnsp.dll
0x00007ff86dd10000 - 0x00007ff86dd25000 	C:\WINDOWS\system32\wshbth.dll
0x00007ff86e930000 - 0x00007ff86e94d000 	C:\WINDOWS\system32\NLAapi.dll
0x00007ff8724a0000 - 0x00007ff8724db000 	C:\WINDOWS\SYSTEM32\IPHLPAPI.DLL
0x00007ff8724e0000 - 0x00007ff8725ab000 	C:\WINDOWS\SYSTEM32\DNSAPI.dll
0x00007ff873a20000 - 0x00007ff873a28000 	C:\WINDOWS\System32\NSI.dll
0x00007ff858a50000 - 0x00007ff858a62000 	C:\WINDOWS\System32\winrnr.dll
0x00007ff861eb0000 - 0x00007ff861eba000 	C:\Windows\System32\rasadhlp.dll
0x00007ff861dd0000 - 0x00007ff861e50000 	C:\WINDOWS\System32\fwpuclnt.dll
0x00007ff873940000 - 0x00007ff873967000 	C:\WINDOWS\System32\bcrypt.dll

dbghelp: loaded successfully - version: 4.0.5 - missing functions: none
symbol engine: initialized successfully - sym options: 0x614 - pdb path: .;C:\Program Files\Java\jdk-11.0.12\bin;C:\WINDOWS\SYSTEM32;C:\WINDOWS\WinSxS\amd64_microsoft.windows.common-controls_6595b64144ccf1df_6.0.19041.1110_none_60b5254171f9507e;C:\Program Files\Java\jdk-11.0.12\bin\server

VM Arguments:
jvm_args: -Xverify:none -XX:TieredStopAtLevel=1 -Dfile.encoding=windows-1252 -Duser.country=AR -Duser.language=es -Duser.variant 
java_command: com.mindhub.homebanking.HomeBankingApplication
java_class_path (initial): C:\Users\EXEQUIEL\Desktop\Programación\MindHub\Cohorte 44\Modulo 3 JAVA\homebanking\homebanking\src\main\resources;C:\Users\EXEQUIEL\Desktop\Programación\MindHub\Cohorte 44\Modulo 3 JAVA\homebanking\homebanking\build\classes\java\main;C:\Users\EXEQUIEL\.gradle\caches\modules-2\files-2.1\com.h2database\h2\2.1.214\d5c2005c9e3279201e12d4776c948578b16bf8b2\h2-2.1.214.jar;C:\Users\EXEQUIEL\.gradle\caches\modules-2\files-2.1\jakarta.transaction\jakarta.transaction-api\1.3.3\c4179d48720a1e87202115fbed6089bdc4195405\jakarta.transaction-api-1.3.3.jar;C:\Users\EXEQUIEL\.gradle\caches\modules-2\files-2.1\jakarta.persistence\jakarta.persistence-api\2.2.3\8f6ea5daedc614f07a3654a455660145286f024e\jakarta.persistence-api-2.2.3.jar;C:\Users\EXEQUIEL\.gradle\caches\modules-2\files-2.1\org.hibernate\hibernate-core\5.6.15.Final\ab14b7cef1fdff654ca81923048a6034d6c7cfa7\hibernate-core-5.6.15.Final.jar;C:\Users\EXEQUIEL\.gradle\caches\modules-2\files-2.1\org.springframework.data\spring-data-jpa\2.7.10\dfb83414eb6a8609bd71dc3ddae82e973698a091\spring-data-jpa-2.7.10.jar;C:\Users\EXEQUIEL\.gradle\caches\modules-2\files-2.1\org.springframework\spring-aspects\5.3.26\a2614dbb277b9c7938776c6273a25e3f8342a23e\spring-aspects-5.3.26.jar;C:\Users\EXEQUIEL\.gradle\caches\modules-2\files-2.1\org.springframework.data\spring-data-rest-webmvc\3.7.10\d4f50023d02c8d7bc8f7069fff4fb144cbca427f\spring-data-rest-webmvc-3.7.10.jar;C:\Users\EXEQUIEL\.gradle\caches\modules-2\files-2.1\org.springframework\spring-webmvc\5.3.26\539e1d03decbec523b7ad87fb786fd0b1cf29ce\spring-webmvc-5.3.26.jar;C:\Users\EXEQUIEL\.gradle\caches\modules-2\files-2.1\org.springframework.data\spring-data-rest-core\3.7.10\dde31898ea985a388252a62b237bcf3ddd29c095\spring-data-rest-core-3.7.10.jar;C:\Users\EXEQUIEL\.gradle\caches\modules-2\files-2.1\org.springframework.hateoas\spring-hateoas\1.5.4\8c70b6a7bf26cd76c6e61934fd0bcb31ce2b873\spring-hateoas-1.5.4.jar;C:\Users\EXEQUIEL\.gradle\caches\modules-2\files-2.1\o
Launcher Type: SUN_STANDARD

[Global flags]
     bool BytecodeVerificationLocal                = false                                     {product} {command line}
     bool BytecodeVerificationRemote               = false                                     {product} {command line}
     intx CICompilerCount                          = 2                                         {product} {ergonomic}
     uint ConcGCThreads                            = 1                                         {product} {ergonomic}
     uint G1ConcRefinementThreads                  = 2                                         {product} {ergonomic}
   size_t G1HeapRegionSize                         = 1048576                                   {product} {ergonomic}
    uintx GCDrainStackTargetSize                   = 64                                        {product} {ergonomic}
   size_t InitialHeapSize                          = 67108864                                  {product} {ergonomic}
   size_t MarkStackSize                            = 4194304                                   {product} {ergonomic}
   size_t MaxHeapSize                              = 1042284544                                {product} {ergonomic}
   size_t MaxNewSize                               = 624951296                                 {product} {ergonomic}
   size_t MinHeapDeltaBytes                        = 1048576                                   {product} {ergonomic}
    uintx NonNMethodCodeHeapSize                   = 6396312                                {pd product} {ergonomic}
    uintx NonProfiledCodeHeapSize                  = 245261928                              {pd product} {ergonomic}
    uintx ProfiledCodeHeapSize                     = 0                                      {pd product} {ergonomic}
    uintx ReservedCodeCacheSize                    = 251658240                              {pd product} {ergonomic}
     bool SegmentedCodeCache                       = true                                      {product} {ergonomic}
     intx TieredStopAtLevel                        = 1                                         {product} {command line}
     bool UseCompressedClassPointers               = true                                 {lp64_product} {ergonomic}
     bool UseCompressedOops                        = true                                 {lp64_product} {ergonomic}
     bool UseG1GC                                  = true                                      {product} {ergonomic}
     bool UseLargePagesIndividualAllocation        = false                                  {pd product} {ergonomic}

Logging:
Log output configuration:
 #0: stdout all=warning uptime,level,tags
 #1: stderr all=off uptime,level,tags

Environment Variables:
PATH=C:\Program Files\Java\jdk-11.0.12\bin;C:\Program Files\Common Files\Oracle\Java\javapath;C:\WINDOWS\system32;C:\WINDOWS;C:\WINDOWS\System32\Wbem;C:\WINDOWS\System32\WindowsPowerShell\v1.0\;C:\WINDOWS\System32\OpenSSH\;C:\Program Files (x86)\Common Files\Propellerhead Software\ReWire\;C:\Program Files\Common Files\Propellerhead Software\ReWire\;C:\Program Files\dotnet\;C:\Program Files\nodejs\;C:\Program Files\Git\cmd;C:\Users\EXEQUIEL\AppData\Local\Microsoft\WindowsApps;C:\Users\EXEQUIEL\.dotnet\tools;C:\Users\EXEQUIEL\AppData\Local\Programs\Microsoft VS Code\bin;C:\Users\EXEQUIEL\AppData\Roaming\npm
USERNAME=Ezequiel
OS=Windows_NT
PROCESSOR_IDENTIFIER=Intel64 Family 6 Model 58 Stepping 9, GenuineIntel



---------------  S Y S T E M  ---------------

OS: Windows 10 , 64 bit Build 19041 (10.0.19041.2546)

CPU:total 2 (initial active 2) (2 cores per cpu, 1 threads per core) family 6 model 58 stepping 9 microcode 0x21, cmov, cx8, fxsr, mmx, sse, sse2, sse3, ssse3, sse4.1, sse4.2, popcnt, clmul, erms, tsc, tscinvbit, tscinv

Memory: 4k page, system-wide physical 3972M (314M free)
TotalPageFile size 6756M (AvailPageFile size 1M)
current process WorkingSet (physical memory assigned to process): 109M, peak: 109M
current process commit charge ("private bytes"): 167M, peak: 167M

vm_info: Java HotSpot(TM) 64-Bit Server VM (11.0.12+8-LTS-237) for windows-amd64 JRE (11.0.12+8-LTS-237), built on Jun  8 2021 11:25:59 by "mach5one" with MS VC++ 15.9 (VS2017)

END.
