#
# There is insufficient memory for the Java Runtime Environment to continue.
# Native memory allocation (mmap) failed to map 16777216 bytes for Failed to commit area from 0x00000000c6b00000 to 0x00000000c7b00000 of length 16777216.
# Possible reasons:
#   The system is out of physical RAM or swap space
#   The process is running with CompressedOops enabled, and the Java Heap may be blocking the growth of the native heap
# Possible solutions:
#   Reduce memory load on the system
#   Increase physical memory or swap space
#   Check if swap backing store is full
#   Decrease Java heap size (-Xmx/-Xms)
#   Decrease number of Java threads
#   Decrease Java thread stack sizes (-Xss)
#   Set larger code cache with -XX:ReservedCodeCacheSize=
#   JVM is running with Unscaled Compressed Oops mode in which the Java heap is
#     placed in the first 4GB address space. The Java Heap base address is the
#     maximum limit for the native heap growth. Please use -XX:HeapBaseMinAddress
#     to set the Java Heap base and to place the Java Heap above 4GB virtual address.
# This output file may be truncated or incomplete.
#
#  Out of Memory Error (./open/src/hotspot/os/windows/os_windows.cpp:3273), pid=9492, tid=5440
#
# JRE version: Java(TM) SE Runtime Environment 18.9 (11.0.12+8) (build 11.0.12+8-LTS-237)
# Java VM: Java HotSpot(TM) 64-Bit Server VM 18.9 (11.0.12+8-LTS-237, mixed mode, tiered, compressed oops, g1 gc, windows-amd64)
# No core dump will be written. Minidumps are not enabled by default on client versions of Windows
#

---------------  S U M M A R Y ------------

Command Line: -Xverify:none -XX:TieredStopAtLevel=1 -Dfile.encoding=windows-1252 -Duser.country=AR -Duser.language=es -Duser.variant com.mindhub.homebanking.HomeBankingApplication

Host: Intel(R) Celeron(R) CPU 1007U @ 1.50GHz, 2 cores, 3G,  Windows 10 , 64 bit Build 19041 (10.0.19041.2546)
Time: Wed Apr 12 10:26:46 2023 Hora estándar de Argentina elapsed time: 9.436026 seconds (0d 0h 0m 9s)

---------------  T H R E A D  ---------------

Current thread (0x000002069dc9e000):  VMThread "VM Thread" [stack: 0x000000f016c00000,0x000000f016d00000] [id=5440]

Stack: [0x000000f016c00000,0x000000f016d00000]
[error occurred during error reporting (printing stack bounds), id 0xc0000005, EXCEPTION_ACCESS_VIOLATION (0xc0000005) at pc=0x00000206897f0f3d]

Native frames: (J=compiled Java code, j=interpreted, Vv=VM code, C=native code)
V  [jvm.dll+0x617d9a]
V  [jvm.dll+0x74eeef]
V  [jvm.dll+0x750599]
V  [jvm.dll+0x750b85]
V  [jvm.dll+0x750b3b]
V  [jvm.dll+0x6175d3]
V  [jvm.dll+0x617998]
C  [ntdll.dll+0xa241f]
C  [ntdll.dll+0x514a4]
C  [ntdll.dll+0xa0f4e]
C  0x00000206897f0f3d

VM_Operation (0x000000f0166fcaf0): G1CollectForAllocation, mode: safepoint, requested by thread 0x00000206ffed4000


---------------  P R O C E S S  ---------------

Threads class SMR info:
_java_thread_list=0x000002069f7c2090, length=9, elements={
0x00000206ffed4000, 0x000002069dcc0800, 0x000002069dcc3800, 0x000002069dd24800,
0x000002069dd26000, 0x000002069dd29000, 0x000002069dd2a000, 0x000002069dd2d000,
0x000002069df78800
}

Java Threads: ( => current thread )
  0x00000206ffed4000 JavaThread "main" [_thread_blocked, id=8936, stack(0x000000f016600000,0x000000f016700000)]
  0x000002069dcc0800 JavaThread "Reference Handler" daemon [_thread_blocked, id=9368, stack(0x000000f016d00000,0x000000f016e00000)]
  0x000002069dcc3800 JavaThread "Finalizer" daemon [_thread_blocked, id=9892, stack(0x000000f016e00000,0x000000f016f00000)]
  0x000002069dd24800 JavaThread "Signal Dispatcher" daemon [_thread_blocked, id=8572, stack(0x000000f016f00000,0x000000f017000000)]
  0x000002069dd26000 JavaThread "Attach Listener" daemon [_thread_blocked, id=7864, stack(0x000000f017000000,0x000000f017100000)]
  0x000002069dd29000 JavaThread "Service Thread" daemon [_thread_blocked, id=9432, stack(0x000000f017100000,0x000000f017200000)]
  0x000002069dd2a000 JavaThread "C1 CompilerThread0" daemon [_thread_blocked, id=8836, stack(0x000000f017200000,0x000000f017300000)]
  0x000002069dd2d000 JavaThread "Sweeper thread" daemon [_thread_blocked, id=5996, stack(0x000000f017300000,0x000000f017400000)]
  0x000002069df78800 JavaThread "Common-Cleaner" daemon [_thread_blocked, id=5896, stack(0x000000f017500000,0x000000f017600000)]

Other Threads:
=>0x000002069dc9e000 VMThread "VM Thread" [stack: 0x000000f016c00000,0x000000f016d00000] [id=5440]
  0x000002069df77800 WatcherThread [stack: 0x000000f017400000,0x000000f017500000] [id=9568]
  0x00000206ffee9000 GCTaskThread "GC Thread#0" [stack: 0x000000f016700000,0x000000f016800000] [id=5296]
  0x000002069e346000 GCTaskThread "GC Thread#1" [stack: 0x000000f017600000,0x000000f017700000] [id=8800]
  0x00000206fff04000 ConcurrentGCThread "G1 Main Marker" [stack: 0x000000f016800000,0x000000f016900000] [id=7344]
  0x00000206fff07800 ConcurrentGCThread "G1 Conc#0" [stack: 0x000000f016900000,0x000000f016a00000] [id=7544]
  0x00000206fff55800 ConcurrentGCThread "G1 Refine#0" [stack: 0x000000f016a00000,0x000000f016b00000] [id=5048]
  0x00000206fff56800 ConcurrentGCThread "G1 Young RemSet Sampling" [stack: 0x000000f016b00000,0x000000f016c00000] [id=4224]

Threads with active compile tasks:

VM state:at safepoint (normal execution)

VM Mutex/Monitor currently owned by a thread:  ([mutex/lock_event])
[0x00000206ffed0240] Threads_lock - owner thread: 0x000002069dc9e000
[0x00000206ffed19e0] Heap_lock - owner thread: 0x00000206ffed4000

Heap address: 0x00000000c1e00000, size: 994 MB, Compressed Oops mode: 32-bit
Narrow klass base: 0x0000000000000000, Narrow klass shift: 3
Compressed class space size: 1073741824 Address: 0x0000000100000000

Heap:
 garbage-first heap   total 95232K, used 12301K [0x00000000c1e00000, 0x0000000100000000)
  region size 1024K, 6 young (6144K), 6 survivors (6144K)
 Metaspace       used 27194K, capacity 28032K, committed 28208K, reserved 1073152K
  class space    used 3334K, capacity 3673K, committed 3712K, reserved 1048576K
Heap Regions: E=young(eden), S=young(survivor), O=old, HS=humongous(starts), HC=humongous(continues), CS=collection set, F=free, A=archive, TAMS=top-at-mark-start (previous, next)
|   0|0x00000000c1e00000, 0x00000000c1f00000, 0x00000000c1f00000|100%|HS|  |TAMS 0x00000000c1f00000, 0x00000000c1e00000| Complete 
|   1|0x00000000c1f00000, 0x00000000c2000000, 0x00000000c2000000|100%| O|  |TAMS 0x00000000c2000000, 0x00000000c1f00000| Untracked 
|   2|0x00000000c2000000, 0x00000000c2100000, 0x00000000c2100000|100%| O|  |TAMS 0x00000000c2100000, 0x00000000c2000000| Untracked 
|   3|0x00000000c2100000, 0x00000000c2200000, 0x00000000c2200000|100%| O|  |TAMS 0x00000000c2200000, 0x00000000c2100000| Untracked 
|   4|0x00000000c2200000, 0x00000000c2300000, 0x00000000c2300000|100%| O|  |TAMS 0x00000000c2300000, 0x00000000c2200000| Untracked 
|   5|0x00000000c2300000, 0x00000000c2400000, 0x00000000c2400000|100%| O|  |TAMS 0x00000000c23d7600, 0x00000000c2300000| Untracked 
|   6|0x00000000c2400000, 0x00000000c24ae800, 0x00000000c2500000| 68%| O|  |TAMS 0x00000000c2400000, 0x00000000c2400000| Untracked 
|   7|0x00000000c2500000, 0x00000000c2500000, 0x00000000c2600000|  0%| F|  |TAMS 0x00000000c2500000, 0x00000000c2500000| Untracked 
|   8|0x00000000c2600000, 0x00000000c2600000, 0x00000000c2700000|  0%| F|  |TAMS 0x00000000c2600000, 0x00000000c2600000| Untracked 
|   9|0x00000000c2700000, 0x00000000c2700000, 0x00000000c2800000|  0%| F|  |TAMS 0x00000000c2700000, 0x00000000c2700000| Untracked 
|  10|0x00000000c2800000, 0x00000000c2800000, 0x00000000c2900000|  0%| F|  |TAMS 0x00000000c2800000, 0x00000000c2800000| Untracked 
|  11|0x00000000c2900000, 0x00000000c2900000, 0x00000000c2a00000|  0%| F|  |TAMS 0x00000000c2900000, 0x00000000c2900000| Untracked 
|  12|0x00000000c2a00000, 0x00000000c2a00000, 0x00000000c2b00000|  0%| F|  |TAMS 0x00000000c2a00000, 0x00000000c2a00000| Untracked 
|  13|0x00000000c2b00000, 0x00000000c2b00000, 0x00000000c2c00000|  0%| F|  |TAMS 0x00000000c2b00000, 0x00000000c2b00000| Untracked 
|  14|0x00000000c2c00000, 0x00000000c2c00000, 0x00000000c2d00000|  0%| F|  |TAMS 0x00000000c2c00000, 0x00000000c2c00000| Untracked 
|  15|0x00000000c2d00000, 0x00000000c2d00000, 0x00000000c2e00000|  0%| F|  |TAMS 0x00000000c2d00000, 0x00000000c2d00000| Untracked 
|  16|0x00000000c2e00000, 0x00000000c2e00000, 0x00000000c2f00000|  0%| F|  |TAMS 0x00000000c2e00000, 0x00000000c2e00000| Untracked 
|  17|0x00000000c2f00000, 0x00000000c2f00000, 0x00000000c3000000|  0%| F|  |TAMS 0x00000000c2f00000, 0x00000000c2f00000| Untracked 
|  18|0x00000000c3000000, 0x00000000c3000000, 0x00000000c3100000|  0%| F|  |TAMS 0x00000000c3000000, 0x00000000c3000000| Untracked 
|  19|0x00000000c3100000, 0x00000000c3100000, 0x00000000c3200000|  0%| F|  |TAMS 0x00000000c3100000, 0x00000000c3100000| Untracked 
|  20|0x00000000c3200000, 0x00000000c3200000, 0x00000000c3300000|  0%| F|  |TAMS 0x00000000c3200000, 0x00000000c3200000| Untracked 
|  21|0x00000000c3300000, 0x00000000c3300000, 0x00000000c3400000|  0%| F|  |TAMS 0x00000000c3300000, 0x00000000c3300000| Untracked 
|  22|0x00000000c3400000, 0x00000000c3400000, 0x00000000c3500000|  0%| F|  |TAMS 0x00000000c3400000, 0x00000000c3400000| Untracked 
|  23|0x00000000c3500000, 0x00000000c3500000, 0x00000000c3600000|  0%| F|  |TAMS 0x00000000c3500000, 0x00000000c3500000| Untracked 
|  24|0x00000000c3600000, 0x00000000c3600000, 0x00000000c3700000|  0%| F|  |TAMS 0x00000000c3600000, 0x00000000c3600000| Untracked 
|  25|0x00000000c3700000, 0x00000000c3754df8, 0x00000000c3800000| 33%| S|CS|TAMS 0x00000000c3700000, 0x00000000c3700000| Complete 
|  26|0x00000000c3800000, 0x00000000c3900000, 0x00000000c3900000|100%| S|CS|TAMS 0x00000000c3800000, 0x00000000c3800000| Complete 
|  27|0x00000000c3900000, 0x00000000c3a00000, 0x00000000c3a00000|100%| S|CS|TAMS 0x00000000c3900000, 0x00000000c3900000| Complete 
|  28|0x00000000c3a00000, 0x00000000c3b00000, 0x00000000c3b00000|100%| S|CS|TAMS 0x00000000c3a00000, 0x00000000c3a00000| Complete 
|  29|0x00000000c3b00000, 0x00000000c3c00000, 0x00000000c3c00000|100%| S|CS|TAMS 0x00000000c3b00000, 0x00000000c3b00000| Complete 
|  30|0x00000000c3c00000, 0x00000000c3d00000, 0x00000000c3d00000|100%| S|CS|TAMS 0x00000000c3c00000, 0x00000000c3c00000| Complete 
|  31|0x00000000c3d00000, 0x00000000c3d00000, 0x00000000c3e00000|  0%| F|  |TAMS 0x00000000c3d00000, 0x00000000c3d00000| Untracked 
|  32|0x00000000c3e00000, 0x00000000c3e00000, 0x00000000c3f00000|  0%| F|  |TAMS 0x00000000c3e00000, 0x00000000c3e00000| Untracked 
|  33|0x00000000c3f00000, 0x00000000c3f00000, 0x00000000c4000000|  0%| F|  |TAMS 0x00000000c3f00000, 0x00000000c3f00000| Untracked 
|  34|0x00000000c4000000, 0x00000000c4000000, 0x00000000c4100000|  0%| F|  |TAMS 0x00000000c4000000, 0x00000000c4000000| Untracked 
|  35|0x00000000c4100000, 0x00000000c4100000, 0x00000000c4200000|  0%| F|  |TAMS 0x00000000c4100000, 0x00000000c4100000| Untracked 
|  36|0x00000000c4200000, 0x00000000c4200000, 0x00000000c4300000|  0%| F|  |TAMS 0x00000000c4200000, 0x00000000c4200000| Untracked 
|  37|0x00000000c4300000, 0x00000000c4300000, 0x00000000c4400000|  0%| F|  |TAMS 0x00000000c4300000, 0x00000000c4300000| Untracked 
|  38|0x00000000c4400000, 0x00000000c4400000, 0x00000000c4500000|  0%| F|  |TAMS 0x00000000c4400000, 0x00000000c4400000| Untracked 
|  39|0x00000000c4500000, 0x00000000c4500000, 0x00000000c4600000|  0%| F|  |TAMS 0x00000000c4500000, 0x00000000c4500000| Untracked 
|  40|0x00000000c4600000, 0x00000000c4600000, 0x00000000c4700000|  0%| F|  |TAMS 0x00000000c4600000, 0x00000000c4600000| Untracked 
|  41|0x00000000c4700000, 0x00000000c4700000, 0x00000000c4800000|  0%| F|  |TAMS 0x00000000c4700000, 0x00000000c4700000| Untracked 
|  42|0x00000000c4800000, 0x00000000c4800000, 0x00000000c4900000|  0%| F|  |TAMS 0x00000000c4800000, 0x00000000c4800000| Untracked 
|  43|0x00000000c4900000, 0x00000000c4900000, 0x00000000c4a00000|  0%| F|  |TAMS 0x00000000c4900000, 0x00000000c4900000| Untracked 
|  44|0x00000000c4a00000, 0x00000000c4a00000, 0x00000000c4b00000|  0%| F|  |TAMS 0x00000000c4a00000, 0x00000000c4a00000| Untracked 
|  45|0x00000000c4b00000, 0x00000000c4b00000, 0x00000000c4c00000|  0%| F|  |TAMS 0x00000000c4b00000, 0x00000000c4b00000| Untracked 
|  46|0x00000000c4c00000, 0x00000000c4c00000, 0x00000000c4d00000|  0%| F|  |TAMS 0x00000000c4c00000, 0x00000000c4c00000| Untracked 
|  47|0x00000000c4d00000, 0x00000000c4d00000, 0x00000000c4e00000|  0%| F|  |TAMS 0x00000000c4d00000, 0x00000000c4d00000| Untracked 
|  48|0x00000000c4e00000, 0x00000000c4e00000, 0x00000000c4f00000|  0%| F|  |TAMS 0x00000000c4e00000, 0x00000000c4e00000| Untracked 
|  49|0x00000000c4f00000, 0x00000000c4f00000, 0x00000000c5000000|  0%| F|  |TAMS 0x00000000c4f00000, 0x00000000c4f00000| Untracked 
|  50|0x00000000c5000000, 0x00000000c5000000, 0x00000000c5100000|  0%| F|  |TAMS 0x00000000c5000000, 0x00000000c5000000| Untracked 
|  51|0x00000000c5100000, 0x00000000c5100000, 0x00000000c5200000|  0%| F|  |TAMS 0x00000000c5100000, 0x00000000c5100000| Untracked 
|  52|0x00000000c5200000, 0x00000000c5200000, 0x00000000c5300000|  0%| F|  |TAMS 0x00000000c5200000, 0x00000000c5200000| Untracked 
|  53|0x00000000c5300000, 0x00000000c5300000, 0x00000000c5400000|  0%| F|  |TAMS 0x00000000c5300000, 0x00000000c5300000| Untracked 
|  54|0x00000000c5400000, 0x00000000c5400000, 0x00000000c5500000|  0%| F|  |TAMS 0x00000000c5400000, 0x00000000c5400000| Untracked 
|  55|0x00000000c5500000, 0x00000000c5500000, 0x00000000c5600000|  0%| F|  |TAMS 0x00000000c5500000, 0x00000000c5500000| Untracked 
|  56|0x00000000c5600000, 0x00000000c5600000, 0x00000000c5700000|  0%| F|  |TAMS 0x00000000c5600000, 0x00000000c5600000| Untracked 
|  57|0x00000000c5700000, 0x00000000c5700000, 0x00000000c5800000|  0%| F|  |TAMS 0x00000000c5700000, 0x00000000c5700000| Untracked 
|  58|0x00000000c5800000, 0x00000000c5800000, 0x00000000c5900000|  0%| F|  |TAMS 0x00000000c5800000, 0x00000000c5800000| Untracked 
|  59|0x00000000c5900000, 0x00000000c5900000, 0x00000000c5a00000|  0%| F|  |TAMS 0x00000000c5900000, 0x00000000c5900000| Untracked 
|  60|0x00000000c5a00000, 0x00000000c5a00000, 0x00000000c5b00000|  0%| F|  |TAMS 0x00000000c5a00000, 0x00000000c5a00000| Untracked 
|  61|0x00000000c5b00000, 0x00000000c5b00000, 0x00000000c5c00000|  0%| F|  |TAMS 0x00000000c5b00000, 0x00000000c5b00000| Untracked 
|  62|0x00000000c5c00000, 0x00000000c5c00000, 0x00000000c5d00000|  0%| F|  |TAMS 0x00000000c5c00000, 0x00000000c5c00000| Untracked 
|  63|0x00000000c5d00000, 0x00000000c5d00000, 0x00000000c5e00000|  0%| F|  |TAMS 0x00000000c5d00000, 0x00000000c5d00000| Untracked 
|  64|0x00000000c5e00000, 0x00000000c5e00000, 0x00000000c5f00000|  0%| F|  |TAMS 0x00000000c5e00000, 0x00000000c5e00000| Untracked 
|  65|0x00000000c5f00000, 0x00000000c5f00000, 0x00000000c6000000|  0%| F|  |TAMS 0x00000000c5f00000, 0x00000000c5f00000| Untracked 
|  66|0x00000000c6000000, 0x00000000c6000000, 0x00000000c6100000|  0%| F|  |TAMS 0x00000000c6000000, 0x00000000c6000000| Untracked 
|  67|0x00000000c6100000, 0x00000000c6100000, 0x00000000c6200000|  0%| F|  |TAMS 0x00000000c6100000, 0x00000000c6100000| Untracked 
|  68|0x00000000c6200000, 0x00000000c6200000, 0x00000000c6300000|  0%| F|  |TAMS 0x00000000c6200000, 0x00000000c6200000| Untracked 
|  69|0x00000000c6300000, 0x00000000c6300000, 0x00000000c6400000|  0%| F|  |TAMS 0x00000000c6300000, 0x00000000c6300000| Untracked 
|  70|0x00000000c6400000, 0x00000000c6400000, 0x00000000c6500000|  0%| F|  |TAMS 0x00000000c6400000, 0x00000000c6400000| Untracked 
|  71|0x00000000c6500000, 0x00000000c6500000, 0x00000000c6600000|  0%| F|  |TAMS 0x00000000c6500000, 0x00000000c6500000| Untracked 
|  72|0x00000000c6600000, 0x00000000c6600000, 0x00000000c6700000|  0%| F|  |TAMS 0x00000000c6600000, 0x00000000c6600000| Untracked 
|  73|0x00000000c6700000, 0x00000000c6700000, 0x00000000c6800000|  0%| F|  |TAMS 0x00000000c6700000, 0x00000000c6700000| Untracked 
|  74|0x00000000c6800000, 0x00000000c6800000, 0x00000000c6900000|  0%| F|  |TAMS 0x00000000c6800000, 0x00000000c6800000| Untracked 
|  75|0x00000000c6900000, 0x00000000c6900000, 0x00000000c6a00000|  0%| F|  |TAMS 0x00000000c6900000, 0x00000000c6900000| Untracked 
|  76|0x00000000c6a00000, 0x00000000c6a00000, 0x00000000c6b00000|  0%| F|  |TAMS 0x00000000c6a00000, 0x00000000c6a00000| Untracked 

Card table byte_map: [0x0000020698df0000,0x0000020698ff0000] _byte_map_base: 0x00000206987e1000

Marking Bits (Prev, Next): (CMBitMap*) 0x00000206ffeff820, (CMBitMap*) 0x00000206ffeff7e8
 Prev Bits: [0x000002069a180000, 0x000002069b108000)
 Next Bits: [0x00000206991f0000, 0x000002069a178000)

Polling page: 0x00000206fffb0000

Metaspace:

Usage:
  Non-class:     23.79 MB capacity,    23.30 MB ( 98%) used,   408.21 KB (  2%) free+waste,    90.88 KB ( <1%) overhead. 
      Class:      3.59 MB capacity,     3.26 MB ( 91%) used,   292.52 KB (  8%) free+waste,    46.06 KB (  1%) overhead. 
       Both:     27.38 MB capacity,    26.56 MB ( 97%) used,   700.73 KB (  2%) free+waste,   136.94 KB ( <1%) overhead. 

Virtual space:
  Non-class space:       24.00 MB reserved,      23.92 MB (>99%) committed 
      Class space:        1.00 GB reserved,       3.63 MB ( <1%) committed 
             Both:        1.02 GB reserved,      27.55 MB (  3%) committed 

Chunk freelists:
   Non-Class:  1.13 KB
       Class:  896 bytes
        Both:  2.00 KB

CodeHeap 'non-profiled nmethods': size=239488Kb used=4557Kb max_used=4557Kb free=234930Kb
 bounds [0x0000020689e10000, 0x000002068a290000, 0x00000206987f0000]
CodeHeap 'non-nmethods': size=6272Kb used=1109Kb max_used=1109Kb free=5162Kb
 bounds [0x00000206897f0000, 0x0000020689a60000, 0x0000020689e10000]
 total_blobs=3368 nmethods=2938 adapters=357
 compilation: enabled
              stopped_count=0, restarted_count=0
 full_count=0

Compilation events (10 events):
Event: 9.305 Thread 0x000002069dd2a000 2933       1       java.lang.PublicMethods::toArray (76 bytes)
Event: 9.306 Thread 0x000002069dd2a000 nmethod 2933 0x000002068a282010 code [0x000002068a282200, 0x000002068a282578]
Event: 9.308 Thread 0x000002069dd2a000 2935       1       org.springframework.beans.AbstractNestablePropertyAccessor::getWrappedInstance (22 bytes)
Event: 9.309 Thread 0x000002069dd2a000 nmethod 2935 0x000002068a282990 code [0x000002068a282b40, 0x000002068a282cc8]
Event: 9.324 Thread 0x000002069dd2a000 2936       1       java.util.Collections$UnmodifiableMap$UnmodifiableEntrySet$1::hasNext (10 bytes)
Event: 9.324 Thread 0x000002069dd2a000 nmethod 2936 0x000002068a282d90 code [0x000002068a282f40, 0x000002068a283028]
Event: 9.325 Thread 0x000002069dd2a000 2937       1       java.util.Collections$UnmodifiableMap$UnmodifiableEntrySet$UnmodifiableEntry::getValue (10 bytes)
Event: 9.325 Thread 0x000002069dd2a000 nmethod 2937 0x000002068a283090 code [0x000002068a283240, 0x000002068a283328]
Event: 9.336 Thread 0x000002069dd2a000 2938       1       java.util.logging.LogManager$LoggerContext::getOwner (5 bytes)
Event: 9.337 Thread 0x000002069dd2a000 nmethod 2938 0x000002068a283390 code [0x000002068a283520, 0x000002068a2835d8]

GC Heap History (10 events):
Event: 3.308 GC heap after
{Heap after GC invocations=4 (full 0):
 garbage-first heap   total 65536K, used 7091K [0x00000000c1e00000, 0x0000000100000000)
  region size 1024K, 2 young (2048K), 2 survivors (2048K)
 Metaspace       used 13851K, capacity 14193K, committed 14464K, reserved 1062912K
  class space    used 1489K, capacity 1617K, committed 1664K, reserved 1048576K
}
Event: 4.388 GC heap before
{Heap before GC invocations=4 (full 0):
 garbage-first heap   total 65536K, used 30643K [0x00000000c1e00000, 0x0000000100000000)
  region size 1024K, 26 young (26624K), 2 survivors (2048K)
 Metaspace       used 17860K, capacity 18396K, committed 18688K, reserved 1064960K
  class space    used 2018K, capacity 2237K, committed 2304K, reserved 1048576K
}
Event: 4.401 GC heap after
{Heap after GC invocations=5 (full 0):
 garbage-first heap   total 78848K, used 7929K [0x00000000c1e00000, 0x0000000100000000)
  region size 1024K, 3 young (3072K), 3 survivors (3072K)
 Metaspace       used 17860K, capacity 18396K, committed 18688K, reserved 1064960K
  class space    used 2018K, capacity 2237K, committed 2304K, reserved 1048576K
}
Event: 5.224 GC heap before
{Heap before GC invocations=5 (full 0):
 garbage-first heap   total 78848K, used 24313K [0x00000000c1e00000, 0x0000000100000000)
  region size 1024K, 20 young (20480K), 3 survivors (3072K)
 Metaspace       used 20582K, capacity 21167K, committed 21296K, reserved 1069056K
  class space    used 2377K, capacity 2630K, committed 2688K, reserved 1048576K
}
Event: 5.245 GC heap after
{Heap after GC invocations=6 (full 0):
 garbage-first heap   total 78848K, used 8491K [0x00000000c1e00000, 0x0000000100000000)
  region size 1024K, 3 young (3072K), 3 survivors (3072K)
 Metaspace       used 20582K, capacity 21167K, committed 21296K, reserved 1069056K
  class space    used 2377K, capacity 2630K, committed 2688K, reserved 1048576K
}
Event: 5.398 GC heap before
{Heap before GC invocations=7 (full 0):
 garbage-first heap   total 78848K, used 39211K [0x00000000c1e00000, 0x0000000100000000)
  region size 1024K, 34 young (34816K), 3 survivors (3072K)
 Metaspace       used 20882K, capacity 21475K, committed 21552K, reserved 1069056K
  class space    used 2414K, capacity 2670K, committed 2688K, reserved 1048576K
}
Event: 5.409 GC heap after
{Heap after GC invocations=8 (full 0):
 garbage-first heap   total 78848K, used 8950K [0x00000000c1e00000, 0x0000000100000000)
  region size 1024K, 3 young (3072K), 3 survivors (3072K)
 Metaspace       used 20882K, capacity 21475K, committed 21552K, reserved 1069056K
  class space    used 2414K, capacity 2670K, committed 2688K, reserved 1048576K
}
Event: 7.007 GC heap before
{Heap before GC invocations=8 (full 0):
 garbage-first heap   total 78848K, used 47862K [0x00000000c1e00000, 0x0000000100000000)
  region size 1024K, 42 young (43008K), 3 survivors (3072K)
 Metaspace       used 22447K, capacity 23103K, committed 23344K, reserved 1069056K
  class space    used 2641K, capacity 2893K, committed 2944K, reserved 1048576K
}
Event: 7.024 GC heap after
{Heap after GC invocations=9 (full 0):
 garbage-first heap   total 78848K, used 9851K [0x00000000c1e00000, 0x0000000100000000)
  region size 1024K, 4 young (4096K), 4 survivors (4096K)
 Metaspace       used 22447K, capacity 23103K, committed 23344K, reserved 1069056K
  class space    used 2641K, capacity 2893K, committed 2944K, reserved 1048576K
}
Event: 9.396 GC heap before
{Heap before GC invocations=9 (full 0):
 garbage-first heap   total 78848K, used 52859K [0x00000000c1e00000, 0x0000000100000000)
  region size 1024K, 46 young (47104K), 4 survivors (4096K)
 Metaspace       used 27194K, capacity 28032K, committed 28208K, reserved 1073152K
  class space    used 3334K, capacity 3673K, committed 3712K, reserved 1048576K
}

Deoptimization events (0 events):
No events

Classes redefined (0 events):
No events

Internal exceptions (10 events):
Event: 9.106 Thread 0x00000206ffed4000 Exception <a 'java/lang/ClassNotFoundException'{0x00000000c47f1208}: org/springframework/aop/framework/AopInfrastructureBeanCustomizer> (0x00000000c47f1208) thrown at [./open/src/hotspot/share/classfile/systemDictionary.cpp, line 228]
Event: 9.204 Thread 0x00000206ffed4000 Exception <a 'java/lang/ClassNotFoundException'{0x00000000c45b6658}: java/lang/ObjectCustomizer> (0x00000000c45b6658) thrown at [./open/src/hotspot/share/classfile/systemDictionary.cpp, line 228]
Event: 9.206 Thread 0x00000206ffed4000 Exception <a 'java/lang/ClassNotFoundException'{0x00000000c45d2270}: org/springframework/transaction/annotation/AbstractTransactionManagementConfigurationCustomizer> (0x00000000c45d2270) thrown at [./open/src/hotspot/share/classfile/systemDictionary.cpp, 
Event: 9.211 Thread 0x00000206ffed4000 Exception <a 'java/lang/ClassNotFoundException'{0x00000000c45ec9e8}: org/springframework/transaction/annotation/ProxyTransactionManagementConfigurationCustomizer> (0x00000000c45ec9e8) thrown at [./open/src/hotspot/share/classfile/systemDictionary.cpp, lin
Event: 9.215 Thread 0x00000206ffed4000 Exception <a 'java/lang/ClassNotFoundException'{0x00000000c4404a48}: org/springframework/context/annotation/ImportAwareCustomizer> (0x00000000c4404a48) thrown at [./open/src/hotspot/share/classfile/systemDictionary.cpp, line 228]
Event: 9.217 Thread 0x00000206ffed4000 Exception <a 'java/lang/ClassNotFoundException'{0x00000000c4417ea0}: org/springframework/beans/factory/AwareCustomizer> (0x00000000c4417ea0) thrown at [./open/src/hotspot/share/classfile/systemDictionary.cpp, line 228]
Event: 9.305 Thread 0x00000206ffed4000 Exception <a 'java/lang/ClassNotFoundException'{0x00000000c4223b40}: java/lang/ObjectCustomizer> (0x00000000c4223b40) thrown at [./open/src/hotspot/share/classfile/systemDictionary.cpp, line 228]
Event: 9.307 Thread 0x00000206ffed4000 Exception <a 'java/lang/ClassNotFoundException'{0x00000000c4241a88}: org/springframework/boot/autoconfigure/web/servlet/ServletWebServerFactoryConfiguration$EmbeddedTomcatCustomizer> (0x00000000c4241a88) thrown at [./open/src/hotspot/share/classfile/syste
Event: 9.307 Thread 0x00000206ffed4000 Exception <a 'java/lang/NoSuchMethodError'{0x00000000c42457a8}: java.lang.invoke.DirectMethodHandle$Holder.invokeVirtual(Ljava/lang/Object;Ljava/lang/Object;Ljava/lang/Object;)I> (0x00000000c42457a8) thrown at [./open/src/hotspot/share/interpreter/linkRes
Event: 9.390 Thread 0x00000206ffed4000 Exception <a 'java/lang/NoSuchMethodError'{0x00000000c41f55b8}: java.lang.invoke.DirectMethodHandle$Holder.invokeSpecial(Ljava/lang/Object;Ljava/lang/Object;Ljava/lang/Object;Ljava/lang/Object;Ljava/lang/Object;)I> (0x00000000c41f55b8) thrown at [./open/s

Events (10 events):
Event: 9.391 loading class org/springframework/core/OrderComparator done
Event: 9.392 loading class java/util/stream/SortedOps
Event: 9.393 loading class java/util/stream/SortedOps done
Event: 9.393 loading class java/util/stream/SortedOps$OfRef
Event: 9.394 loading class java/util/stream/SortedOps$OfRef done
Event: 9.394 loading class java/util/stream/SortedOps$RefSortingSink
Event: 9.394 loading class java/util/stream/SortedOps$AbstractRefSortingSink
Event: 9.395 loading class java/util/stream/SortedOps$AbstractRefSortingSink done
Event: 9.395 loading class java/util/stream/SortedOps$RefSortingSink done
Event: 9.396 Executing VM operation: G1CollectForAllocation


Dynamic libraries:
0x00007ff683670000 - 0x00007ff68367f000 	C:\Program Files\Java\jdk-11.0.12\bin\java.exe
0x00007ff8759d0000 - 0x00007ff875bc8000 	C:\WINDOWS\SYSTEM32\ntdll.dll
0x00007ff8755f0000 - 0x00007ff8756af000 	C:\WINDOWS\System32\KERNEL32.DLL
0x00007ff8730d0000 - 0x00007ff8733a2000 	C:\WINDOWS\System32\KERNELBASE.dll
0x00007ff8735f0000 - 0x00007ff8736f0000 	C:\WINDOWS\System32\ucrtbase.dll
0x00007ff863830000 - 0x00007ff863845000 	C:\Program Files\Java\jdk-11.0.12\bin\VCRUNTIME140.dll
0x00007ff863850000 - 0x00007ff863868000 	C:\Program Files\Java\jdk-11.0.12\bin\jli.dll
0x00007ff8756e0000 - 0x00007ff87578e000 	C:\WINDOWS\System32\ADVAPI32.dll
0x00007ff873b50000 - 0x00007ff873bee000 	C:\WINDOWS\System32\msvcrt.dll
0x00007ff873bf0000 - 0x00007ff873c8c000 	C:\WINDOWS\System32\sechost.dll
0x00007ff875790000 - 0x00007ff8758b4000 	C:\WINDOWS\System32\RPCRT4.dll
0x00007ff875200000 - 0x00007ff8753a1000 	C:\WINDOWS\System32\USER32.dll
0x00007ff873910000 - 0x00007ff873932000 	C:\WINDOWS\System32\win32u.dll
0x00007ff874a70000 - 0x00007ff874a9b000 	C:\WINDOWS\System32\GDI32.dll
0x00007ff8736f0000 - 0x00007ff8737ff000 	C:\WINDOWS\System32\gdi32full.dll
0x00007ff873800000 - 0x00007ff87389d000 	C:\WINDOWS\System32\msvcp_win.dll
0x00007ff864290000 - 0x00007ff86452a000 	C:\WINDOWS\WinSxS\amd64_microsoft.windows.common-controls_6595b64144ccf1df_6.0.19041.1110_none_60b5254171f9507e\COMCTL32.dll
0x00007ff8652e0000 - 0x00007ff8652ea000 	C:\WINDOWS\SYSTEM32\VERSION.dll
0x00007ff8756b0000 - 0x00007ff8756e0000 	C:\WINDOWS\System32\IMM32.DLL
0x00007ff84f0f0000 - 0x00007ff84f18b000 	C:\Program Files\Java\jdk-11.0.12\bin\msvcp140.dll
0x00007ff845180000 - 0x00007ff845c7f000 	C:\Program Files\Java\jdk-11.0.12\bin\server\jvm.dll
0x00007ff873ec0000 - 0x00007ff873ec8000 	C:\WINDOWS\System32\PSAPI.DLL
0x00007ff867bb0000 - 0x00007ff867bb9000 	C:\WINDOWS\SYSTEM32\WSOCK32.dll
0x00007ff873a30000 - 0x00007ff873a9b000 	C:\WINDOWS\System32\WS2_32.dll
0x00007ff857ae0000 - 0x00007ff857b07000 	C:\WINDOWS\SYSTEM32\WINMM.dll
0x00007ff870f90000 - 0x00007ff870fa2000 	C:\WINDOWS\SYSTEM32\kernel.appcore.dll
0x00007ff86bb40000 - 0x00007ff86bb50000 	C:\Program Files\Java\jdk-11.0.12\bin\verify.dll
0x00007ff85f660000 - 0x00007ff85f844000 	C:\WINDOWS\SYSTEM32\DBGHELP.DLL
0x00007ff85f580000 - 0x00007ff85f5b5000 	C:\WINDOWS\SYSTEM32\dbgcore.DLL
0x00007ff8733b0000 - 0x00007ff873432000 	C:\WINDOWS\System32\bcryptPrimitives.dll
0x00007ff86a8b0000 - 0x00007ff86a8d8000 	C:\Program Files\Java\jdk-11.0.12\bin\java.dll
0x00007ff86a8a0000 - 0x00007ff86a8aa000 	C:\Program Files\Java\jdk-11.0.12\bin\jimage.dll
0x00007ff86a880000 - 0x00007ff86a896000 	C:\Program Files\Java\jdk-11.0.12\bin\zip.dll
0x00007ff874ab0000 - 0x00007ff8751f5000 	C:\WINDOWS\System32\SHELL32.dll
0x00007ff871190000 - 0x00007ff871922000 	C:\WINDOWS\SYSTEM32\windows.storage.dll
0x00007ff873ed0000 - 0x00007ff874225000 	C:\WINDOWS\System32\combase.dll
0x00007ff872a50000 - 0x00007ff872a80000 	C:\WINDOWS\SYSTEM32\Wldp.dll
0x00007ff873cf0000 - 0x00007ff873d9d000 	C:\WINDOWS\System32\SHCORE.dll
0x00007ff873c90000 - 0x00007ff873ce5000 	C:\WINDOWS\System32\shlwapi.dll
0x00007ff873010000 - 0x00007ff87302f000 	C:\WINDOWS\SYSTEM32\profapi.dll
0x00007ff86a860000 - 0x00007ff86a879000 	C:\Program Files\Java\jdk-11.0.12\bin\net.dll
0x00007ff867350000 - 0x00007ff86745a000 	C:\WINDOWS\SYSTEM32\WINHTTP.dll
0x00007ff8727b0000 - 0x00007ff87281a000 	C:\WINDOWS\system32\mswsock.dll
0x00007ff86a840000 - 0x00007ff86a852000 	C:\Program Files\Java\jdk-11.0.12\bin\nio.dll
0x00007ff86d2d0000 - 0x00007ff86d2d9000 	C:\Program Files\Java\jdk-11.0.12\bin\management.dll
0x00007ff86d2c0000 - 0x00007ff86d2cb000 	C:\Program Files\Java\jdk-11.0.12\bin\management_ext.dll
0x00007ff858a90000 - 0x00007ff858aa7000 	C:\WINDOWS\system32\napinsp.dll
0x00007ff858a70000 - 0x00007ff858a8b000 	C:\WINDOWS\system32\pnrpnsp.dll
0x00007ff86dd10000 - 0x00007ff86dd25000 	C:\WINDOWS\system32\wshbth.dll
0x00007ff86e930000 - 0x00007ff86e94d000 	C:\WINDOWS\system32\NLAapi.dll
0x00007ff8724a0000 - 0x00007ff8724db000 	C:\WINDOWS\SYSTEM32\IPHLPAPI.DLL
0x00007ff8724e0000 - 0x00007ff8725ab000 	C:\WINDOWS\SYSTEM32\DNSAPI.dll
0x00007ff873a20000 - 0x00007ff873a28000 	C:\WINDOWS\System32\NSI.dll
0x00007ff858a50000 - 0x00007ff858a62000 	C:\WINDOWS\System32\winrnr.dll
0x00007ff861eb0000 - 0x00007ff861eba000 	C:\Windows\System32\rasadhlp.dll
0x00007ff861dd0000 - 0x00007ff861e50000 	C:\WINDOWS\System32\fwpuclnt.dll
0x00007ff873940000 - 0x00007ff873967000 	C:\WINDOWS\System32\bcrypt.dll

dbghelp: loaded successfully - version: 4.0.5 - missing functions: none
symbol engine: initialized successfully - sym options: 0x614 - pdb path: .;C:\Program Files\Java\jdk-11.0.12\bin;C:\WINDOWS\SYSTEM32;C:\WINDOWS\WinSxS\amd64_microsoft.windows.common-controls_6595b64144ccf1df_6.0.19041.1110_none_60b5254171f9507e;C:\Program Files\Java\jdk-11.0.12\bin\server

VM Arguments:
jvm_args: -Xverify:none -XX:TieredStopAtLevel=1 -Dfile.encoding=windows-1252 -Duser.country=AR -Duser.language=es -Duser.variant 
java_command: com.mindhub.homebanking.HomeBankingApplication
java_class_path (initial): C:\Users\EXEQUIEL\Desktop\Programación\MindHub\Cohorte 44\Modulo 3 JAVA\homebanking\homebanking\src\main\resources;C:\Users\EXEQUIEL\Desktop\Programación\MindHub\Cohorte 44\Modulo 3 JAVA\homebanking\homebanking\build\classes\java\main;C:\Users\EXEQUIEL\.gradle\caches\modules-2\files-2.1\com.h2database\h2\2.1.214\d5c2005c9e3279201e12d4776c948578b16bf8b2\h2-2.1.214.jar;C:\Users\EXEQUIEL\.gradle\caches\modules-2\files-2.1\jakarta.transaction\jakarta.transaction-api\1.3.3\c4179d48720a1e87202115fbed6089bdc4195405\jakarta.transaction-api-1.3.3.jar;C:\Users\EXEQUIEL\.gradle\caches\modules-2\files-2.1\jakarta.persistence\jakarta.persistence-api\2.2.3\8f6ea5daedc614f07a3654a455660145286f024e\jakarta.persistence-api-2.2.3.jar;C:\Users\EXEQUIEL\.gradle\caches\modules-2\files-2.1\org.hibernate\hibernate-core\5.6.15.Final\ab14b7cef1fdff654ca81923048a6034d6c7cfa7\hibernate-core-5.6.15.Final.jar;C:\Users\EXEQUIEL\.gradle\caches\modules-2\files-2.1\org.springframework.data\spring-data-jpa\2.7.10\dfb83414eb6a8609bd71dc3ddae82e973698a091\spring-data-jpa-2.7.10.jar;C:\Users\EXEQUIEL\.gradle\caches\modules-2\files-2.1\org.springframework\spring-aspects\5.3.26\a2614dbb277b9c7938776c6273a25e3f8342a23e\spring-aspects-5.3.26.jar;C:\Users\EXEQUIEL\.gradle\caches\modules-2\files-2.1\org.springframework.data\spring-data-rest-webmvc\3.7.10\d4f50023d02c8d7bc8f7069fff4fb144cbca427f\spring-data-rest-webmvc-3.7.10.jar;C:\Users\EXEQUIEL\.gradle\caches\modules-2\files-2.1\org.springframework\spring-webmvc\5.3.26\539e1d03decbec523b7ad87fb786fd0b1cf29ce\spring-webmvc-5.3.26.jar;C:\Users\EXEQUIEL\.gradle\caches\modules-2\files-2.1\org.springframework.data\spring-data-rest-core\3.7.10\dde31898ea985a388252a62b237bcf3ddd29c095\spring-data-rest-core-3.7.10.jar;C:\Users\EXEQUIEL\.gradle\caches\modules-2\files-2.1\org.springframework.hateoas\spring-hateoas\1.5.4\8c70b6a7bf26cd76c6e61934fd0bcb31ce2b873\spring-hateoas-1.5.4.jar;C:\Users\EXEQUIEL\.gradle\caches\modules-2\files-2.1\o
Launcher Type: SUN_STANDARD

[Global flags]
     bool BytecodeVerificationLocal                = false                                     {product} {command line}
     bool BytecodeVerificationRemote               = false                                     {product} {command line}
     intx CICompilerCount                          = 2                                         {product} {ergonomic}
     uint ConcGCThreads                            = 1                                         {product} {ergonomic}
     uint G1ConcRefinementThreads                  = 2                                         {product} {ergonomic}
   size_t G1HeapRegionSize                         = 1048576                                   {product} {ergonomic}
    uintx GCDrainStackTargetSize                   = 64                                        {product} {ergonomic}
   size_t InitialHeapSize                          = 67108864                                  {product} {ergonomic}
   size_t MarkStackSize                            = 4194304                                   {product} {ergonomic}
   size_t MaxHeapSize                              = 1042284544                                {product} {ergonomic}
   size_t MaxNewSize                               = 624951296                                 {product} {ergonomic}
   size_t MinHeapDeltaBytes                        = 1048576                                   {product} {ergonomic}
    uintx NonNMethodCodeHeapSize                   = 6396312                                {pd product} {ergonomic}
    uintx NonProfiledCodeHeapSize                  = 245261928                              {pd product} {ergonomic}
    uintx ProfiledCodeHeapSize                     = 0                                      {pd product} {ergonomic}
    uintx ReservedCodeCacheSize                    = 251658240                              {pd product} {ergonomic}
     bool SegmentedCodeCache                       = true                                      {product} {ergonomic}
     intx TieredStopAtLevel                        = 1                                         {product} {command line}
     bool UseCompressedClassPointers               = true                                 {lp64_product} {ergonomic}
     bool UseCompressedOops                        = true                                 {lp64_product} {ergonomic}
     bool UseG1GC                                  = true                                      {product} {ergonomic}
     bool UseLargePagesIndividualAllocation        = false                                  {pd product} {ergonomic}

Logging:
Log output configuration:
 #0: stdout all=warning uptime,level,tags
 #1: stderr all=off uptime,level,tags

Environment Variables:
PATH=C:\Program Files\Java\jdk-11.0.12\bin;C:\Program Files\Common Files\Oracle\Java\javapath;C:\WINDOWS\system32;C:\WINDOWS;C:\WINDOWS\System32\Wbem;C:\WINDOWS\System32\WindowsPowerShell\v1.0\;C:\WINDOWS\System32\OpenSSH\;C:\Program Files (x86)\Common Files\Propellerhead Software\ReWire\;C:\Program Files\Common Files\Propellerhead Software\ReWire\;C:\Program Files\dotnet\;C:\Program Files\nodejs\;C:\Program Files\Git\cmd;C:\Users\EXEQUIEL\AppData\Local\Microsoft\WindowsApps;C:\Users\EXEQUIEL\.dotnet\tools;C:\Users\EXEQUIEL\AppData\Local\Programs\Microsoft VS Code\bin;C:\Users\EXEQUIEL\AppData\Roaming\npm
USERNAME=Ezequiel
OS=Windows_NT
PROCESSOR_IDENTIFIER=Intel64 Family 6 Model 58 Stepping 9, GenuineIntel



---------------  S Y S T E M  ---------------

OS: Windows 10 , 64 bit Build 19041 (10.0.19041.2546)

CPU:total 2 (initial active 2) (2 cores per cpu, 1 threads per core) family 6 model 58 stepping 9 microcode 0x21, cmov, cx8, fxsr, mmx, sse, sse2, sse3, ssse3, sse4.1, sse4.2, popcnt, clmul, erms, tsc, tscinvbit, tscinv

Memory: 4k page, system-wide physical 3972M (213M free)
TotalPageFile size 6756M (AvailPageFile size 16M)
current process WorkingSet (physical memory assigned to process): 127M, peak: 127M
current process commit charge ("private bytes"): 176M, peak: 192M

vm_info: Java HotSpot(TM) 64-Bit Server VM (11.0.12+8-LTS-237) for windows-amd64 JRE (11.0.12+8-LTS-237), built on Jun  8 2021 11:25:59 by "mach5one" with MS VC++ 15.9 (VS2017)

END.
