#
# There is insufficient memory for the Java Runtime Environment to continue.
# Native memory allocation (malloc) failed to allocate 1698256 bytes for Chunk::new
# Possible reasons:
#   The system is out of physical RAM or swap space
#   The process is running with CompressedOops enabled, and the Java Heap may be blocking the growth of the native heap
# Possible solutions:
#   Reduce memory load on the system
#   Increase physical memory or swap space
#   Check if swap backing store is full
#   Decrease Java heap size (-Xmx/-Xms)
#   Decrease number of Java threads
#   Decrease Java thread stack sizes (-Xss)
#   Set larger code cache with -XX:ReservedCodeCacheSize=
#   JVM is running with Unscaled Compressed Oops mode in which the Java heap is
#     placed in the first 4GB address space. The Java Heap base address is the
#     maximum limit for the native heap growth. Please use -XX:HeapBaseMinAddress
#     to set the Java Heap base and to place the Java Heap above 4GB virtual address.
# This output file may be truncated or incomplete.
#
#  Out of Memory Error (./open/src/hotspot/share/memory/arena.cpp:197), pid=11004, tid=6656
#
# JRE version: Java(TM) SE Runtime Environment 18.9 (11.0.12+8) (build 11.0.12+8-LTS-237)
# Java VM: Java HotSpot(TM) 64-Bit Server VM 18.9 (11.0.12+8-LTS-237, mixed mode, tiered, compressed oops, g1 gc, windows-amd64)
# No core dump will be written. Minidumps are not enabled by default on client versions of Windows
#

---------------  S U M M A R Y ------------

Command Line: --add-opens=java.base/java.util=ALL-UNNAMED --add-opens=java.base/java.lang=ALL-UNNAMED --add-opens=java.base/java.lang.invoke=ALL-UNNAMED --add-opens=java.prefs/java.util.prefs=ALL-UNNAMED --add-opens=java.base/java.nio.charset=ALL-UNNAMED --add-opens=java.base/java.net=ALL-UNNAMED --add-opens=java.base/java.util.concurrent.atomic=ALL-UNNAMED -XX:MaxMetaspaceSize=256m -XX:+HeapDumpOnOutOfMemoryError -Xms256m -Xmx512m -Dfile.encoding=windows-1252 -Duser.country=AR -Duser.language=es -Duser.variant org.gradle.launcher.daemon.bootstrap.GradleDaemon 7.6.1

Host: Intel(R) Celeron(R) CPU 1007U @ 1.50GHz, 2 cores, 3G,  Windows 10 , 64 bit Build 19041 (10.0.19041.2546)
Time: Mon Apr  3 16:29:40 2023 Hora estndar de Argentina elapsed time: 44.295747 seconds (0d 0h 0m 44s)

---------------  T H R E A D  ---------------

Current thread (0x0000024657d29000):  JavaThread "C2 CompilerThread0" daemon [_thread_in_native, id=6656, stack(0x000000997c800000,0x000000997c900000)]


Current CompileTask:
C2:  44295 6439       4       java.lang.String::split (324 bytes)

Stack: [0x000000997c800000,0x000000997c900000]
Native frames: (J=compiled Java code, j=interpreted, Vv=VM code, C=native code)
V  [jvm.dll+0x617d9a]
V  [jvm.dll+0x74eeef]
V  [jvm.dll+0x750599]
V  [jvm.dll+0x750c23]
V  [jvm.dll+0x2438d8]
V  [jvm.dll+0xba6dc]
V  [jvm.dll+0xbac9c]
V  [jvm.dll+0x346972]
V  [jvm.dll+0x3147a3]
V  [jvm.dll+0x313aea]
V  [jvm.dll+0x1fd105]
V  [jvm.dll+0x1fc2ed]
V  [jvm.dll+0x17f18c]
V  [jvm.dll+0x20b87c]
V  [jvm.dll+0x20997b]
V  [jvm.dll+0x716359]
V  [jvm.dll+0x70f064]
V  [jvm.dll+0x616f66]
C  [ucrtbase.dll+0x21bb2]
C  [KERNEL32.DLL+0x17614]
C  [ntdll.dll+0x526a1]


---------------  P R O C E S S  ---------------

Threads class SMR info:
_java_thread_list=0x000002465ce6c9e0, length=59, elements={
0x000002463cd68000, 0x0000024657cfb800, 0x0000024657cfd000, 0x0000024657d22800,
0x0000024657d23800, 0x0000024657d24800, 0x0000024657d29000, 0x0000024657d48000,
0x0000024657d4a800, 0x0000024658766000, 0x0000024659cda000, 0x0000024659f04000,
0x00000246597cb800, 0x0000024659da2800, 0x0000024659c51000, 0x000002465a079000,
0x0000024659469000, 0x0000024659469800, 0x0000024659426800, 0x00000246587bb800,
0x0000024659b96800, 0x0000024659b98000, 0x0000024659b97000, 0x0000024659b92000,
0x0000024659b95800, 0x0000024659b94800, 0x0000024659b99000, 0x0000024659b93000,
0x0000024659b94000, 0x000002465b06a800, 0x000002465b06e000, 0x000002465b06c800,
0x000002465b06b800, 0x000002465b06a000, 0x000002465b068800, 0x000002465b071800,
0x000002465b073800, 0x000002465b074800, 0x000002465b073000, 0x000002465b06f000,
0x000002465b070800, 0x000002465b075800, 0x000002465b072000, 0x000002465b06f800,
0x000002465b076000, 0x000002465b077000, 0x0000024659daf000, 0x0000024659db1800,
0x0000024659daf800, 0x0000024659db0800, 0x0000024659db2000, 0x0000024659dac800,
0x0000024659db3000, 0x0000024659dad000, 0x0000024659db3800, 0x0000024659dae000,
0x0000024659dba000, 0x0000024659db8000, 0x0000024659db9800
}

Java Threads: ( => current thread )
  0x000002463cd68000 JavaThread "main" [_thread_blocked, id=11188, stack(0x000000997bc00000,0x000000997bd00000)]
  0x0000024657cfb800 JavaThread "Reference Handler" daemon [_thread_blocked, id=8948, stack(0x000000997c300000,0x000000997c400000)]
  0x0000024657cfd000 JavaThread "Finalizer" daemon [_thread_blocked, id=10572, stack(0x000000997c400000,0x000000997c500000)]
  0x0000024657d22800 JavaThread "Signal Dispatcher" daemon [_thread_blocked, id=9924, stack(0x000000997c500000,0x000000997c600000)]
  0x0000024657d23800 JavaThread "Attach Listener" daemon [_thread_blocked, id=10988, stack(0x000000997c600000,0x000000997c700000)]
  0x0000024657d24800 JavaThread "Service Thread" daemon [_thread_blocked, id=10936, stack(0x000000997c700000,0x000000997c800000)]
=>0x0000024657d29000 JavaThread "C2 CompilerThread0" daemon [_thread_in_native, id=6656, stack(0x000000997c800000,0x000000997c900000)]
  0x0000024657d48000 JavaThread "C1 CompilerThread0" daemon [_thread_in_native, id=6316, stack(0x000000997c900000,0x000000997ca00000)]
  0x0000024657d4a800 JavaThread "Sweeper thread" daemon [_thread_blocked, id=436, stack(0x000000997ca00000,0x000000997cb00000)]
  0x0000024658766000 JavaThread "Common-Cleaner" daemon [_thread_blocked, id=10348, stack(0x000000997cb00000,0x000000997cc00000)]
  0x0000024659cda000 JavaThread "Daemon health stats" [_thread_blocked, id=6868, stack(0x000000997ce00000,0x000000997cf00000)]
  0x0000024659f04000 JavaThread "Incoming local TCP Connector on port 55164" [_thread_in_native, id=9208, stack(0x000000997cf00000,0x000000997d000000)]
  0x00000246597cb800 JavaThread "Daemon periodic checks" [_thread_blocked, id=8124, stack(0x000000997d000000,0x000000997d100000)]
  0x0000024659da2800 JavaThread "Daemon" [_thread_blocked, id=10840, stack(0x000000997d100000,0x000000997d200000)]
  0x0000024659c51000 JavaThread "Handler for socket connection from /127.0.0.1:55164 to /127.0.0.1:55165" [_thread_in_native, id=4848, stack(0x000000997d200000,0x000000997d300000)]
  0x000002465a079000 JavaThread "Cancel handler" [_thread_blocked, id=9952, stack(0x000000997d300000,0x000000997d400000)]
  0x0000024659469000 JavaThread "Daemon worker" [_thread_blocked, id=4372, stack(0x000000997d400000,0x000000997d500000)]
  0x0000024659469800 JavaThread "Asynchronous log dispatcher for DefaultDaemonConnection: socket connection from /127.0.0.1:55164 to /127.0.0.1:55165" [_thread_blocked, id=3796, stack(0x000000997d500000,0x000000997d600000)]
  0x0000024659426800 JavaThread "Stdin handler" [_thread_blocked, id=5252, stack(0x000000997d600000,0x000000997d700000)]
  0x00000246587bb800 JavaThread "Daemon client event forwarder" [_thread_blocked, id=6996, stack(0x000000997d700000,0x000000997d800000)]
  0x0000024659b96800 JavaThread "Cache worker for journal cache (C:\Users\EXEQUIEL\.gradle\caches\journal-1)" [_thread_blocked, id=5532, stack(0x000000997d800000,0x000000997d900000)]
  0x0000024659b98000 JavaThread "File lock request listener" [_thread_in_native, id=9732, stack(0x000000997d900000,0x000000997da00000)]
  0x0000024659b97000 JavaThread "Cache worker for file hash cache (C:\Users\EXEQUIEL\.gradle\caches\7.6.1\fileHashes)" [_thread_blocked, id=4528, stack(0x000000997da00000,0x000000997db00000)]
  0x0000024659b92000 JavaThread "File watcher server" daemon [_thread_in_native, id=1104, stack(0x000000997db00000,0x000000997dc00000)]
  0x0000024659b95800 JavaThread "File watcher consumer" daemon [_thread_blocked, id=9956, stack(0x000000997dc00000,0x000000997dd00000)]
  0x0000024659b94800 JavaThread "Cache worker for checksums cache (C:\Users\EXEQUIEL\Desktop\Programaci贸n\MindHub\Cohorte 44\Modulo 3 JAVA\homebanking\homebanking\.gradle\7.6.1\checksums)" [_thread_blocked, id=8196, stack(0x000000997dd00000,0x000000997de00000)]
  0x0000024659b99000 JavaThread "Cache worker for cache directory md-rule (C:\Users\EXEQUIEL\.gradle\caches\7.6.1\md-rule)" [_thread_blocked, id=9688, stack(0x000000997de00000,0x000000997df00000)]
  0x0000024659b93000 JavaThread "Cache worker for file content cache (C:\Users\EXEQUIEL\.gradle\caches\7.6.1\fileContent)" [_thread_blocked, id=9524, stack(0x000000997df00000,0x000000997e000000)]
  0x0000024659b94000 JavaThread "Cache worker for file hash cache (C:\Users\EXEQUIEL\Desktop\Programaci贸n\MindHub\Cohorte 44\Modulo 3 JAVA\homebanking\homebanking\.gradle\7.6.1\fileHashes)" [_thread_blocked, id=2120, stack(0x000000997e000000,0x000000997e100000)]
  0x000002465b06a800 JavaThread "Cache worker for cache directory md-supplier (C:\Users\EXEQUIEL\.gradle\caches\7.6.1\md-supplier)" [_thread_blocked, id=5564, stack(0x000000997e100000,0x000000997e200000)]
  0x000002465b06e000 JavaThread "Cache worker for execution history cache (C:\Users\EXEQUIEL\.gradle\caches\7.6.1\executionHistory)" [_thread_blocked, id=10232, stack(0x000000997e200000,0x000000997e300000)]
  0x000002465b06c800 JavaThread "jar transforms" [_thread_blocked, id=10892, stack(0x000000997e300000,0x000000997e400000)]
  0x000002465b06b800 JavaThread "jar transforms Thread 2" [_thread_blocked, id=10204, stack(0x000000997e400000,0x000000997e500000)]
  0x000002465b06a000 JavaThread "Cache worker for dependencies-accessors (C:\Users\EXEQUIEL\Desktop\Programaci贸n\MindHub\Cohorte 44\Modulo 3 JAVA\homebanking\homebanking\.gradle\7.6.1\dependencies-accessors)" [_thread_blocked, id=8120, stack(0x000000997e500000,0x000000997e600000)]
  0x000002465b068800 JavaThread "Cache worker for Build Output Cleanup Cache (C:\Users\EXEQUIEL\Desktop\Programaci贸n\MindHub\Cohorte 44\Modulo 3 JAVA\homebanking\homebanking\.gradle\buildOutputCleanup)" [_thread_blocked, id=9340, stack(0x000000997b900000,0x000000997ba00000)]
  0x000002465b071800 JavaThread "Unconstrained build operations" [_thread_blocked, id=8684, stack(0x000000997e600000,0x000000997e700000)]
  0x000002465b073800 JavaThread "Unconstrained build operations Thread 2" [_thread_blocked, id=7092, stack(0x000000997e700000,0x000000997e800000)]
  0x000002465b074800 JavaThread "Unconstrained build operations Thread 3" [_thread_blocked, id=8812, stack(0x000000997e800000,0x000000997e900000)]
  0x000002465b073000 JavaThread "Unconstrained build operations Thread 4" [_thread_blocked, id=5368, stack(0x000000997e900000,0x000000997ea00000)]
  0x000002465b06f000 JavaThread "Unconstrained build operations Thread 5" [_thread_blocked, id=10588, stack(0x000000997ea00000,0x000000997eb00000)]
  0x000002465b070800 JavaThread "Unconstrained build operations Thread 6" [_thread_blocked, id=10032, stack(0x000000997eb00000,0x000000997ec00000)]
  0x000002465b075800 JavaThread "Unconstrained build operations Thread 7" [_thread_blocked, id=224, stack(0x000000997ec00000,0x000000997ed00000)]
  0x000002465b072000 JavaThread "Unconstrained build operations Thread 8" [_thread_blocked, id=8164, stack(0x000000997ed00000,0x000000997ee00000)]
  0x000002465b06f800 JavaThread "Unconstrained build operations Thread 9" [_thread_blocked, id=1956, stack(0x000000997ee00000,0x000000997ef00000)]
  0x000002465b076000 JavaThread "Unconstrained build operations Thread 10" [_thread_blocked, id=4880, stack(0x000000997ef00000,0x000000997f000000)]
  0x000002465b077000 JavaThread "Unconstrained build operations Thread 11" [_thread_blocked, id=9224, stack(0x000000997f000000,0x000000997f100000)]
  0x0000024659daf000 JavaThread "Unconstrained build operations Thread 12" [_thread_blocked, id=9296, stack(0x000000997f100000,0x000000997f200000)]
  0x0000024659db1800 JavaThread "Unconstrained build operations Thread 13" [_thread_blocked, id=3556, stack(0x000000997f200000,0x000000997f300000)]
  0x0000024659daf800 JavaThread "Unconstrained build operations Thread 14" [_thread_blocked, id=9304, stack(0x000000997f300000,0x000000997f400000)]
  0x0000024659db0800 JavaThread "Unconstrained build operations Thread 15" [_thread_blocked, id=468, stack(0x000000997f400000,0x000000997f500000)]
  0x0000024659db2000 JavaThread "Unconstrained build operations Thread 16" [_thread_blocked, id=8064, stack(0x000000997f500000,0x000000997f600000)]
  0x0000024659dac800 JavaThread "Unconstrained build operations Thread 17" [_thread_blocked, id=6576, stack(0x000000997f600000,0x000000997f700000)]
  0x0000024659db3000 JavaThread "Unconstrained build operations Thread 18" [_thread_blocked, id=2276, stack(0x000000997f700000,0x000000997f800000)]
  0x0000024659dad000 JavaThread "Memory manager" [_thread_blocked, id=8716, stack(0x000000997f800000,0x000000997f900000)]
  0x0000024659db3800 JavaThread "included builds" [_thread_in_Java, id=3152, stack(0x000000997f900000,0x000000997fa00000)]
  0x0000024659dae000 JavaThread "Execution worker" [_thread_blocked, id=7796, stack(0x000000997fa00000,0x000000997fb00000)]
  0x0000024659dba000 JavaThread "Cache worker for execution history cache (C:\Users\EXEQUIEL\Desktop\Programaci贸n\MindHub\Cohorte 44\Modulo 3 JAVA\homebanking\homebanking\.gradle\7.6.1\executionHistory)" [_thread_blocked, id=5676, stack(0x000000997fd00000,0x000000997fe00000)]
  0x0000024659db8000 JavaThread "Unconstrained build operations Thread 19" [_thread_blocked, id=8924, stack(0x000000997fe00000,0x000000997ff00000)]
  0x0000024659db9800 JavaThread "Unconstrained build operations Thread 20" [_thread_blocked, id=3272, stack(0x000000997ff00000,0x0000009980000000)]

Other Threads:
  0x0000024657cd8800 VMThread "VM Thread" [stack: 0x000000997c200000,0x000000997c300000] [id=7492]
  0x000002465882d000 WatcherThread [stack: 0x000000997cc00000,0x000000997cd00000] [id=7960]
  0x000002463cd7c800 GCTaskThread "GC Thread#0" [stack: 0x000000997bd00000,0x000000997be00000] [id=7424]
  0x0000024658bc2000 GCTaskThread "GC Thread#1" [stack: 0x000000997cd00000,0x000000997ce00000] [id=3504]
  0x000002463cd8f800 ConcurrentGCThread "G1 Main Marker" [stack: 0x000000997be00000,0x000000997bf00000] [id=9880]
  0x000002463cd91800 ConcurrentGCThread "G1 Conc#0" [stack: 0x000000997bf00000,0x000000997c000000] [id=6388]
  0x0000024657b76800 ConcurrentGCThread "G1 Refine#0" [stack: 0x000000997c000000,0x000000997c100000] [id=3008]
  0x0000024657b77000 ConcurrentGCThread "G1 Young RemSet Sampling" [stack: 0x000000997c100000,0x000000997c200000] [id=3580]

Threads with active compile tasks:
C2 CompilerThread0  44394 6439       4       java.lang.String::split (324 bytes)

VM state:not at safepoint (normal execution)

VM Mutex/Monitor currently owned by a thread: None

Heap address: 0x00000000e0000000, size: 512 MB, Compressed Oops mode: 32-bit
Narrow klass base: 0x0000000000000000, Narrow klass shift: 3
Compressed class space size: 260046848 Address: 0x0000000100000000

Heap:
 garbage-first heap   total 262144K, used 86676K [0x00000000e0000000, 0x0000000100000000)
  region size 1024K, 58 young (59392K), 11 survivors (11264K)
 Metaspace       used 59925K, capacity 61915K, committed 62068K, reserved 309248K
  class space    used 7872K, capacity 8629K, committed 8652K, reserved 253952K
Heap Regions: E=young(eden), S=young(survivor), O=old, HS=humongous(starts), HC=humongous(continues), CS=collection set, F=free, A=archive, TAMS=top-at-mark-start (previous, next)
|   0|0x00000000e0000000, 0x00000000e0100000, 0x00000000e0100000|100%| O|  |TAMS 0x00000000e0100000, 0x00000000e0000000| Untracked 
|   1|0x00000000e0100000, 0x00000000e0200000, 0x00000000e0200000|100%| O|  |TAMS 0x00000000e0200000, 0x00000000e0100000| Untracked 
|   2|0x00000000e0200000, 0x00000000e0300000, 0x00000000e0300000|100%|HS|  |TAMS 0x00000000e0300000, 0x00000000e0200000| Complete 
|   3|0x00000000e0300000, 0x00000000e0400000, 0x00000000e0400000|100%|HC|  |TAMS 0x00000000e0400000, 0x00000000e0300000| Complete 
|   4|0x00000000e0400000, 0x00000000e0500000, 0x00000000e0500000|100%|HC|  |TAMS 0x00000000e0500000, 0x00000000e0400000| Complete 
|   5|0x00000000e0500000, 0x00000000e0600000, 0x00000000e0600000|100%| O|  |TAMS 0x00000000e0600000, 0x00000000e0500000| Untracked 
|   6|0x00000000e0600000, 0x00000000e0700000, 0x00000000e0700000|100%| O|  |TAMS 0x00000000e0700000, 0x00000000e0600000| Untracked 
|   7|0x00000000e0700000, 0x00000000e0800000, 0x00000000e0800000|100%| O|  |TAMS 0x00000000e0800000, 0x00000000e0700000| Untracked 
|   8|0x00000000e0800000, 0x00000000e0900000, 0x00000000e0900000|100%| O|  |TAMS 0x00000000e0900000, 0x00000000e0800000| Untracked 
|   9|0x00000000e0900000, 0x00000000e0a00000, 0x00000000e0a00000|100%| O|  |TAMS 0x00000000e0a00000, 0x00000000e0900000| Untracked 
|  10|0x00000000e0a00000, 0x00000000e0b00000, 0x00000000e0b00000|100%| O|  |TAMS 0x00000000e0b00000, 0x00000000e0a00000| Untracked 
|  11|0x00000000e0b00000, 0x00000000e0c00000, 0x00000000e0c00000|100%| O|  |TAMS 0x00000000e0c00000, 0x00000000e0b00000| Untracked 
|  12|0x00000000e0c00000, 0x00000000e0d00000, 0x00000000e0d00000|100%| O|  |TAMS 0x00000000e0d00000, 0x00000000e0c00000| Untracked 
|  13|0x00000000e0d00000, 0x00000000e0e00000, 0x00000000e0e00000|100%| O|  |TAMS 0x00000000e0e00000, 0x00000000e0d00000| Untracked 
|  14|0x00000000e0e00000, 0x00000000e0f00000, 0x00000000e0f00000|100%| O|  |TAMS 0x00000000e0f00000, 0x00000000e0e00000| Untracked 
|  15|0x00000000e0f00000, 0x00000000e1000000, 0x00000000e1000000|100%| O|  |TAMS 0x00000000e1000000, 0x00000000e0f00000| Untracked 
|  16|0x00000000e1000000, 0x00000000e1100000, 0x00000000e1100000|100%| O|  |TAMS 0x00000000e1100000, 0x00000000e1000000| Untracked 
|  17|0x00000000e1100000, 0x00000000e1200000, 0x00000000e1200000|100%| O|  |TAMS 0x00000000e1200000, 0x00000000e1100000| Untracked 
|  18|0x00000000e1200000, 0x00000000e1300000, 0x00000000e1300000|100%| O|  |TAMS 0x00000000e1300000, 0x00000000e1200000| Untracked 
|  19|0x00000000e1300000, 0x00000000e1400000, 0x00000000e1400000|100%| O|  |TAMS 0x00000000e1400000, 0x00000000e1300000| Untracked 
|  20|0x00000000e1400000, 0x00000000e1500000, 0x00000000e1500000|100%| O|  |TAMS 0x00000000e1500000, 0x00000000e1400000| Untracked 
|  21|0x00000000e1500000, 0x00000000e1600000, 0x00000000e1600000|100%| O|  |TAMS 0x00000000e1600000, 0x00000000e1500000| Untracked 
|  22|0x00000000e1600000, 0x00000000e1700000, 0x00000000e1700000|100%| O|  |TAMS 0x00000000e1700000, 0x00000000e1600000| Untracked 
|  23|0x00000000e1700000, 0x00000000e1800000, 0x00000000e1800000|100%| O|  |TAMS 0x00000000e1800000, 0x00000000e1700000| Untracked 
|  24|0x00000000e1800000, 0x00000000e1900000, 0x00000000e1900000|100%| O|  |TAMS 0x00000000e1900000, 0x00000000e1800000| Untracked 
|  25|0x00000000e1900000, 0x00000000e1a00000, 0x00000000e1a00000|100%| O|  |TAMS 0x00000000e1a00000, 0x00000000e1900000| Untracked 
|  26|0x00000000e1a00000, 0x00000000e1b00000, 0x00000000e1b00000|100%| O|  |TAMS 0x00000000e1b00000, 0x00000000e1a00000| Untracked 
|  27|0x00000000e1b00000, 0x00000000e1c00000, 0x00000000e1c00000|100%| O|  |TAMS 0x00000000e1c00000, 0x00000000e1b00000| Untracked 
|  28|0x00000000e1c00000, 0x00000000e1ca5000, 0x00000000e1d00000| 64%| O|  |TAMS 0x00000000e1ca5000, 0x00000000e1c00000| Untracked 
|  29|0x00000000e1d00000, 0x00000000e1d00000, 0x00000000e1e00000|  0%| F|  |TAMS 0x00000000e1d00000, 0x00000000e1d00000| Untracked 
|  30|0x00000000e1e00000, 0x00000000e1e00000, 0x00000000e1f00000|  0%| F|  |TAMS 0x00000000e1e00000, 0x00000000e1e00000| Untracked 
|  31|0x00000000e1f00000, 0x00000000e1f00000, 0x00000000e2000000|  0%| F|  |TAMS 0x00000000e1f00000, 0x00000000e1f00000| Untracked 
|  32|0x00000000e2000000, 0x00000000e2000000, 0x00000000e2100000|  0%| F|  |TAMS 0x00000000e2000000, 0x00000000e2000000| Untracked 
|  33|0x00000000e2100000, 0x00000000e2100000, 0x00000000e2200000|  0%| F|  |TAMS 0x00000000e2100000, 0x00000000e2100000| Untracked 
|  34|0x00000000e2200000, 0x00000000e2200000, 0x00000000e2300000|  0%| F|  |TAMS 0x00000000e2200000, 0x00000000e2200000| Untracked 
|  35|0x00000000e2300000, 0x00000000e2300000, 0x00000000e2400000|  0%| F|  |TAMS 0x00000000e2300000, 0x00000000e2300000| Untracked 
|  36|0x00000000e2400000, 0x00000000e2400000, 0x00000000e2500000|  0%| F|  |TAMS 0x00000000e2400000, 0x00000000e2400000| Untracked 
|  37|0x00000000e2500000, 0x00000000e2500000, 0x00000000e2600000|  0%| F|  |TAMS 0x00000000e2500000, 0x00000000e2500000| Untracked 
|  38|0x00000000e2600000, 0x00000000e2600000, 0x00000000e2700000|  0%| F|  |TAMS 0x00000000e2600000, 0x00000000e2600000| Untracked 
|  39|0x00000000e2700000, 0x00000000e2700000, 0x00000000e2800000|  0%| F|  |TAMS 0x00000000e2700000, 0x00000000e2700000| Untracked 
|  40|0x00000000e2800000, 0x00000000e2800000, 0x00000000e2900000|  0%| F|  |TAMS 0x00000000e2800000, 0x00000000e2800000| Untracked 
|  41|0x00000000e2900000, 0x00000000e2900000, 0x00000000e2a00000|  0%| F|  |TAMS 0x00000000e2900000, 0x00000000e2900000| Untracked 
|  42|0x00000000e2a00000, 0x00000000e2a00000, 0x00000000e2b00000|  0%| F|  |TAMS 0x00000000e2a00000, 0x00000000e2a00000| Untracked 
|  43|0x00000000e2b00000, 0x00000000e2b00000, 0x00000000e2c00000|  0%| F|  |TAMS 0x00000000e2b00000, 0x00000000e2b00000| Untracked 
|  44|0x00000000e2c00000, 0x00000000e2c00000, 0x00000000e2d00000|  0%| F|  |TAMS 0x00000000e2c00000, 0x00000000e2c00000| Untracked 
|  45|0x00000000e2d00000, 0x00000000e2d00000, 0x00000000e2e00000|  0%| F|  |TAMS 0x00000000e2d00000, 0x00000000e2d00000| Untracked 
|  46|0x00000000e2e00000, 0x00000000e2e00000, 0x00000000e2f00000|  0%| F|  |TAMS 0x00000000e2e00000, 0x00000000e2e00000| Untracked 
|  47|0x00000000e2f00000, 0x00000000e2f00000, 0x00000000e3000000|  0%| F|  |TAMS 0x00000000e2f00000, 0x00000000e2f00000| Untracked 
|  48|0x00000000e3000000, 0x00000000e3000000, 0x00000000e3100000|  0%| F|  |TAMS 0x00000000e3000000, 0x00000000e3000000| Untracked 
|  49|0x00000000e3100000, 0x00000000e3100000, 0x00000000e3200000|  0%| F|  |TAMS 0x00000000e3100000, 0x00000000e3100000| Untracked 
|  50|0x00000000e3200000, 0x00000000e3200000, 0x00000000e3300000|  0%| F|  |TAMS 0x00000000e3200000, 0x00000000e3200000| Untracked 
|  51|0x00000000e3300000, 0x00000000e3300000, 0x00000000e3400000|  0%| F|  |TAMS 0x00000000e3300000, 0x00000000e3300000| Untracked 
|  52|0x00000000e3400000, 0x00000000e3400000, 0x00000000e3500000|  0%| F|  |TAMS 0x00000000e3400000, 0x00000000e3400000| Untracked 
|  53|0x00000000e3500000, 0x00000000e3500000, 0x00000000e3600000|  0%| F|  |TAMS 0x00000000e3500000, 0x00000000e3500000| Untracked 
|  54|0x00000000e3600000, 0x00000000e3600000, 0x00000000e3700000|  0%| F|  |TAMS 0x00000000e3600000, 0x00000000e3600000| Untracked 
|  55|0x00000000e3700000, 0x00000000e3700000, 0x00000000e3800000|  0%| F|  |TAMS 0x00000000e3700000, 0x00000000e3700000| Untracked 
|  56|0x00000000e3800000, 0x00000000e3800000, 0x00000000e3900000|  0%| F|  |TAMS 0x00000000e3800000, 0x00000000e3800000| Untracked 
|  57|0x00000000e3900000, 0x00000000e3900000, 0x00000000e3a00000|  0%| F|  |TAMS 0x00000000e3900000, 0x00000000e3900000| Untracked 
|  58|0x00000000e3a00000, 0x00000000e3a00000, 0x00000000e3b00000|  0%| F|  |TAMS 0x00000000e3a00000, 0x00000000e3a00000| Untracked 
|  59|0x00000000e3b00000, 0x00000000e3b00000, 0x00000000e3c00000|  0%| F|  |TAMS 0x00000000e3b00000, 0x00000000e3b00000| Untracked 
|  60|0x00000000e3c00000, 0x00000000e3c00000, 0x00000000e3d00000|  0%| F|  |TAMS 0x00000000e3c00000, 0x00000000e3c00000| Untracked 
|  61|0x00000000e3d00000, 0x00000000e3d00000, 0x00000000e3e00000|  0%| F|  |TAMS 0x00000000e3d00000, 0x00000000e3d00000| Untracked 
|  62|0x00000000e3e00000, 0x00000000e3e00000, 0x00000000e3f00000|  0%| F|  |TAMS 0x00000000e3e00000, 0x00000000e3e00000| Untracked 
|  63|0x00000000e3f00000, 0x00000000e3f00000, 0x00000000e4000000|  0%| F|  |TAMS 0x00000000e3f00000, 0x00000000e3f00000| Untracked 
|  64|0x00000000e4000000, 0x00000000e4000000, 0x00000000e4100000|  0%| F|  |TAMS 0x00000000e4000000, 0x00000000e4000000| Untracked 
|  65|0x00000000e4100000, 0x00000000e4100000, 0x00000000e4200000|  0%| F|  |TAMS 0x00000000e4100000, 0x00000000e4100000| Untracked 
|  66|0x00000000e4200000, 0x00000000e4200000, 0x00000000e4300000|  0%| F|  |TAMS 0x00000000e4200000, 0x00000000e4200000| Untracked 
|  67|0x00000000e4300000, 0x00000000e4300000, 0x00000000e4400000|  0%| F|  |TAMS 0x00000000e4300000, 0x00000000e4300000| Untracked 
|  68|0x00000000e4400000, 0x00000000e4400000, 0x00000000e4500000|  0%| F|  |TAMS 0x00000000e4400000, 0x00000000e4400000| Untracked 
|  69|0x00000000e4500000, 0x00000000e4500000, 0x00000000e4600000|  0%| F|  |TAMS 0x00000000e4500000, 0x00000000e4500000| Untracked 
|  70|0x00000000e4600000, 0x00000000e4600000, 0x00000000e4700000|  0%| F|  |TAMS 0x00000000e4600000, 0x00000000e4600000| Untracked 
|  71|0x00000000e4700000, 0x00000000e4700000, 0x00000000e4800000|  0%| F|  |TAMS 0x00000000e4700000, 0x00000000e4700000| Untracked 
|  72|0x00000000e4800000, 0x00000000e4800000, 0x00000000e4900000|  0%| F|  |TAMS 0x00000000e4800000, 0x00000000e4800000| Untracked 
|  73|0x00000000e4900000, 0x00000000e4900000, 0x00000000e4a00000|  0%| F|  |TAMS 0x00000000e4900000, 0x00000000e4900000| Untracked 
|  74|0x00000000e4a00000, 0x00000000e4a00000, 0x00000000e4b00000|  0%| F|  |TAMS 0x00000000e4a00000, 0x00000000e4a00000| Untracked 
|  75|0x00000000e4b00000, 0x00000000e4b00000, 0x00000000e4c00000|  0%| F|  |TAMS 0x00000000e4b00000, 0x00000000e4b00000| Untracked 
|  76|0x00000000e4c00000, 0x00000000e4c00000, 0x00000000e4d00000|  0%| F|  |TAMS 0x00000000e4c00000, 0x00000000e4c00000| Untracked 
|  77|0x00000000e4d00000, 0x00000000e4d00000, 0x00000000e4e00000|  0%| F|  |TAMS 0x00000000e4d00000, 0x00000000e4d00000| Untracked 
|  78|0x00000000e4e00000, 0x00000000e4e00000, 0x00000000e4f00000|  0%| F|  |TAMS 0x00000000e4e00000, 0x00000000e4e00000| Untracked 
|  79|0x00000000e4f00000, 0x00000000e4f00000, 0x00000000e5000000|  0%| F|  |TAMS 0x00000000e4f00000, 0x00000000e4f00000| Untracked 
|  80|0x00000000e5000000, 0x00000000e5000000, 0x00000000e5100000|  0%| F|  |TAMS 0x00000000e5000000, 0x00000000e5000000| Untracked 
|  81|0x00000000e5100000, 0x00000000e5100000, 0x00000000e5200000|  0%| F|  |TAMS 0x00000000e5100000, 0x00000000e5100000| Untracked 
|  82|0x00000000e5200000, 0x00000000e5200000, 0x00000000e5300000|  0%| F|  |TAMS 0x00000000e5200000, 0x00000000e5200000| Untracked 
|  83|0x00000000e5300000, 0x00000000e5300000, 0x00000000e5400000|  0%| F|  |TAMS 0x00000000e5300000, 0x00000000e5300000| Untracked 
|  84|0x00000000e5400000, 0x00000000e5400000, 0x00000000e5500000|  0%| F|  |TAMS 0x00000000e5400000, 0x00000000e5400000| Untracked 
|  85|0x00000000e5500000, 0x00000000e5500000, 0x00000000e5600000|  0%| F|  |TAMS 0x00000000e5500000, 0x00000000e5500000| Untracked 
|  86|0x00000000e5600000, 0x00000000e5600000, 0x00000000e5700000|  0%| F|  |TAMS 0x00000000e5600000, 0x00000000e5600000| Untracked 
|  87|0x00000000e5700000, 0x00000000e5700000, 0x00000000e5800000|  0%| F|  |TAMS 0x00000000e5700000, 0x00000000e5700000| Untracked 
|  88|0x00000000e5800000, 0x00000000e5800000, 0x00000000e5900000|  0%| F|  |TAMS 0x00000000e5800000, 0x00000000e5800000| Untracked 
|  89|0x00000000e5900000, 0x00000000e5900000, 0x00000000e5a00000|  0%| F|  |TAMS 0x00000000e5900000, 0x00000000e5900000| Untracked 
|  90|0x00000000e5a00000, 0x00000000e5a00000, 0x00000000e5b00000|  0%| F|  |TAMS 0x00000000e5a00000, 0x00000000e5a00000| Untracked 
|  91|0x00000000e5b00000, 0x00000000e5b00000, 0x00000000e5c00000|  0%| F|  |TAMS 0x00000000e5b00000, 0x00000000e5b00000| Untracked 
|  92|0x00000000e5c00000, 0x00000000e5c00000, 0x00000000e5d00000|  0%| F|  |TAMS 0x00000000e5c00000, 0x00000000e5c00000| Untracked 
|  93|0x00000000e5d00000, 0x00000000e5d00000, 0x00000000e5e00000|  0%| F|  |TAMS 0x00000000e5d00000, 0x00000000e5d00000| Untracked 
|  94|0x00000000e5e00000, 0x00000000e5e00000, 0x00000000e5f00000|  0%| F|  |TAMS 0x00000000e5e00000, 0x00000000e5e00000| Untracked 
|  95|0x00000000e5f00000, 0x00000000e5f00000, 0x00000000e6000000|  0%| F|  |TAMS 0x00000000e5f00000, 0x00000000e5f00000| Untracked 
|  96|0x00000000e6000000, 0x00000000e6000000, 0x00000000e6100000|  0%| F|  |TAMS 0x00000000e6000000, 0x00000000e6000000| Untracked 
|  97|0x00000000e6100000, 0x00000000e6100000, 0x00000000e6200000|  0%| F|  |TAMS 0x00000000e6100000, 0x00000000e6100000| Untracked 
|  98|0x00000000e6200000, 0x00000000e6200000, 0x00000000e6300000|  0%| F|  |TAMS 0x00000000e6200000, 0x00000000e6200000| Untracked 
|  99|0x00000000e6300000, 0x00000000e6300000, 0x00000000e6400000|  0%| F|  |TAMS 0x00000000e6300000, 0x00000000e6300000| Untracked 
| 100|0x00000000e6400000, 0x00000000e6400000, 0x00000000e6500000|  0%| F|  |TAMS 0x00000000e6400000, 0x00000000e6400000| Untracked 
| 101|0x00000000e6500000, 0x00000000e6500000, 0x00000000e6600000|  0%| F|  |TAMS 0x00000000e6500000, 0x00000000e6500000| Untracked 
| 102|0x00000000e6600000, 0x00000000e6600000, 0x00000000e6700000|  0%| F|  |TAMS 0x00000000e6600000, 0x00000000e6600000| Untracked 
| 103|0x00000000e6700000, 0x00000000e6700000, 0x00000000e6800000|  0%| F|  |TAMS 0x00000000e6700000, 0x00000000e6700000| Untracked 
| 104|0x00000000e6800000, 0x00000000e6800000, 0x00000000e6900000|  0%| F|  |TAMS 0x00000000e6800000, 0x00000000e6800000| Untracked 
| 105|0x00000000e6900000, 0x00000000e6900000, 0x00000000e6a00000|  0%| F|  |TAMS 0x00000000e6900000, 0x00000000e6900000| Untracked 
| 106|0x00000000e6a00000, 0x00000000e6a00000, 0x00000000e6b00000|  0%| F|  |TAMS 0x00000000e6a00000, 0x00000000e6a00000| Untracked 
| 107|0x00000000e6b00000, 0x00000000e6b00000, 0x00000000e6c00000|  0%| F|  |TAMS 0x00000000e6b00000, 0x00000000e6b00000| Untracked 
| 108|0x00000000e6c00000, 0x00000000e6c00000, 0x00000000e6d00000|  0%| F|  |TAMS 0x00000000e6c00000, 0x00000000e6c00000| Untracked 
| 109|0x00000000e6d00000, 0x00000000e6d00000, 0x00000000e6e00000|  0%| F|  |TAMS 0x00000000e6d00000, 0x00000000e6d00000| Untracked 
| 110|0x00000000e6e00000, 0x00000000e6e00000, 0x00000000e6f00000|  0%| F|  |TAMS 0x00000000e6e00000, 0x00000000e6e00000| Untracked 
| 111|0x00000000e6f00000, 0x00000000e6f00000, 0x00000000e7000000|  0%| F|  |TAMS 0x00000000e6f00000, 0x00000000e6f00000| Untracked 
| 112|0x00000000e7000000, 0x00000000e7000000, 0x00000000e7100000|  0%| F|  |TAMS 0x00000000e7000000, 0x00000000e7000000| Untracked 
| 113|0x00000000e7100000, 0x00000000e7100000, 0x00000000e7200000|  0%| F|  |TAMS 0x00000000e7100000, 0x00000000e7100000| Untracked 
| 114|0x00000000e7200000, 0x00000000e7200000, 0x00000000e7300000|  0%| F|  |TAMS 0x00000000e7200000, 0x00000000e7200000| Untracked 
| 115|0x00000000e7300000, 0x00000000e7300000, 0x00000000e7400000|  0%| F|  |TAMS 0x00000000e7300000, 0x00000000e7300000| Untracked 
| 116|0x00000000e7400000, 0x00000000e7400000, 0x00000000e7500000|  0%| F|  |TAMS 0x00000000e7400000, 0x00000000e7400000| Untracked 
| 117|0x00000000e7500000, 0x00000000e7500000, 0x00000000e7600000|  0%| F|  |TAMS 0x00000000e7500000, 0x00000000e7500000| Untracked 
| 118|0x00000000e7600000, 0x00000000e7600000, 0x00000000e7700000|  0%| F|  |TAMS 0x00000000e7600000, 0x00000000e7600000| Untracked 
| 119|0x00000000e7700000, 0x00000000e7700000, 0x00000000e7800000|  0%| F|  |TAMS 0x00000000e7700000, 0x00000000e7700000| Untracked 
| 120|0x00000000e7800000, 0x00000000e7800000, 0x00000000e7900000|  0%| F|  |TAMS 0x00000000e7800000, 0x00000000e7800000| Untracked 
| 121|0x00000000e7900000, 0x00000000e7900000, 0x00000000e7a00000|  0%| F|  |TAMS 0x00000000e7900000, 0x00000000e7900000| Untracked 
| 122|0x00000000e7a00000, 0x00000000e7a00000, 0x00000000e7b00000|  0%| F|  |TAMS 0x00000000e7a00000, 0x00000000e7a00000| Untracked 
| 123|0x00000000e7b00000, 0x00000000e7b00000, 0x00000000e7c00000|  0%| F|  |TAMS 0x00000000e7b00000, 0x00000000e7b00000| Untracked 
| 124|0x00000000e7c00000, 0x00000000e7c00000, 0x00000000e7d00000|  0%| F|  |TAMS 0x00000000e7c00000, 0x00000000e7c00000| Untracked 
| 125|0x00000000e7d00000, 0x00000000e7d00000, 0x00000000e7e00000|  0%| F|  |TAMS 0x00000000e7d00000, 0x00000000e7d00000| Untracked 
| 126|0x00000000e7e00000, 0x00000000e7e00000, 0x00000000e7f00000|  0%| F|  |TAMS 0x00000000e7e00000, 0x00000000e7e00000| Untracked 
| 127|0x00000000e7f00000, 0x00000000e7f00000, 0x00000000e8000000|  0%| F|  |TAMS 0x00000000e7f00000, 0x00000000e7f00000| Untracked 
| 128|0x00000000e8000000, 0x00000000e8000000, 0x00000000e8100000|  0%| F|  |TAMS 0x00000000e8000000, 0x00000000e8000000| Untracked 
| 129|0x00000000e8100000, 0x00000000e8100000, 0x00000000e8200000|  0%| F|  |TAMS 0x00000000e8100000, 0x00000000e8100000| Untracked 
| 130|0x00000000e8200000, 0x00000000e8200000, 0x00000000e8300000|  0%| F|  |TAMS 0x00000000e8200000, 0x00000000e8200000| Untracked 
| 131|0x00000000e8300000, 0x00000000e8300000, 0x00000000e8400000|  0%| F|  |TAMS 0x00000000e8300000, 0x00000000e8300000| Untracked 
| 132|0x00000000e8400000, 0x00000000e8400000, 0x00000000e8500000|  0%| F|  |TAMS 0x00000000e8400000, 0x00000000e8400000| Untracked 
| 133|0x00000000e8500000, 0x00000000e8500000, 0x00000000e8600000|  0%| F|  |TAMS 0x00000000e8500000, 0x00000000e8500000| Untracked 
| 134|0x00000000e8600000, 0x00000000e8600000, 0x00000000e8700000|  0%| F|  |TAMS 0x00000000e8600000, 0x00000000e8600000| Untracked 
| 135|0x00000000e8700000, 0x00000000e8700000, 0x00000000e8800000|  0%| F|  |TAMS 0x00000000e8700000, 0x00000000e8700000| Untracked 
| 136|0x00000000e8800000, 0x00000000e8800000, 0x00000000e8900000|  0%| F|  |TAMS 0x00000000e8800000, 0x00000000e8800000| Untracked 
| 137|0x00000000e8900000, 0x00000000e8900000, 0x00000000e8a00000|  0%| F|  |TAMS 0x00000000e8900000, 0x00000000e8900000| Untracked 
| 138|0x00000000e8a00000, 0x00000000e8a00000, 0x00000000e8b00000|  0%| F|  |TAMS 0x00000000e8a00000, 0x00000000e8a00000| Untracked 
| 139|0x00000000e8b00000, 0x00000000e8b00000, 0x00000000e8c00000|  0%| F|  |TAMS 0x00000000e8b00000, 0x00000000e8b00000| Untracked 
| 140|0x00000000e8c00000, 0x00000000e8c00000, 0x00000000e8d00000|  0%| F|  |TAMS 0x00000000e8c00000, 0x00000000e8c00000| Untracked 
| 141|0x00000000e8d00000, 0x00000000e8d00000, 0x00000000e8e00000|  0%| F|  |TAMS 0x00000000e8d00000, 0x00000000e8d00000| Untracked 
| 142|0x00000000e8e00000, 0x00000000e8e00000, 0x00000000e8f00000|  0%| F|  |TAMS 0x00000000e8e00000, 0x00000000e8e00000| Untracked 
| 143|0x00000000e8f00000, 0x00000000e8f00000, 0x00000000e9000000|  0%| F|  |TAMS 0x00000000e8f00000, 0x00000000e8f00000| Untracked 
| 144|0x00000000e9000000, 0x00000000e9000000, 0x00000000e9100000|  0%| F|  |TAMS 0x00000000e9000000, 0x00000000e9000000| Untracked 
| 145|0x00000000e9100000, 0x00000000e9100000, 0x00000000e9200000|  0%| F|  |TAMS 0x00000000e9100000, 0x00000000e9100000| Untracked 
| 146|0x00000000e9200000, 0x00000000e9200000, 0x00000000e9300000|  0%| F|  |TAMS 0x00000000e9200000, 0x00000000e9200000| Untracked 
| 147|0x00000000e9300000, 0x00000000e9300000, 0x00000000e9400000|  0%| F|  |TAMS 0x00000000e9300000, 0x00000000e9300000| Untracked 
| 148|0x00000000e9400000, 0x00000000e9400000, 0x00000000e9500000|  0%| F|  |TAMS 0x00000000e9400000, 0x00000000e9400000| Untracked 
| 149|0x00000000e9500000, 0x00000000e9500000, 0x00000000e9600000|  0%| F|  |TAMS 0x00000000e9500000, 0x00000000e9500000| Untracked 
| 150|0x00000000e9600000, 0x00000000e9600000, 0x00000000e9700000|  0%| F|  |TAMS 0x00000000e9600000, 0x00000000e9600000| Untracked 
| 151|0x00000000e9700000, 0x00000000e9700000, 0x00000000e9800000|  0%| F|  |TAMS 0x00000000e9700000, 0x00000000e9700000| Untracked 
| 152|0x00000000e9800000, 0x00000000e9800000, 0x00000000e9900000|  0%| F|  |TAMS 0x00000000e9800000, 0x00000000e9800000| Untracked 
| 153|0x00000000e9900000, 0x00000000e9900000, 0x00000000e9a00000|  0%| F|  |TAMS 0x00000000e9900000, 0x00000000e9900000| Untracked 
| 154|0x00000000e9a00000, 0x00000000e9a00000, 0x00000000e9b00000|  0%| F|  |TAMS 0x00000000e9a00000, 0x00000000e9a00000| Untracked 
| 155|0x00000000e9b00000, 0x00000000e9b00000, 0x00000000e9c00000|  0%| F|  |TAMS 0x00000000e9b00000, 0x00000000e9b00000| Untracked 
| 156|0x00000000e9c00000, 0x00000000e9c00000, 0x00000000e9d00000|  0%| F|  |TAMS 0x00000000e9c00000, 0x00000000e9c00000| Untracked 
| 157|0x00000000e9d00000, 0x00000000e9d00000, 0x00000000e9e00000|  0%| F|  |TAMS 0x00000000e9d00000, 0x00000000e9d00000| Untracked 
| 158|0x00000000e9e00000, 0x00000000e9e00000, 0x00000000e9f00000|  0%| F|  |TAMS 0x00000000e9e00000, 0x00000000e9e00000| Untracked 
| 159|0x00000000e9f00000, 0x00000000e9f00000, 0x00000000ea000000|  0%| F|  |TAMS 0x00000000e9f00000, 0x00000000e9f00000| Untracked 
| 160|0x00000000ea000000, 0x00000000ea000000, 0x00000000ea100000|  0%| F|  |TAMS 0x00000000ea000000, 0x00000000ea000000| Untracked 
| 161|0x00000000ea100000, 0x00000000ea100000, 0x00000000ea200000|  0%| F|  |TAMS 0x00000000ea100000, 0x00000000ea100000| Untracked 
| 162|0x00000000ea200000, 0x00000000ea200000, 0x00000000ea300000|  0%| F|  |TAMS 0x00000000ea200000, 0x00000000ea200000| Untracked 
| 163|0x00000000ea300000, 0x00000000ea300000, 0x00000000ea400000|  0%| F|  |TAMS 0x00000000ea300000, 0x00000000ea300000| Untracked 
| 164|0x00000000ea400000, 0x00000000ea400000, 0x00000000ea500000|  0%| F|  |TAMS 0x00000000ea400000, 0x00000000ea400000| Untracked 
| 165|0x00000000ea500000, 0x00000000ea500000, 0x00000000ea600000|  0%| F|  |TAMS 0x00000000ea500000, 0x00000000ea500000| Untracked 
| 166|0x00000000ea600000, 0x00000000ea700000, 0x00000000ea700000|100%| S|CS|TAMS 0x00000000ea600000, 0x00000000ea600000| Complete 
| 167|0x00000000ea700000, 0x00000000ea800000, 0x00000000ea800000|100%| S|CS|TAMS 0x00000000ea700000, 0x00000000ea700000| Complete 
| 168|0x00000000ea800000, 0x00000000ea900000, 0x00000000ea900000|100%| S|CS|TAMS 0x00000000ea800000, 0x00000000ea800000| Complete 
| 169|0x00000000ea900000, 0x00000000eaa00000, 0x00000000eaa00000|100%| S|CS|TAMS 0x00000000ea900000, 0x00000000ea900000| Complete 
| 170|0x00000000eaa00000, 0x00000000eab00000, 0x00000000eab00000|100%| S|CS|TAMS 0x00000000eaa00000, 0x00000000eaa00000| Complete 
| 171|0x00000000eab00000, 0x00000000eac00000, 0x00000000eac00000|100%| S|CS|TAMS 0x00000000eab00000, 0x00000000eab00000| Complete 
| 172|0x00000000eac00000, 0x00000000ead00000, 0x00000000ead00000|100%| S|CS|TAMS 0x00000000eac00000, 0x00000000eac00000| Complete 
| 173|0x00000000ead00000, 0x00000000eae00000, 0x00000000eae00000|100%| S|CS|TAMS 0x00000000ead00000, 0x00000000ead00000| Complete 
| 174|0x00000000eae00000, 0x00000000eaf00000, 0x00000000eaf00000|100%| S|CS|TAMS 0x00000000eae00000, 0x00000000eae00000| Complete 
| 175|0x00000000eaf00000, 0x00000000eb000000, 0x00000000eb000000|100%| S|CS|TAMS 0x00000000eaf00000, 0x00000000eaf00000| Complete 
| 176|0x00000000eb000000, 0x00000000eb100000, 0x00000000eb100000|100%| S|CS|TAMS 0x00000000eb000000, 0x00000000eb000000| Complete 
| 177|0x00000000eb100000, 0x00000000eb100000, 0x00000000eb200000|  0%| F|  |TAMS 0x00000000eb100000, 0x00000000eb100000| Untracked 
| 178|0x00000000eb200000, 0x00000000eb200000, 0x00000000eb300000|  0%| F|  |TAMS 0x00000000eb200000, 0x00000000eb200000| Untracked 
| 179|0x00000000eb300000, 0x00000000eb300000, 0x00000000eb400000|  0%| F|  |TAMS 0x00000000eb300000, 0x00000000eb300000| Untracked 
| 180|0x00000000eb400000, 0x00000000eb400000, 0x00000000eb500000|  0%| F|  |TAMS 0x00000000eb400000, 0x00000000eb400000| Untracked 
| 181|0x00000000eb500000, 0x00000000eb500000, 0x00000000eb600000|  0%| F|  |TAMS 0x00000000eb500000, 0x00000000eb500000| Untracked 
| 182|0x00000000eb600000, 0x00000000eb600000, 0x00000000eb700000|  0%| F|  |TAMS 0x00000000eb600000, 0x00000000eb600000| Untracked 
| 183|0x00000000eb700000, 0x00000000eb700000, 0x00000000eb800000|  0%| F|  |TAMS 0x00000000eb700000, 0x00000000eb700000| Untracked 
| 184|0x00000000eb800000, 0x00000000eb800000, 0x00000000eb900000|  0%| F|  |TAMS 0x00000000eb800000, 0x00000000eb800000| Untracked 
| 185|0x00000000eb900000, 0x00000000eb900000, 0x00000000eba00000|  0%| F|  |TAMS 0x00000000eb900000, 0x00000000eb900000| Untracked 
| 186|0x00000000eba00000, 0x00000000eba00000, 0x00000000ebb00000|  0%| F|  |TAMS 0x00000000eba00000, 0x00000000eba00000| Untracked 
| 187|0x00000000ebb00000, 0x00000000ebb00000, 0x00000000ebc00000|  0%| F|  |TAMS 0x00000000ebb00000, 0x00000000ebb00000| Untracked 
| 188|0x00000000ebc00000, 0x00000000ebc00000, 0x00000000ebd00000|  0%| F|  |TAMS 0x00000000ebc00000, 0x00000000ebc00000| Untracked 
| 189|0x00000000ebd00000, 0x00000000ebd00000, 0x00000000ebe00000|  0%| F|  |TAMS 0x00000000ebd00000, 0x00000000ebd00000| Untracked 
| 190|0x00000000ebe00000, 0x00000000ebe00000, 0x00000000ebf00000|  0%| F|  |TAMS 0x00000000ebe00000, 0x00000000ebe00000| Untracked 
| 191|0x00000000ebf00000, 0x00000000ebf00000, 0x00000000ec000000|  0%| F|  |TAMS 0x00000000ebf00000, 0x00000000ebf00000| Untracked 
| 192|0x00000000ec000000, 0x00000000ec000000, 0x00000000ec100000|  0%| F|  |TAMS 0x00000000ec000000, 0x00000000ec000000| Untracked 
| 193|0x00000000ec100000, 0x00000000ec100000, 0x00000000ec200000|  0%| F|  |TAMS 0x00000000ec100000, 0x00000000ec100000| Untracked 
| 194|0x00000000ec200000, 0x00000000ec200000, 0x00000000ec300000|  0%| F|  |TAMS 0x00000000ec200000, 0x00000000ec200000| Untracked 
| 195|0x00000000ec300000, 0x00000000ec300000, 0x00000000ec400000|  0%| F|  |TAMS 0x00000000ec300000, 0x00000000ec300000| Untracked 
| 196|0x00000000ec400000, 0x00000000ec400000, 0x00000000ec500000|  0%| F|  |TAMS 0x00000000ec400000, 0x00000000ec400000| Untracked 
| 197|0x00000000ec500000, 0x00000000ec500000, 0x00000000ec600000|  0%| F|  |TAMS 0x00000000ec500000, 0x00000000ec500000| Untracked 
| 198|0x00000000ec600000, 0x00000000ec600000, 0x00000000ec700000|  0%| F|  |TAMS 0x00000000ec600000, 0x00000000ec600000| Untracked 
| 199|0x00000000ec700000, 0x00000000ec700000, 0x00000000ec800000|  0%| F|  |TAMS 0x00000000ec700000, 0x00000000ec700000| Untracked 
| 200|0x00000000ec800000, 0x00000000ec800000, 0x00000000ec900000|  0%| F|  |TAMS 0x00000000ec800000, 0x00000000ec800000| Untracked 
| 201|0x00000000ec900000, 0x00000000ec900000, 0x00000000eca00000|  0%| F|  |TAMS 0x00000000ec900000, 0x00000000ec900000| Untracked 
| 202|0x00000000eca00000, 0x00000000eca00000, 0x00000000ecb00000|  0%| F|  |TAMS 0x00000000eca00000, 0x00000000eca00000| Untracked 
| 203|0x00000000ecb00000, 0x00000000ecb00000, 0x00000000ecc00000|  0%| F|  |TAMS 0x00000000ecb00000, 0x00000000ecb00000| Untracked 
| 204|0x00000000ecc00000, 0x00000000ecc00000, 0x00000000ecd00000|  0%| F|  |TAMS 0x00000000ecc00000, 0x00000000ecc00000| Untracked 
| 205|0x00000000ecd00000, 0x00000000ecd00000, 0x00000000ece00000|  0%| F|  |TAMS 0x00000000ecd00000, 0x00000000ecd00000| Untracked 
| 206|0x00000000ece00000, 0x00000000ece00000, 0x00000000ecf00000|  0%| F|  |TAMS 0x00000000ece00000, 0x00000000ece00000| Untracked 
| 207|0x00000000ecf00000, 0x00000000ecf00000, 0x00000000ed000000|  0%| F|  |TAMS 0x00000000ecf00000, 0x00000000ecf00000| Untracked 
| 208|0x00000000ed000000, 0x00000000ed0c7d70, 0x00000000ed100000| 78%| E|  |TAMS 0x00000000ed000000, 0x00000000ed000000| Complete 
| 209|0x00000000ed100000, 0x00000000ed200000, 0x00000000ed200000|100%| E|CS|TAMS 0x00000000ed100000, 0x00000000ed100000| Complete 
| 210|0x00000000ed200000, 0x00000000ed300000, 0x00000000ed300000|100%| E|CS|TAMS 0x00000000ed200000, 0x00000000ed200000| Complete 
| 211|0x00000000ed300000, 0x00000000ed400000, 0x00000000ed400000|100%| E|CS|TAMS 0x00000000ed300000, 0x00000000ed300000| Complete 
| 212|0x00000000ed400000, 0x00000000ed500000, 0x00000000ed500000|100%| E|CS|TAMS 0x00000000ed400000, 0x00000000ed400000| Complete 
| 213|0x00000000ed500000, 0x00000000ed600000, 0x00000000ed600000|100%| E|CS|TAMS 0x00000000ed500000, 0x00000000ed500000| Complete 
| 214|0x00000000ed600000, 0x00000000ed700000, 0x00000000ed700000|100%| E|CS|TAMS 0x00000000ed600000, 0x00000000ed600000| Complete 
| 215|0x00000000ed700000, 0x00000000ed800000, 0x00000000ed800000|100%| E|CS|TAMS 0x00000000ed700000, 0x00000000ed700000| Complete 
| 216|0x00000000ed800000, 0x00000000ed900000, 0x00000000ed900000|100%| E|CS|TAMS 0x00000000ed800000, 0x00000000ed800000| Complete 
| 217|0x00000000ed900000, 0x00000000eda00000, 0x00000000eda00000|100%| E|CS|TAMS 0x00000000ed900000, 0x00000000ed900000| Complete 
| 218|0x00000000eda00000, 0x00000000edb00000, 0x00000000edb00000|100%| E|CS|TAMS 0x00000000eda00000, 0x00000000eda00000| Complete 
| 219|0x00000000edb00000, 0x00000000edc00000, 0x00000000edc00000|100%| E|CS|TAMS 0x00000000edb00000, 0x00000000edb00000| Complete 
| 220|0x00000000edc00000, 0x00000000edd00000, 0x00000000edd00000|100%| E|CS|TAMS 0x00000000edc00000, 0x00000000edc00000| Complete 
| 221|0x00000000edd00000, 0x00000000ede00000, 0x00000000ede00000|100%| E|CS|TAMS 0x00000000edd00000, 0x00000000edd00000| Complete 
| 222|0x00000000ede00000, 0x00000000edf00000, 0x00000000edf00000|100%| E|CS|TAMS 0x00000000ede00000, 0x00000000ede00000| Complete 
| 223|0x00000000edf00000, 0x00000000ee000000, 0x00000000ee000000|100%| E|CS|TAMS 0x00000000edf00000, 0x00000000edf00000| Complete 
| 224|0x00000000ee000000, 0x00000000ee100000, 0x00000000ee100000|100%| E|CS|TAMS 0x00000000ee000000, 0x00000000ee000000| Complete 
| 225|0x00000000ee100000, 0x00000000ee200000, 0x00000000ee200000|100%| E|CS|TAMS 0x00000000ee100000, 0x00000000ee100000| Complete 
| 226|0x00000000ee200000, 0x00000000ee300000, 0x00000000ee300000|100%| E|CS|TAMS 0x00000000ee200000, 0x00000000ee200000| Complete 
| 227|0x00000000ee300000, 0x00000000ee400000, 0x00000000ee400000|100%| E|CS|TAMS 0x00000000ee300000, 0x00000000ee300000| Complete 
| 228|0x00000000ee400000, 0x00000000ee500000, 0x00000000ee500000|100%| E|CS|TAMS 0x00000000ee400000, 0x00000000ee400000| Complete 
| 229|0x00000000ee500000, 0x00000000ee600000, 0x00000000ee600000|100%| E|CS|TAMS 0x00000000ee500000, 0x00000000ee500000| Complete 
| 230|0x00000000ee600000, 0x00000000ee700000, 0x00000000ee700000|100%| E|CS|TAMS 0x00000000ee600000, 0x00000000ee600000| Complete 
| 231|0x00000000ee700000, 0x00000000ee7ffb98, 0x00000000ee800000| 99%| E|  |TAMS 0x00000000ee700000, 0x00000000ee700000| Complete 
| 232|0x00000000ee800000, 0x00000000ee900000, 0x00000000ee900000|100%| E|CS|TAMS 0x00000000ee800000, 0x00000000ee800000| Complete 
| 233|0x00000000ee900000, 0x00000000eea00000, 0x00000000eea00000|100%| E|CS|TAMS 0x00000000ee900000, 0x00000000ee900000| Complete 
| 234|0x00000000eea00000, 0x00000000eeb00000, 0x00000000eeb00000|100%| E|CS|TAMS 0x00000000eea00000, 0x00000000eea00000| Complete 
| 235|0x00000000eeb00000, 0x00000000eec00000, 0x00000000eec00000|100%| E|CS|TAMS 0x00000000eeb00000, 0x00000000eeb00000| Complete 
| 236|0x00000000eec00000, 0x00000000eed00000, 0x00000000eed00000|100%| E|CS|TAMS 0x00000000eec00000, 0x00000000eec00000| Complete 
| 237|0x00000000eed00000, 0x00000000eee00000, 0x00000000eee00000|100%| E|CS|TAMS 0x00000000eed00000, 0x00000000eed00000| Complete 
| 238|0x00000000eee00000, 0x00000000eef00000, 0x00000000eef00000|100%| E|CS|TAMS 0x00000000eee00000, 0x00000000eee00000| Complete 
| 239|0x00000000eef00000, 0x00000000ef000000, 0x00000000ef000000|100%| E|CS|TAMS 0x00000000eef00000, 0x00000000eef00000| Complete 
| 240|0x00000000ef000000, 0x00000000ef100000, 0x00000000ef100000|100%| E|CS|TAMS 0x00000000ef000000, 0x00000000ef000000| Complete 
| 241|0x00000000ef100000, 0x00000000ef200000, 0x00000000ef200000|100%| E|CS|TAMS 0x00000000ef100000, 0x00000000ef100000| Complete 
| 242|0x00000000ef200000, 0x00000000ef300000, 0x00000000ef300000|100%| E|CS|TAMS 0x00000000ef200000, 0x00000000ef200000| Complete 
| 243|0x00000000ef300000, 0x00000000ef400000, 0x00000000ef400000|100%| E|CS|TAMS 0x00000000ef300000, 0x00000000ef300000| Complete 
| 244|0x00000000ef400000, 0x00000000ef500000, 0x00000000ef500000|100%| E|CS|TAMS 0x00000000ef400000, 0x00000000ef400000| Complete 
| 245|0x00000000ef500000, 0x00000000ef600000, 0x00000000ef600000|100%| E|CS|TAMS 0x00000000ef500000, 0x00000000ef500000| Complete 
| 246|0x00000000ef600000, 0x00000000ef700000, 0x00000000ef700000|100%| E|CS|TAMS 0x00000000ef600000, 0x00000000ef600000| Complete 
| 247|0x00000000ef700000, 0x00000000ef800000, 0x00000000ef800000|100%| E|CS|TAMS 0x00000000ef700000, 0x00000000ef700000| Complete 
| 248|0x00000000ef800000, 0x00000000ef900000, 0x00000000ef900000|100%| E|CS|TAMS 0x00000000ef800000, 0x00000000ef800000| Complete 
| 249|0x00000000ef900000, 0x00000000efa00000, 0x00000000efa00000|100%| E|CS|TAMS 0x00000000ef900000, 0x00000000ef900000| Complete 
| 250|0x00000000efa00000, 0x00000000efb00000, 0x00000000efb00000|100%| E|CS|TAMS 0x00000000efa00000, 0x00000000efa00000| Complete 
| 251|0x00000000efb00000, 0x00000000efc00000, 0x00000000efc00000|100%| E|CS|TAMS 0x00000000efb00000, 0x00000000efb00000| Complete 
| 252|0x00000000efc00000, 0x00000000efd00000, 0x00000000efd00000|100%| E|CS|TAMS 0x00000000efc00000, 0x00000000efc00000| Complete 
| 253|0x00000000efd00000, 0x00000000efe00000, 0x00000000efe00000|100%| E|CS|TAMS 0x00000000efd00000, 0x00000000efd00000| Complete 
| 254|0x00000000efe00000, 0x00000000eff00000, 0x00000000eff00000|100%| E|CS|TAMS 0x00000000efe00000, 0x00000000efe00000| Complete 
| 255|0x00000000eff00000, 0x00000000f0000000, 0x00000000f0000000|100%| E|CS|TAMS 0x00000000eff00000, 0x00000000eff00000| Complete 

Card table byte_map: [0x0000024654730000,0x0000024654830000] _byte_map_base: 0x0000024654030000

Marking Bits (Prev, Next): (CMBitMap*) 0x000002463cd8c780, (CMBitMap*) 0x000002463cd8c748
 Prev Bits: [0x0000024655130000, 0x0000024655930000)
 Next Bits: [0x0000024654930000, 0x0000024655130000)

Polling page: 0x000002463b410000

Metaspace:

Usage:
  Non-class:     52.10 MB capacity,    50.84 MB ( 98%) used,     1.06 MB (  2%) free+waste,   202.56 KB ( <1%) overhead. 
      Class:      8.43 MB capacity,     7.69 MB ( 91%) used,   658.57 KB (  8%) free+waste,    97.69 KB (  1%) overhead. 
       Both:     60.53 MB capacity,    58.53 MB ( 97%) used,     1.70 MB (  3%) free+waste,   300.25 KB ( <1%) overhead. 

Virtual space:
  Non-class space:       54.00 MB reserved,      52.16 MB ( 97%) committed 
      Class space:      248.00 MB reserved,       8.45 MB (  3%) committed 
             Both:      302.00 MB reserved,      60.61 MB ( 20%) committed 

Chunk freelists:
   Non-Class:  8.25 KB
       Class:  1.38 KB
        Both:  9.63 KB

CodeHeap 'non-profiled nmethods': size=120064Kb used=3544Kb max_used=3544Kb free=116519Kb
 bounds [0x000002464ccf0000, 0x000002464d070000, 0x0000024654230000]
CodeHeap 'profiled nmethods': size=120000Kb used=14239Kb max_used=14239Kb free=105761Kb
 bounds [0x00000246457c0000, 0x00000246465b0000, 0x000002464ccf0000]
CodeHeap 'non-nmethods': size=5696Kb used=2230Kb max_used=2278Kb free=3465Kb
 bounds [0x0000024645230000, 0x00000246454a0000, 0x00000246457c0000]
 total_blobs=7414 nmethods=6591 adapters=735
 compilation: enabled
              stopped_count=0, restarted_count=0
 full_count=0

Compilation events (10 events):
Event: 44.271 Thread 0x0000024657d48000 nmethod 6603 0x0000024646596f90 code [0x0000024646597220, 0x0000024646597cc8]
Event: 44.273 Thread 0x0000024657d48000 6604   !   3       java.util.concurrent.ArrayBlockingQueue::poll (83 bytes)
Event: 44.274 Thread 0x0000024657d48000 nmethod 6604 0x0000024646598190 code [0x0000024646598420, 0x0000024646598f58]
Event: 44.281 Thread 0x0000024657d48000 6605       3       sun.nio.fs.WindowsPath::resolve (6 bytes)
Event: 44.282 Thread 0x0000024657d48000 nmethod 6605 0x0000024646599510 code [0x00000246465996c0, 0x0000024646599868]
Event: 44.282 Thread 0x0000024657d48000 6606  s    3       java.io.BufferedOutputStream::write (67 bytes)
Event: 44.283 Thread 0x0000024657d48000 nmethod 6606 0x0000024646599910 code [0x0000024646599b20, 0x000002464659a318]
Event: 44.286 Thread 0x0000024657d48000 6607       1       org.gradle.api.internal.artifacts.ivyservice.DefaultLenientConfiguration$LenientArtifactCollectingVisitor::requireArtifactFiles (2 bytes)
Event: 44.286 Thread 0x0000024657d48000 nmethod 6607 0x000002464d064a90 code [0x000002464d064c20, 0x000002464d064cd8]
Event: 44.288 Thread 0x0000024657d48000 6608       3       java.lang.String::replace (149 bytes)

GC Heap History (10 events):
Event: 16.305 GC heap before
{Heap before GC invocations=7 (full 0):
 garbage-first heap   total 262144K, used 65814K [0x00000000e0000000, 0x0000000100000000)
  region size 1024K, 52 young (53248K), 5 survivors (5120K)
 Metaspace       used 25692K, capacity 26296K, committed 26544K, reserved 278528K
  class space    used 3333K, capacity 3546K, committed 3584K, reserved 253952K
}
Event: 16.335 GC heap after
{Heap after GC invocations=8 (full 0):
 garbage-first heap   total 262144K, used 19510K [0x00000000e0000000, 0x0000000100000000)
  region size 1024K, 4 young (4096K), 4 survivors (4096K)
 Metaspace       used 25692K, capacity 26296K, committed 26544K, reserved 278528K
  class space    used 3333K, capacity 3546K, committed 3584K, reserved 253952K
}
Event: 21.933 GC heap before
{Heap before GC invocations=8 (full 0):
 garbage-first heap   total 262144K, used 95286K [0x00000000e0000000, 0x0000000100000000)
  region size 1024K, 79 young (80896K), 4 survivors (4096K)
 Metaspace       used 34728K, capacity 35568K, committed 35632K, reserved 284672K
  class space    used 4645K, capacity 4962K, committed 4992K, reserved 253952K
}
Event: 21.962 GC heap after
{Heap after GC invocations=9 (full 0):
 garbage-first heap   total 262144K, used 22629K [0x00000000e0000000, 0x0000000100000000)
  region size 1024K, 7 young (7168K), 7 survivors (7168K)
 Metaspace       used 34728K, capacity 35568K, committed 35632K, reserved 284672K
  class space    used 4645K, capacity 4962K, committed 4992K, reserved 253952K
}
Event: 30.174 GC heap before
{Heap before GC invocations=10 (full 0):
 garbage-first heap   total 262144K, used 116837K [0x00000000e0000000, 0x0000000100000000)
  region size 1024K, 96 young (98304K), 7 survivors (7168K)
 Metaspace       used 45256K, capacity 46361K, committed 46640K, reserved 294912K
  class space    used 5774K, capacity 6185K, committed 6272K, reserved 253952K
}
Event: 30.237 GC heap after
{Heap after GC invocations=11 (full 0):
 garbage-first heap   total 262144K, used 29803K [0x00000000e0000000, 0x0000000100000000)
  region size 1024K, 12 young (12288K), 12 survivors (12288K)
 Metaspace       used 45256K, capacity 46361K, committed 46640K, reserved 294912K
  class space    used 5774K, capacity 6185K, committed 6272K, reserved 253952K
}
Event: 36.010 GC heap before
{Heap before GC invocations=11 (full 0):
 garbage-first heap   total 262144K, used 131179K [0x00000000e0000000, 0x0000000100000000)
  region size 1024K, 111 young (113664K), 12 survivors (12288K)
 Metaspace       used 53583K, capacity 55098K, committed 55216K, reserved 303104K
  class space    used 7034K, capacity 7631K, committed 7680K, reserved 253952K
}
Event: 36.070 GC heap after
{Heap after GC invocations=12 (full 0):
 garbage-first heap   total 262144K, used 33428K [0x00000000e0000000, 0x0000000100000000)
  region size 1024K, 4 young (4096K), 4 survivors (4096K)
 Metaspace       used 53583K, capacity 55098K, committed 55216K, reserved 303104K
  class space    used 7034K, capacity 7631K, committed 7680K, reserved 253952K
}
Event: 39.769 GC heap before
{Heap before GC invocations=12 (full 0):
 garbage-first heap   total 262144K, used 113300K [0x00000000e0000000, 0x0000000100000000)
  region size 1024K, 83 young (84992K), 4 survivors (4096K)
 Metaspace       used 57767K, capacity 59699K, committed 59816K, reserved 307200K
  class space    used 7713K, capacity 8438K, committed 8448K, reserved 253952K
}
Event: 39.870 GC heap after
{Heap after GC invocations=13 (full 0):
 garbage-first heap   total 262144K, used 40596K [0x00000000e0000000, 0x0000000100000000)
  region size 1024K, 11 young (11264K), 11 survivors (11264K)
 Metaspace       used 57767K, capacity 59699K, committed 59816K, reserved 307200K
  class space    used 7713K, capacity 8438K, committed 8448K, reserved 253952K
}

Deoptimization events (10 events):
Event: 42.291 Thread 0x0000024659db3800 Uncommon trap: reason=unstable_if action=reinterpret pc=0x000002464ccfe9fc method=java.lang.StringUTF16.compress([CI[BII)I @ 20 c2
Event: 43.161 Thread 0x0000024659db3800 Uncommon trap: reason=speculate_class_check action=maybe_recompile pc=0x000002464d02f980 method=jdk.internal.reflect.UnsafeObjectFieldAccessorImpl.get(Ljava/lang/Object;)Ljava/lang/Object; @ 13 c2
Event: 43.161 Thread 0x0000024659db3800 Uncommon trap: reason=speculate_class_check action=maybe_recompile pc=0x000002464d02f980 method=jdk.internal.reflect.UnsafeObjectFieldAccessorImpl.get(Ljava/lang/Object;)Ljava/lang/Object; @ 13 c2
Event: 43.161 Thread 0x0000024659db3800 Uncommon trap: reason=speculate_class_check action=maybe_recompile pc=0x000002464d02f980 method=jdk.internal.reflect.UnsafeObjectFieldAccessorImpl.get(Ljava/lang/Object;)Ljava/lang/Object; @ 13 c2
Event: 43.161 Thread 0x0000024659db3800 Uncommon trap: reason=speculate_class_check action=maybe_recompile pc=0x000002464d02f980 method=jdk.internal.reflect.UnsafeObjectFieldAccessorImpl.get(Ljava/lang/Object;)Ljava/lang/Object; @ 13 c2
Event: 43.916 Thread 0x0000024659db3800 Uncommon trap: reason=unstable_if action=reinterpret pc=0x000002464d031eac method=com.esotericsoftware.kryo.io.Input.readString()Ljava/lang/String; @ 28 c2
Event: 43.929 Thread 0x0000024659db3800 Uncommon trap: reason=unstable_if action=reinterpret pc=0x000002464d05e89c method=com.esotericsoftware.kryo.io.Input.readVarInt(Z)I @ 81 c2
Event: 43.929 Thread 0x0000024659db3800 Uncommon trap: reason=unstable_if action=reinterpret pc=0x000002464d035d9c method=com.esotericsoftware.kryo.io.Input.readVarInt(Z)I @ 81 c2
Event: 43.932 Thread 0x0000024659db3800 Uncommon trap: reason=unstable_if action=reinterpret pc=0x000002464cf2ee3c method=com.esotericsoftware.kryo.io.Input.require(I)I @ 65 c2
Event: 44.102 Thread 0x0000024659db3800 Uncommon trap: reason=unstable_if action=reinterpret pc=0x000002464d05cd6c method=com.esotericsoftware.kryo.io.Output.writeString(Ljava/lang/String;)V @ 93 c2

Classes redefined (0 events):
No events

Internal exceptions (10 events):
Event: 38.938 Thread 0x0000024659db3800 Exception <a 'java/lang/NoSuchMethodError'{0x00000000eba9c5e8}: java.lang.invoke.Invokers$Holder.linkToTargetMethod(Ljava/lang/Object;Ljava/lang/Object;Ljava/lang/Object;ILjava/lang/Object;Ljava/lang/Object;)Ljava/lang/Object;> (0x00000000eba9c5e8) thrown
Event: 38.974 Thread 0x0000024659db3800 Exception <a 'java/lang/NoSuchMethodError'{0x00000000eb95e538}: java.lang.invoke.DirectMethodHandle$Holder.invokeInterface(Ljava/lang/Object;Ljava/lang/Object;Ljava/lang/Object;Ljava/lang/Object;)V> (0x00000000eb95e538) thrown at [./open/src/hotspot/share
Event: 39.119 Thread 0x00000246587bb800 Exception <a 'java/lang/NoSuchMethodError'{0x00000000eff8f408}: static Lorg/gradle/internal/build/event/types/DefaultTaskStartedProgressEvent;.<clinit>()V> (0x00000000eff8f408) thrown at [./open/src/hotspot/share/prims/jni.cpp, line 1366]
Event: 39.120 Thread 0x00000246587bb800 Exception <a 'java/lang/NoSuchMethodError'{0x00000000eff90b20}: static Lorg/gradle/internal/build/event/types/AbstractProgressEvent;.<clinit>()V> (0x00000000eff90b20) thrown at [./open/src/hotspot/share/prims/jni.cpp, line 1366]
Event: 39.123 Thread 0x00000246587bb800 Exception <a 'java/lang/NoSuchMethodError'{0x00000000eb740258}: static Lorg/gradle/internal/build/event/types/DefaultTaskDescriptor;.<clinit>()V> (0x00000000eb740258) thrown at [./open/src/hotspot/share/prims/jni.cpp, line 1366]
Event: 39.141 Thread 0x00000246587bb800 Exception <a 'java/lang/NoSuchMethodError'{0x00000000eb7879d0}: static Lorg/gradle/internal/operations/OperationIdentifier;.<clinit>()V> (0x00000000eb7879d0) thrown at [./open/src/hotspot/share/prims/jni.cpp, line 1366]
Event: 39.143 Thread 0x00000246587bb800 Exception <a 'java/lang/NoSuchMethodError'{0x00000000eb78f958}: static Lorg/gradle/internal/build/event/types/DefaultBinaryPluginIdentifier;.<clinit>()V> (0x00000000eb78f958) thrown at [./open/src/hotspot/share/prims/jni.cpp, line 1366]
Event: 39.210 Thread 0x0000024659db3800 Exception <a 'java/lang/IncompatibleClassChangeError'{0x00000000eb7aeb88}: Found class java.lang.Object, but interface was expected> (0x00000000eb7aeb88) thrown at [./open/src/hotspot/share/interpreter/linkResolver.cpp, line 838]
Event: 39.537 Thread 0x0000024659db3800 Exception <a 'java/lang/IncompatibleClassChangeError'{0x00000000eb30f1c8}: Found class java.lang.Object, but interface was expected> (0x00000000eb30f1c8) thrown at [./open/src/hotspot/share/interpreter/linkResolver.cpp, line 838]
Event: 40.600 Thread 0x0000024659db3800 Implicit null exception at 0x000002464cfdaeef to 0x000002464cfdbfac

Events (10 events):
Event: 43.961 Thread 0x0000024659db3800 DEOPT UNPACKING pc=0x00000246452566bf sp=0x000000997f9f9608 mode 0
Event: 44.102 Thread 0x0000024659db3800 Uncommon trap: trap_request=0xffffff4d fr.pc=0x000002464d05cd6c relative=0x00000000000003ec
Event: 44.102 Thread 0x0000024659db3800 DEOPT PACKING pc=0x000002464d05cd6c sp=0x000000997f9f9480
Event: 44.102 Thread 0x0000024659db3800 DEOPT UNPACKING pc=0x00000246452562a9 sp=0x000000997f9f9418 mode 2
Event: 44.143 loading class org/gradle/api/internal/artifacts/ivyservice/ErrorHandlingConfigurationResolver$ErrorHandlingLenientConfiguration
Event: 44.143 loading class org/gradle/api/internal/artifacts/ivyservice/ErrorHandlingConfigurationResolver$ErrorHandlingLenientConfiguration done
Event: 44.145 loading class org/gradle/api/artifacts/LenientConfiguration
Event: 44.145 loading class org/gradle/api/artifacts/LenientConfiguration done
Event: 44.145 loading class org/gradle/api/internal/artifacts/ivyservice/DefaultLenientConfiguration$LenientArtifactCollectingVisitor
Event: 44.145 loading class org/gradle/api/internal/artifacts/ivyservice/DefaultLenientConfiguration$LenientArtifactCollectingVisitor done


Dynamic libraries:
0x00007ff6051a0000 - 0x00007ff6051af000 	C:\Program Files\Java\jdk-11.0.12\bin\java.exe
0x00007ffe4e1b0000 - 0x00007ffe4e3a8000 	C:\WINDOWS\SYSTEM32\ntdll.dll
0x00007ffe4c680000 - 0x00007ffe4c73f000 	C:\WINDOWS\System32\KERNEL32.DLL
0x00007ffe4ba00000 - 0x00007ffe4bcd2000 	C:\WINDOWS\System32\KERNELBASE.dll
0x00007ffe4bd80000 - 0x00007ffe4be80000 	C:\WINDOWS\System32\ucrtbase.dll
0x00007ffe3c180000 - 0x00007ffe3c198000 	C:\Program Files\Java\jdk-11.0.12\bin\jli.dll
0x00007ffe4c740000 - 0x00007ffe4c7ee000 	C:\WINDOWS\System32\ADVAPI32.dll
0x00007ffe39e90000 - 0x00007ffe39ea5000 	C:\Program Files\Java\jdk-11.0.12\bin\VCRUNTIME140.dll
0x00007ffe4d2c0000 - 0x00007ffe4d35e000 	C:\WINDOWS\System32\msvcrt.dll
0x00007ffe4d500000 - 0x00007ffe4d59c000 	C:\WINDOWS\System32\sechost.dll
0x00007ffe4d0d0000 - 0x00007ffe4d1f4000 	C:\WINDOWS\System32\RPCRT4.dll
0x00007ffe4c9e0000 - 0x00007ffe4cb81000 	C:\WINDOWS\System32\USER32.dll
0x00007ffe4bf10000 - 0x00007ffe4bf32000 	C:\WINDOWS\System32\win32u.dll
0x00007ffe4cf60000 - 0x00007ffe4cf8b000 	C:\WINDOWS\System32\GDI32.dll
0x00007ffe4bf40000 - 0x00007ffe4c04f000 	C:\WINDOWS\System32\gdi32full.dll
0x00007ffe4bce0000 - 0x00007ffe4bd7d000 	C:\WINDOWS\System32\msvcp_win.dll
0x00007ffe3cb10000 - 0x00007ffe3cdaa000 	C:\WINDOWS\WinSxS\amd64_microsoft.windows.common-controls_6595b64144ccf1df_6.0.19041.1110_none_60b5254171f9507e\COMCTL32.dll
0x00007ffe3d170000 - 0x00007ffe3d17a000 	C:\WINDOWS\SYSTEM32\VERSION.dll
0x00007ffe4d200000 - 0x00007ffe4d230000 	C:\WINDOWS\System32\IMM32.DLL
0x00007ffe1dd00000 - 0x00007ffe1dd9b000 	C:\Program Files\Java\jdk-11.0.12\bin\msvcp140.dll
0x00007ffe08220000 - 0x00007ffe08d1f000 	C:\Program Files\Java\jdk-11.0.12\bin\server\jvm.dll
0x00007ffe4e160000 - 0x00007ffe4e168000 	C:\WINDOWS\System32\PSAPI.DLL
0x00007ffe47270000 - 0x00007ffe47279000 	C:\WINDOWS\SYSTEM32\WSOCK32.dll
0x00007ffe4cef0000 - 0x00007ffe4cf5b000 	C:\WINDOWS\System32\WS2_32.dll
0x00007ffe30430000 - 0x00007ffe30457000 	C:\WINDOWS\SYSTEM32\WINMM.dll
0x00007ffe49770000 - 0x00007ffe49782000 	C:\WINDOWS\SYSTEM32\kernel.appcore.dll
0x00007ffe3ba70000 - 0x00007ffe3ba80000 	C:\Program Files\Java\jdk-11.0.12\bin\verify.dll
0x00007ffe37f50000 - 0x00007ffe38134000 	C:\WINDOWS\SYSTEM32\DBGHELP.DLL
0x00007ffe37eb0000 - 0x00007ffe37ee5000 	C:\WINDOWS\SYSTEM32\dbgcore.DLL
0x00007ffe4be80000 - 0x00007ffe4bf02000 	C:\WINDOWS\System32\bcryptPrimitives.dll
0x00007ffe39e60000 - 0x00007ffe39e88000 	C:\Program Files\Java\jdk-11.0.12\bin\java.dll
0x00007ffe39e50000 - 0x00007ffe39e5a000 	C:\Program Files\Java\jdk-11.0.12\bin\jimage.dll
0x00007ffe39e30000 - 0x00007ffe39e46000 	C:\Program Files\Java\jdk-11.0.12\bin\zip.dll
0x00007ffe4da10000 - 0x00007ffe4e155000 	C:\WINDOWS\System32\SHELL32.dll
0x00007ffe49970000 - 0x00007ffe4a102000 	C:\WINDOWS\SYSTEM32\windows.storage.dll
0x00007ffe4cb90000 - 0x00007ffe4cee5000 	C:\WINDOWS\System32\combase.dll
0x00007ffe4b230000 - 0x00007ffe4b260000 	C:\WINDOWS\SYSTEM32\Wldp.dll
0x00007ffe4c3c0000 - 0x00007ffe4c46d000 	C:\WINDOWS\System32\SHCORE.dll
0x00007ffe4c470000 - 0x00007ffe4c4c5000 	C:\WINDOWS\System32\shlwapi.dll
0x00007ffe4b7f0000 - 0x00007ffe4b80f000 	C:\WINDOWS\SYSTEM32\profapi.dll
0x00007ffe39d80000 - 0x00007ffe39d99000 	C:\Program Files\Java\jdk-11.0.12\bin\net.dll
0x00007ffe3dee0000 - 0x00007ffe3dfea000 	C:\WINDOWS\SYSTEM32\WINHTTP.dll
0x00007ffe4af90000 - 0x00007ffe4affa000 	C:\WINDOWS\system32\mswsock.dll
0x00007ffe39b40000 - 0x00007ffe39b52000 	C:\Program Files\Java\jdk-11.0.12\bin\nio.dll
0x00007ffe39b10000 - 0x00007ffe39b37000 	C:\Users\EXEQUIEL\.gradle\native\68d5fa5c4cc2d200863cafc0d521ce42e7d3e7ee720ec0a83991735586a16f82\windows-amd64\native-platform.dll
0x00007ffe1dbb0000 - 0x00007ffe1dcf4000 	C:\Users\EXEQUIEL\.gradle\native\e376f236ea51e6404a007f0833ffe2c6e607c4080706a723a18a27aeea778392\windows-amd64\native-platform-file-events.dll
0x00007ffe36560000 - 0x00007ffe36569000 	C:\Program Files\Java\jdk-11.0.12\bin\management.dll
0x00007ffe364a0000 - 0x00007ffe364ab000 	C:\Program Files\Java\jdk-11.0.12\bin\management_ext.dll
0x00007ffe4b180000 - 0x00007ffe4b198000 	C:\WINDOWS\SYSTEM32\CRYPTSP.dll
0x00007ffe4a8b0000 - 0x00007ffe4a8e4000 	C:\WINDOWS\system32\rsaenh.dll
0x00007ffe4b9d0000 - 0x00007ffe4b9f7000 	C:\WINDOWS\System32\bcrypt.dll
0x00007ffe4b770000 - 0x00007ffe4b79e000 	C:\WINDOWS\SYSTEM32\USERENV.dll
0x00007ffe4b1a0000 - 0x00007ffe4b1ac000 	C:\WINDOWS\SYSTEM32\CRYPTBASE.dll
0x00007ffe4ac80000 - 0x00007ffe4acbb000 	C:\WINDOWS\SYSTEM32\IPHLPAPI.DLL
0x00007ffe4d3c0000 - 0x00007ffe4d3c8000 	C:\WINDOWS\System32\NSI.dll
0x00007ffe3d550000 - 0x00007ffe3d567000 	C:\WINDOWS\SYSTEM32\dhcpcsvc6.DLL
0x00007ffe3e360000 - 0x00007ffe3e37d000 	C:\WINDOWS\SYSTEM32\dhcpcsvc.DLL
0x00007ffe4acc0000 - 0x00007ffe4ad8b000 	C:\WINDOWS\SYSTEM32\DNSAPI.dll

dbghelp: loaded successfully - version: 4.0.5 - missing functions: none
symbol engine: initialized successfully - sym options: 0x614 - pdb path: .;C:\Program Files\Java\jdk-11.0.12\bin;C:\WINDOWS\SYSTEM32;C:\WINDOWS\WinSxS\amd64_microsoft.windows.common-controls_6595b64144ccf1df_6.0.19041.1110_none_60b5254171f9507e;C:\Program Files\Java\jdk-11.0.12\bin\server;C:\Users\EXEQUIEL\.gradle\native\68d5fa5c4cc2d200863cafc0d521ce42e7d3e7ee720ec0a83991735586a16f82\windows-amd64;C:\Users\EXEQUIEL\.gradle\native\e376f236ea51e6404a007f0833ffe2c6e607c4080706a723a18a27aeea778392\windows-amd64

VM Arguments:
jvm_args: --add-opens=java.base/java.util=ALL-UNNAMED --add-opens=java.base/java.lang=ALL-UNNAMED --add-opens=java.base/java.lang.invoke=ALL-UNNAMED --add-opens=java.prefs/java.util.prefs=ALL-UNNAMED --add-opens=java.base/java.nio.charset=ALL-UNNAMED --add-opens=java.base/java.net=ALL-UNNAMED --add-opens=java.base/java.util.concurrent.atomic=ALL-UNNAMED -XX:MaxMetaspaceSize=256m -XX:+HeapDumpOnOutOfMemoryError -Xms256m -Xmx512m -Dfile.encoding=windows-1252 -Duser.country=AR -Duser.language=es -Duser.variant 
java_command: org.gradle.launcher.daemon.bootstrap.GradleDaemon 7.6.1
java_class_path (initial): C:\Users\EXEQUIEL\.gradle\wrapper\dists\gradle-7.6.1-bin\2clxi94ab3brv6467628wnxmd\gradle-7.6.1\lib\gradle-launcher-7.6.1.jar
Launcher Type: SUN_STANDARD

[Global flags]
     intx CICompilerCount                          = 2                                         {product} {ergonomic}
   size_t CompressedClassSpaceSize                 = 260046848                                 {product} {ergonomic}
     uint ConcGCThreads                            = 1                                         {product} {ergonomic}
     uint G1ConcRefinementThreads                  = 2                                         {product} {ergonomic}
   size_t G1HeapRegionSize                         = 1048576                                   {product} {ergonomic}
    uintx GCDrainStackTargetSize                   = 64                                        {product} {ergonomic}
     bool HeapDumpOnOutOfMemoryError               = true                                   {manageable} {command line}
   size_t InitialHeapSize                          = 268435456                                 {product} {command line}
   size_t MarkStackSize                            = 4194304                                   {product} {ergonomic}
   size_t MaxHeapSize                              = 536870912                                 {product} {command line}
   size_t MaxMetaspaceSize                         = 268435456                                 {product} {command line}
   size_t MaxNewSize                               = 321912832                                 {product} {ergonomic}
   size_t MinHeapDeltaBytes                        = 1048576                                   {product} {ergonomic}
    uintx NonNMethodCodeHeapSize                   = 5825164                                {pd product} {ergonomic}
    uintx NonProfiledCodeHeapSize                  = 122916538                              {pd product} {ergonomic}
    uintx ProfiledCodeHeapSize                     = 122916538                              {pd product} {ergonomic}
    uintx ReservedCodeCacheSize                    = 251658240                              {pd product} {ergonomic}
     bool SegmentedCodeCache                       = true                                      {product} {ergonomic}
     bool UseCompressedClassPointers               = true                                 {lp64_product} {ergonomic}
     bool UseCompressedOops                        = true                                 {lp64_product} {ergonomic}
     bool UseG1GC                                  = true                                      {product} {ergonomic}
     bool UseLargePagesIndividualAllocation        = false                                  {pd product} {ergonomic}

Logging:
Log output configuration:
 #0: stdout all=warning uptime,level,tags
 #1: stderr all=off uptime,level,tags

Environment Variables:
PATH=C:\Program Files\Java\jdk-11.0.12\bin;C:\Program Files\Common Files\Oracle\Java\javapath;C:\WINDOWS\system32;C:\WINDOWS;C:\WINDOWS\System32\Wbem;C:\WINDOWS\System32\WindowsPowerShell\v1.0\;C:\WINDOWS\System32\OpenSSH\;C:\Program Files (x86)\Common Files\Propellerhead Software\ReWire\;C:\Program Files\Common Files\Propellerhead Software\ReWire\;C:\Program Files\dotnet\;C:\Program Files\nodejs\;C:\Program Files\Git\cmd;C:\Users\EXEQUIEL\AppData\Local\Microsoft\WindowsApps;C:\Users\EXEQUIEL\.dotnet\tools;C:\Users\EXEQUIEL\AppData\Local\Programs\Microsoft VS Code\bin;C:\Users\EXEQUIEL\AppData\Roaming\npm
USERNAME=Ezequiel
OS=Windows_NT
PROCESSOR_IDENTIFIER=Intel64 Family 6 Model 58 Stepping 9, GenuineIntel



---------------  S Y S T E M  ---------------

OS: Windows 10 , 64 bit Build 19041 (10.0.19041.2546)

CPU:total 2 (initial active 2) (2 cores per cpu, 1 threads per core) family 6 model 58 stepping 9 microcode 0x21, cmov, cx8, fxsr, mmx, sse, sse2, sse3, ssse3, sse4.1, sse4.2, popcnt, clmul, erms, tsc, tscinvbit, tscinv

Memory: 4k page, system-wide physical 3972M (255M free)
TotalPageFile size 6756M (AvailPageFile size 6M)
current process WorkingSet (physical memory assigned to process): 314M, peak: 315M
current process commit charge ("private bytes"): 462M, peak: 464M

vm_info: Java HotSpot(TM) 64-Bit Server VM (11.0.12+8-LTS-237) for windows-amd64 JRE (11.0.12+8-LTS-237), built on Jun  8 2021 11:25:59 by "mach5one" with MS VC++ 15.9 (VS2017)

END.
