#
# There is insufficient memory for the Java Runtime Environment to continue.
# Native memory allocation (mmap) failed to map 16777216 bytes for Failed to commit area from 0x00000000c6b00000 to 0x00000000c7b00000 of length 16777216.
# Possible reasons:
#   The system is out of physical RAM or swap space
#   The process is running with CompressedOops enabled, and the Java Heap may be blocking the growth of the native heap
# Possible solutions:
#   Reduce memory load on the system
#   Increase physical memory or swap space
#   Check if swap backing store is full
#   Decrease Java heap size (-Xmx/-Xms)
#   Decrease number of Java threads
#   Decrease Java thread stack sizes (-Xss)
#   Set larger code cache with -XX:ReservedCodeCacheSize=
#   JVM is running with Unscaled Compressed Oops mode in which the Java heap is
#     placed in the first 4GB address space. The Java Heap base address is the
#     maximum limit for the native heap growth. Please use -XX:HeapBaseMinAddress
#     to set the Java Heap base and to place the Java Heap above 4GB virtual address.
# This output file may be truncated or incomplete.
#
#  Out of Memory Error (./open/src/hotspot/os/windows/os_windows.cpp:3273), pid=5420, tid=728
#
# JRE version: Java(TM) SE Runtime Environment 18.9 (11.0.12+8) (build 11.0.12+8-LTS-237)
# Java VM: Java HotSpot(TM) 64-Bit Server VM 18.9 (11.0.12+8-LTS-237, mixed mode, tiered, compressed oops, g1 gc, windows-amd64)
# No core dump will be written. Minidumps are not enabled by default on client versions of Windows
#

---------------  S U M M A R Y ------------

Command Line: -Xverify:none -XX:TieredStopAtLevel=1 -Dfile.encoding=windows-1252 -Duser.country=AR -Duser.language=es -Duser.variant com.mindhub.homebanking.HomeBankingApplication

Host: Intel(R) Celeron(R) CPU 1007U @ 1.50GHz, 2 cores, 3G,  Windows 10 , 64 bit Build 19041 (10.0.19041.2546)
Time: Wed Apr 12 10:27:49 2023 Hora estándar de Argentina elapsed time: 10.641555 seconds (0d 0h 0m 10s)

---------------  T H R E A D  ---------------

Current thread (0x000001f97bc4f000):  VMThread "VM Thread" [stack: 0x000000729cc00000,0x000000729cd00000] [id=728]

Stack: [0x000000729cc00000,0x000000729cd00000]
[error occurred during error reporting (printing stack bounds), id 0xc0000005, EXCEPTION_ACCESS_VIOLATION (0xc0000005) at pc=0x000001f900000f3d]

Native frames: (J=compiled Java code, j=interpreted, Vv=VM code, C=native code)
V  [jvm.dll+0x617d9a]
V  [jvm.dll+0x74eeef]
V  [jvm.dll+0x750599]
V  [jvm.dll+0x750b85]
V  [jvm.dll+0x750b3b]
V  [jvm.dll+0x6175d3]
V  [jvm.dll+0x617998]
C  [ntdll.dll+0xa241f]
C  [ntdll.dll+0x514a4]
C  [ntdll.dll+0xa0f4e]
C  0x000001f900000f3d

VM_Operation (0x000000729c6fc540): G1CollectForAllocation, mode: safepoint, requested by thread 0x000001f96eac5000


---------------  P R O C E S S  ---------------

Threads class SMR info:
_java_thread_list=0x000001f97be60fc0, length=9, elements={
0x000001f96eac5000, 0x000001f97bc52000, 0x000001f97bc54800, 0x000001f97bcb1800,
0x000001f97bcb4000, 0x000001f97bcb6000, 0x000001f97bcbb000, 0x000001f97bcc7800,
0x000001f97bf10800
}

Java Threads: ( => current thread )
  0x000001f96eac5000 JavaThread "main" [_thread_blocked, id=2216, stack(0x000000729c600000,0x000000729c700000)]
  0x000001f97bc52000 JavaThread "Reference Handler" daemon [_thread_blocked, id=1716, stack(0x000000729cd00000,0x000000729ce00000)]
  0x000001f97bc54800 JavaThread "Finalizer" daemon [_thread_blocked, id=3924, stack(0x000000729ce00000,0x000000729cf00000)]
  0x000001f97bcb1800 JavaThread "Signal Dispatcher" daemon [_thread_blocked, id=6760, stack(0x000000729cf00000,0x000000729d000000)]
  0x000001f97bcb4000 JavaThread "Attach Listener" daemon [_thread_blocked, id=9036, stack(0x000000729d000000,0x000000729d100000)]
  0x000001f97bcb6000 JavaThread "Service Thread" daemon [_thread_blocked, id=8832, stack(0x000000729d100000,0x000000729d200000)]
  0x000001f97bcbb000 JavaThread "C1 CompilerThread0" daemon [_thread_blocked, id=5952, stack(0x000000729d200000,0x000000729d300000)]
  0x000001f97bcc7800 JavaThread "Sweeper thread" daemon [_thread_blocked, id=276, stack(0x000000729d300000,0x000000729d400000)]
  0x000001f97bf10800 JavaThread "Common-Cleaner" daemon [_thread_blocked, id=7276, stack(0x000000729d500000,0x000000729d600000)]

Other Threads:
=>0x000001f97bc4f000 VMThread "VM Thread" [stack: 0x000000729cc00000,0x000000729cd00000] [id=728]
  0x000001f97bf10000 WatcherThread [stack: 0x000000729d400000,0x000000729d500000] [id=9124]
  0x000001f96eada000 GCTaskThread "GC Thread#0" [stack: 0x000000729c700000,0x000000729c800000] [id=5800]
  0x000001f97bf5e800 GCTaskThread "GC Thread#1" [stack: 0x000000729d600000,0x000000729d700000] [id=4564]
  0x000001f96eaf3800 ConcurrentGCThread "G1 Main Marker" [stack: 0x000000729c800000,0x000000729c900000] [id=2620]
  0x000001f96eaf6800 ConcurrentGCThread "G1 Conc#0" [stack: 0x000000729c900000,0x000000729ca00000] [id=9824]
  0x000001f96eb43800 ConcurrentGCThread "G1 Refine#0" [stack: 0x000000729ca00000,0x000000729cb00000] [id=9844]
  0x000001f96eb45000 ConcurrentGCThread "G1 Young RemSet Sampling" [stack: 0x000000729cb00000,0x000000729cc00000] [id=6892]

Threads with active compile tasks:
C1 CompilerThread0  10677 2970       1       java.lang.reflect.Method::specificToGenericStringHeader (48 bytes)

VM state:at safepoint (normal execution)

VM Mutex/Monitor currently owned by a thread:  ([mutex/lock_event])
[0x000001f96eac0b20] Threads_lock - owner thread: 0x000001f97bc4f000
[0x000001f96eac1420] Heap_lock - owner thread: 0x000001f96eac5000

Heap address: 0x00000000c1e00000, size: 994 MB, Compressed Oops mode: 32-bit
Narrow klass base: 0x0000000000000000, Narrow klass shift: 3
Compressed class space size: 1073741824 Address: 0x0000000100000000

Heap:
 garbage-first heap   total 95232K, used 12857K [0x00000000c1e00000, 0x0000000100000000)
  region size 1024K, 6 young (6144K), 6 survivors (6144K)
 Metaspace       used 27665K, capacity 28518K, committed 28720K, reserved 1075200K
  class space    used 3375K, capacity 3706K, committed 3712K, reserved 1048576K
Heap Regions: E=young(eden), S=young(survivor), O=old, HS=humongous(starts), HC=humongous(continues), CS=collection set, F=free, A=archive, TAMS=top-at-mark-start (previous, next)
|   0|0x00000000c1e00000, 0x00000000c1f00000, 0x00000000c1f00000|100%|HS|  |TAMS 0x00000000c1f00000, 0x00000000c1e00000| Complete 
|   1|0x00000000c1f00000, 0x00000000c2000000, 0x00000000c2000000|100%| O|  |TAMS 0x00000000c2000000, 0x00000000c1f00000| Untracked 
|   2|0x00000000c2000000, 0x00000000c2100000, 0x00000000c2100000|100%| O|  |TAMS 0x00000000c2100000, 0x00000000c2000000| Untracked 
|   3|0x00000000c2100000, 0x00000000c2200000, 0x00000000c2200000|100%| O|  |TAMS 0x00000000c2200000, 0x00000000c2100000| Untracked 
|   4|0x00000000c2200000, 0x00000000c2300000, 0x00000000c2300000|100%| O|  |TAMS 0x00000000c2300000, 0x00000000c2200000| Untracked 
|   5|0x00000000c2300000, 0x00000000c2400000, 0x00000000c2400000|100%| O|  |TAMS 0x00000000c23f9a00, 0x00000000c2300000| Untracked 
|   6|0x00000000c2400000, 0x00000000c24e1400, 0x00000000c2500000| 87%| O|  |TAMS 0x00000000c2400000, 0x00000000c2400000| Untracked 
|   7|0x00000000c2500000, 0x00000000c2500000, 0x00000000c2600000|  0%| F|  |TAMS 0x00000000c2500000, 0x00000000c2500000| Untracked 
|   8|0x00000000c2600000, 0x00000000c2600000, 0x00000000c2700000|  0%| F|  |TAMS 0x00000000c2600000, 0x00000000c2600000| Untracked 
|   9|0x00000000c2700000, 0x00000000c2700000, 0x00000000c2800000|  0%| F|  |TAMS 0x00000000c2700000, 0x00000000c2700000| Untracked 
|  10|0x00000000c2800000, 0x00000000c2800000, 0x00000000c2900000|  0%| F|  |TAMS 0x00000000c2800000, 0x00000000c2800000| Untracked 
|  11|0x00000000c2900000, 0x00000000c2900000, 0x00000000c2a00000|  0%| F|  |TAMS 0x00000000c2900000, 0x00000000c2900000| Untracked 
|  12|0x00000000c2a00000, 0x00000000c2a00000, 0x00000000c2b00000|  0%| F|  |TAMS 0x00000000c2a00000, 0x00000000c2a00000| Untracked 
|  13|0x00000000c2b00000, 0x00000000c2b00000, 0x00000000c2c00000|  0%| F|  |TAMS 0x00000000c2b00000, 0x00000000c2b00000| Untracked 
|  14|0x00000000c2c00000, 0x00000000c2c00000, 0x00000000c2d00000|  0%| F|  |TAMS 0x00000000c2c00000, 0x00000000c2c00000| Untracked 
|  15|0x00000000c2d00000, 0x00000000c2d00000, 0x00000000c2e00000|  0%| F|  |TAMS 0x00000000c2d00000, 0x00000000c2d00000| Untracked 
|  16|0x00000000c2e00000, 0x00000000c2e00000, 0x00000000c2f00000|  0%| F|  |TAMS 0x00000000c2e00000, 0x00000000c2e00000| Untracked 
|  17|0x00000000c2f00000, 0x00000000c2f00000, 0x00000000c3000000|  0%| F|  |TAMS 0x00000000c2f00000, 0x00000000c2f00000| Untracked 
|  18|0x00000000c3000000, 0x00000000c3000000, 0x00000000c3100000|  0%| F|  |TAMS 0x00000000c3000000, 0x00000000c3000000| Untracked 
|  19|0x00000000c3100000, 0x00000000c3100000, 0x00000000c3200000|  0%| F|  |TAMS 0x00000000c3100000, 0x00000000c3100000| Untracked 
|  20|0x00000000c3200000, 0x00000000c3200000, 0x00000000c3300000|  0%| F|  |TAMS 0x00000000c3200000, 0x00000000c3200000| Untracked 
|  21|0x00000000c3300000, 0x00000000c3300000, 0x00000000c3400000|  0%| F|  |TAMS 0x00000000c3300000, 0x00000000c3300000| Untracked 
|  22|0x00000000c3400000, 0x00000000c3400000, 0x00000000c3500000|  0%| F|  |TAMS 0x00000000c3400000, 0x00000000c3400000| Untracked 
|  23|0x00000000c3500000, 0x00000000c3500000, 0x00000000c3600000|  0%| F|  |TAMS 0x00000000c3500000, 0x00000000c3500000| Untracked 
|  24|0x00000000c3600000, 0x00000000c3600000, 0x00000000c3700000|  0%| F|  |TAMS 0x00000000c3600000, 0x00000000c3600000| Untracked 
|  25|0x00000000c3700000, 0x00000000c37ad120, 0x00000000c3800000| 67%| S|CS|TAMS 0x00000000c3700000, 0x00000000c3700000| Complete 
|  26|0x00000000c3800000, 0x00000000c3900000, 0x00000000c3900000|100%| S|CS|TAMS 0x00000000c3800000, 0x00000000c3800000| Complete 
|  27|0x00000000c3900000, 0x00000000c3a00000, 0x00000000c3a00000|100%| S|CS|TAMS 0x00000000c3900000, 0x00000000c3900000| Complete 
|  28|0x00000000c3a00000, 0x00000000c3b00000, 0x00000000c3b00000|100%| S|CS|TAMS 0x00000000c3a00000, 0x00000000c3a00000| Complete 
|  29|0x00000000c3b00000, 0x00000000c3c00000, 0x00000000c3c00000|100%| S|CS|TAMS 0x00000000c3b00000, 0x00000000c3b00000| Complete 
|  30|0x00000000c3c00000, 0x00000000c3c00000, 0x00000000c3d00000|  0%| F|  |TAMS 0x00000000c3c00000, 0x00000000c3c00000| Untracked 
|  31|0x00000000c3d00000, 0x00000000c3d00000, 0x00000000c3e00000|  0%| F|  |TAMS 0x00000000c3d00000, 0x00000000c3d00000| Untracked 
|  32|0x00000000c3e00000, 0x00000000c3e00000, 0x00000000c3f00000|  0%| F|  |TAMS 0x00000000c3e00000, 0x00000000c3e00000| Untracked 
|  33|0x00000000c3f00000, 0x00000000c3f00000, 0x00000000c4000000|  0%| F|  |TAMS 0x00000000c3f00000, 0x00000000c3f00000| Untracked 
|  34|0x00000000c4000000, 0x00000000c4100000, 0x00000000c4100000|100%| S|CS|TAMS 0x00000000c4000000, 0x00000000c4000000| Complete 
|  35|0x00000000c4100000, 0x00000000c4100000, 0x00000000c4200000|  0%| F|  |TAMS 0x00000000c4100000, 0x00000000c4100000| Untracked 
|  36|0x00000000c4200000, 0x00000000c4200000, 0x00000000c4300000|  0%| F|  |TAMS 0x00000000c4200000, 0x00000000c4200000| Untracked 
|  37|0x00000000c4300000, 0x00000000c4300000, 0x00000000c4400000|  0%| F|  |TAMS 0x00000000c4300000, 0x00000000c4300000| Untracked 
|  38|0x00000000c4400000, 0x00000000c4400000, 0x00000000c4500000|  0%| F|  |TAMS 0x00000000c4400000, 0x00000000c4400000| Untracked 
|  39|0x00000000c4500000, 0x00000000c4500000, 0x00000000c4600000|  0%| F|  |TAMS 0x00000000c4500000, 0x00000000c4500000| Untracked 
|  40|0x00000000c4600000, 0x00000000c4600000, 0x00000000c4700000|  0%| F|  |TAMS 0x00000000c4600000, 0x00000000c4600000| Untracked 
|  41|0x00000000c4700000, 0x00000000c4700000, 0x00000000c4800000|  0%| F|  |TAMS 0x00000000c4700000, 0x00000000c4700000| Untracked 
|  42|0x00000000c4800000, 0x00000000c4800000, 0x00000000c4900000|  0%| F|  |TAMS 0x00000000c4800000, 0x00000000c4800000| Untracked 
|  43|0x00000000c4900000, 0x00000000c4900000, 0x00000000c4a00000|  0%| F|  |TAMS 0x00000000c4900000, 0x00000000c4900000| Untracked 
|  44|0x00000000c4a00000, 0x00000000c4a00000, 0x00000000c4b00000|  0%| F|  |TAMS 0x00000000c4a00000, 0x00000000c4a00000| Untracked 
|  45|0x00000000c4b00000, 0x00000000c4b00000, 0x00000000c4c00000|  0%| F|  |TAMS 0x00000000c4b00000, 0x00000000c4b00000| Untracked 
|  46|0x00000000c4c00000, 0x00000000c4c00000, 0x00000000c4d00000|  0%| F|  |TAMS 0x00000000c4c00000, 0x00000000c4c00000| Untracked 
|  47|0x00000000c4d00000, 0x00000000c4d00000, 0x00000000c4e00000|  0%| F|  |TAMS 0x00000000c4d00000, 0x00000000c4d00000| Untracked 
|  48|0x00000000c4e00000, 0x00000000c4e00000, 0x00000000c4f00000|  0%| F|  |TAMS 0x00000000c4e00000, 0x00000000c4e00000| Untracked 
|  49|0x00000000c4f00000, 0x00000000c4f00000, 0x00000000c5000000|  0%| F|  |TAMS 0x00000000c4f00000, 0x00000000c4f00000| Untracked 
|  50|0x00000000c5000000, 0x00000000c5000000, 0x00000000c5100000|  0%| F|  |TAMS 0x00000000c5000000, 0x00000000c5000000| Untracked 
|  51|0x00000000c5100000, 0x00000000c5100000, 0x00000000c5200000|  0%| F|  |TAMS 0x00000000c5100000, 0x00000000c5100000| Untracked 
|  52|0x00000000c5200000, 0x00000000c5200000, 0x00000000c5300000|  0%| F|  |TAMS 0x00000000c5200000, 0x00000000c5200000| Untracked 
|  53|0x00000000c5300000, 0x00000000c5300000, 0x00000000c5400000|  0%| F|  |TAMS 0x00000000c5300000, 0x00000000c5300000| Untracked 
|  54|0x00000000c5400000, 0x00000000c5400000, 0x00000000c5500000|  0%| F|  |TAMS 0x00000000c5400000, 0x00000000c5400000| Untracked 
|  55|0x00000000c5500000, 0x00000000c5500000, 0x00000000c5600000|  0%| F|  |TAMS 0x00000000c5500000, 0x00000000c5500000| Untracked 
|  56|0x00000000c5600000, 0x00000000c5600000, 0x00000000c5700000|  0%| F|  |TAMS 0x00000000c5600000, 0x00000000c5600000| Untracked 
|  57|0x00000000c5700000, 0x00000000c5700000, 0x00000000c5800000|  0%| F|  |TAMS 0x00000000c5700000, 0x00000000c5700000| Untracked 
|  58|0x00000000c5800000, 0x00000000c5800000, 0x00000000c5900000|  0%| F|  |TAMS 0x00000000c5800000, 0x00000000c5800000| Untracked 
|  59|0x00000000c5900000, 0x00000000c5900000, 0x00000000c5a00000|  0%| F|  |TAMS 0x00000000c5900000, 0x00000000c5900000| Untracked 
|  60|0x00000000c5a00000, 0x00000000c5a00000, 0x00000000c5b00000|  0%| F|  |TAMS 0x00000000c5a00000, 0x00000000c5a00000| Untracked 
|  61|0x00000000c5b00000, 0x00000000c5b00000, 0x00000000c5c00000|  0%| F|  |TAMS 0x00000000c5b00000, 0x00000000c5b00000| Untracked 
|  62|0x00000000c5c00000, 0x00000000c5c00000, 0x00000000c5d00000|  0%| F|  |TAMS 0x00000000c5c00000, 0x00000000c5c00000| Untracked 
|  63|0x00000000c5d00000, 0x00000000c5d00000, 0x00000000c5e00000|  0%| F|  |TAMS 0x00000000c5d00000, 0x00000000c5d00000| Untracked 
|  64|0x00000000c5e00000, 0x00000000c5e00000, 0x00000000c5f00000|  0%| F|  |TAMS 0x00000000c5e00000, 0x00000000c5e00000| Untracked 
|  65|0x00000000c5f00000, 0x00000000c5f00000, 0x00000000c6000000|  0%| F|  |TAMS 0x00000000c5f00000, 0x00000000c5f00000| Untracked 
|  66|0x00000000c6000000, 0x00000000c6000000, 0x00000000c6100000|  0%| F|  |TAMS 0x00000000c6000000, 0x00000000c6000000| Untracked 
|  67|0x00000000c6100000, 0x00000000c6100000, 0x00000000c6200000|  0%| F|  |TAMS 0x00000000c6100000, 0x00000000c6100000| Untracked 
|  68|0x00000000c6200000, 0x00000000c6200000, 0x00000000c6300000|  0%| F|  |TAMS 0x00000000c6200000, 0x00000000c6200000| Untracked 
|  69|0x00000000c6300000, 0x00000000c6300000, 0x00000000c6400000|  0%| F|  |TAMS 0x00000000c6300000, 0x00000000c6300000| Untracked 
|  70|0x00000000c6400000, 0x00000000c6400000, 0x00000000c6500000|  0%| F|  |TAMS 0x00000000c6400000, 0x00000000c6400000| Untracked 
|  71|0x00000000c6500000, 0x00000000c6500000, 0x00000000c6600000|  0%| F|  |TAMS 0x00000000c6500000, 0x00000000c6500000| Untracked 
|  72|0x00000000c6600000, 0x00000000c6600000, 0x00000000c6700000|  0%| F|  |TAMS 0x00000000c6600000, 0x00000000c6600000| Untracked 
|  73|0x00000000c6700000, 0x00000000c6700000, 0x00000000c6800000|  0%| F|  |TAMS 0x00000000c6700000, 0x00000000c6700000| Untracked 
|  74|0x00000000c6800000, 0x00000000c6800000, 0x00000000c6900000|  0%| F|  |TAMS 0x00000000c6800000, 0x00000000c6800000| Untracked 
|  75|0x00000000c6900000, 0x00000000c6900000, 0x00000000c6a00000|  0%| F|  |TAMS 0x00000000c6900000, 0x00000000c6900000| Untracked 
|  76|0x00000000c6a00000, 0x00000000c6a00000, 0x00000000c6b00000|  0%| F|  |TAMS 0x00000000c6a00000, 0x00000000c6a00000| Untracked 

Card table byte_map: [0x000001f96e8a0000,0x000001f96eaa0000] _byte_map_base: 0x000001f96e291000

Marking Bits (Prev, Next): (CMBitMap*) 0x000001f96eaeeaa0, (CMBitMap*) 0x000001f96eaeea68
 Prev Bits: [0x000001f978110000, 0x000001f979098000)
 Next Bits: [0x000001f977180000, 0x000001f978108000)

Polling page: 0x000001f96cab0000

Metaspace:

Usage:
  Non-class:     24.23 MB capacity,    23.72 MB ( 98%) used,   430.29 KB (  2%) free+waste,    91.44 KB ( <1%) overhead. 
      Class:      3.62 MB capacity,     3.30 MB ( 91%) used,   284.13 KB (  8%) free+waste,    46.19 KB (  1%) overhead. 
       Both:     27.85 MB capacity,    27.02 MB ( 97%) used,   714.41 KB (  3%) free+waste,   137.63 KB ( <1%) overhead. 

Virtual space:
  Non-class space:       26.00 MB reserved,      24.42 MB ( 94%) committed 
      Class space:        1.00 GB reserved,       3.63 MB ( <1%) committed 
             Both:        1.03 GB reserved,      28.05 MB (  3%) committed 

Chunk freelists:
   Non-Class:  512 bytes
       Class:  768 bytes
        Both:  1.25 KB

CodeHeap 'non-profiled nmethods': size=239488Kb used=4614Kb max_used=4614Kb free=234873Kb
 bounds [0x000001f900620000, 0x000001f900ab0000, 0x000001f90f000000]
CodeHeap 'non-nmethods': size=6272Kb used=1109Kb max_used=1109Kb free=5162Kb
 bounds [0x000001f900000000, 0x000001f900270000, 0x000001f900620000]
 total_blobs=3400 nmethods=2970 adapters=357
 compilation: enabled
              stopped_count=0, restarted_count=0
 full_count=0

Compilation events (10 events):
Event: 10.605 Thread 0x000001f97bcbb000 nmethod 2974 0x000001f900a9fd90 code [0x000001f900a9ff40, 0x000001f900aa0078]
Event: 10.605 Thread 0x000001f97bcbb000 2973       1       java.util.TreeMap$PrivateEntryIterator::nextEntry (54 bytes)
Event: 10.605 Thread 0x000001f97bcbb000 nmethod 2973 0x000001f900aa0190 code [0x000001f900aa0360, 0x000001f900aa05e8]
Event: 10.605 Thread 0x000001f97bcbb000 2964       1       java.lang.reflect.Executable::isVarArgs (17 bytes)
Event: 10.606 Thread 0x000001f97bcbb000 nmethod 2964 0x000001f900aa0710 code [0x000001f900aa08c0, 0x000001f900aa09a8]
Event: 10.606 Thread 0x000001f97bcbb000 2968       1       java.lang.reflect.Executable::printModifiersIfNonzero (101 bytes)
Event: 10.607 Thread 0x000001f97bcbb000 nmethod 2968 0x000001f900aa0a10 code [0x000001f900aa0c40, 0x000001f900aa0ee8]
Event: 10.607 Thread 0x000001f97bcbb000 2969       1       java.lang.reflect.Modifier::toString (185 bytes)
Event: 10.607 Thread 0x000001f97bcbb000 nmethod 2969 0x000001f900aa1110 code [0x000001f900aa1360, 0x000001f900aa1758]
Event: 10.608 Thread 0x000001f97bcbb000 2970       1       java.lang.reflect.Method::specificToGenericStringHeader (48 bytes)

GC Heap History (10 events):
Event: 3.574 GC heap after
{Heap after GC invocations=4 (full 0):
 garbage-first heap   total 65536K, used 7248K [0x00000000c1e00000, 0x0000000100000000)
  region size 1024K, 3 young (3072K), 3 survivors (3072K)
 Metaspace       used 14081K, capacity 14483K, committed 14848K, reserved 1062912K
  class space    used 1522K, capacity 1673K, committed 1792K, reserved 1048576K
}
Event: 5.102 GC heap before
{Heap before GC invocations=4 (full 0):
 garbage-first heap   total 65536K, used 30800K [0x00000000c1e00000, 0x0000000100000000)
  region size 1024K, 27 young (27648K), 3 survivors (3072K)
 Metaspace       used 18253K, capacity 18745K, committed 18944K, reserved 1067008K
  class space    used 2053K, capacity 2247K, committed 2304K, reserved 1048576K
}
Event: 5.135 GC heap after
{Heap after GC invocations=5 (full 0):
 garbage-first heap   total 78848K, used 8216K [0x00000000c1e00000, 0x0000000100000000)
  region size 1024K, 3 young (3072K), 3 survivors (3072K)
 Metaspace       used 18253K, capacity 18745K, committed 18944K, reserved 1067008K
  class space    used 2053K, capacity 2247K, committed 2304K, reserved 1048576K
}
Event: 6.041 GC heap before
{Heap before GC invocations=5 (full 0):
 garbage-first heap   total 78848K, used 22552K [0x00000000c1e00000, 0x0000000100000000)
  region size 1024K, 18 young (18432K), 3 survivors (3072K)
 Metaspace       used 20582K, capacity 21167K, committed 21296K, reserved 1069056K
  class space    used 2378K, capacity 2630K, committed 2688K, reserved 1048576K
}
Event: 6.055 GC heap after
{Heap after GC invocations=6 (full 0):
 garbage-first heap   total 78848K, used 8418K [0x00000000c1e00000, 0x0000000100000000)
  region size 1024K, 3 young (3072K), 3 survivors (3072K)
 Metaspace       used 20582K, capacity 21167K, committed 21296K, reserved 1069056K
  class space    used 2378K, capacity 2630K, committed 2688K, reserved 1048576K
}
Event: 6.448 GC heap before
{Heap before GC invocations=7 (full 0):
 garbage-first heap   total 78848K, used 41186K [0x00000000c1e00000, 0x0000000100000000)
  region size 1024K, 36 young (36864K), 3 survivors (3072K)
 Metaspace       used 20914K, capacity 21539K, committed 21808K, reserved 1069056K
  class space    used 2420K, capacity 2670K, committed 2688K, reserved 1048576K
}
Event: 6.473 GC heap after
{Heap after GC invocations=8 (full 0):
 garbage-first heap   total 78848K, used 8858K [0x00000000c1e00000, 0x0000000100000000)
  region size 1024K, 3 young (3072K), 3 survivors (3072K)
 Metaspace       used 20914K, capacity 21539K, committed 21808K, reserved 1069056K
  class space    used 2420K, capacity 2670K, committed 2688K, reserved 1048576K
}
Event: 8.459 GC heap before
{Heap before GC invocations=8 (full 0):
 garbage-first heap   total 78848K, used 48794K [0x00000000c1e00000, 0x0000000100000000)
  region size 1024K, 43 young (44032K), 3 survivors (3072K)
 Metaspace       used 22781K, capacity 23427K, committed 23600K, reserved 1071104K
  class space    used 2689K, capacity 2937K, committed 2944K, reserved 1048576K
}
Event: 8.476 GC heap after
{Heap after GC invocations=9 (full 0):
 garbage-first heap   total 78848K, used 10214K [0x00000000c1e00000, 0x0000000100000000)
  region size 1024K, 4 young (4096K), 4 survivors (4096K)
 Metaspace       used 22781K, capacity 23427K, committed 23600K, reserved 1071104K
  class space    used 2689K, capacity 2937K, committed 2944K, reserved 1048576K
}
Event: 10.608 GC heap before
{Heap before GC invocations=9 (full 0):
 garbage-first heap   total 78848K, used 53222K [0x00000000c1e00000, 0x0000000100000000)
  region size 1024K, 46 young (47104K), 4 survivors (4096K)
 Metaspace       used 27665K, capacity 28518K, committed 28720K, reserved 1075200K
  class space    used 3375K, capacity 3706K, committed 3712K, reserved 1048576K
}

Deoptimization events (0 events):
No events

Classes redefined (0 events):
No events

Internal exceptions (10 events):
Event: 10.571 Thread 0x000001f96eac5000 Exception <a 'java/lang/ClassNotFoundException'{0x00000000c42b1780}: org/springframework/boot/web/embedded/tomcat/TomcatServletWebServerFactoryCustomizer> (0x00000000c42b1780) thrown at [./open/src/hotspot/share/classfile/systemDictionary.cpp, line 228]
Event: 10.582 Thread 0x000001f96eac5000 Exception <a 'java/lang/ClassNotFoundException'{0x00000000c411bda8}: org/springframework/boot/web/embedded/tomcat/ConfigurableTomcatWebServerFactoryCustomizer> (0x00000000c411bda8) thrown at [./open/src/hotspot/share/classfile/systemDictionary.cpp, line 2
Event: 10.586 Thread 0x000001f96eac5000 Exception <a 'java/lang/ClassNotFoundException'{0x00000000c4138b08}: org/springframework/boot/web/server/ConfigurableWebServerFactoryCustomizer> (0x00000000c4138b08) thrown at [./open/src/hotspot/share/classfile/systemDictionary.cpp, line 228]
Event: 10.595 Thread 0x000001f96eac5000 Exception <a 'java/lang/ClassNotFoundException'{0x00000000c4156a60}: org/springframework/boot/web/server/ErrorPageRegistryCustomizer> (0x00000000c4156a60) thrown at [./open/src/hotspot/share/classfile/systemDictionary.cpp, line 228]
Event: 10.597 Thread 0x000001f96eac5000 Exception <a 'java/lang/ClassNotFoundException'{0x00000000c416adc0}: org/springframework/context/ResourceLoaderAwareCustomizer> (0x00000000c416adc0) thrown at [./open/src/hotspot/share/classfile/systemDictionary.cpp, line 228]
Event: 10.598 Thread 0x000001f96eac5000 Exception <a 'java/lang/ClassNotFoundException'{0x00000000c417dda0}: org/springframework/beans/factory/AwareCustomizer> (0x00000000c417dda0) thrown at [./open/src/hotspot/share/classfile/systemDictionary.cpp, line 228]
Event: 10.599 Thread 0x000001f96eac5000 Exception <a 'java/lang/ClassNotFoundException'{0x00000000c4196200}: org/springframework/boot/web/servlet/server/ConfigurableServletWebServerFactoryCustomizer> (0x00000000c4196200) thrown at [./open/src/hotspot/share/classfile/systemDictionary.cpp, line 2
Event: 10.602 Thread 0x000001f96eac5000 Exception <a 'java/lang/ClassNotFoundException'{0x00000000c41bc128}: org/springframework/boot/web/server/ConfigurableWebServerFactoryCustomizer> (0x00000000c41bc128) thrown at [./open/src/hotspot/share/classfile/systemDictionary.cpp, line 228]
Event: 10.605 Thread 0x000001f96eac5000 Exception <a 'java/lang/ClassNotFoundException'{0x00000000c41d80c8}: org/springframework/boot/web/server/ErrorPageRegistryCustomizer> (0x00000000c41d80c8) thrown at [./open/src/hotspot/share/classfile/systemDictionary.cpp, line 228]
Event: 10.606 Thread 0x000001f96eac5000 Exception <a 'java/lang/ClassNotFoundException'{0x00000000c41eee40}: org/springframework/boot/web/servlet/server/ServletWebServerFactoryCustomizer> (0x00000000c41eee40) thrown at [./open/src/hotspot/share/classfile/systemDictionary.cpp, line 228]

Events (10 events):
Event: 10.605 loading class org/springframework/boot/web/servlet/server/ServletWebServerFactoryCustomizer done
Event: 10.605 loading class org/springframework/boot/web/servlet/server/ServletWebServerFactoryCustomizer
Event: 10.605 loading class org/springframework/boot/web/servlet/server/ServletWebServerFactoryCustomizer done
Event: 10.606 loading class org/springframework/boot/web/servlet/server/ServletWebServerFactoryCustomizer
Event: 10.606 loading class org/springframework/boot/web/servlet/server/ServletWebServerFactoryCustomizer done
Event: 10.607 loading class org/springframework/boot/web/servlet/WebListenerRegistryCustomizer
Event: 10.607 loading class org/springframework/boot/web/servlet/WebListenerRegistryCustomizer done
Event: 10.607 loading class org/springframework/boot/web/servlet/WebListenerRegistryCustomizer
Event: 10.607 loading class org/springframework/boot/web/servlet/WebListenerRegistryCustomizer done
Event: 10.608 Executing VM operation: G1CollectForAllocation


Dynamic libraries:
0x00007ff683670000 - 0x00007ff68367f000 	C:\Program Files\Java\jdk-11.0.12\bin\java.exe
0x00007ff8759d0000 - 0x00007ff875bc8000 	C:\WINDOWS\SYSTEM32\ntdll.dll
0x00007ff8755f0000 - 0x00007ff8756af000 	C:\WINDOWS\System32\KERNEL32.DLL
0x00007ff8730d0000 - 0x00007ff8733a2000 	C:\WINDOWS\System32\KERNELBASE.dll
0x00007ff8735f0000 - 0x00007ff8736f0000 	C:\WINDOWS\System32\ucrtbase.dll
0x00007ff863850000 - 0x00007ff863868000 	C:\Program Files\Java\jdk-11.0.12\bin\jli.dll
0x00007ff863830000 - 0x00007ff863845000 	C:\Program Files\Java\jdk-11.0.12\bin\VCRUNTIME140.dll
0x00007ff8756e0000 - 0x00007ff87578e000 	C:\WINDOWS\System32\ADVAPI32.dll
0x00007ff873b50000 - 0x00007ff873bee000 	C:\WINDOWS\System32\msvcrt.dll
0x00007ff873bf0000 - 0x00007ff873c8c000 	C:\WINDOWS\System32\sechost.dll
0x00007ff875790000 - 0x00007ff8758b4000 	C:\WINDOWS\System32\RPCRT4.dll
0x00007ff864290000 - 0x00007ff86452a000 	C:\WINDOWS\WinSxS\amd64_microsoft.windows.common-controls_6595b64144ccf1df_6.0.19041.1110_none_60b5254171f9507e\COMCTL32.dll
0x00007ff874a70000 - 0x00007ff874a9b000 	C:\WINDOWS\System32\GDI32.dll
0x00007ff873910000 - 0x00007ff873932000 	C:\WINDOWS\System32\win32u.dll
0x00007ff875200000 - 0x00007ff8753a1000 	C:\WINDOWS\System32\USER32.dll
0x00007ff8736f0000 - 0x00007ff8737ff000 	C:\WINDOWS\System32\gdi32full.dll
0x00007ff873800000 - 0x00007ff87389d000 	C:\WINDOWS\System32\msvcp_win.dll
0x00007ff8652e0000 - 0x00007ff8652ea000 	C:\WINDOWS\SYSTEM32\VERSION.dll
0x00007ff8756b0000 - 0x00007ff8756e0000 	C:\WINDOWS\System32\IMM32.DLL
0x00007ff84f0f0000 - 0x00007ff84f18b000 	C:\Program Files\Java\jdk-11.0.12\bin\msvcp140.dll
0x00007ff845180000 - 0x00007ff845c7f000 	C:\Program Files\Java\jdk-11.0.12\bin\server\jvm.dll
0x00007ff873ec0000 - 0x00007ff873ec8000 	C:\WINDOWS\System32\PSAPI.DLL
0x00007ff867bb0000 - 0x00007ff867bb9000 	C:\WINDOWS\SYSTEM32\WSOCK32.dll
0x00007ff857ae0000 - 0x00007ff857b07000 	C:\WINDOWS\SYSTEM32\WINMM.dll
0x00007ff873a30000 - 0x00007ff873a9b000 	C:\WINDOWS\System32\WS2_32.dll
0x00007ff870f90000 - 0x00007ff870fa2000 	C:\WINDOWS\SYSTEM32\kernel.appcore.dll
0x00007ff86bb40000 - 0x00007ff86bb50000 	C:\Program Files\Java\jdk-11.0.12\bin\verify.dll
0x00007ff85f660000 - 0x00007ff85f844000 	C:\WINDOWS\SYSTEM32\DBGHELP.DLL
0x00007ff85f580000 - 0x00007ff85f5b5000 	C:\WINDOWS\SYSTEM32\dbgcore.DLL
0x00007ff8733b0000 - 0x00007ff873432000 	C:\WINDOWS\System32\bcryptPrimitives.dll
0x00007ff86a8b0000 - 0x00007ff86a8d8000 	C:\Program Files\Java\jdk-11.0.12\bin\java.dll
0x00007ff86a8a0000 - 0x00007ff86a8aa000 	C:\Program Files\Java\jdk-11.0.12\bin\jimage.dll
0x00007ff86a880000 - 0x00007ff86a896000 	C:\Program Files\Java\jdk-11.0.12\bin\zip.dll
0x00007ff874ab0000 - 0x00007ff8751f5000 	C:\WINDOWS\System32\SHELL32.dll
0x00007ff871190000 - 0x00007ff871922000 	C:\WINDOWS\SYSTEM32\windows.storage.dll
0x00007ff873ed0000 - 0x00007ff874225000 	C:\WINDOWS\System32\combase.dll
0x00007ff872a50000 - 0x00007ff872a80000 	C:\WINDOWS\SYSTEM32\Wldp.dll
0x00007ff873cf0000 - 0x00007ff873d9d000 	C:\WINDOWS\System32\SHCORE.dll
0x00007ff873c90000 - 0x00007ff873ce5000 	C:\WINDOWS\System32\shlwapi.dll
0x00007ff873010000 - 0x00007ff87302f000 	C:\WINDOWS\SYSTEM32\profapi.dll
0x00007ff86a860000 - 0x00007ff86a879000 	C:\Program Files\Java\jdk-11.0.12\bin\net.dll
0x00007ff867350000 - 0x00007ff86745a000 	C:\WINDOWS\SYSTEM32\WINHTTP.dll
0x00007ff8727b0000 - 0x00007ff87281a000 	C:\WINDOWS\system32\mswsock.dll
0x00007ff86a840000 - 0x00007ff86a852000 	C:\Program Files\Java\jdk-11.0.12\bin\nio.dll
0x00007ff86d2d0000 - 0x00007ff86d2d9000 	C:\Program Files\Java\jdk-11.0.12\bin\management.dll
0x00007ff86d2c0000 - 0x00007ff86d2cb000 	C:\Program Files\Java\jdk-11.0.12\bin\management_ext.dll
0x00007ff858a90000 - 0x00007ff858aa7000 	C:\WINDOWS\system32\napinsp.dll
0x00007ff858a70000 - 0x00007ff858a8b000 	C:\WINDOWS\system32\pnrpnsp.dll
0x00007ff86dd10000 - 0x00007ff86dd25000 	C:\WINDOWS\system32\wshbth.dll
0x00007ff86e930000 - 0x00007ff86e94d000 	C:\WINDOWS\system32\NLAapi.dll
0x00007ff8724a0000 - 0x00007ff8724db000 	C:\WINDOWS\SYSTEM32\IPHLPAPI.DLL
0x00007ff8724e0000 - 0x00007ff8725ab000 	C:\WINDOWS\SYSTEM32\DNSAPI.dll
0x00007ff873a20000 - 0x00007ff873a28000 	C:\WINDOWS\System32\NSI.dll
0x00007ff858a50000 - 0x00007ff858a62000 	C:\WINDOWS\System32\winrnr.dll
0x00007ff861eb0000 - 0x00007ff861eba000 	C:\Windows\System32\rasadhlp.dll
0x00007ff861dd0000 - 0x00007ff861e50000 	C:\WINDOWS\System32\fwpuclnt.dll
0x00007ff873940000 - 0x00007ff873967000 	C:\WINDOWS\System32\bcrypt.dll

dbghelp: loaded successfully - version: 4.0.5 - missing functions: none
symbol engine: initialized successfully - sym options: 0x614 - pdb path: .;C:\Program Files\Java\jdk-11.0.12\bin;C:\WINDOWS\SYSTEM32;C:\WINDOWS\WinSxS\amd64_microsoft.windows.common-controls_6595b64144ccf1df_6.0.19041.1110_none_60b5254171f9507e;C:\Program Files\Java\jdk-11.0.12\bin\server

VM Arguments:
jvm_args: -Xverify:none -XX:TieredStopAtLevel=1 -Dfile.encoding=windows-1252 -Duser.country=AR -Duser.language=es -Duser.variant 
java_command: com.mindhub.homebanking.HomeBankingApplication
java_class_path (initial): C:\Users\EXEQUIEL\Desktop\Programación\MindHub\Cohorte 44\Modulo 3 JAVA\homebanking\homebanking\src\main\resources;C:\Users\EXEQUIEL\Desktop\Programación\MindHub\Cohorte 44\Modulo 3 JAVA\homebanking\homebanking\build\classes\java\main;C:\Users\EXEQUIEL\.gradle\caches\modules-2\files-2.1\com.h2database\h2\2.1.214\d5c2005c9e3279201e12d4776c948578b16bf8b2\h2-2.1.214.jar;C:\Users\EXEQUIEL\.gradle\caches\modules-2\files-2.1\jakarta.transaction\jakarta.transaction-api\1.3.3\c4179d48720a1e87202115fbed6089bdc4195405\jakarta.transaction-api-1.3.3.jar;C:\Users\EXEQUIEL\.gradle\caches\modules-2\files-2.1\jakarta.persistence\jakarta.persistence-api\2.2.3\8f6ea5daedc614f07a3654a455660145286f024e\jakarta.persistence-api-2.2.3.jar;C:\Users\EXEQUIEL\.gradle\caches\modules-2\files-2.1\org.hibernate\hibernate-core\5.6.15.Final\ab14b7cef1fdff654ca81923048a6034d6c7cfa7\hibernate-core-5.6.15.Final.jar;C:\Users\EXEQUIEL\.gradle\caches\modules-2\files-2.1\org.springframework.data\spring-data-jpa\2.7.10\dfb83414eb6a8609bd71dc3ddae82e973698a091\spring-data-jpa-2.7.10.jar;C:\Users\EXEQUIEL\.gradle\caches\modules-2\files-2.1\org.springframework\spring-aspects\5.3.26\a2614dbb277b9c7938776c6273a25e3f8342a23e\spring-aspects-5.3.26.jar;C:\Users\EXEQUIEL\.gradle\caches\modules-2\files-2.1\org.springframework.data\spring-data-rest-webmvc\3.7.10\d4f50023d02c8d7bc8f7069fff4fb144cbca427f\spring-data-rest-webmvc-3.7.10.jar;C:\Users\EXEQUIEL\.gradle\caches\modules-2\files-2.1\org.springframework\spring-webmvc\5.3.26\539e1d03decbec523b7ad87fb786fd0b1cf29ce\spring-webmvc-5.3.26.jar;C:\Users\EXEQUIEL\.gradle\caches\modules-2\files-2.1\org.springframework.data\spring-data-rest-core\3.7.10\dde31898ea985a388252a62b237bcf3ddd29c095\spring-data-rest-core-3.7.10.jar;C:\Users\EXEQUIEL\.gradle\caches\modules-2\files-2.1\org.springframework.hateoas\spring-hateoas\1.5.4\8c70b6a7bf26cd76c6e61934fd0bcb31ce2b873\spring-hateoas-1.5.4.jar;C:\Users\EXEQUIEL\.gradle\caches\modules-2\files-2.1\o
Launcher Type: SUN_STANDARD

[Global flags]
     bool BytecodeVerificationLocal                = false                                     {product} {command line}
     bool BytecodeVerificationRemote               = false                                     {product} {command line}
     intx CICompilerCount                          = 2                                         {product} {ergonomic}
     uint ConcGCThreads                            = 1                                         {product} {ergonomic}
     uint G1ConcRefinementThreads                  = 2                                         {product} {ergonomic}
   size_t G1HeapRegionSize                         = 1048576                                   {product} {ergonomic}
    uintx GCDrainStackTargetSize                   = 64                                        {product} {ergonomic}
   size_t InitialHeapSize                          = 67108864                                  {product} {ergonomic}
   size_t MarkStackSize                            = 4194304                                   {product} {ergonomic}
   size_t MaxHeapSize                              = 1042284544                                {product} {ergonomic}
   size_t MaxNewSize                               = 624951296                                 {product} {ergonomic}
   size_t MinHeapDeltaBytes                        = 1048576                                   {product} {ergonomic}
    uintx NonNMethodCodeHeapSize                   = 6396312                                {pd product} {ergonomic}
    uintx NonProfiledCodeHeapSize                  = 245261928                              {pd product} {ergonomic}
    uintx ProfiledCodeHeapSize                     = 0                                      {pd product} {ergonomic}
    uintx ReservedCodeCacheSize                    = 251658240                              {pd product} {ergonomic}
     bool SegmentedCodeCache                       = true                                      {product} {ergonomic}
     intx TieredStopAtLevel                        = 1                                         {product} {command line}
     bool UseCompressedClassPointers               = true                                 {lp64_product} {ergonomic}
     bool UseCompressedOops                        = true                                 {lp64_product} {ergonomic}
     bool UseG1GC                                  = true                                      {product} {ergonomic}
     bool UseLargePagesIndividualAllocation        = false                                  {pd product} {ergonomic}

Logging:
Log output configuration:
 #0: stdout all=warning uptime,level,tags
 #1: stderr all=off uptime,level,tags

Environment Variables:
PATH=C:\Program Files\Java\jdk-11.0.12\bin;C:\Program Files\Common Files\Oracle\Java\javapath;C:\WINDOWS\system32;C:\WINDOWS;C:\WINDOWS\System32\Wbem;C:\WINDOWS\System32\WindowsPowerShell\v1.0\;C:\WINDOWS\System32\OpenSSH\;C:\Program Files (x86)\Common Files\Propellerhead Software\ReWire\;C:\Program Files\Common Files\Propellerhead Software\ReWire\;C:\Program Files\dotnet\;C:\Program Files\nodejs\;C:\Program Files\Git\cmd;C:\Users\EXEQUIEL\AppData\Local\Microsoft\WindowsApps;C:\Users\EXEQUIEL\.dotnet\tools;C:\Users\EXEQUIEL\AppData\Local\Programs\Microsoft VS Code\bin;C:\Users\EXEQUIEL\AppData\Roaming\npm
USERNAME=Ezequiel
OS=Windows_NT
PROCESSOR_IDENTIFIER=Intel64 Family 6 Model 58 Stepping 9, GenuineIntel



---------------  S Y S T E M  ---------------

OS: Windows 10 , 64 bit Build 19041 (10.0.19041.2546)

CPU:total 2 (initial active 2) (2 cores per cpu, 1 threads per core) family 6 model 58 stepping 9 microcode 0x21, cmov, cx8, fxsr, mmx, sse, sse2, sse3, ssse3, sse4.1, sse4.2, popcnt, clmul, erms, tsc, tscinvbit, tscinv

Memory: 4k page, system-wide physical 3972M (226M free)
TotalPageFile size 6756M (AvailPageFile size 20M)
current process WorkingSet (physical memory assigned to process): 126M, peak: 128M
current process commit charge ("private bytes"): 175M, peak: 191M

vm_info: Java HotSpot(TM) 64-Bit Server VM (11.0.12+8-LTS-237) for windows-amd64 JRE (11.0.12+8-LTS-237), built on Jun  8 2021 11:25:59 by "mach5one" with MS VC++ 15.9 (VS2017)

END.
