#
# There is insufficient memory for the Java Runtime Environment to continue.
# Native memory allocation (malloc) failed to allocate 1745616 bytes for Chunk::new
# Possible reasons:
#   The system is out of physical RAM or swap space
#   The process is running with CompressedOops enabled, and the Java Heap may be blocking the growth of the native heap
# Possible solutions:
#   Reduce memory load on the system
#   Increase physical memory or swap space
#   Check if swap backing store is full
#   Decrease Java heap size (-Xmx/-Xms)
#   Decrease number of Java threads
#   Decrease Java thread stack sizes (-Xss)
#   Set larger code cache with -XX:ReservedCodeCacheSize=
#   JVM is running with Unscaled Compressed Oops mode in which the Java heap is
#     placed in the first 4GB address space. The Java Heap base address is the
#     maximum limit for the native heap growth. Please use -XX:HeapBaseMinAddress
#     to set the Java Heap base and to place the Java Heap above 4GB virtual address.
# This output file may be truncated or incomplete.
#
#  Out of Memory Error (./open/src/hotspot/share/memory/arena.cpp:197), pid=5392, tid=10060
#
# JRE version: Java(TM) SE Runtime Environment 18.9 (11.0.12+8) (build 11.0.12+8-LTS-237)
# Java VM: Java HotSpot(TM) 64-Bit Server VM 18.9 (11.0.12+8-LTS-237, mixed mode, tiered, compressed oops, g1 gc, windows-amd64)
# No core dump will be written. Minidumps are not enabled by default on client versions of Windows
#

---------------  S U M M A R Y ------------

Command Line: --add-opens=java.base/java.util=ALL-UNNAMED --add-opens=java.base/java.lang=ALL-UNNAMED --add-opens=java.base/java.lang.invoke=ALL-UNNAMED --add-opens=java.prefs/java.util.prefs=ALL-UNNAMED --add-opens=java.base/java.nio.charset=ALL-UNNAMED --add-opens=java.base/java.net=ALL-UNNAMED --add-opens=java.base/java.util.concurrent.atomic=ALL-UNNAMED -XX:MaxMetaspaceSize=256m -XX:+HeapDumpOnOutOfMemoryError -Xms256m -Xmx512m -Dfile.encoding=windows-1252 -Duser.country=AR -Duser.language=es -Duser.variant org.gradle.launcher.daemon.bootstrap.GradleDaemon 7.6.1

Host: Intel(R) Celeron(R) CPU 1007U @ 1.50GHz, 2 cores, 3G,  Windows 10 , 64 bit Build 19041 (10.0.19041.2546)
Time: Mon Apr  3 16:31:16 2023 Hora estndar de Argentina elapsed time: 27.032273 seconds (0d 0h 0m 27s)

---------------  T H R E A D  ---------------

Current thread (0x000001cb9ef9a000):  JavaThread "C2 CompilerThread0" daemon [_thread_in_native, id=10060, stack(0x0000000101100000,0x0000000101200000)]


Current CompileTask:
C2:  27032 5000 %     4       org.gradle.internal.instantiation.generator.AbstractClassGenerator::inspectType @ 77 (560 bytes)

Stack: [0x0000000101100000,0x0000000101200000]
Native frames: (J=compiled Java code, j=interpreted, Vv=VM code, C=native code)
V  [jvm.dll+0x617d9a]
V  [jvm.dll+0x74eeef]
V  [jvm.dll+0x750599]
V  [jvm.dll+0x750c23]
V  [jvm.dll+0x2438d8]
V  [jvm.dll+0xba6dc]
V  [jvm.dll+0xbac9c]
V  [jvm.dll+0x3469b7]
V  [jvm.dll+0x3147a3]
V  [jvm.dll+0x313aea]
V  [jvm.dll+0x1fd105]
V  [jvm.dll+0x1fc2ed]
V  [jvm.dll+0x17f18c]
V  [jvm.dll+0x20b87c]
V  [jvm.dll+0x20997b]
V  [jvm.dll+0x716359]
V  [jvm.dll+0x70f064]
V  [jvm.dll+0x616f66]
C  [ucrtbase.dll+0x21bb2]
C  [KERNEL32.DLL+0x17614]
C  [ntdll.dll+0x526a1]


---------------  P R O C E S S  ---------------

Threads class SMR info:
_java_thread_list=0x000001cbb1959a20, length=54, elements={
0x000001cb83fd7800, 0x000001cb9ef6d000, 0x000001cb9ef77800, 0x000001cb9ef94000,
0x000001cb9ef95000, 0x000001cb9ef97000, 0x000001cb9ef9a000, 0x000001cb9ef9b000,
0x000001cb9ef9e800, 0x000001cbaf261000, 0x000001cbb1c70000, 0x000001cbb0240800,
0x000001cbb1fdd000, 0x000001cbb0782800, 0x000001cbb1e2f000, 0x000001cbb1e2f800,
0x000001cbafda4000, 0x000001cbb20c0000, 0x000001cbb1fa5000, 0x000001cbb1fa5800,
0x000001cbb05ec000, 0x000001cbb05e8000, 0x000001cbb05e6800, 0x000001cbb05ed000,
0x000001cbb05ea000, 0x000001cbb05eb800, 0x000001cbb05ea800, 0x000001cbb05e7800,
0x000001cbb05e9000, 0x000001cbb1359000, 0x000001cbb135a000, 0x000001cbb1356800,
0x000001cbb135b000, 0x000001cbb135d800, 0x000001cbb1358800, 0x000001cbaf67e000,
0x000001cbaf67d800, 0x000001cbaf67f000, 0x000001cbaf67c000, 0x000001cbaf67c800,
0x000001cbaf680000, 0x000001cbaf67b000, 0x000001cbaf681800, 0x000001cbaf682800,
0x000001cbaf684000, 0x000001cbaf683000, 0x000001cbaf684800, 0x000001cbaf685800,
0x000001cbaf686800, 0x000001cbaf680800, 0x000001cbaf687000, 0x000001cbaf689800,
0x000001cbaf689000, 0x000001cbaf688000
}

Java Threads: ( => current thread )
  0x000001cb83fd7800 JavaThread "main" [_thread_blocked, id=4920, stack(0x0000000100500000,0x0000000100600000)]
  0x000001cb9ef6d000 JavaThread "Reference Handler" daemon [_thread_blocked, id=1236, stack(0x0000000100c00000,0x0000000100d00000)]
  0x000001cb9ef77800 JavaThread "Finalizer" daemon [_thread_blocked, id=8596, stack(0x0000000100d00000,0x0000000100e00000)]
  0x000001cb9ef94000 JavaThread "Signal Dispatcher" daemon [_thread_blocked, id=5568, stack(0x0000000100e00000,0x0000000100f00000)]
  0x000001cb9ef95000 JavaThread "Attach Listener" daemon [_thread_blocked, id=10372, stack(0x0000000100f00000,0x0000000101000000)]
  0x000001cb9ef97000 JavaThread "Service Thread" daemon [_thread_blocked, id=8892, stack(0x0000000101000000,0x0000000101100000)]
=>0x000001cb9ef9a000 JavaThread "C2 CompilerThread0" daemon [_thread_in_native, id=10060, stack(0x0000000101100000,0x0000000101200000)]
  0x000001cb9ef9b000 JavaThread "C1 CompilerThread0" daemon [_thread_blocked, id=8972, stack(0x0000000101200000,0x0000000101300000)]
  0x000001cb9ef9e800 JavaThread "Sweeper thread" daemon [_thread_blocked, id=7472, stack(0x0000000101300000,0x0000000101400000)]
  0x000001cbaf261000 JavaThread "Common-Cleaner" daemon [_thread_blocked, id=7036, stack(0x0000000101400000,0x0000000101500000)]
  0x000001cbb1c70000 JavaThread "Daemon health stats" [_thread_blocked, id=11068, stack(0x0000000101700000,0x0000000101800000)]
  0x000001cbb0240800 JavaThread "Incoming local TCP Connector on port 55169" [_thread_in_native, id=4476, stack(0x0000000101800000,0x0000000101900000)]
  0x000001cbb1fdd000 JavaThread "Daemon" [_thread_blocked, id=1556, stack(0x0000000101900000,0x0000000101a00000)]
  0x000001cbb0782800 JavaThread "Daemon periodic checks" [_thread_blocked, id=10320, stack(0x0000000101a00000,0x0000000101b00000)]
  0x000001cbb1e2f000 JavaThread "Handler for socket connection from /127.0.0.1:55169 to /127.0.0.1:55170" [_thread_in_native, id=8752, stack(0x0000000101b00000,0x0000000101c00000)]
  0x000001cbb1e2f800 JavaThread "Cancel handler" [_thread_blocked, id=6016, stack(0x0000000101c00000,0x0000000101d00000)]
  0x000001cbafda4000 JavaThread "Daemon worker" [_thread_in_vm, id=10076, stack(0x0000000101d00000,0x0000000101e00000)]
  0x000001cbb20c0000 JavaThread "Asynchronous log dispatcher for DefaultDaemonConnection: socket connection from /127.0.0.1:55169 to /127.0.0.1:55170" [_thread_blocked, id=10596, stack(0x0000000101e00000,0x0000000101f00000)]
  0x000001cbb1fa5000 JavaThread "Stdin handler" [_thread_blocked, id=6408, stack(0x0000000101f00000,0x0000000102000000)]
  0x000001cbb1fa5800 JavaThread "Daemon client event forwarder" [_thread_blocked, id=3084, stack(0x0000000102000000,0x0000000102100000)]
  0x000001cbb05ec000 JavaThread "Cache worker for journal cache (C:\Users\EXEQUIEL\.gradle\caches\journal-1)" [_thread_blocked, id=10388, stack(0x0000000102100000,0x0000000102200000)]
  0x000001cbb05e8000 JavaThread "File lock request listener" [_thread_in_native, id=9984, stack(0x0000000102200000,0x0000000102300000)]
  0x000001cbb05e6800 JavaThread "Cache worker for file hash cache (C:\Users\EXEQUIEL\.gradle\caches\7.6.1\fileHashes)" [_thread_blocked, id=11252, stack(0x0000000102300000,0x0000000102400000)]
  0x000001cbb05ed000 JavaThread "File watcher server" daemon [_thread_in_native, id=1468, stack(0x0000000102400000,0x0000000102500000)]
  0x000001cbb05ea000 JavaThread "File watcher consumer" daemon [_thread_blocked, id=3492, stack(0x0000000102500000,0x0000000102600000)]
  0x000001cbb05eb800 JavaThread "Cache worker for checksums cache (C:\Users\EXEQUIEL\Desktop\Programaci贸n\MindHub\Cohorte 44\Modulo 3 JAVA\homebanking\homebanking\.gradle\7.6.1\checksums)" [_thread_blocked, id=8132, stack(0x0000000102600000,0x0000000102700000)]
  0x000001cbb05ea800 JavaThread "Cache worker for cache directory md-rule (C:\Users\EXEQUIEL\.gradle\caches\7.6.1\md-rule)" [_thread_blocked, id=3688, stack(0x0000000102700000,0x0000000102800000)]
  0x000001cbb05e7800 JavaThread "Cache worker for file content cache (C:\Users\EXEQUIEL\.gradle\caches\7.6.1\fileContent)" [_thread_blocked, id=5656, stack(0x0000000102800000,0x0000000102900000)]
  0x000001cbb05e9000 JavaThread "Cache worker for file hash cache (C:\Users\EXEQUIEL\Desktop\Programaci贸n\MindHub\Cohorte 44\Modulo 3 JAVA\homebanking\homebanking\.gradle\7.6.1\fileHashes)" [_thread_blocked, id=9536, stack(0x0000000102900000,0x0000000102a00000)]
  0x000001cbb1359000 JavaThread "Cache worker for cache directory md-supplier (C:\Users\EXEQUIEL\.gradle\caches\7.6.1\md-supplier)" [_thread_blocked, id=6972, stack(0x0000000102a00000,0x0000000102b00000)]
  0x000001cbb135a000 JavaThread "Cache worker for execution history cache (C:\Users\EXEQUIEL\.gradle\caches\7.6.1\executionHistory)" [_thread_blocked, id=9320, stack(0x0000000102b00000,0x0000000102c00000)]
  0x000001cbb1356800 JavaThread "jar transforms" [_thread_blocked, id=1384, stack(0x0000000102c00000,0x0000000102d00000)]
  0x000001cbb135b000 JavaThread "jar transforms Thread 2" [_thread_blocked, id=3552, stack(0x0000000102d00000,0x0000000102e00000)]
  0x000001cbb135d800 JavaThread "Cache worker for dependencies-accessors (C:\Users\EXEQUIEL\Desktop\Programaci贸n\MindHub\Cohorte 44\Modulo 3 JAVA\homebanking\homebanking\.gradle\7.6.1\dependencies-accessors)" [_thread_blocked, id=4220, stack(0x0000000102e00000,0x0000000102f00000)]
  0x000001cbb1358800 JavaThread "Cache worker for Build Output Cleanup Cache (C:\Users\EXEQUIEL\Desktop\Programaci贸n\MindHub\Cohorte 44\Modulo 3 JAVA\homebanking\homebanking\.gradle\buildOutputCleanup)" [_thread_blocked, id=10732, stack(0x0000000102f00000,0x0000000103000000)]
  0x000001cbaf67e000 JavaThread "Unconstrained build operations" [_thread_blocked, id=8280, stack(0x0000000103000000,0x0000000103100000)]
  0x000001cbaf67d800 JavaThread "Unconstrained build operations Thread 2" [_thread_blocked, id=1540, stack(0x0000000103100000,0x0000000103200000)]
  0x000001cbaf67f000 JavaThread "Unconstrained build operations Thread 3" [_thread_blocked, id=4648, stack(0x0000000103200000,0x0000000103300000)]
  0x000001cbaf67c000 JavaThread "Unconstrained build operations Thread 4" [_thread_blocked, id=9072, stack(0x0000000103300000,0x0000000103400000)]
  0x000001cbaf67c800 JavaThread "Unconstrained build operations Thread 5" [_thread_blocked, id=6240, stack(0x0000000103400000,0x0000000103500000)]
  0x000001cbaf680000 JavaThread "Unconstrained build operations Thread 6" [_thread_blocked, id=3744, stack(0x0000000103500000,0x0000000103600000)]
  0x000001cbaf67b000 JavaThread "Unconstrained build operations Thread 7" [_thread_blocked, id=6740, stack(0x0000000103600000,0x0000000103700000)]
  0x000001cbaf681800 JavaThread "Unconstrained build operations Thread 8" [_thread_blocked, id=5104, stack(0x0000000103700000,0x0000000103800000)]
  0x000001cbaf682800 JavaThread "Unconstrained build operations Thread 9" [_thread_blocked, id=1948, stack(0x0000000103800000,0x0000000103900000)]
  0x000001cbaf684000 JavaThread "Unconstrained build operations Thread 10" [_thread_blocked, id=11232, stack(0x0000000103900000,0x0000000103a00000)]
  0x000001cbaf683000 JavaThread "Unconstrained build operations Thread 11" [_thread_blocked, id=7496, stack(0x0000000103a00000,0x0000000103b00000)]
  0x000001cbaf684800 JavaThread "Unconstrained build operations Thread 12" [_thread_blocked, id=4364, stack(0x0000000103b00000,0x0000000103c00000)]
  0x000001cbaf685800 JavaThread "Unconstrained build operations Thread 13" [_thread_blocked, id=10824, stack(0x0000000103c00000,0x0000000103d00000)]
  0x000001cbaf686800 JavaThread "Unconstrained build operations Thread 14" [_thread_blocked, id=10972, stack(0x0000000103d00000,0x0000000103e00000)]
  0x000001cbaf680800 JavaThread "Unconstrained build operations Thread 15" [_thread_blocked, id=10044, stack(0x0000000103e00000,0x0000000103f00000)]
  0x000001cbaf687000 JavaThread "Unconstrained build operations Thread 16" [_thread_blocked, id=9808, stack(0x0000000103f00000,0x0000000104000000)]
  0x000001cbaf689800 JavaThread "Unconstrained build operations Thread 17" [_thread_blocked, id=9804, stack(0x0000000104000000,0x0000000104100000)]
  0x000001cbaf689000 JavaThread "Unconstrained build operations Thread 18" [_thread_blocked, id=1172, stack(0x0000000104100000,0x0000000104200000)]
  0x000001cbaf688000 JavaThread "Memory manager" [_thread_blocked, id=8504, stack(0x0000000104200000,0x0000000104300000)]

Other Threads:
  0x000001cb9ef6b800 VMThread "VM Thread" [stack: 0x0000000100b00000,0x0000000100c00000] [id=11088]
  0x000001cbaf2a2000 WatcherThread [stack: 0x0000000101500000,0x0000000101600000] [id=8412]
  0x000001cb83feb800 GCTaskThread "GC Thread#0" [stack: 0x0000000100600000,0x0000000100700000] [id=9936]
  0x000001cbaf712000 GCTaskThread "GC Thread#1" [stack: 0x0000000101600000,0x0000000101700000] [id=4276]
  0x000001cb83ffd000 ConcurrentGCThread "G1 Main Marker" [stack: 0x0000000100700000,0x0000000100800000] [id=10536]
  0x000001cb83fff800 ConcurrentGCThread "G1 Conc#0" [stack: 0x0000000100800000,0x0000000100900000] [id=7008]
  0x000001cb840be000 ConcurrentGCThread "G1 Refine#0" [stack: 0x0000000100900000,0x0000000100a00000] [id=756]
  0x000001cb9ede6800 ConcurrentGCThread "G1 Young RemSet Sampling" [stack: 0x0000000100a00000,0x0000000100b00000] [id=2232]

Threads with active compile tasks:
C2 CompilerThread0  27127 5000 %     4       org.gradle.internal.instantiation.generator.AbstractClassGenerator::inspectType @ 77 (560 bytes)

VM state:not at safepoint (normal execution)

VM Mutex/Monitor currently owned by a thread: None

Heap address: 0x00000000e0000000, size: 512 MB, Compressed Oops mode: 32-bit
Narrow klass base: 0x000001cb9efc0000, Narrow klass shift: 0
Compressed class space size: 260046848 Address: 0x000001cb9efc0000

Heap:
 garbage-first heap   total 262144K, used 36735K [0x00000000e0000000, 0x0000000100000000)
  region size 1024K, 16 young (16384K), 15 survivors (15360K)
 Metaspace       used 56252K, capacity 58052K, committed 58288K, reserved 305152K
  class space    used 7448K, capacity 8130K, committed 8192K, reserved 253952K
Heap Regions: E=young(eden), S=young(survivor), O=old, HS=humongous(starts), HC=humongous(continues), CS=collection set, F=free, A=archive, TAMS=top-at-mark-start (previous, next)
|   0|0x00000000e0000000, 0x00000000e0100000, 0x00000000e0100000|100%| O|  |TAMS 0x00000000e0100000, 0x00000000e0000000| Untracked 
|   1|0x00000000e0100000, 0x00000000e0200000, 0x00000000e0200000|100%|HS|  |TAMS 0x00000000e0200000, 0x00000000e0100000| Complete 
|   2|0x00000000e0200000, 0x00000000e0300000, 0x00000000e0300000|100%|HC|  |TAMS 0x00000000e0300000, 0x00000000e0200000| Complete 
|   3|0x00000000e0300000, 0x00000000e0400000, 0x00000000e0400000|100%|HC|  |TAMS 0x00000000e0400000, 0x00000000e0300000| Complete 
|   4|0x00000000e0400000, 0x00000000e0500000, 0x00000000e0500000|100%| O|  |TAMS 0x00000000e0500000, 0x00000000e0400000| Untracked 
|   5|0x00000000e0500000, 0x00000000e0600000, 0x00000000e0600000|100%| O|  |TAMS 0x00000000e0600000, 0x00000000e0500000| Untracked 
|   6|0x00000000e0600000, 0x00000000e0700000, 0x00000000e0700000|100%| O|  |TAMS 0x00000000e0700000, 0x00000000e0600000| Untracked 
|   7|0x00000000e0700000, 0x00000000e0800000, 0x00000000e0800000|100%| O|  |TAMS 0x00000000e0800000, 0x00000000e0700000| Untracked 
|   8|0x00000000e0800000, 0x00000000e0900000, 0x00000000e0900000|100%| O|  |TAMS 0x00000000e0900000, 0x00000000e0800000| Untracked 
|   9|0x00000000e0900000, 0x00000000e0a00000, 0x00000000e0a00000|100%| O|  |TAMS 0x00000000e0a00000, 0x00000000e0900000| Untracked 
|  10|0x00000000e0a00000, 0x00000000e0b00000, 0x00000000e0b00000|100%| O|  |TAMS 0x00000000e0b00000, 0x00000000e0a00000| Untracked 
|  11|0x00000000e0b00000, 0x00000000e0c00000, 0x00000000e0c00000|100%| O|  |TAMS 0x00000000e0c00000, 0x00000000e0b00000| Untracked 
|  12|0x00000000e0c00000, 0x00000000e0d00000, 0x00000000e0d00000|100%| O|  |TAMS 0x00000000e0d00000, 0x00000000e0c00000| Untracked 
|  13|0x00000000e0d00000, 0x00000000e0e00000, 0x00000000e0e00000|100%| O|  |TAMS 0x00000000e0e00000, 0x00000000e0d00000| Untracked 
|  14|0x00000000e0e00000, 0x00000000e0f00000, 0x00000000e0f00000|100%| O|  |TAMS 0x00000000e0ee1800, 0x00000000e0e00000| Untracked 
|  15|0x00000000e0f00000, 0x00000000e1000000, 0x00000000e1000000|100%| O|  |TAMS 0x00000000e0f00000, 0x00000000e0f00000| Untracked 
|  16|0x00000000e1000000, 0x00000000e1100000, 0x00000000e1100000|100%| O|  |TAMS 0x00000000e1000000, 0x00000000e1000000| Untracked 
|  17|0x00000000e1100000, 0x00000000e1200000, 0x00000000e1200000|100%| O|  |TAMS 0x00000000e1100000, 0x00000000e1100000| Untracked 
|  18|0x00000000e1200000, 0x00000000e1300000, 0x00000000e1300000|100%| O|  |TAMS 0x00000000e1200000, 0x00000000e1200000| Untracked 
|  19|0x00000000e1300000, 0x00000000e1400000, 0x00000000e1400000|100%| O|  |TAMS 0x00000000e1300000, 0x00000000e1300000| Untracked 
|  20|0x00000000e1400000, 0x00000000e1500000, 0x00000000e1500000|100%| O|  |TAMS 0x00000000e1400000, 0x00000000e1400000| Untracked 
|  21|0x00000000e1500000, 0x00000000e154fe00, 0x00000000e1600000| 31%| O|  |TAMS 0x00000000e1500000, 0x00000000e1500000| Untracked 
|  22|0x00000000e1600000, 0x00000000e1600000, 0x00000000e1700000|  0%| F|  |TAMS 0x00000000e1600000, 0x00000000e1600000| Untracked 
|  23|0x00000000e1700000, 0x00000000e1700000, 0x00000000e1800000|  0%| F|  |TAMS 0x00000000e1700000, 0x00000000e1700000| Untracked 
|  24|0x00000000e1800000, 0x00000000e1800000, 0x00000000e1900000|  0%| F|  |TAMS 0x00000000e1800000, 0x00000000e1800000| Untracked 
|  25|0x00000000e1900000, 0x00000000e1900000, 0x00000000e1a00000|  0%| F|  |TAMS 0x00000000e1900000, 0x00000000e1900000| Untracked 
|  26|0x00000000e1a00000, 0x00000000e1a00000, 0x00000000e1b00000|  0%| F|  |TAMS 0x00000000e1a00000, 0x00000000e1a00000| Untracked 
|  27|0x00000000e1b00000, 0x00000000e1b00000, 0x00000000e1c00000|  0%| F|  |TAMS 0x00000000e1b00000, 0x00000000e1b00000| Untracked 
|  28|0x00000000e1c00000, 0x00000000e1c00000, 0x00000000e1d00000|  0%| F|  |TAMS 0x00000000e1c00000, 0x00000000e1c00000| Untracked 
|  29|0x00000000e1d00000, 0x00000000e1d00000, 0x00000000e1e00000|  0%| F|  |TAMS 0x00000000e1d00000, 0x00000000e1d00000| Untracked 
|  30|0x00000000e1e00000, 0x00000000e1e00000, 0x00000000e1f00000|  0%| F|  |TAMS 0x00000000e1e00000, 0x00000000e1e00000| Untracked 
|  31|0x00000000e1f00000, 0x00000000e1f00000, 0x00000000e2000000|  0%| F|  |TAMS 0x00000000e1f00000, 0x00000000e1f00000| Untracked 
|  32|0x00000000e2000000, 0x00000000e2000000, 0x00000000e2100000|  0%| F|  |TAMS 0x00000000e2000000, 0x00000000e2000000| Untracked 
|  33|0x00000000e2100000, 0x00000000e2100000, 0x00000000e2200000|  0%| F|  |TAMS 0x00000000e2100000, 0x00000000e2100000| Untracked 
|  34|0x00000000e2200000, 0x00000000e2200000, 0x00000000e2300000|  0%| F|  |TAMS 0x00000000e2200000, 0x00000000e2200000| Untracked 
|  35|0x00000000e2300000, 0x00000000e2300000, 0x00000000e2400000|  0%| F|  |TAMS 0x00000000e2300000, 0x00000000e2300000| Untracked 
|  36|0x00000000e2400000, 0x00000000e2400000, 0x00000000e2500000|  0%| F|  |TAMS 0x00000000e2400000, 0x00000000e2400000| Untracked 
|  37|0x00000000e2500000, 0x00000000e2500000, 0x00000000e2600000|  0%| F|  |TAMS 0x00000000e2500000, 0x00000000e2500000| Untracked 
|  38|0x00000000e2600000, 0x00000000e2600000, 0x00000000e2700000|  0%| F|  |TAMS 0x00000000e2600000, 0x00000000e2600000| Untracked 
|  39|0x00000000e2700000, 0x00000000e2700000, 0x00000000e2800000|  0%| F|  |TAMS 0x00000000e2700000, 0x00000000e2700000| Untracked 
|  40|0x00000000e2800000, 0x00000000e2800000, 0x00000000e2900000|  0%| F|  |TAMS 0x00000000e2800000, 0x00000000e2800000| Untracked 
|  41|0x00000000e2900000, 0x00000000e2900000, 0x00000000e2a00000|  0%| F|  |TAMS 0x00000000e2900000, 0x00000000e2900000| Untracked 
|  42|0x00000000e2a00000, 0x00000000e2a00000, 0x00000000e2b00000|  0%| F|  |TAMS 0x00000000e2a00000, 0x00000000e2a00000| Untracked 
|  43|0x00000000e2b00000, 0x00000000e2b00000, 0x00000000e2c00000|  0%| F|  |TAMS 0x00000000e2b00000, 0x00000000e2b00000| Untracked 
|  44|0x00000000e2c00000, 0x00000000e2c00000, 0x00000000e2d00000|  0%| F|  |TAMS 0x00000000e2c00000, 0x00000000e2c00000| Untracked 
|  45|0x00000000e2d00000, 0x00000000e2d00000, 0x00000000e2e00000|  0%| F|  |TAMS 0x00000000e2d00000, 0x00000000e2d00000| Untracked 
|  46|0x00000000e2e00000, 0x00000000e2e00000, 0x00000000e2f00000|  0%| F|  |TAMS 0x00000000e2e00000, 0x00000000e2e00000| Untracked 
|  47|0x00000000e2f00000, 0x00000000e2f00000, 0x00000000e3000000|  0%| F|  |TAMS 0x00000000e2f00000, 0x00000000e2f00000| Untracked 
|  48|0x00000000e3000000, 0x00000000e3000000, 0x00000000e3100000|  0%| F|  |TAMS 0x00000000e3000000, 0x00000000e3000000| Untracked 
|  49|0x00000000e3100000, 0x00000000e3100000, 0x00000000e3200000|  0%| F|  |TAMS 0x00000000e3100000, 0x00000000e3100000| Untracked 
|  50|0x00000000e3200000, 0x00000000e3200000, 0x00000000e3300000|  0%| F|  |TAMS 0x00000000e3200000, 0x00000000e3200000| Untracked 
|  51|0x00000000e3300000, 0x00000000e3300000, 0x00000000e3400000|  0%| F|  |TAMS 0x00000000e3300000, 0x00000000e3300000| Untracked 
|  52|0x00000000e3400000, 0x00000000e3400000, 0x00000000e3500000|  0%| F|  |TAMS 0x00000000e3400000, 0x00000000e3400000| Untracked 
|  53|0x00000000e3500000, 0x00000000e3500000, 0x00000000e3600000|  0%| F|  |TAMS 0x00000000e3500000, 0x00000000e3500000| Untracked 
|  54|0x00000000e3600000, 0x00000000e3600000, 0x00000000e3700000|  0%| F|  |TAMS 0x00000000e3600000, 0x00000000e3600000| Untracked 
|  55|0x00000000e3700000, 0x00000000e3700000, 0x00000000e3800000|  0%| F|  |TAMS 0x00000000e3700000, 0x00000000e3700000| Untracked 
|  56|0x00000000e3800000, 0x00000000e3800000, 0x00000000e3900000|  0%| F|  |TAMS 0x00000000e3800000, 0x00000000e3800000| Untracked 
|  57|0x00000000e3900000, 0x00000000e3900000, 0x00000000e3a00000|  0%| F|  |TAMS 0x00000000e3900000, 0x00000000e3900000| Untracked 
|  58|0x00000000e3a00000, 0x00000000e3a00000, 0x00000000e3b00000|  0%| F|  |TAMS 0x00000000e3a00000, 0x00000000e3a00000| Untracked 
|  59|0x00000000e3b00000, 0x00000000e3b00000, 0x00000000e3c00000|  0%| F|  |TAMS 0x00000000e3b00000, 0x00000000e3b00000| Untracked 
|  60|0x00000000e3c00000, 0x00000000e3c00000, 0x00000000e3d00000|  0%| F|  |TAMS 0x00000000e3c00000, 0x00000000e3c00000| Untracked 
|  61|0x00000000e3d00000, 0x00000000e3d00000, 0x00000000e3e00000|  0%| F|  |TAMS 0x00000000e3d00000, 0x00000000e3d00000| Untracked 
|  62|0x00000000e3e00000, 0x00000000e3e00000, 0x00000000e3f00000|  0%| F|  |TAMS 0x00000000e3e00000, 0x00000000e3e00000| Untracked 
|  63|0x00000000e3f00000, 0x00000000e3f00000, 0x00000000e4000000|  0%| F|  |TAMS 0x00000000e3f00000, 0x00000000e3f00000| Untracked 
|  64|0x00000000e4000000, 0x00000000e4000000, 0x00000000e4100000|  0%| F|  |TAMS 0x00000000e4000000, 0x00000000e4000000| Untracked 
|  65|0x00000000e4100000, 0x00000000e4100000, 0x00000000e4200000|  0%| F|  |TAMS 0x00000000e4100000, 0x00000000e4100000| Untracked 
|  66|0x00000000e4200000, 0x00000000e4200000, 0x00000000e4300000|  0%| F|  |TAMS 0x00000000e4200000, 0x00000000e4200000| Untracked 
|  67|0x00000000e4300000, 0x00000000e4300000, 0x00000000e4400000|  0%| F|  |TAMS 0x00000000e4300000, 0x00000000e4300000| Untracked 
|  68|0x00000000e4400000, 0x00000000e4400000, 0x00000000e4500000|  0%| F|  |TAMS 0x00000000e4400000, 0x00000000e4400000| Untracked 
|  69|0x00000000e4500000, 0x00000000e4500000, 0x00000000e4600000|  0%| F|  |TAMS 0x00000000e4500000, 0x00000000e4500000| Untracked 
|  70|0x00000000e4600000, 0x00000000e4600000, 0x00000000e4700000|  0%| F|  |TAMS 0x00000000e4600000, 0x00000000e4600000| Untracked 
|  71|0x00000000e4700000, 0x00000000e4700000, 0x00000000e4800000|  0%| F|  |TAMS 0x00000000e4700000, 0x00000000e4700000| Untracked 
|  72|0x00000000e4800000, 0x00000000e4800000, 0x00000000e4900000|  0%| F|  |TAMS 0x00000000e4800000, 0x00000000e4800000| Untracked 
|  73|0x00000000e4900000, 0x00000000e4900000, 0x00000000e4a00000|  0%| F|  |TAMS 0x00000000e4900000, 0x00000000e4900000| Untracked 
|  74|0x00000000e4a00000, 0x00000000e4a00000, 0x00000000e4b00000|  0%| F|  |TAMS 0x00000000e4a00000, 0x00000000e4a00000| Untracked 
|  75|0x00000000e4b00000, 0x00000000e4b00000, 0x00000000e4c00000|  0%| F|  |TAMS 0x00000000e4b00000, 0x00000000e4b00000| Untracked 
|  76|0x00000000e4c00000, 0x00000000e4c00000, 0x00000000e4d00000|  0%| F|  |TAMS 0x00000000e4c00000, 0x00000000e4c00000| Untracked 
|  77|0x00000000e4d00000, 0x00000000e4d00000, 0x00000000e4e00000|  0%| F|  |TAMS 0x00000000e4d00000, 0x00000000e4d00000| Untracked 
|  78|0x00000000e4e00000, 0x00000000e4e00000, 0x00000000e4f00000|  0%| F|  |TAMS 0x00000000e4e00000, 0x00000000e4e00000| Untracked 
|  79|0x00000000e4f00000, 0x00000000e4f00000, 0x00000000e5000000|  0%| F|  |TAMS 0x00000000e4f00000, 0x00000000e4f00000| Untracked 
|  80|0x00000000e5000000, 0x00000000e5000000, 0x00000000e5100000|  0%| F|  |TAMS 0x00000000e5000000, 0x00000000e5000000| Untracked 
|  81|0x00000000e5100000, 0x00000000e5100000, 0x00000000e5200000|  0%| F|  |TAMS 0x00000000e5100000, 0x00000000e5100000| Untracked 
|  82|0x00000000e5200000, 0x00000000e5200000, 0x00000000e5300000|  0%| F|  |TAMS 0x00000000e5200000, 0x00000000e5200000| Untracked 
|  83|0x00000000e5300000, 0x00000000e5300000, 0x00000000e5400000|  0%| F|  |TAMS 0x00000000e5300000, 0x00000000e5300000| Untracked 
|  84|0x00000000e5400000, 0x00000000e5400000, 0x00000000e5500000|  0%| F|  |TAMS 0x00000000e5400000, 0x00000000e5400000| Untracked 
|  85|0x00000000e5500000, 0x00000000e5500000, 0x00000000e5600000|  0%| F|  |TAMS 0x00000000e5500000, 0x00000000e5500000| Untracked 
|  86|0x00000000e5600000, 0x00000000e5600000, 0x00000000e5700000|  0%| F|  |TAMS 0x00000000e5600000, 0x00000000e5600000| Untracked 
|  87|0x00000000e5700000, 0x00000000e5700000, 0x00000000e5800000|  0%| F|  |TAMS 0x00000000e5700000, 0x00000000e5700000| Untracked 
|  88|0x00000000e5800000, 0x00000000e5800000, 0x00000000e5900000|  0%| F|  |TAMS 0x00000000e5800000, 0x00000000e5800000| Untracked 
|  89|0x00000000e5900000, 0x00000000e5900000, 0x00000000e5a00000|  0%| F|  |TAMS 0x00000000e5900000, 0x00000000e5900000| Untracked 
|  90|0x00000000e5a00000, 0x00000000e5a00000, 0x00000000e5b00000|  0%| F|  |TAMS 0x00000000e5a00000, 0x00000000e5a00000| Untracked 
|  91|0x00000000e5b00000, 0x00000000e5b00000, 0x00000000e5c00000|  0%| F|  |TAMS 0x00000000e5b00000, 0x00000000e5b00000| Untracked 
|  92|0x00000000e5c00000, 0x00000000e5c00000, 0x00000000e5d00000|  0%| F|  |TAMS 0x00000000e5c00000, 0x00000000e5c00000| Untracked 
|  93|0x00000000e5d00000, 0x00000000e5d00000, 0x00000000e5e00000|  0%| F|  |TAMS 0x00000000e5d00000, 0x00000000e5d00000| Untracked 
|  94|0x00000000e5e00000, 0x00000000e5e00000, 0x00000000e5f00000|  0%| F|  |TAMS 0x00000000e5e00000, 0x00000000e5e00000| Untracked 
|  95|0x00000000e5f00000, 0x00000000e5f00000, 0x00000000e6000000|  0%| F|  |TAMS 0x00000000e5f00000, 0x00000000e5f00000| Untracked 
|  96|0x00000000e6000000, 0x00000000e6090010, 0x00000000e6100000| 56%| S|CS|TAMS 0x00000000e6000000, 0x00000000e6000000| Complete 
|  97|0x00000000e6100000, 0x00000000e6200000, 0x00000000e6200000|100%| S|CS|TAMS 0x00000000e6100000, 0x00000000e6100000| Complete 
|  98|0x00000000e6200000, 0x00000000e6300000, 0x00000000e6300000|100%| S|CS|TAMS 0x00000000e6200000, 0x00000000e6200000| Complete 
|  99|0x00000000e6300000, 0x00000000e6400000, 0x00000000e6400000|100%| S|CS|TAMS 0x00000000e6300000, 0x00000000e6300000| Complete 
| 100|0x00000000e6400000, 0x00000000e6500000, 0x00000000e6500000|100%| S|CS|TAMS 0x00000000e6400000, 0x00000000e6400000| Complete 
| 101|0x00000000e6500000, 0x00000000e6600000, 0x00000000e6600000|100%| S|CS|TAMS 0x00000000e6500000, 0x00000000e6500000| Complete 
| 102|0x00000000e6600000, 0x00000000e6700000, 0x00000000e6700000|100%| S|CS|TAMS 0x00000000e6600000, 0x00000000e6600000| Complete 
| 103|0x00000000e6700000, 0x00000000e6800000, 0x00000000e6800000|100%| S|CS|TAMS 0x00000000e6700000, 0x00000000e6700000| Complete 
| 104|0x00000000e6800000, 0x00000000e6900000, 0x00000000e6900000|100%| S|CS|TAMS 0x00000000e6800000, 0x00000000e6800000| Complete 
| 105|0x00000000e6900000, 0x00000000e6a00000, 0x00000000e6a00000|100%| S|CS|TAMS 0x00000000e6900000, 0x00000000e6900000| Complete 
| 106|0x00000000e6a00000, 0x00000000e6b00000, 0x00000000e6b00000|100%| S|CS|TAMS 0x00000000e6a00000, 0x00000000e6a00000| Complete 
| 107|0x00000000e6b00000, 0x00000000e6c00000, 0x00000000e6c00000|100%| S|CS|TAMS 0x00000000e6b00000, 0x00000000e6b00000| Complete 
| 108|0x00000000e6c00000, 0x00000000e6d00000, 0x00000000e6d00000|100%| S|CS|TAMS 0x00000000e6c00000, 0x00000000e6c00000| Complete 
| 109|0x00000000e6d00000, 0x00000000e6e00000, 0x00000000e6e00000|100%| S|CS|TAMS 0x00000000e6d00000, 0x00000000e6d00000| Complete 
| 110|0x00000000e6e00000, 0x00000000e6f00000, 0x00000000e6f00000|100%| S|CS|TAMS 0x00000000e6e00000, 0x00000000e6e00000| Complete 
| 111|0x00000000e6f00000, 0x00000000e6f00000, 0x00000000e7000000|  0%| F|  |TAMS 0x00000000e6f00000, 0x00000000e6f00000| Untracked 
| 112|0x00000000e7000000, 0x00000000e7000000, 0x00000000e7100000|  0%| F|  |TAMS 0x00000000e7000000, 0x00000000e7000000| Untracked 
| 113|0x00000000e7100000, 0x00000000e7100000, 0x00000000e7200000|  0%| F|  |TAMS 0x00000000e7100000, 0x00000000e7100000| Untracked 
| 114|0x00000000e7200000, 0x00000000e7200000, 0x00000000e7300000|  0%| F|  |TAMS 0x00000000e7200000, 0x00000000e7200000| Untracked 
| 115|0x00000000e7300000, 0x00000000e7300000, 0x00000000e7400000|  0%| F|  |TAMS 0x00000000e7300000, 0x00000000e7300000| Untracked 
| 116|0x00000000e7400000, 0x00000000e7400000, 0x00000000e7500000|  0%| F|  |TAMS 0x00000000e7400000, 0x00000000e7400000| Untracked 
| 117|0x00000000e7500000, 0x00000000e7500000, 0x00000000e7600000|  0%| F|  |TAMS 0x00000000e7500000, 0x00000000e7500000| Untracked 
| 118|0x00000000e7600000, 0x00000000e7600000, 0x00000000e7700000|  0%| F|  |TAMS 0x00000000e7600000, 0x00000000e7600000| Untracked 
| 119|0x00000000e7700000, 0x00000000e7700000, 0x00000000e7800000|  0%| F|  |TAMS 0x00000000e7700000, 0x00000000e7700000| Untracked 
| 120|0x00000000e7800000, 0x00000000e7800000, 0x00000000e7900000|  0%| F|  |TAMS 0x00000000e7800000, 0x00000000e7800000| Untracked 
| 121|0x00000000e7900000, 0x00000000e7900000, 0x00000000e7a00000|  0%| F|  |TAMS 0x00000000e7900000, 0x00000000e7900000| Untracked 
| 122|0x00000000e7a00000, 0x00000000e7a00000, 0x00000000e7b00000|  0%| F|  |TAMS 0x00000000e7a00000, 0x00000000e7a00000| Untracked 
| 123|0x00000000e7b00000, 0x00000000e7b00000, 0x00000000e7c00000|  0%| F|  |TAMS 0x00000000e7b00000, 0x00000000e7b00000| Untracked 
| 124|0x00000000e7c00000, 0x00000000e7c00000, 0x00000000e7d00000|  0%| F|  |TAMS 0x00000000e7c00000, 0x00000000e7c00000| Untracked 
| 125|0x00000000e7d00000, 0x00000000e7d00000, 0x00000000e7e00000|  0%| F|  |TAMS 0x00000000e7d00000, 0x00000000e7d00000| Untracked 
| 126|0x00000000e7e00000, 0x00000000e7e00000, 0x00000000e7f00000|  0%| F|  |TAMS 0x00000000e7e00000, 0x00000000e7e00000| Untracked 
| 127|0x00000000e7f00000, 0x00000000e7f00000, 0x00000000e8000000|  0%| F|  |TAMS 0x00000000e7f00000, 0x00000000e7f00000| Untracked 
| 128|0x00000000e8000000, 0x00000000e8000000, 0x00000000e8100000|  0%| F|  |TAMS 0x00000000e8000000, 0x00000000e8000000| Untracked 
| 129|0x00000000e8100000, 0x00000000e8100000, 0x00000000e8200000|  0%| F|  |TAMS 0x00000000e8100000, 0x00000000e8100000| Untracked 
| 130|0x00000000e8200000, 0x00000000e8200000, 0x00000000e8300000|  0%| F|  |TAMS 0x00000000e8200000, 0x00000000e8200000| Untracked 
| 131|0x00000000e8300000, 0x00000000e8300000, 0x00000000e8400000|  0%| F|  |TAMS 0x00000000e8300000, 0x00000000e8300000| Untracked 
| 132|0x00000000e8400000, 0x00000000e8400000, 0x00000000e8500000|  0%| F|  |TAMS 0x00000000e8400000, 0x00000000e8400000| Untracked 
| 133|0x00000000e8500000, 0x00000000e8500000, 0x00000000e8600000|  0%| F|  |TAMS 0x00000000e8500000, 0x00000000e8500000| Untracked 
| 134|0x00000000e8600000, 0x00000000e8600000, 0x00000000e8700000|  0%| F|  |TAMS 0x00000000e8600000, 0x00000000e8600000| Untracked 
| 135|0x00000000e8700000, 0x00000000e8700000, 0x00000000e8800000|  0%| F|  |TAMS 0x00000000e8700000, 0x00000000e8700000| Untracked 
| 136|0x00000000e8800000, 0x00000000e8800000, 0x00000000e8900000|  0%| F|  |TAMS 0x00000000e8800000, 0x00000000e8800000| Untracked 
| 137|0x00000000e8900000, 0x00000000e8900000, 0x00000000e8a00000|  0%| F|  |TAMS 0x00000000e8900000, 0x00000000e8900000| Untracked 
| 138|0x00000000e8a00000, 0x00000000e8a00000, 0x00000000e8b00000|  0%| F|  |TAMS 0x00000000e8a00000, 0x00000000e8a00000| Untracked 
| 139|0x00000000e8b00000, 0x00000000e8b00000, 0x00000000e8c00000|  0%| F|  |TAMS 0x00000000e8b00000, 0x00000000e8b00000| Untracked 
| 140|0x00000000e8c00000, 0x00000000e8c00000, 0x00000000e8d00000|  0%| F|  |TAMS 0x00000000e8c00000, 0x00000000e8c00000| Untracked 
| 141|0x00000000e8d00000, 0x00000000e8d00000, 0x00000000e8e00000|  0%| F|  |TAMS 0x00000000e8d00000, 0x00000000e8d00000| Untracked 
| 142|0x00000000e8e00000, 0x00000000e8e00000, 0x00000000e8f00000|  0%| F|  |TAMS 0x00000000e8e00000, 0x00000000e8e00000| Untracked 
| 143|0x00000000e8f00000, 0x00000000e8f00000, 0x00000000e9000000|  0%| F|  |TAMS 0x00000000e8f00000, 0x00000000e8f00000| Untracked 
| 144|0x00000000e9000000, 0x00000000e9000000, 0x00000000e9100000|  0%| F|  |TAMS 0x00000000e9000000, 0x00000000e9000000| Untracked 
| 145|0x00000000e9100000, 0x00000000e9100000, 0x00000000e9200000|  0%| F|  |TAMS 0x00000000e9100000, 0x00000000e9100000| Untracked 
| 146|0x00000000e9200000, 0x00000000e9200000, 0x00000000e9300000|  0%| F|  |TAMS 0x00000000e9200000, 0x00000000e9200000| Untracked 
| 147|0x00000000e9300000, 0x00000000e9300000, 0x00000000e9400000|  0%| F|  |TAMS 0x00000000e9300000, 0x00000000e9300000| Untracked 
| 148|0x00000000e9400000, 0x00000000e9400000, 0x00000000e9500000|  0%| F|  |TAMS 0x00000000e9400000, 0x00000000e9400000| Untracked 
| 149|0x00000000e9500000, 0x00000000e9500000, 0x00000000e9600000|  0%| F|  |TAMS 0x00000000e9500000, 0x00000000e9500000| Untracked 
| 150|0x00000000e9600000, 0x00000000e9600000, 0x00000000e9700000|  0%| F|  |TAMS 0x00000000e9600000, 0x00000000e9600000| Untracked 
| 151|0x00000000e9700000, 0x00000000e9700000, 0x00000000e9800000|  0%| F|  |TAMS 0x00000000e9700000, 0x00000000e9700000| Untracked 
| 152|0x00000000e9800000, 0x00000000e9800000, 0x00000000e9900000|  0%| F|  |TAMS 0x00000000e9800000, 0x00000000e9800000| Untracked 
| 153|0x00000000e9900000, 0x00000000e9900000, 0x00000000e9a00000|  0%| F|  |TAMS 0x00000000e9900000, 0x00000000e9900000| Untracked 
| 154|0x00000000e9a00000, 0x00000000e9a00000, 0x00000000e9b00000|  0%| F|  |TAMS 0x00000000e9a00000, 0x00000000e9a00000| Untracked 
| 155|0x00000000e9b00000, 0x00000000e9b00000, 0x00000000e9c00000|  0%| F|  |TAMS 0x00000000e9b00000, 0x00000000e9b00000| Untracked 
| 156|0x00000000e9c00000, 0x00000000e9c00000, 0x00000000e9d00000|  0%| F|  |TAMS 0x00000000e9c00000, 0x00000000e9c00000| Untracked 
| 157|0x00000000e9d00000, 0x00000000e9d00000, 0x00000000e9e00000|  0%| F|  |TAMS 0x00000000e9d00000, 0x00000000e9d00000| Untracked 
| 158|0x00000000e9e00000, 0x00000000e9e00000, 0x00000000e9f00000|  0%| F|  |TAMS 0x00000000e9e00000, 0x00000000e9e00000| Untracked 
| 159|0x00000000e9f00000, 0x00000000e9f00000, 0x00000000ea000000|  0%| F|  |TAMS 0x00000000e9f00000, 0x00000000e9f00000| Untracked 
| 160|0x00000000ea000000, 0x00000000ea000000, 0x00000000ea100000|  0%| F|  |TAMS 0x00000000ea000000, 0x00000000ea000000| Untracked 
| 161|0x00000000ea100000, 0x00000000ea100000, 0x00000000ea200000|  0%| F|  |TAMS 0x00000000ea100000, 0x00000000ea100000| Untracked 
| 162|0x00000000ea200000, 0x00000000ea200000, 0x00000000ea300000|  0%| F|  |TAMS 0x00000000ea200000, 0x00000000ea200000| Untracked 
| 163|0x00000000ea300000, 0x00000000ea300000, 0x00000000ea400000|  0%| F|  |TAMS 0x00000000ea300000, 0x00000000ea300000| Untracked 
| 164|0x00000000ea400000, 0x00000000ea400000, 0x00000000ea500000|  0%| F|  |TAMS 0x00000000ea400000, 0x00000000ea400000| Untracked 
| 165|0x00000000ea500000, 0x00000000ea500000, 0x00000000ea600000|  0%| F|  |TAMS 0x00000000ea500000, 0x00000000ea500000| Untracked 
| 166|0x00000000ea600000, 0x00000000ea600000, 0x00000000ea700000|  0%| F|  |TAMS 0x00000000ea600000, 0x00000000ea600000| Untracked 
| 167|0x00000000ea700000, 0x00000000ea700000, 0x00000000ea800000|  0%| F|  |TAMS 0x00000000ea700000, 0x00000000ea700000| Untracked 
| 168|0x00000000ea800000, 0x00000000ea800000, 0x00000000ea900000|  0%| F|  |TAMS 0x00000000ea800000, 0x00000000ea800000| Untracked 
| 169|0x00000000ea900000, 0x00000000ea900000, 0x00000000eaa00000|  0%| F|  |TAMS 0x00000000ea900000, 0x00000000ea900000| Untracked 
| 170|0x00000000eaa00000, 0x00000000eaa00000, 0x00000000eab00000|  0%| F|  |TAMS 0x00000000eaa00000, 0x00000000eaa00000| Untracked 
| 171|0x00000000eab00000, 0x00000000eab00000, 0x00000000eac00000|  0%| F|  |TAMS 0x00000000eab00000, 0x00000000eab00000| Untracked 
| 172|0x00000000eac00000, 0x00000000eac00000, 0x00000000ead00000|  0%| F|  |TAMS 0x00000000eac00000, 0x00000000eac00000| Untracked 
| 173|0x00000000ead00000, 0x00000000ead00000, 0x00000000eae00000|  0%| F|  |TAMS 0x00000000ead00000, 0x00000000ead00000| Untracked 
| 174|0x00000000eae00000, 0x00000000eae00000, 0x00000000eaf00000|  0%| F|  |TAMS 0x00000000eae00000, 0x00000000eae00000| Untracked 
| 175|0x00000000eaf00000, 0x00000000eaf00000, 0x00000000eb000000|  0%| F|  |TAMS 0x00000000eaf00000, 0x00000000eaf00000| Untracked 
| 176|0x00000000eb000000, 0x00000000eb000000, 0x00000000eb100000|  0%| F|  |TAMS 0x00000000eb000000, 0x00000000eb000000| Untracked 
| 177|0x00000000eb100000, 0x00000000eb100000, 0x00000000eb200000|  0%| F|  |TAMS 0x00000000eb100000, 0x00000000eb100000| Untracked 
| 178|0x00000000eb200000, 0x00000000eb200000, 0x00000000eb300000|  0%| F|  |TAMS 0x00000000eb200000, 0x00000000eb200000| Untracked 
| 179|0x00000000eb300000, 0x00000000eb300000, 0x00000000eb400000|  0%| F|  |TAMS 0x00000000eb300000, 0x00000000eb300000| Untracked 
| 180|0x00000000eb400000, 0x00000000eb400000, 0x00000000eb500000|  0%| F|  |TAMS 0x00000000eb400000, 0x00000000eb400000| Untracked 
| 181|0x00000000eb500000, 0x00000000eb500000, 0x00000000eb600000|  0%| F|  |TAMS 0x00000000eb500000, 0x00000000eb500000| Untracked 
| 182|0x00000000eb600000, 0x00000000eb600000, 0x00000000eb700000|  0%| F|  |TAMS 0x00000000eb600000, 0x00000000eb600000| Untracked 
| 183|0x00000000eb700000, 0x00000000eb700000, 0x00000000eb800000|  0%| F|  |TAMS 0x00000000eb700000, 0x00000000eb700000| Untracked 
| 184|0x00000000eb800000, 0x00000000eb800000, 0x00000000eb900000|  0%| F|  |TAMS 0x00000000eb800000, 0x00000000eb800000| Untracked 
| 185|0x00000000eb900000, 0x00000000eb900000, 0x00000000eba00000|  0%| F|  |TAMS 0x00000000eb900000, 0x00000000eb900000| Untracked 
| 186|0x00000000eba00000, 0x00000000eba00000, 0x00000000ebb00000|  0%| F|  |TAMS 0x00000000eba00000, 0x00000000eba00000| Untracked 
| 187|0x00000000ebb00000, 0x00000000ebb00000, 0x00000000ebc00000|  0%| F|  |TAMS 0x00000000ebb00000, 0x00000000ebb00000| Untracked 
| 188|0x00000000ebc00000, 0x00000000ebc00000, 0x00000000ebd00000|  0%| F|  |TAMS 0x00000000ebc00000, 0x00000000ebc00000| Untracked 
| 189|0x00000000ebd00000, 0x00000000ebd00000, 0x00000000ebe00000|  0%| F|  |TAMS 0x00000000ebd00000, 0x00000000ebd00000| Untracked 
| 190|0x00000000ebe00000, 0x00000000ebe00000, 0x00000000ebf00000|  0%| F|  |TAMS 0x00000000ebe00000, 0x00000000ebe00000| Untracked 
| 191|0x00000000ebf00000, 0x00000000ebf00000, 0x00000000ec000000|  0%| F|  |TAMS 0x00000000ebf00000, 0x00000000ebf00000| Untracked 
| 192|0x00000000ec000000, 0x00000000ec000000, 0x00000000ec100000|  0%| F|  |TAMS 0x00000000ec000000, 0x00000000ec000000| Untracked 
| 193|0x00000000ec100000, 0x00000000ec100000, 0x00000000ec200000|  0%| F|  |TAMS 0x00000000ec100000, 0x00000000ec100000| Untracked 
| 194|0x00000000ec200000, 0x00000000ec200000, 0x00000000ec300000|  0%| F|  |TAMS 0x00000000ec200000, 0x00000000ec200000| Untracked 
| 195|0x00000000ec300000, 0x00000000ec300000, 0x00000000ec400000|  0%| F|  |TAMS 0x00000000ec300000, 0x00000000ec300000| Untracked 
| 196|0x00000000ec400000, 0x00000000ec400000, 0x00000000ec500000|  0%| F|  |TAMS 0x00000000ec400000, 0x00000000ec400000| Untracked 
| 197|0x00000000ec500000, 0x00000000ec500000, 0x00000000ec600000|  0%| F|  |TAMS 0x00000000ec500000, 0x00000000ec500000| Untracked 
| 198|0x00000000ec600000, 0x00000000ec600000, 0x00000000ec700000|  0%| F|  |TAMS 0x00000000ec600000, 0x00000000ec600000| Untracked 
| 199|0x00000000ec700000, 0x00000000ec700000, 0x00000000ec800000|  0%| F|  |TAMS 0x00000000ec700000, 0x00000000ec700000| Untracked 
| 200|0x00000000ec800000, 0x00000000ec800000, 0x00000000ec900000|  0%| F|  |TAMS 0x00000000ec800000, 0x00000000ec800000| Untracked 
| 201|0x00000000ec900000, 0x00000000ec900000, 0x00000000eca00000|  0%| F|  |TAMS 0x00000000ec900000, 0x00000000ec900000| Untracked 
| 202|0x00000000eca00000, 0x00000000eca00000, 0x00000000ecb00000|  0%| F|  |TAMS 0x00000000eca00000, 0x00000000eca00000| Untracked 
| 203|0x00000000ecb00000, 0x00000000ecb00000, 0x00000000ecc00000|  0%| F|  |TAMS 0x00000000ecb00000, 0x00000000ecb00000| Untracked 
| 204|0x00000000ecc00000, 0x00000000ecc00000, 0x00000000ecd00000|  0%| F|  |TAMS 0x00000000ecc00000, 0x00000000ecc00000| Untracked 
| 205|0x00000000ecd00000, 0x00000000ecd00000, 0x00000000ece00000|  0%| F|  |TAMS 0x00000000ecd00000, 0x00000000ecd00000| Untracked 
| 206|0x00000000ece00000, 0x00000000ece00000, 0x00000000ecf00000|  0%| F|  |TAMS 0x00000000ece00000, 0x00000000ece00000| Untracked 
| 207|0x00000000ecf00000, 0x00000000ecf00000, 0x00000000ed000000|  0%| F|  |TAMS 0x00000000ecf00000, 0x00000000ecf00000| Untracked 
| 208|0x00000000ed000000, 0x00000000ed000000, 0x00000000ed100000|  0%| F|  |TAMS 0x00000000ed000000, 0x00000000ed000000| Untracked 
| 209|0x00000000ed100000, 0x00000000ed100000, 0x00000000ed200000|  0%| F|  |TAMS 0x00000000ed100000, 0x00000000ed100000| Untracked 
| 210|0x00000000ed200000, 0x00000000ed200000, 0x00000000ed300000|  0%| F|  |TAMS 0x00000000ed200000, 0x00000000ed200000| Untracked 
| 211|0x00000000ed300000, 0x00000000ed300000, 0x00000000ed400000|  0%| F|  |TAMS 0x00000000ed300000, 0x00000000ed300000| Untracked 
| 212|0x00000000ed400000, 0x00000000ed400000, 0x00000000ed500000|  0%| F|  |TAMS 0x00000000ed400000, 0x00000000ed400000| Untracked 
| 213|0x00000000ed500000, 0x00000000ed500000, 0x00000000ed600000|  0%| F|  |TAMS 0x00000000ed500000, 0x00000000ed500000| Untracked 
| 214|0x00000000ed600000, 0x00000000ed600000, 0x00000000ed700000|  0%| F|  |TAMS 0x00000000ed600000, 0x00000000ed600000| Untracked 
| 215|0x00000000ed700000, 0x00000000ed700000, 0x00000000ed800000|  0%| F|  |TAMS 0x00000000ed700000, 0x00000000ed700000| Untracked 
| 216|0x00000000ed800000, 0x00000000ed800000, 0x00000000ed900000|  0%| F|  |TAMS 0x00000000ed800000, 0x00000000ed800000| Untracked 
| 217|0x00000000ed900000, 0x00000000ed900000, 0x00000000eda00000|  0%| F|  |TAMS 0x00000000ed900000, 0x00000000ed900000| Untracked 
| 218|0x00000000eda00000, 0x00000000eda00000, 0x00000000edb00000|  0%| F|  |TAMS 0x00000000eda00000, 0x00000000eda00000| Untracked 
| 219|0x00000000edb00000, 0x00000000edb00000, 0x00000000edc00000|  0%| F|  |TAMS 0x00000000edb00000, 0x00000000edb00000| Untracked 
| 220|0x00000000edc00000, 0x00000000edc00000, 0x00000000edd00000|  0%| F|  |TAMS 0x00000000edc00000, 0x00000000edc00000| Untracked 
| 221|0x00000000edd00000, 0x00000000edd00000, 0x00000000ede00000|  0%| F|  |TAMS 0x00000000edd00000, 0x00000000edd00000| Untracked 
| 222|0x00000000ede00000, 0x00000000ede00000, 0x00000000edf00000|  0%| F|  |TAMS 0x00000000ede00000, 0x00000000ede00000| Untracked 
| 223|0x00000000edf00000, 0x00000000edf00000, 0x00000000ee000000|  0%| F|  |TAMS 0x00000000edf00000, 0x00000000edf00000| Untracked 
| 224|0x00000000ee000000, 0x00000000ee000000, 0x00000000ee100000|  0%| F|  |TAMS 0x00000000ee000000, 0x00000000ee000000| Untracked 
| 225|0x00000000ee100000, 0x00000000ee100000, 0x00000000ee200000|  0%| F|  |TAMS 0x00000000ee100000, 0x00000000ee100000| Untracked 
| 226|0x00000000ee200000, 0x00000000ee200000, 0x00000000ee300000|  0%| F|  |TAMS 0x00000000ee200000, 0x00000000ee200000| Untracked 
| 227|0x00000000ee300000, 0x00000000ee300000, 0x00000000ee400000|  0%| F|  |TAMS 0x00000000ee300000, 0x00000000ee300000| Untracked 
| 228|0x00000000ee400000, 0x00000000ee400000, 0x00000000ee500000|  0%| F|  |TAMS 0x00000000ee400000, 0x00000000ee400000| Untracked 
| 229|0x00000000ee500000, 0x00000000ee500000, 0x00000000ee600000|  0%| F|  |TAMS 0x00000000ee500000, 0x00000000ee500000| Untracked 
| 230|0x00000000ee600000, 0x00000000ee600000, 0x00000000ee700000|  0%| F|  |TAMS 0x00000000ee600000, 0x00000000ee600000| Untracked 
| 231|0x00000000ee700000, 0x00000000ee700000, 0x00000000ee800000|  0%| F|  |TAMS 0x00000000ee700000, 0x00000000ee700000| Untracked 
| 232|0x00000000ee800000, 0x00000000ee800000, 0x00000000ee900000|  0%| F|  |TAMS 0x00000000ee800000, 0x00000000ee800000| Untracked 
| 233|0x00000000ee900000, 0x00000000ee900000, 0x00000000eea00000|  0%| F|  |TAMS 0x00000000ee900000, 0x00000000ee900000| Untracked 
| 234|0x00000000eea00000, 0x00000000eea00000, 0x00000000eeb00000|  0%| F|  |TAMS 0x00000000eea00000, 0x00000000eea00000| Untracked 
| 235|0x00000000eeb00000, 0x00000000eeb00000, 0x00000000eec00000|  0%| F|  |TAMS 0x00000000eeb00000, 0x00000000eeb00000| Untracked 
| 236|0x00000000eec00000, 0x00000000eec00000, 0x00000000eed00000|  0%| F|  |TAMS 0x00000000eec00000, 0x00000000eec00000| Untracked 
| 237|0x00000000eed00000, 0x00000000eed00000, 0x00000000eee00000|  0%| F|  |TAMS 0x00000000eed00000, 0x00000000eed00000| Untracked 
| 238|0x00000000eee00000, 0x00000000eee00000, 0x00000000eef00000|  0%| F|  |TAMS 0x00000000eee00000, 0x00000000eee00000| Untracked 
| 239|0x00000000eef00000, 0x00000000eef00000, 0x00000000ef000000|  0%| F|  |TAMS 0x00000000eef00000, 0x00000000eef00000| Untracked 
| 240|0x00000000ef000000, 0x00000000ef000000, 0x00000000ef100000|  0%| F|  |TAMS 0x00000000ef000000, 0x00000000ef000000| Untracked 
| 241|0x00000000ef100000, 0x00000000ef100000, 0x00000000ef200000|  0%| F|  |TAMS 0x00000000ef100000, 0x00000000ef100000| Untracked 
| 242|0x00000000ef200000, 0x00000000ef200000, 0x00000000ef300000|  0%| F|  |TAMS 0x00000000ef200000, 0x00000000ef200000| Untracked 
| 243|0x00000000ef300000, 0x00000000ef300000, 0x00000000ef400000|  0%| F|  |TAMS 0x00000000ef300000, 0x00000000ef300000| Untracked 
| 244|0x00000000ef400000, 0x00000000ef400000, 0x00000000ef500000|  0%| F|  |TAMS 0x00000000ef400000, 0x00000000ef400000| Untracked 
| 245|0x00000000ef500000, 0x00000000ef500000, 0x00000000ef600000|  0%| F|  |TAMS 0x00000000ef500000, 0x00000000ef500000| Untracked 
| 246|0x00000000ef600000, 0x00000000ef600000, 0x00000000ef700000|  0%| F|  |TAMS 0x00000000ef600000, 0x00000000ef600000| Untracked 
| 247|0x00000000ef700000, 0x00000000ef700000, 0x00000000ef800000|  0%| F|  |TAMS 0x00000000ef700000, 0x00000000ef700000| Untracked 
| 248|0x00000000ef800000, 0x00000000ef800000, 0x00000000ef900000|  0%| F|  |TAMS 0x00000000ef800000, 0x00000000ef800000| Untracked 
| 249|0x00000000ef900000, 0x00000000ef900000, 0x00000000efa00000|  0%| F|  |TAMS 0x00000000ef900000, 0x00000000ef900000| Untracked 
| 250|0x00000000efa00000, 0x00000000efa00000, 0x00000000efb00000|  0%| F|  |TAMS 0x00000000efa00000, 0x00000000efa00000| Untracked 
| 251|0x00000000efb00000, 0x00000000efb00000, 0x00000000efc00000|  0%| F|  |TAMS 0x00000000efb00000, 0x00000000efb00000| Untracked 
| 252|0x00000000efc00000, 0x00000000efc00000, 0x00000000efd00000|  0%| F|  |TAMS 0x00000000efc00000, 0x00000000efc00000| Untracked 
| 253|0x00000000efd00000, 0x00000000efd00000, 0x00000000efe00000|  0%| F|  |TAMS 0x00000000efd00000, 0x00000000efd00000| Untracked 
| 254|0x00000000efe00000, 0x00000000efe00000, 0x00000000eff00000|  0%| F|  |TAMS 0x00000000efe00000, 0x00000000efe00000| Untracked 
| 255|0x00000000eff00000, 0x00000000eff80800, 0x00000000f0000000| 50%| E|  |TAMS 0x00000000eff00000, 0x00000000eff00000| Complete 

Card table byte_map: [0x000001cb9b9a0000,0x000001cb9baa0000] _byte_map_base: 0x000001cb9b2a0000

Marking Bits (Prev, Next): (CMBitMap*) 0x000001cb83ffa558, (CMBitMap*) 0x000001cb83ffa590
 Prev Bits: [0x000001cb9bba0000, 0x000001cb9c3a0000)
 Next Bits: [0x000001cb9c3a0000, 0x000001cb9cba0000)

Polling page: 0x000001cb82940000

Metaspace:

Usage:
  Non-class:     48.75 MB capacity,    47.66 MB ( 98%) used,   938.24 KB (  2%) free+waste,   180.13 KB ( <1%) overhead. 
      Class:      7.94 MB capacity,     7.27 MB ( 92%) used,   593.29 KB (  7%) free+waste,    88.00 KB (  1%) overhead. 
       Both:     56.69 MB capacity,    54.93 MB ( 97%) used,     1.50 MB (  3%) free+waste,   268.13 KB ( <1%) overhead. 

Virtual space:
  Non-class space:       50.00 MB reserved,      48.92 MB ( 98%) committed 
      Class space:      248.00 MB reserved,       8.00 MB (  3%) committed 
             Both:      298.00 MB reserved,      56.92 MB ( 19%) committed 

Chunk freelists:
   Non-Class:  5.75 KB
       Class:  0 bytes
        Both:  5.75 KB

CodeHeap 'non-profiled nmethods': size=120064Kb used=2663Kb max_used=2663Kb free=117400Kb
 bounds [0x000001cb93f60000, 0x000001cb94200000, 0x000001cb9b4a0000]
CodeHeap 'profiled nmethods': size=120000Kb used=10971Kb max_used=10971Kb free=109028Kb
 bounds [0x000001cb8ca30000, 0x000001cb8d4f0000, 0x000001cb93f60000]
CodeHeap 'non-nmethods': size=5696Kb used=2245Kb max_used=2282Kb free=3450Kb
 bounds [0x000001cb8c4a0000, 0x000001cb8c710000, 0x000001cb8ca30000]
 total_blobs=5871 nmethods=5049 adapters=733
 compilation: enabled
              stopped_count=0, restarted_count=0
 full_count=0

Compilation events (10 events):
Event: 26.257 Thread 0x000001cb9ef9b000 5071       3       java.lang.Class::getDeclaredFields (27 bytes)
Event: 26.257 Thread 0x000001cb9ef9b000 nmethod 5071 0x000001cb8d4e5990 code [0x000001cb8d4e5b60, 0x000001cb8d4e5df8]
Event: 26.261 Thread 0x000001cb9ef9b000 5072   !   3       com.sun.proxy.$Proxy14::annotationType (29 bytes)
Event: 26.261 Thread 0x000001cb9ef9b000 nmethod 5072 0x000001cb8d4e5f10 code [0x000001cb8d4e60e0, 0x000001cb8d4e64d8]
Event: 26.267 Thread 0x000001cb9ef9b000 5073       3       org.gradle.api.internal.tasks.properties.annotations.PropertyAnnotationHandler::validatePropertyMetadata (1 bytes)
Event: 26.267 Thread 0x000001cb9ef9b000 nmethod 5073 0x000001cb8d4e6690 code [0x000001cb8d4e6820, 0x000001cb8d4e6918]
Event: 26.267 Thread 0x000001cb9ef9b000 5074       3       org.gradle.api.internal.tasks.properties.annotations.NoOpPropertyAnnotationHandler::getAllowedModifiers (4 bytes)
Event: 26.268 Thread 0x000001cb9ef9b000 nmethod 5074 0x000001cb8d4e6990 code [0x000001cb8d4e6b40, 0x000001cb8d4e6c98]
Event: 26.312 Thread 0x000001cb9ef9b000 5075       1       org.gradle.api.internal.tasks.properties.bean.RuntimeBeanNode::getBean (5 bytes)
Event: 26.312 Thread 0x000001cb9ef9b000 nmethod 5075 0x000001cb941f9b10 code [0x000001cb941f9ca0, 0x000001cb941f9d58]

GC Heap History (10 events):
Event: 11.510 GC heap before
{Heap before GC invocations=8 (full 0):
 garbage-first heap   total 262144K, used 58196K [0x00000000e0000000, 0x0000000100000000)
  region size 1024K, 42 young (43008K), 2 survivors (2048K)
 Metaspace       used 24841K, capacity 25407K, committed 25648K, reserved 276480K
  class space    used 3195K, capacity 3416K, committed 3456K, reserved 253952K
}
Event: 11.525 GC heap after
{Heap after GC invocations=9 (full 0):
 garbage-first heap   total 262144K, used 18869K [0x00000000e0000000, 0x0000000100000000)
  region size 1024K, 4 young (4096K), 4 survivors (4096K)
 Metaspace       used 24841K, capacity 25407K, committed 25648K, reserved 276480K
  class space    used 3195K, capacity 3416K, committed 3456K, reserved 253952K
}
Event: 13.596 GC heap before
{Heap before GC invocations=9 (full 0):
 garbage-first heap   total 262144K, used 75189K [0x00000000e0000000, 0x0000000100000000)
  region size 1024K, 59 young (60416K), 4 survivors (4096K)
 Metaspace       used 30399K, capacity 31211K, committed 31536K, reserved 282624K
  class space    used 4078K, capacity 4357K, committed 4480K, reserved 253952K
}
Event: 13.617 GC heap after
{Heap after GC invocations=10 (full 0):
 garbage-first heap   total 262144K, used 20651K [0x00000000e0000000, 0x0000000100000000)
  region size 1024K, 6 young (6144K), 6 survivors (6144K)
 Metaspace       used 30399K, capacity 31211K, committed 31536K, reserved 282624K
  class space    used 4078K, capacity 4357K, committed 4480K, reserved 253952K
}
Event: 15.172 GC heap before
{Heap before GC invocations=10 (full 0):
 garbage-first heap   total 262144K, used 47275K [0x00000000e0000000, 0x0000000100000000)
  region size 1024K, 33 young (33792K), 6 survivors (6144K)
 Metaspace       used 34839K, capacity 35711K, committed 35888K, reserved 286720K
  class space    used 4643K, capacity 4963K, committed 4992K, reserved 253952K
}
Event: 15.196 GC heap after
{Heap after GC invocations=11 (full 0):
 garbage-first heap   total 262144K, used 22298K [0x00000000e0000000, 0x0000000100000000)
  region size 1024K, 7 young (7168K), 7 survivors (7168K)
 Metaspace       used 34839K, capacity 35711K, committed 35888K, reserved 286720K
  class space    used 4643K, capacity 4963K, committed 4992K, reserved 253952K
}
Event: 19.938 GC heap before
{Heap before GC invocations=12 (full 0):
 garbage-first heap   total 262144K, used 147226K [0x00000000e0000000, 0x0000000100000000)
  region size 1024K, 126 young (129024K), 7 survivors (7168K)
 Metaspace       used 47058K, capacity 48172K, committed 48432K, reserved 296960K
  class space    used 6085K, capacity 6509K, committed 6528K, reserved 253952K
}
Event: 19.994 GC heap after
{Heap after GC invocations=13 (full 0):
 garbage-first heap   total 262144K, used 30557K [0x00000000e0000000, 0x0000000100000000)
  region size 1024K, 15 young (15360K), 15 survivors (15360K)
 Metaspace       used 47058K, capacity 48172K, committed 48432K, reserved 296960K
  class space    used 6085K, capacity 6509K, committed 6528K, reserved 253952K
}
Event: 26.349 GC heap before
{Heap before GC invocations=13 (full 0):
 garbage-first heap   total 262144K, used 163677K [0x00000000e0000000, 0x0000000100000000)
  region size 1024K, 145 young (148480K), 15 survivors (15360K)
 Metaspace       used 56252K, capacity 58052K, committed 58288K, reserved 305152K
  class space    used 7448K, capacity 8130K, committed 8192K, reserved 253952K
}
Event: 26.512 GC heap after
{Heap after GC invocations=14 (full 0):
 garbage-first heap   total 262144K, used 36735K [0x00000000e0000000, 0x0000000100000000)
  region size 1024K, 15 young (15360K), 15 survivors (15360K)
 Metaspace       used 56252K, capacity 58052K, committed 58288K, reserved 305152K
  class space    used 7448K, capacity 8130K, committed 8192K, reserved 253952K
}

Deoptimization events (10 events):
Event: 24.997 Thread 0x000001cbafda4000 Uncommon trap: reason=profile_predicate action=maybe_recompile pc=0x000001cb941d621c method=java.util.TreeMap.getEntryUsingComparator(Ljava/lang/Object;)Ljava/util/TreeMap$Entry; @ 19 c2
Event: 25.187 Thread 0x000001cbafda4000 Uncommon trap: reason=unstable_if action=reinterpret pc=0x000001cb93fd2bf8 method=java.util.HashMap.resize()[Ljava/util/HashMap$Node; @ 203 c2
Event: 25.188 Thread 0x000001cbafda4000 Uncommon trap: reason=unstable_if action=reinterpret pc=0x000001cb94181cac method=java.util.HashMap.getNode(ILjava/lang/Object;)Ljava/util/HashMap$Node; @ 84 c2
Event: 25.188 Thread 0x000001cbafda4000 Uncommon trap: reason=unstable_if action=reinterpret pc=0x000001cb94180f4c method=java.util.HashMap.getNode(ILjava/lang/Object;)Ljava/util/HashMap$Node; @ 84 c2
Event: 25.349 Thread 0x000001cbafda4000 Uncommon trap: reason=bimorphic_or_optimized_type_check action=maybe_recompile pc=0x000001cb940bf0d4 method=java.util.Spliterators$IteratorSpliterator.tryAdvance(Ljava/util/function/Consumer;)Z @ 50 c2
Event: 25.719 Thread 0x000001cbafda4000 Uncommon trap: reason=unstable_if action=reinterpret pc=0x000001cb941eb18c method=java.util.HashMap.putVal(ILjava/lang/Object;Ljava/lang/Object;ZZ)Ljava/lang/Object; @ 109 c2
Event: 25.719 Thread 0x000001cbafda4000 Uncommon trap: reason=unstable_if action=reinterpret pc=0x000001cb94165aec method=java.util.HashMap.putVal(ILjava/lang/Object;Ljava/lang/Object;ZZ)Ljava/lang/Object; @ 109 c2
Event: 25.719 Thread 0x000001cbafda4000 Uncommon trap: reason=unstable_if action=reinterpret pc=0x000001cb941a076c method=java.util.HashMap.putVal(ILjava/lang/Object;Ljava/lang/Object;ZZ)Ljava/lang/Object; @ 109 c2
Event: 26.146 Thread 0x000001cbafda4000 Uncommon trap: reason=bimorphic_or_optimized_type_check action=maybe_recompile pc=0x000001cb940bf0d4 method=java.util.Spliterators$IteratorSpliterator.tryAdvance(Ljava/util/function/Consumer;)Z @ 50 c2
Event: 26.146 Thread 0x000001cbafda4000 Uncommon trap: reason=bimorphic_or_optimized_type_check action=maybe_recompile pc=0x000001cb940bf0d4 method=java.util.Spliterators$IteratorSpliterator.tryAdvance(Ljava/util/function/Consumer;)Z @ 50 c2

Classes redefined (0 events):
No events

Internal exceptions (10 events):
Event: 24.690 Thread 0x000001cbafda4000 Exception <a 'java/lang/ClassNotFoundException'{0x00000000e991d588}: org/gradle/api/internal/artifacts/dsl/dependencies/DefaultDependencyHandlerCustomizer> (0x00000000e991d588) thrown at [./open/src/hotspot/share/classfile/systemDictionary.cpp, line 228]
Event: 24.695 Thread 0x000001cbafda4000 Exception <a 'java/lang/ClassNotFoundException'{0x00000000e998d000}: org/gradle/api/internal/artifacts/dsl/dependencies/DefaultDependencyHandler_DecoratedCustomizer> (0x00000000e998d000) thrown at [./open/src/hotspot/share/classfile/systemDictionary.cpp, 
Event: 24.737 Thread 0x000001cbafda4000 Exception <a 'java/lang/ClassNotFoundException'{0x00000000e9589298}: org/gradle/api/internal/tasks/DefaultTaskContainer_DecoratedBeanInfo> (0x00000000e9589298) thrown at [./open/src/hotspot/share/classfile/systemDictionary.cpp, line 228]
Event: 24.738 Thread 0x000001cbafda4000 Exception <a 'java/lang/ClassNotFoundException'{0x00000000e95b43f8}: org/gradle/api/internal/tasks/DefaultTaskContainerBeanInfo> (0x00000000e95b43f8) thrown at [./open/src/hotspot/share/classfile/systemDictionary.cpp, line 228]
Event: 24.739 Thread 0x000001cbafda4000 Exception <a 'java/lang/ClassNotFoundException'{0x00000000e95e0628}: org/gradle/api/internal/tasks/DefaultTaskCollectionBeanInfo> (0x00000000e95e0628) thrown at [./open/src/hotspot/share/classfile/systemDictionary.cpp, line 228]
Event: 24.740 Thread 0x000001cbafda4000 Exception <a 'java/lang/ClassNotFoundException'{0x00000000e940cea0}: org/gradle/api/internal/tasks/DefaultTaskCollectionCustomizer> (0x00000000e940cea0) thrown at [./open/src/hotspot/share/classfile/systemDictionary.cpp, line 228]
Event: 24.749 Thread 0x000001cbafda4000 Exception <a 'java/lang/ClassNotFoundException'{0x00000000e9462a30}: org/gradle/api/internal/tasks/DefaultTaskContainerCustomizer> (0x00000000e9462a30) thrown at [./open/src/hotspot/share/classfile/systemDictionary.cpp, line 228]
Event: 24.755 Thread 0x000001cbafda4000 Exception <a 'java/lang/ClassNotFoundException'{0x00000000e94da458}: org/gradle/api/internal/tasks/DefaultTaskContainer_DecoratedCustomizer> (0x00000000e94da458) thrown at [./open/src/hotspot/share/classfile/systemDictionary.cpp, line 228]
Event: 24.994 Thread 0x000001cbafda4000 Exception <a 'java/lang/NoSuchMethodError'{0x00000000e90b9c60}: java.lang.invoke.DirectMethodHandle$Holder.invokeInterface(Ljava/lang/Object;Ljava/lang/Object;Ljava/lang/Object;Ljava/lang/Object;)I> (0x00000000e90b9c60) thrown at [./open/src/hotspot/share
Event: 25.982 Thread 0x000001cbafda4000 Exception <a 'java/lang/NoSuchMethodError'{0x00000000e887e470}: java.lang.invoke.Invokers$Holder.linkToTargetMethod(Ljava/lang/Object;ILjava/lang/Object;)Ljava/lang/Object;> (0x00000000e887e470) thrown at [./open/src/hotspot/share/interpreter/linkResolver

Events (10 events):
Event: 26.335 loading class org/codehaus/groovy/runtime/callsite/GetEffectivePojoPropertySite
Event: 26.335 loading class org/codehaus/groovy/runtime/callsite/GetEffectivePojoPropertySite done
Event: 26.336 loading class SetupUtpTestResultListenerAction$_execute_closure1
Event: 26.336 loading class SetupUtpTestResultListenerAction$_execute_closure1 done
Event: 26.338 loading class groovy/runtime/metaclass/SetupUtpTestResultListenerAction$_execute_closure1MetaClass
Event: 26.338 loading class groovy/runtime/metaclass/SetupUtpTestResultListenerAction$_execute_closure1MetaClass done
Event: 26.339 loading class groovy/runtime/metaclass/com/google/common/collect/RegularImmutableListMetaClass
Event: 26.339 loading class groovy/runtime/metaclass/com/google/common/collect/RegularImmutableListMetaClass done
Event: 26.349 Executing VM operation: G1CollectForAllocation
Event: 26.512 Executing VM operation: G1CollectForAllocation done


Dynamic libraries:
0x00007ff6051a0000 - 0x00007ff6051af000 	C:\Program Files\Java\jdk-11.0.12\bin\java.exe
0x00007ffe4e1b0000 - 0x00007ffe4e3a8000 	C:\WINDOWS\SYSTEM32\ntdll.dll
0x00007ffe4c680000 - 0x00007ffe4c73f000 	C:\WINDOWS\System32\KERNEL32.DLL
0x00007ffe4ba00000 - 0x00007ffe4bcd2000 	C:\WINDOWS\System32\KERNELBASE.dll
0x00007ffe4bd80000 - 0x00007ffe4be80000 	C:\WINDOWS\System32\ucrtbase.dll
0x00007ffe3c180000 - 0x00007ffe3c198000 	C:\Program Files\Java\jdk-11.0.12\bin\jli.dll
0x00007ffe4c740000 - 0x00007ffe4c7ee000 	C:\WINDOWS\System32\ADVAPI32.dll
0x00007ffe4d2c0000 - 0x00007ffe4d35e000 	C:\WINDOWS\System32\msvcrt.dll
0x00007ffe4d500000 - 0x00007ffe4d59c000 	C:\WINDOWS\System32\sechost.dll
0x00007ffe4d0d0000 - 0x00007ffe4d1f4000 	C:\WINDOWS\System32\RPCRT4.dll
0x00007ffe4c9e0000 - 0x00007ffe4cb81000 	C:\WINDOWS\System32\USER32.dll
0x00007ffe4bf10000 - 0x00007ffe4bf32000 	C:\WINDOWS\System32\win32u.dll
0x00007ffe4cf60000 - 0x00007ffe4cf8b000 	C:\WINDOWS\System32\GDI32.dll
0x00007ffe4bf40000 - 0x00007ffe4c04f000 	C:\WINDOWS\System32\gdi32full.dll
0x00007ffe4bce0000 - 0x00007ffe4bd7d000 	C:\WINDOWS\System32\msvcp_win.dll
0x00007ffe39e90000 - 0x00007ffe39ea5000 	C:\Program Files\Java\jdk-11.0.12\bin\VCRUNTIME140.dll
0x00007ffe3cb10000 - 0x00007ffe3cdaa000 	C:\WINDOWS\WinSxS\amd64_microsoft.windows.common-controls_6595b64144ccf1df_6.0.19041.1110_none_60b5254171f9507e\COMCTL32.dll
0x00007ffe3d170000 - 0x00007ffe3d17a000 	C:\WINDOWS\SYSTEM32\VERSION.dll
0x00007ffe4d200000 - 0x00007ffe4d230000 	C:\WINDOWS\System32\IMM32.DLL
0x00007ffe1dd00000 - 0x00007ffe1dd9b000 	C:\Program Files\Java\jdk-11.0.12\bin\msvcp140.dll
0x00007ffe08220000 - 0x00007ffe08d1f000 	C:\Program Files\Java\jdk-11.0.12\bin\server\jvm.dll
0x00007ffe4e160000 - 0x00007ffe4e168000 	C:\WINDOWS\System32\PSAPI.DLL
0x00007ffe47270000 - 0x00007ffe47279000 	C:\WINDOWS\SYSTEM32\WSOCK32.dll
0x00007ffe4cef0000 - 0x00007ffe4cf5b000 	C:\WINDOWS\System32\WS2_32.dll
0x00007ffe30430000 - 0x00007ffe30457000 	C:\WINDOWS\SYSTEM32\WINMM.dll
0x00007ffe49770000 - 0x00007ffe49782000 	C:\WINDOWS\SYSTEM32\kernel.appcore.dll
0x00007ffe3ba70000 - 0x00007ffe3ba80000 	C:\Program Files\Java\jdk-11.0.12\bin\verify.dll
0x00007ffe37f50000 - 0x00007ffe38134000 	C:\WINDOWS\SYSTEM32\DBGHELP.DLL
0x00007ffe37eb0000 - 0x00007ffe37ee5000 	C:\WINDOWS\SYSTEM32\dbgcore.DLL
0x00007ffe4be80000 - 0x00007ffe4bf02000 	C:\WINDOWS\System32\bcryptPrimitives.dll
0x00007ffe39e60000 - 0x00007ffe39e88000 	C:\Program Files\Java\jdk-11.0.12\bin\java.dll
0x00007ffe39e50000 - 0x00007ffe39e5a000 	C:\Program Files\Java\jdk-11.0.12\bin\jimage.dll
0x00007ffe39e30000 - 0x00007ffe39e46000 	C:\Program Files\Java\jdk-11.0.12\bin\zip.dll
0x00007ffe4da10000 - 0x00007ffe4e155000 	C:\WINDOWS\System32\SHELL32.dll
0x00007ffe49970000 - 0x00007ffe4a102000 	C:\WINDOWS\SYSTEM32\windows.storage.dll
0x00007ffe4cb90000 - 0x00007ffe4cee5000 	C:\WINDOWS\System32\combase.dll
0x00007ffe4b230000 - 0x00007ffe4b260000 	C:\WINDOWS\SYSTEM32\Wldp.dll
0x00007ffe4c3c0000 - 0x00007ffe4c46d000 	C:\WINDOWS\System32\SHCORE.dll
0x00007ffe4c470000 - 0x00007ffe4c4c5000 	C:\WINDOWS\System32\shlwapi.dll
0x00007ffe4b7f0000 - 0x00007ffe4b80f000 	C:\WINDOWS\SYSTEM32\profapi.dll
0x00007ffe39d80000 - 0x00007ffe39d99000 	C:\Program Files\Java\jdk-11.0.12\bin\net.dll
0x00007ffe3dee0000 - 0x00007ffe3dfea000 	C:\WINDOWS\SYSTEM32\WINHTTP.dll
0x00007ffe4af90000 - 0x00007ffe4affa000 	C:\WINDOWS\system32\mswsock.dll
0x00007ffe39b40000 - 0x00007ffe39b52000 	C:\Program Files\Java\jdk-11.0.12\bin\nio.dll
0x00007ffe39b10000 - 0x00007ffe39b37000 	C:\Users\EXEQUIEL\.gradle\native\68d5fa5c4cc2d200863cafc0d521ce42e7d3e7ee720ec0a83991735586a16f82\windows-amd64\native-platform.dll
0x00007ffe1dbb0000 - 0x00007ffe1dcf4000 	C:\Users\EXEQUIEL\.gradle\native\e376f236ea51e6404a007f0833ffe2c6e607c4080706a723a18a27aeea778392\windows-amd64\native-platform-file-events.dll
0x00007ffe36560000 - 0x00007ffe36569000 	C:\Program Files\Java\jdk-11.0.12\bin\management.dll
0x00007ffe364a0000 - 0x00007ffe364ab000 	C:\Program Files\Java\jdk-11.0.12\bin\management_ext.dll
0x00007ffe4b180000 - 0x00007ffe4b198000 	C:\WINDOWS\SYSTEM32\CRYPTSP.dll
0x00007ffe4a8b0000 - 0x00007ffe4a8e4000 	C:\WINDOWS\system32\rsaenh.dll
0x00007ffe4b9d0000 - 0x00007ffe4b9f7000 	C:\WINDOWS\System32\bcrypt.dll
0x00007ffe4b770000 - 0x00007ffe4b79e000 	C:\WINDOWS\SYSTEM32\USERENV.dll
0x00007ffe4b1a0000 - 0x00007ffe4b1ac000 	C:\WINDOWS\SYSTEM32\CRYPTBASE.dll
0x00007ffe4ac80000 - 0x00007ffe4acbb000 	C:\WINDOWS\SYSTEM32\IPHLPAPI.DLL
0x00007ffe4d3c0000 - 0x00007ffe4d3c8000 	C:\WINDOWS\System32\NSI.dll
0x00007ffe3d550000 - 0x00007ffe3d567000 	C:\WINDOWS\SYSTEM32\dhcpcsvc6.DLL
0x00007ffe3e360000 - 0x00007ffe3e37d000 	C:\WINDOWS\SYSTEM32\dhcpcsvc.DLL
0x00007ffe4acc0000 - 0x00007ffe4ad8b000 	C:\WINDOWS\SYSTEM32\DNSAPI.dll

dbghelp: loaded successfully - version: 4.0.5 - missing functions: none
symbol engine: initialized successfully - sym options: 0x614 - pdb path: .;C:\Program Files\Java\jdk-11.0.12\bin;C:\WINDOWS\SYSTEM32;C:\WINDOWS\WinSxS\amd64_microsoft.windows.common-controls_6595b64144ccf1df_6.0.19041.1110_none_60b5254171f9507e;C:\Program Files\Java\jdk-11.0.12\bin\server;C:\Users\EXEQUIEL\.gradle\native\68d5fa5c4cc2d200863cafc0d521ce42e7d3e7ee720ec0a83991735586a16f82\windows-amd64;C:\Users\EXEQUIEL\.gradle\native\e376f236ea51e6404a007f0833ffe2c6e607c4080706a723a18a27aeea778392\windows-amd64

VM Arguments:
jvm_args: --add-opens=java.base/java.util=ALL-UNNAMED --add-opens=java.base/java.lang=ALL-UNNAMED --add-opens=java.base/java.lang.invoke=ALL-UNNAMED --add-opens=java.prefs/java.util.prefs=ALL-UNNAMED --add-opens=java.base/java.nio.charset=ALL-UNNAMED --add-opens=java.base/java.net=ALL-UNNAMED --add-opens=java.base/java.util.concurrent.atomic=ALL-UNNAMED -XX:MaxMetaspaceSize=256m -XX:+HeapDumpOnOutOfMemoryError -Xms256m -Xmx512m -Dfile.encoding=windows-1252 -Duser.country=AR -Duser.language=es -Duser.variant 
java_command: org.gradle.launcher.daemon.bootstrap.GradleDaemon 7.6.1
java_class_path (initial): C:\Users\EXEQUIEL\.gradle\wrapper\dists\gradle-7.6.1-bin\2clxi94ab3brv6467628wnxmd\gradle-7.6.1\lib\gradle-launcher-7.6.1.jar
Launcher Type: SUN_STANDARD

[Global flags]
     intx CICompilerCount                          = 2                                         {product} {ergonomic}
   size_t CompressedClassSpaceSize                 = 260046848                                 {product} {ergonomic}
     uint ConcGCThreads                            = 1                                         {product} {ergonomic}
     uint G1ConcRefinementThreads                  = 2                                         {product} {ergonomic}
   size_t G1HeapRegionSize                         = 1048576                                   {product} {ergonomic}
    uintx GCDrainStackTargetSize                   = 64                                        {product} {ergonomic}
     bool HeapDumpOnOutOfMemoryError               = true                                   {manageable} {command line}
   size_t InitialHeapSize                          = 268435456                                 {product} {command line}
   size_t MarkStackSize                            = 4194304                                   {product} {ergonomic}
   size_t MaxHeapSize                              = 536870912                                 {product} {command line}
   size_t MaxMetaspaceSize                         = 268435456                                 {product} {command line}
   size_t MaxNewSize                               = 321912832                                 {product} {ergonomic}
   size_t MinHeapDeltaBytes                        = 1048576                                   {product} {ergonomic}
    uintx NonNMethodCodeHeapSize                   = 5825164                                {pd product} {ergonomic}
    uintx NonProfiledCodeHeapSize                  = 122916538                              {pd product} {ergonomic}
    uintx ProfiledCodeHeapSize                     = 122916538                              {pd product} {ergonomic}
    uintx ReservedCodeCacheSize                    = 251658240                              {pd product} {ergonomic}
     bool SegmentedCodeCache                       = true                                      {product} {ergonomic}
     bool UseCompressedClassPointers               = true                                 {lp64_product} {ergonomic}
     bool UseCompressedOops                        = true                                 {lp64_product} {ergonomic}
     bool UseG1GC                                  = true                                      {product} {ergonomic}
     bool UseLargePagesIndividualAllocation        = false                                  {pd product} {ergonomic}

Logging:
Log output configuration:
 #0: stdout all=warning uptime,level,tags
 #1: stderr all=off uptime,level,tags

Environment Variables:
PATH=C:\Program Files\Java\jdk-11.0.12\bin;C:\Program Files\Common Files\Oracle\Java\javapath;C:\WINDOWS\system32;C:\WINDOWS;C:\WINDOWS\System32\Wbem;C:\WINDOWS\System32\WindowsPowerShell\v1.0\;C:\WINDOWS\System32\OpenSSH\;C:\Program Files (x86)\Common Files\Propellerhead Software\ReWire\;C:\Program Files\Common Files\Propellerhead Software\ReWire\;C:\Program Files\dotnet\;C:\Program Files\nodejs\;C:\Program Files\Git\cmd;C:\Users\EXEQUIEL\AppData\Local\Microsoft\WindowsApps;C:\Users\EXEQUIEL\.dotnet\tools;C:\Users\EXEQUIEL\AppData\Local\Programs\Microsoft VS Code\bin;C:\Users\EXEQUIEL\AppData\Roaming\npm
USERNAME=Ezequiel
OS=Windows_NT
PROCESSOR_IDENTIFIER=Intel64 Family 6 Model 58 Stepping 9, GenuineIntel



---------------  S Y S T E M  ---------------

OS: Windows 10 , 64 bit Build 19041 (10.0.19041.2546)

CPU:total 2 (initial active 2) (2 cores per cpu, 1 threads per core) family 6 model 58 stepping 9 microcode 0x21, cmov, cx8, fxsr, mmx, sse, sse2, sse3, ssse3, sse4.1, sse4.2, popcnt, clmul, erms, tsc, tscinvbit, tscinv

Memory: 4k page, system-wide physical 3972M (708M free)
TotalPageFile size 6756M (AvailPageFile size 5M)
current process WorkingSet (physical memory assigned to process): 342M, peak: 342M
current process commit charge ("private bytes"): 450M, peak: 452M

vm_info: Java HotSpot(TM) 64-Bit Server VM (11.0.12+8-LTS-237) for windows-amd64 JRE (11.0.12+8-LTS-237), built on Jun  8 2021 11:25:59 by "mach5one" with MS VC++ 15.9 (VS2017)

END.
