#
# There is insufficient memory for the Java Runtime Environment to continue.
# Native memory allocation (mmap) failed to map 22020096 bytes for Failed to commit area from 0x00000000c8700000 to 0x00000000c9c00000 of length 22020096.
# Possible reasons:
#   The system is out of physical RAM or swap space
#   The process is running with CompressedOops enabled, and the Java Heap may be blocking the growth of the native heap
# Possible solutions:
#   Reduce memory load on the system
#   Increase physical memory or swap space
#   Check if swap backing store is full
#   Decrease Java heap size (-Xmx/-Xms)
#   Decrease number of Java threads
#   Decrease Java thread stack sizes (-Xss)
#   Set larger code cache with -XX:ReservedCodeCacheSize=
#   JVM is running with Unscaled Compressed Oops mode in which the Java heap is
#     placed in the first 4GB address space. The Java Heap base address is the
#     maximum limit for the native heap growth. Please use -XX:HeapBaseMinAddress
#     to set the Java Heap base and to place the Java Heap above 4GB virtual address.
# This output file may be truncated or incomplete.
#
#  Out of Memory Error (./open/src/hotspot/os/windows/os_windows.cpp:3273), pid=8060, tid=2188
#
# JRE version: Java(TM) SE Runtime Environment 18.9 (11.0.12+8) (build 11.0.12+8-LTS-237)
# Java VM: Java HotSpot(TM) 64-Bit Server VM 18.9 (11.0.12+8-LTS-237, mixed mode, tiered, compressed oops, g1 gc, windows-amd64)
# No core dump will be written. Minidumps are not enabled by default on client versions of Windows
#

---------------  S U M M A R Y ------------

Command Line: -Xverify:none -XX:TieredStopAtLevel=1 -Dfile.encoding=windows-1252 -Duser.country=AR -Duser.language=es -Duser.variant com.mindhub.homebanking.HomeBankingApplication

Host: Intel(R) Celeron(R) CPU 1007U @ 1.50GHz, 2 cores, 3G,  Windows 10 , 64 bit Build 19041 (10.0.19041.2546)
Time: Fri Mar 31 20:25:17 2023 Hora estándar de Argentina elapsed time: 8.206312 seconds (0d 0h 0m 8s)

---------------  T H R E A D  ---------------

Current thread (0x000002165297c800):  VMThread "VM Thread" [stack: 0x0000007fd6c00000,0x0000007fd6d00000] [id=2188]

Stack: [0x0000007fd6c00000,0x0000007fd6d00000]
[error occurred during error reporting (printing stack bounds), id 0xc0000005, EXCEPTION_ACCESS_VIOLATION (0xc0000005) at pc=0x000002163ed00f3d]

Native frames: (J=compiled Java code, j=interpreted, Vv=VM code, C=native code)
V  [jvm.dll+0x617d9a]
V  [jvm.dll+0x74eeef]
V  [jvm.dll+0x750599]
V  [jvm.dll+0x750b85]
V  [jvm.dll+0x750b3b]
V  [jvm.dll+0x6175d3]
V  [jvm.dll+0x617998]
C  [ntdll.dll+0xa241f]
C  [ntdll.dll+0x514a4]
C  [ntdll.dll+0xa0f4e]
C  0x000002163ed00f3d

VM_Operation (0x0000007fd66fc7e0): CollectForMetadataAllocation, mode: safepoint, requested by thread 0x0000021636844800


---------------  P R O C E S S  ---------------

Threads class SMR info:
_java_thread_list=0x00000216533f2da0, length=9, elements={
0x0000021636844800, 0x00000216529a0800, 0x00000216529a3800, 0x0000021652a02800,
0x0000021652a04000, 0x0000021652a07000, 0x0000021652a0b000, 0x0000021652a0c000,
0x0000021652c53800
}

Java Threads: ( => current thread )
  0x0000021636844800 JavaThread "main" [_thread_blocked, id=2976, stack(0x0000007fd6600000,0x0000007fd6700000)]
  0x00000216529a0800 JavaThread "Reference Handler" daemon [_thread_blocked, id=7440, stack(0x0000007fd6d00000,0x0000007fd6e00000)]
  0x00000216529a3800 JavaThread "Finalizer" daemon [_thread_blocked, id=9368, stack(0x0000007fd6e00000,0x0000007fd6f00000)]
  0x0000021652a02800 JavaThread "Signal Dispatcher" daemon [_thread_blocked, id=1312, stack(0x0000007fd6f00000,0x0000007fd7000000)]
  0x0000021652a04000 JavaThread "Attach Listener" daemon [_thread_blocked, id=2544, stack(0x0000007fd7000000,0x0000007fd7100000)]
  0x0000021652a07000 JavaThread "Service Thread" daemon [_thread_blocked, id=10016, stack(0x0000007fd7100000,0x0000007fd7200000)]
  0x0000021652a0b000 JavaThread "C1 CompilerThread0" daemon [_thread_blocked, id=6544, stack(0x0000007fd7200000,0x0000007fd7300000)]
  0x0000021652a0c000 JavaThread "Sweeper thread" daemon [_thread_blocked, id=10072, stack(0x0000007fd7300000,0x0000007fd7400000)]
  0x0000021652c53800 JavaThread "Common-Cleaner" daemon [_thread_blocked, id=10096, stack(0x0000007fd7500000,0x0000007fd7600000)]

Other Threads:
=>0x000002165297c800 VMThread "VM Thread" [stack: 0x0000007fd6c00000,0x0000007fd6d00000] [id=2188]
  0x0000021652c52000 WatcherThread [stack: 0x0000007fd7400000,0x0000007fd7500000] [id=4744]
  0x0000021636859800 GCTaskThread "GC Thread#0" [stack: 0x0000007fd6700000,0x0000007fd6800000] [id=6904]
  0x0000021652f5a800 GCTaskThread "GC Thread#1" [stack: 0x0000007fd7600000,0x0000007fd7700000] [id=8584]
  0x0000021636872800 ConcurrentGCThread "G1 Main Marker" [stack: 0x0000007fd6800000,0x0000007fd6900000] [id=7060]
  0x0000021636876000 ConcurrentGCThread "G1 Conc#0" [stack: 0x0000007fd6900000,0x0000007fd6a00000] [id=11000]
  0x00000216368c5000 ConcurrentGCThread "G1 Refine#0" [stack: 0x0000007fd6a00000,0x0000007fd6b00000] [id=2388]
  0x00000216368c6000 ConcurrentGCThread "G1 Young RemSet Sampling" [stack: 0x0000007fd6b00000,0x0000007fd6c00000] [id=10192]

Threads with active compile tasks:

VM state:at safepoint (normal execution)

VM Mutex/Monitor currently owned by a thread:  ([mutex/lock_event])
[0x0000021636843210] Threads_lock - owner thread: 0x000002165297c800
[0x00000216368430f0] Heap_lock - owner thread: 0x0000021636844800

Heap address: 0x00000000c1e00000, size: 994 MB, Compressed Oops mode: 32-bit
Narrow klass base: 0x0000000000000000, Narrow klass shift: 3
Compressed class space size: 1073741824 Address: 0x0000000100000000

Heap:
 garbage-first heap   total 129024K, used 12932K [0x00000000c1e00000, 0x0000000100000000)
  region size 1024K, 6 young (6144K), 6 survivors (6144K)
 Metaspace       used 27926K, capacity 28775K, committed 28848K, reserved 1081344K
  class space    used 3427K, capacity 3774K, committed 3840K, reserved 1048576K
Heap Regions: E=young(eden), S=young(survivor), O=old, HS=humongous(starts), HC=humongous(continues), CS=collection set, F=free, A=archive, TAMS=top-at-mark-start (previous, next)
|   0|0x00000000c1e00000, 0x00000000c1f00000, 0x00000000c1f00000|100%|HS|  |TAMS 0x00000000c1f00000, 0x00000000c1f00000| Complete 
|   1|0x00000000c1f00000, 0x00000000c2000000, 0x00000000c2000000|100%| O|  |TAMS 0x00000000c2000000, 0x00000000c2000000| Untracked 
|   2|0x00000000c2000000, 0x00000000c2100000, 0x00000000c2100000|100%| O|  |TAMS 0x00000000c2100000, 0x00000000c2100000| Untracked 
|   3|0x00000000c2100000, 0x00000000c2200000, 0x00000000c2200000|100%| O|  |TAMS 0x00000000c2200000, 0x00000000c2200000| Untracked 
|   4|0x00000000c2200000, 0x00000000c2300000, 0x00000000c2300000|100%| O|  |TAMS 0x00000000c2300000, 0x00000000c2300000| Untracked 
|   5|0x00000000c2300000, 0x00000000c2400000, 0x00000000c2400000|100%| O|  |TAMS 0x00000000c237d200, 0x00000000c2400000| Untracked 
|   6|0x00000000c2400000, 0x00000000c2500000, 0x00000000c2500000|100%| O|  |TAMS 0x00000000c2400000, 0x00000000c2500000| Untracked 
|   7|0x00000000c2500000, 0x00000000c2590000, 0x00000000c2600000| 56%| O|  |TAMS 0x00000000c2500000, 0x00000000c2590000| Untracked 
|   8|0x00000000c2600000, 0x00000000c2600000, 0x00000000c2700000|  0%| F|  |TAMS 0x00000000c2600000, 0x00000000c2600000| Untracked 
|   9|0x00000000c2700000, 0x00000000c2700000, 0x00000000c2800000|  0%| F|  |TAMS 0x00000000c2700000, 0x00000000c2700000| Untracked 
|  10|0x00000000c2800000, 0x00000000c2800000, 0x00000000c2900000|  0%| F|  |TAMS 0x00000000c2800000, 0x00000000c2800000| Untracked 
|  11|0x00000000c2900000, 0x00000000c2900000, 0x00000000c2a00000|  0%| F|  |TAMS 0x00000000c2900000, 0x00000000c2900000| Untracked 
|  12|0x00000000c2a00000, 0x00000000c2a00000, 0x00000000c2b00000|  0%| F|  |TAMS 0x00000000c2a00000, 0x00000000c2a00000| Untracked 
|  13|0x00000000c2b00000, 0x00000000c2b00000, 0x00000000c2c00000|  0%| F|  |TAMS 0x00000000c2b00000, 0x00000000c2b00000| Untracked 
|  14|0x00000000c2c00000, 0x00000000c2c00000, 0x00000000c2d00000|  0%| F|  |TAMS 0x00000000c2c00000, 0x00000000c2c00000| Untracked 
|  15|0x00000000c2d00000, 0x00000000c2d00000, 0x00000000c2e00000|  0%| F|  |TAMS 0x00000000c2d00000, 0x00000000c2d00000| Untracked 
|  16|0x00000000c2e00000, 0x00000000c2e00000, 0x00000000c2f00000|  0%| F|  |TAMS 0x00000000c2e00000, 0x00000000c2e00000| Untracked 
|  17|0x00000000c2f00000, 0x00000000c2f00000, 0x00000000c3000000|  0%| F|  |TAMS 0x00000000c2f00000, 0x00000000c2f00000| Untracked 
|  18|0x00000000c3000000, 0x00000000c3000000, 0x00000000c3100000|  0%| F|  |TAMS 0x00000000c3000000, 0x00000000c3000000| Untracked 
|  19|0x00000000c3100000, 0x00000000c3100000, 0x00000000c3200000|  0%| F|  |TAMS 0x00000000c3100000, 0x00000000c3100000| Untracked 
|  20|0x00000000c3200000, 0x00000000c3200000, 0x00000000c3300000|  0%| F|  |TAMS 0x00000000c3200000, 0x00000000c3200000| Untracked 
|  21|0x00000000c3300000, 0x00000000c3300000, 0x00000000c3400000|  0%| F|  |TAMS 0x00000000c3300000, 0x00000000c3300000| Untracked 
|  22|0x00000000c3400000, 0x00000000c3400000, 0x00000000c3500000|  0%| F|  |TAMS 0x00000000c3400000, 0x00000000c3400000| Untracked 
|  23|0x00000000c3500000, 0x00000000c3500000, 0x00000000c3600000|  0%| F|  |TAMS 0x00000000c3500000, 0x00000000c3500000| Untracked 
|  24|0x00000000c3600000, 0x00000000c3600000, 0x00000000c3700000|  0%| F|  |TAMS 0x00000000c3600000, 0x00000000c3600000| Untracked 
|  25|0x00000000c3700000, 0x00000000c3700000, 0x00000000c3800000|  0%| F|  |TAMS 0x00000000c3700000, 0x00000000c3700000| Untracked 
|  26|0x00000000c3800000, 0x00000000c3800000, 0x00000000c3900000|  0%| F|  |TAMS 0x00000000c3800000, 0x00000000c3800000| Untracked 
|  27|0x00000000c3900000, 0x00000000c3900000, 0x00000000c3a00000|  0%| F|  |TAMS 0x00000000c3900000, 0x00000000c3900000| Untracked 
|  28|0x00000000c3a00000, 0x00000000c3a00000, 0x00000000c3b00000|  0%| F|  |TAMS 0x00000000c3a00000, 0x00000000c3a00000| Untracked 
|  29|0x00000000c3b00000, 0x00000000c3b00000, 0x00000000c3c00000|  0%| F|  |TAMS 0x00000000c3b00000, 0x00000000c3b00000| Untracked 
|  30|0x00000000c3c00000, 0x00000000c3c00000, 0x00000000c3d00000|  0%| F|  |TAMS 0x00000000c3c00000, 0x00000000c3c00000| Untracked 
|  31|0x00000000c3d00000, 0x00000000c3d00000, 0x00000000c3e00000|  0%| F|  |TAMS 0x00000000c3d00000, 0x00000000c3d00000| Untracked 
|  32|0x00000000c3e00000, 0x00000000c3e00000, 0x00000000c3f00000|  0%| F|  |TAMS 0x00000000c3e00000, 0x00000000c3e00000| Untracked 
|  33|0x00000000c3f00000, 0x00000000c3f00000, 0x00000000c4000000|  0%| F|  |TAMS 0x00000000c3f00000, 0x00000000c3f00000| Untracked 
|  34|0x00000000c4000000, 0x00000000c4000000, 0x00000000c4100000|  0%| F|  |TAMS 0x00000000c4000000, 0x00000000c4000000| Untracked 
|  35|0x00000000c4100000, 0x00000000c4100000, 0x00000000c4200000|  0%| F|  |TAMS 0x00000000c4100000, 0x00000000c4100000| Untracked 
|  36|0x00000000c4200000, 0x00000000c4200000, 0x00000000c4300000|  0%| F|  |TAMS 0x00000000c4200000, 0x00000000c4200000| Untracked 
|  37|0x00000000c4300000, 0x00000000c4300000, 0x00000000c4400000|  0%| F|  |TAMS 0x00000000c4300000, 0x00000000c4300000| Untracked 
|  38|0x00000000c4400000, 0x00000000c4400000, 0x00000000c4500000|  0%| F|  |TAMS 0x00000000c4400000, 0x00000000c4400000| Untracked 
|  39|0x00000000c4500000, 0x00000000c4500000, 0x00000000c4600000|  0%| F|  |TAMS 0x00000000c4500000, 0x00000000c4500000| Untracked 
|  40|0x00000000c4600000, 0x00000000c4600000, 0x00000000c4700000|  0%| F|  |TAMS 0x00000000c4600000, 0x00000000c4600000| Untracked 
|  41|0x00000000c4700000, 0x00000000c4700000, 0x00000000c4800000|  0%| F|  |TAMS 0x00000000c4700000, 0x00000000c4700000| Untracked 
|  42|0x00000000c4800000, 0x00000000c4800000, 0x00000000c4900000|  0%| F|  |TAMS 0x00000000c4800000, 0x00000000c4800000| Untracked 
|  43|0x00000000c4900000, 0x00000000c4900000, 0x00000000c4a00000|  0%| F|  |TAMS 0x00000000c4900000, 0x00000000c4900000| Untracked 
|  44|0x00000000c4a00000, 0x00000000c4a00000, 0x00000000c4b00000|  0%| F|  |TAMS 0x00000000c4a00000, 0x00000000c4a00000| Untracked 
|  45|0x00000000c4b00000, 0x00000000c4b00000, 0x00000000c4c00000|  0%| F|  |TAMS 0x00000000c4b00000, 0x00000000c4b00000| Untracked 
|  46|0x00000000c4c00000, 0x00000000c4c00000, 0x00000000c4d00000|  0%| F|  |TAMS 0x00000000c4c00000, 0x00000000c4c00000| Untracked 
|  47|0x00000000c4d00000, 0x00000000c4d00000, 0x00000000c4e00000|  0%| F|  |TAMS 0x00000000c4d00000, 0x00000000c4d00000| Untracked 
|  48|0x00000000c4e00000, 0x00000000c4e00000, 0x00000000c4f00000|  0%| F|  |TAMS 0x00000000c4e00000, 0x00000000c4e00000| Untracked 
|  49|0x00000000c4f00000, 0x00000000c4f00000, 0x00000000c5000000|  0%| F|  |TAMS 0x00000000c4f00000, 0x00000000c4f00000| Untracked 
|  50|0x00000000c5000000, 0x00000000c5000000, 0x00000000c5100000|  0%| F|  |TAMS 0x00000000c5000000, 0x00000000c5000000| Untracked 
|  51|0x00000000c5100000, 0x00000000c5100000, 0x00000000c5200000|  0%| F|  |TAMS 0x00000000c5100000, 0x00000000c5100000| Untracked 
|  52|0x00000000c5200000, 0x00000000c5200000, 0x00000000c5300000|  0%| F|  |TAMS 0x00000000c5200000, 0x00000000c5200000| Untracked 
|  53|0x00000000c5300000, 0x00000000c5300000, 0x00000000c5400000|  0%| F|  |TAMS 0x00000000c5300000, 0x00000000c5300000| Untracked 
|  54|0x00000000c5400000, 0x00000000c5400000, 0x00000000c5500000|  0%| F|  |TAMS 0x00000000c5400000, 0x00000000c5400000| Untracked 
|  55|0x00000000c5500000, 0x00000000c5500000, 0x00000000c5600000|  0%| F|  |TAMS 0x00000000c5500000, 0x00000000c5500000| Untracked 
|  56|0x00000000c5600000, 0x00000000c5600000, 0x00000000c5700000|  0%| F|  |TAMS 0x00000000c5600000, 0x00000000c5600000| Untracked 
|  57|0x00000000c5700000, 0x00000000c5700000, 0x00000000c5800000|  0%| F|  |TAMS 0x00000000c5700000, 0x00000000c5700000| Untracked 
|  58|0x00000000c5800000, 0x00000000c5800000, 0x00000000c5900000|  0%| F|  |TAMS 0x00000000c5800000, 0x00000000c5800000| Untracked 
|  59|0x00000000c5900000, 0x00000000c5900000, 0x00000000c5a00000|  0%| F|  |TAMS 0x00000000c5900000, 0x00000000c5900000| Untracked 
|  60|0x00000000c5a00000, 0x00000000c5a00000, 0x00000000c5b00000|  0%| F|  |TAMS 0x00000000c5a00000, 0x00000000c5a00000| Untracked 
|  61|0x00000000c5b00000, 0x00000000c5b00000, 0x00000000c5c00000|  0%| F|  |TAMS 0x00000000c5b00000, 0x00000000c5b00000| Untracked 
|  62|0x00000000c5c00000, 0x00000000c5c00000, 0x00000000c5d00000|  0%| F|  |TAMS 0x00000000c5c00000, 0x00000000c5c00000| Untracked 
|  63|0x00000000c5d00000, 0x00000000c5d00000, 0x00000000c5e00000|  0%| F|  |TAMS 0x00000000c5d00000, 0x00000000c5d00000| Untracked 
|  64|0x00000000c5e00000, 0x00000000c5e00000, 0x00000000c5f00000|  0%| F|  |TAMS 0x00000000c5e00000, 0x00000000c5e00000| Untracked 
|  65|0x00000000c5f00000, 0x00000000c5f00000, 0x00000000c6000000|  0%| F|  |TAMS 0x00000000c5f00000, 0x00000000c5f00000| Untracked 
|  66|0x00000000c6000000, 0x00000000c6000000, 0x00000000c6100000|  0%| F|  |TAMS 0x00000000c6000000, 0x00000000c6000000| Untracked 
|  67|0x00000000c6100000, 0x00000000c6100000, 0x00000000c6200000|  0%| F|  |TAMS 0x00000000c6100000, 0x00000000c6100000| Untracked 
|  68|0x00000000c6200000, 0x00000000c6200000, 0x00000000c6300000|  0%| F|  |TAMS 0x00000000c6200000, 0x00000000c6200000| Untracked 
|  69|0x00000000c6300000, 0x00000000c6300000, 0x00000000c6400000|  0%| F|  |TAMS 0x00000000c6300000, 0x00000000c6300000| Untracked 
|  70|0x00000000c6400000, 0x00000000c6400000, 0x00000000c6500000|  0%| F|  |TAMS 0x00000000c6400000, 0x00000000c6400000| Untracked 
|  71|0x00000000c6500000, 0x00000000c6500000, 0x00000000c6600000|  0%| F|  |TAMS 0x00000000c6500000, 0x00000000c6500000| Untracked 
|  72|0x00000000c6600000, 0x00000000c6600000, 0x00000000c6700000|  0%| F|  |TAMS 0x00000000c6600000, 0x00000000c6600000| Untracked 
|  73|0x00000000c6700000, 0x00000000c6700000, 0x00000000c6800000|  0%| F|  |TAMS 0x00000000c6700000, 0x00000000c6700000| Untracked 
|  74|0x00000000c6800000, 0x00000000c6800000, 0x00000000c6900000|  0%| F|  |TAMS 0x00000000c6800000, 0x00000000c6800000| Untracked 
|  75|0x00000000c6900000, 0x00000000c6900000, 0x00000000c6a00000|  0%| F|  |TAMS 0x00000000c6900000, 0x00000000c6900000| Untracked 
|  76|0x00000000c6a00000, 0x00000000c6a00000, 0x00000000c6b00000|  0%| F|  |TAMS 0x00000000c6a00000, 0x00000000c6a00000| Untracked 
|  77|0x00000000c6b00000, 0x00000000c6b00000, 0x00000000c6c00000|  0%| F|  |TAMS 0x00000000c6b00000, 0x00000000c6b00000| Untracked 
|  78|0x00000000c6c00000, 0x00000000c6c00000, 0x00000000c6d00000|  0%| F|  |TAMS 0x00000000c6c00000, 0x00000000c6c00000| Untracked 
|  79|0x00000000c6d00000, 0x00000000c6d00000, 0x00000000c6e00000|  0%| F|  |TAMS 0x00000000c6d00000, 0x00000000c6d00000| Untracked 
|  80|0x00000000c6e00000, 0x00000000c6e00000, 0x00000000c6f00000|  0%| F|  |TAMS 0x00000000c6e00000, 0x00000000c6e00000| Untracked 
|  81|0x00000000c6f00000, 0x00000000c6f00000, 0x00000000c7000000|  0%| F|  |TAMS 0x00000000c6f00000, 0x00000000c6f00000| Untracked 
|  82|0x00000000c7000000, 0x00000000c7011158, 0x00000000c7100000|  6%| S|CS|TAMS 0x00000000c7000000, 0x00000000c7000000| Complete 
|  83|0x00000000c7100000, 0x00000000c7200000, 0x00000000c7200000|100%| S|CS|TAMS 0x00000000c7100000, 0x00000000c7100000| Complete 
|  84|0x00000000c7200000, 0x00000000c7300000, 0x00000000c7300000|100%| S|CS|TAMS 0x00000000c7200000, 0x00000000c7200000| Complete 
|  85|0x00000000c7300000, 0x00000000c7400000, 0x00000000c7400000|100%| S|CS|TAMS 0x00000000c7300000, 0x00000000c7300000| Complete 
|  86|0x00000000c7400000, 0x00000000c7500000, 0x00000000c7500000|100%| S|CS|TAMS 0x00000000c7400000, 0x00000000c7400000| Complete 
|  87|0x00000000c7500000, 0x00000000c7600000, 0x00000000c7600000|100%| S|CS|TAMS 0x00000000c7500000, 0x00000000c7500000| Complete 
|  88|0x00000000c7600000, 0x00000000c7600000, 0x00000000c7700000|  0%| F|  |TAMS 0x00000000c7600000, 0x00000000c7600000| Untracked 
|  89|0x00000000c7700000, 0x00000000c7700000, 0x00000000c7800000|  0%| F|  |TAMS 0x00000000c7700000, 0x00000000c7700000| Untracked 
|  90|0x00000000c7800000, 0x00000000c7800000, 0x00000000c7900000|  0%| F|  |TAMS 0x00000000c7800000, 0x00000000c7800000| Untracked 
|  91|0x00000000c7900000, 0x00000000c7900000, 0x00000000c7a00000|  0%| F|  |TAMS 0x00000000c7900000, 0x00000000c7900000| Untracked 
|  92|0x00000000c7a00000, 0x00000000c7a00000, 0x00000000c7b00000|  0%| F|  |TAMS 0x00000000c7a00000, 0x00000000c7a00000| Untracked 
|  93|0x00000000c7b00000, 0x00000000c7b00000, 0x00000000c7c00000|  0%| F|  |TAMS 0x00000000c7b00000, 0x00000000c7b00000| Untracked 
|  94|0x00000000c7c00000, 0x00000000c7c00000, 0x00000000c7d00000|  0%| F|  |TAMS 0x00000000c7c00000, 0x00000000c7c00000| Untracked 
|  95|0x00000000c7d00000, 0x00000000c7d00000, 0x00000000c7e00000|  0%| F|  |TAMS 0x00000000c7d00000, 0x00000000c7d00000| Untracked 
|  96|0x00000000c7e00000, 0x00000000c7e00000, 0x00000000c7f00000|  0%| F|  |TAMS 0x00000000c7e00000, 0x00000000c7e00000| Untracked 
|  97|0x00000000c7f00000, 0x00000000c7f00000, 0x00000000c8000000|  0%| F|  |TAMS 0x00000000c7f00000, 0x00000000c7f00000| Untracked 
|  98|0x00000000c8000000, 0x00000000c8000000, 0x00000000c8100000|  0%| F|  |TAMS 0x00000000c8000000, 0x00000000c8000000| Untracked 
|  99|0x00000000c8100000, 0x00000000c8100000, 0x00000000c8200000|  0%| F|  |TAMS 0x00000000c8100000, 0x00000000c8100000| Untracked 
| 100|0x00000000c8200000, 0x00000000c8200000, 0x00000000c8300000|  0%| F|  |TAMS 0x00000000c8200000, 0x00000000c8200000| Untracked 
| 101|0x00000000c8300000, 0x00000000c8300000, 0x00000000c8400000|  0%| F|  |TAMS 0x00000000c8300000, 0x00000000c8300000| Untracked 
| 102|0x00000000c8400000, 0x00000000c8400000, 0x00000000c8500000|  0%| F|  |TAMS 0x00000000c8400000, 0x00000000c8400000| Untracked 
| 103|0x00000000c8500000, 0x00000000c8500000, 0x00000000c8600000|  0%| F|  |TAMS 0x00000000c8500000, 0x00000000c8500000| Untracked 
| 104|0x00000000c8600000, 0x00000000c8600000, 0x00000000c8700000|  0%| F|  |TAMS 0x00000000c8600000, 0x00000000c8600000| Untracked 

Card table byte_map: [0x0000021636620000,0x0000021636820000] _byte_map_base: 0x0000021636011000

Marking Bits (Prev, Next): (CMBitMap*) 0x000002163686de00, (CMBitMap*) 0x000002163686ddc8
 Prev Bits: [0x000002164ee90000, 0x000002164fe18000)
 Next Bits: [0x000002164df00000, 0x000002164ee88000)

Polling page: 0x00000216346c0000

Metaspace:

Usage:
  Non-class:     24.42 MB capacity,    23.92 MB ( 98%) used,   406.67 KB (  2%) free+waste,    95.38 KB ( <1%) overhead. 
      Class:      3.69 MB capacity,     3.35 MB ( 91%) used,   298.41 KB (  8%) free+waste,    48.50 KB (  1%) overhead. 
       Both:     28.10 MB capacity,    27.27 MB ( 97%) used,   705.09 KB (  2%) free+waste,   143.88 KB ( <1%) overhead. 

Virtual space:
  Non-class space:       32.00 MB reserved,      24.42 MB ( 76%) committed 
      Class space:        1.00 GB reserved,       3.75 MB ( <1%) committed 
             Both:        1.03 GB reserved,      28.17 MB (  3%) committed 

Chunk freelists:
   Non-Class:  896 bytes
       Class:  0 bytes
        Both:  896 bytes

CodeHeap 'non-profiled nmethods': size=239488Kb used=4757Kb max_used=4757Kb free=234730Kb
 bounds [0x000002163f320000, 0x000002163f7d0000, 0x000002164dd00000]
CodeHeap 'non-nmethods': size=6272Kb used=1110Kb max_used=1110Kb free=5161Kb
 bounds [0x000002163ed00000, 0x000002163ef70000, 0x000002163f320000]
 total_blobs=3489 nmethods=3057 adapters=359
 compilation: enabled
              stopped_count=0, restarted_count=0
 full_count=0

Compilation events (10 events):
Event: 8.161 Thread 0x0000021652a0b000 3053       1       java.lang.invoke.DirectMethodHandle::make (21 bytes)
Event: 8.161 Thread 0x0000021652a0b000 nmethod 3053 0x000002163f7c2890 code [0x000002163f7c2a40, 0x000002163f7c2b28]
Event: 8.162 Thread 0x0000021652a0b000 3055       1       java.lang.invoke.MethodType::listToArray (22 bytes)
Event: 8.163 Thread 0x0000021652a0b000 nmethod 3055 0x000002163f7c2e10 code [0x000002163f7c3020, 0x000002163f7c3308]
Event: 8.164 Thread 0x0000021652a0b000 3056       1       java.beans.PropertyDescriptor::setPropertyType (9 bytes)
Event: 8.164 Thread 0x0000021652a0b000 nmethod 3056 0x000002163f7c3510 code [0x000002163f7c36c0, 0x000002163f7c3868]
Event: 8.164 Thread 0x0000021652a0b000 3057       1       java.beans.PropertyDescriptor::setReadMethod0 (48 bytes)
Event: 8.166 Thread 0x0000021652a0b000 nmethod 3057 0x000002163f7c3990 code [0x000002163f7c3c40, 0x000002163f7c44a8]
Event: 8.166 Thread 0x0000021652a0b000 3058       1       java.beans.PropertyDescriptor::setWriteMethod0 (48 bytes)
Event: 8.168 Thread 0x0000021652a0b000 nmethod 3058 0x000002163f7c4890 code [0x000002163f7c4b40, 0x000002163f7c53a8]

GC Heap History (10 events):
Event: 2.722 GC heap after
{Heap after GC invocations=4 (full 0):
 garbage-first heap   total 65536K, used 7336K [0x00000000c1e00000, 0x0000000100000000)
  region size 1024K, 3 young (3072K), 3 survivors (3072K)
 Metaspace       used 14067K, capacity 14421K, committed 14592K, reserved 1062912K
  class space    used 1523K, capacity 1674K, committed 1792K, reserved 1048576K
}
Event: 3.652 GC heap before
{Heap before GC invocations=4 (full 0):
 garbage-first heap   total 65536K, used 30888K [0x00000000c1e00000, 0x0000000100000000)
  region size 1024K, 26 young (26624K), 3 survivors (3072K)
 Metaspace       used 18088K, capacity 18585K, committed 18688K, reserved 1064960K
  class space    used 2032K, capacity 2236K, committed 2304K, reserved 1048576K
}
Event: 3.670 GC heap after
{Heap after GC invocations=5 (full 0):
 garbage-first heap   total 107520K, used 8085K [0x00000000c1e00000, 0x0000000100000000)
  region size 1024K, 3 young (3072K), 3 survivors (3072K)
 Metaspace       used 18088K, capacity 18585K, committed 18688K, reserved 1064960K
  class space    used 2032K, capacity 2236K, committed 2304K, reserved 1048576K
}
Event: 4.421 GC heap before
{Heap before GC invocations=5 (full 0):
 garbage-first heap   total 107520K, used 23445K [0x00000000c1e00000, 0x0000000100000000)
  region size 1024K, 19 young (19456K), 3 survivors (3072K)
 Metaspace       used 20573K, capacity 21170K, committed 21296K, reserved 1069056K
  class space    used 2380K, capacity 2631K, committed 2688K, reserved 1048576K
}
Event: 4.434 GC heap after
{Heap after GC invocations=6 (full 0):
 garbage-first heap   total 107520K, used 8692K [0x00000000c1e00000, 0x0000000100000000)
  region size 1024K, 3 young (3072K), 3 survivors (3072K)
 Metaspace       used 20573K, capacity 21170K, committed 21296K, reserved 1069056K
  class space    used 2380K, capacity 2631K, committed 2688K, reserved 1048576K
}
Event: 5.208 GC heap before
{Heap before GC invocations=7 (full 0):
 garbage-first heap   total 107520K, used 56820K [0x00000000c1e00000, 0x0000000100000000)
  region size 1024K, 51 young (52224K), 3 survivors (3072K)
 Metaspace       used 21570K, capacity 22236K, committed 22448K, reserved 1069056K
  class space    used 2498K, capacity 2754K, committed 2816K, reserved 1048576K
}
Event: 5.234 GC heap after
{Heap after GC invocations=8 (full 0):
 garbage-first heap   total 107520K, used 9716K [0x00000000c1e00000, 0x0000000100000000)
  region size 1024K, 4 young (4096K), 4 survivors (4096K)
 Metaspace       used 21570K, capacity 22236K, committed 22448K, reserved 1069056K
  class space    used 2498K, capacity 2754K, committed 2816K, reserved 1048576K
}
Event: 7.566 GC heap before
{Heap before GC invocations=8 (full 0):
 garbage-first heap   total 107520K, used 66036K [0x00000000c1e00000, 0x0000000100000000)
  region size 1024K, 59 young (60416K), 4 survivors (4096K)
 Metaspace       used 26318K, capacity 27159K, committed 27312K, reserved 1073152K
  class space    used 3197K, capacity 3509K, committed 3584K, reserved 1048576K
}
Event: 7.588 GC heap after
{Heap after GC invocations=9 (full 0):
 garbage-first heap   total 107520K, used 11764K [0x00000000c1e00000, 0x0000000100000000)
  region size 1024K, 6 young (6144K), 6 survivors (6144K)
 Metaspace       used 26318K, capacity 27159K, committed 27312K, reserved 1073152K
  class space    used 3197K, capacity 3509K, committed 3584K, reserved 1048576K
}
Event: 8.171 GC heap before
{Heap before GC invocations=9 (full 0):
 garbage-first heap   total 107520K, used 28148K [0x00000000c1e00000, 0x0000000100000000)
  region size 1024K, 23 young (23552K), 6 survivors (6144K)
 Metaspace       used 27926K, capacity 28775K, committed 28848K, reserved 1081344K
  class space    used 3427K, capacity 3774K, committed 3840K, reserved 1048576K
}

Deoptimization events (0 events):
No events

Classes redefined (0 events):
No events

Internal exceptions (10 events):
Event: 8.134 Thread 0x0000021636844800 Exception <a 'java/lang/ClassNotFoundException'{0x00000000c774e208}: java/lang/ObjectCustomizer> (0x00000000c774e208) thrown at [./open/src/hotspot/share/classfile/systemDictionary.cpp, line 228]
Event: 8.136 Thread 0x0000021636844800 Exception <a 'java/lang/ClassNotFoundException'{0x00000000c7769bf0}: org/springframework/boot/autoconfigure/web/embedded/TomcatWebServerFactoryCustomizerCustomizer> (0x00000000c7769bf0) thrown at [./open/src/hotspot/share/classfile/systemDictionary.cpp, l
Event: 8.137 Thread 0x0000021636844800 Exception <a 'java/lang/ClassNotFoundException'{0x00000000c7783e30}: org/springframework/boot/web/server/WebServerFactoryCustomizerCustomizer> (0x00000000c7783e30) thrown at [./open/src/hotspot/share/classfile/systemDictionary.cpp, line 228]
Event: 8.139 Thread 0x0000021636844800 Exception <a 'java/lang/ClassNotFoundException'{0x00000000c7795a50}: org/springframework/core/OrderedCustomizer> (0x00000000c7795a50) thrown at [./open/src/hotspot/share/classfile/systemDictionary.cpp, line 228]
Event: 8.142 Thread 0x0000021636844800 Exception <a 'java/lang/ClassNotFoundException'{0x00000000c77a4918}: java/lang/ObjectCustomizer> (0x00000000c77a4918) thrown at [./open/src/hotspot/share/classfile/systemDictionary.cpp, line 228]
Event: 8.144 Thread 0x0000021636844800 Exception <a 'java/lang/ClassNotFoundException'{0x00000000c77bf820}: org/springframework/boot/autoconfigure/web/servlet/HttpEncodingAutoConfigurationCustomizer> (0x00000000c77bf820) thrown at [./open/src/hotspot/share/classfile/systemDictionary.cpp, line 
Event: 8.145 Thread 0x0000021636844800 Exception <a 'java/lang/ClassNotFoundException'{0x00000000c77c87a0}: java/lang/ObjectCustomizer> (0x00000000c77c87a0) thrown at [./open/src/hotspot/share/classfile/systemDictionary.cpp, line 228]
Event: 8.147 Thread 0x0000021636844800 Exception <a 'java/lang/ClassNotFoundException'{0x00000000c77e7c68}: org/springframework/boot/autoconfigure/web/servlet/HttpEncodingAutoConfiguration$LocaleCharsetMappingsCustomizerCustomizer> (0x00000000c77e7c68) thrown at [./open/src/hotspot/share/class
Event: 8.168 Thread 0x0000021636844800 Exception <a 'java/lang/ClassNotFoundException'{0x00000000c763b770}: org/springframework/boot/web/server/WebServerFactoryCustomizerCustomizer> (0x00000000c763b770) thrown at [./open/src/hotspot/share/classfile/systemDictionary.cpp, line 228]
Event: 8.169 Thread 0x0000021636844800 Exception <a 'java/lang/ClassNotFoundException'{0x00000000c764d390}: org/springframework/core/OrderedCustomizer> (0x00000000c764d390) thrown at [./open/src/hotspot/share/classfile/systemDictionary.cpp, line 228]

Events (10 events):
Event: 8.168 loading class org/springframework/boot/web/server/WebServerFactoryCustomizerCustomizer done
Event: 8.168 loading class org/springframework/core/OrderedCustomizer
Event: 8.168 loading class org/springframework/core/OrderedCustomizer done
Event: 8.169 loading class org/springframework/core/OrderedCustomizer
Event: 8.169 loading class org/springframework/core/OrderedCustomizer done
Event: 8.169 loading class org/springframework/core/OrderedCustomizer
Event: 8.169 loading class org/springframework/core/OrderedCustomizer done
Event: 8.170 loading class org/springframework/boot/util/LambdaSafe
Event: 8.170 loading class org/springframework/boot/util/LambdaSafe done
Event: 8.171 Executing VM operation: CollectForMetadataAllocation


Dynamic libraries:
0x00007ff7da370000 - 0x00007ff7da37f000 	C:\Program Files\Java\jdk-11.0.12\bin\java.exe
0x00007ffbd9930000 - 0x00007ffbd9b28000 	C:\WINDOWS\SYSTEM32\ntdll.dll
0x00007ffbd7be0000 - 0x00007ffbd7c9f000 	C:\WINDOWS\System32\KERNEL32.DLL
0x00007ffbd7180000 - 0x00007ffbd7452000 	C:\WINDOWS\System32\KERNELBASE.dll
0x00007ffbd7030000 - 0x00007ffbd7130000 	C:\WINDOWS\System32\ucrtbase.dll
0x00007ffbd2730000 - 0x00007ffbd2748000 	C:\Program Files\Java\jdk-11.0.12\bin\jli.dll
0x00007ffbd8590000 - 0x00007ffbd863e000 	C:\WINDOWS\System32\ADVAPI32.dll
0x00007ffbd83b0000 - 0x00007ffbd844e000 	C:\WINDOWS\System32\msvcrt.dll
0x00007ffbd7b40000 - 0x00007ffbd7bdc000 	C:\WINDOWS\System32\sechost.dll
0x00007ffbd7a10000 - 0x00007ffbd7b34000 	C:\WINDOWS\System32\RPCRT4.dll
0x00007ffbd9130000 - 0x00007ffbd92d1000 	C:\WINDOWS\System32\USER32.dll
0x00007ffbd75c0000 - 0x00007ffbd75e2000 	C:\WINDOWS\System32\win32u.dll
0x00007ffbd81c0000 - 0x00007ffbd81eb000 	C:\WINDOWS\System32\GDI32.dll
0x00007ffbd7690000 - 0x00007ffbd779f000 	C:\WINDOWS\System32\gdi32full.dll
0x00007ffbd75f0000 - 0x00007ffbd768d000 	C:\WINDOWS\System32\msvcp_win.dll
0x00007ffbd2710000 - 0x00007ffbd2725000 	C:\Program Files\Java\jdk-11.0.12\bin\VCRUNTIME140.dll
0x00007ffbc83a0000 - 0x00007ffbc863a000 	C:\WINDOWS\WinSxS\amd64_microsoft.windows.common-controls_6595b64144ccf1df_6.0.19041.1110_none_60b5254171f9507e\COMCTL32.dll
0x00007ffbc8b30000 - 0x00007ffbc8b3a000 	C:\WINDOWS\SYSTEM32\VERSION.dll
0x00007ffbd8770000 - 0x00007ffbd87a0000 	C:\WINDOWS\System32\IMM32.DLL
0x00007ffbbebc0000 - 0x00007ffbbec5b000 	C:\Program Files\Java\jdk-11.0.12\bin\msvcp140.dll
0x00007ffba7690000 - 0x00007ffba818f000 	C:\Program Files\Java\jdk-11.0.12\bin\server\jvm.dll
0x00007ffbd81f0000 - 0x00007ffbd81f8000 	C:\WINDOWS\System32\PSAPI.DLL
0x00007ffbd2770000 - 0x00007ffbd2779000 	C:\WINDOWS\SYSTEM32\WSOCK32.dll
0x00007ffbd97d0000 - 0x00007ffbd983b000 	C:\WINDOWS\System32\WS2_32.dll
0x00007ffbbbbb0000 - 0x00007ffbbbbd7000 	C:\WINDOWS\SYSTEM32\WINMM.dll
0x00007ffbd4ef0000 - 0x00007ffbd4f02000 	C:\WINDOWS\SYSTEM32\kernel.appcore.dll
0x00007ffbce9f0000 - 0x00007ffbcea00000 	C:\Program Files\Java\jdk-11.0.12\bin\verify.dll
0x00007ffbc3750000 - 0x00007ffbc3934000 	C:\WINDOWS\SYSTEM32\DBGHELP.DLL
0x00007ffbc36c0000 - 0x00007ffbc36f5000 	C:\WINDOWS\SYSTEM32\dbgcore.DLL
0x00007ffbd78f0000 - 0x00007ffbd7972000 	C:\WINDOWS\System32\bcryptPrimitives.dll
0x00007ffbc5b90000 - 0x00007ffbc5bb8000 	C:\Program Files\Java\jdk-11.0.12\bin\java.dll
0x00007ffbce9e0000 - 0x00007ffbce9ea000 	C:\Program Files\Java\jdk-11.0.12\bin\jimage.dll
0x00007ffbc1e00000 - 0x00007ffbc1e16000 	C:\Program Files\Java\jdk-11.0.12\bin\zip.dll
0x00007ffbd8920000 - 0x00007ffbd9065000 	C:\WINDOWS\System32\SHELL32.dll
0x00007ffbd50f0000 - 0x00007ffbd5882000 	C:\WINDOWS\SYSTEM32\windows.storage.dll
0x00007ffbd7cb0000 - 0x00007ffbd8005000 	C:\WINDOWS\System32\combase.dll
0x00007ffbd69b0000 - 0x00007ffbd69e0000 	C:\WINDOWS\SYSTEM32\Wldp.dll
0x00007ffbd9840000 - 0x00007ffbd98ed000 	C:\WINDOWS\System32\SHCORE.dll
0x00007ffbd88c0000 - 0x00007ffbd8915000 	C:\WINDOWS\System32\shlwapi.dll
0x00007ffbd6f70000 - 0x00007ffbd6f8f000 	C:\WINDOWS\SYSTEM32\profapi.dll
0x00007ffbc1de0000 - 0x00007ffbc1df9000 	C:\Program Files\Java\jdk-11.0.12\bin\net.dll
0x00007ffbc94a0000 - 0x00007ffbc95aa000 	C:\WINDOWS\SYSTEM32\WINHTTP.dll
0x00007ffbd6710000 - 0x00007ffbd677a000 	C:\WINDOWS\system32\mswsock.dll
0x00007ffbc1dc0000 - 0x00007ffbc1dd2000 	C:\Program Files\Java\jdk-11.0.12\bin\nio.dll
0x00007ffbd27d0000 - 0x00007ffbd27d9000 	C:\Program Files\Java\jdk-11.0.12\bin\management.dll
0x00007ffbcbbe0000 - 0x00007ffbcbbeb000 	C:\Program Files\Java\jdk-11.0.12\bin\management_ext.dll
0x00007ffbbc9f0000 - 0x00007ffbbca07000 	C:\WINDOWS\system32\napinsp.dll
0x00007ffbbc9d0000 - 0x00007ffbbc9eb000 	C:\WINDOWS\system32\pnrpnsp.dll
0x00007ffbd1e80000 - 0x00007ffbd1e95000 	C:\WINDOWS\system32\wshbth.dll
0x00007ffbd24e0000 - 0x00007ffbd24fd000 	C:\WINDOWS\system32\NLAapi.dll
0x00007ffbd6400000 - 0x00007ffbd643b000 	C:\WINDOWS\SYSTEM32\IPHLPAPI.DLL
0x00007ffbd6440000 - 0x00007ffbd650b000 	C:\WINDOWS\SYSTEM32\DNSAPI.dll
0x00007ffbd9070000 - 0x00007ffbd9078000 	C:\WINDOWS\System32\NSI.dll
0x00007ffbbc9b0000 - 0x00007ffbbc9c2000 	C:\WINDOWS\System32\winrnr.dll
0x00007ffbc5e10000 - 0x00007ffbc5e1a000 	C:\Windows\System32\rasadhlp.dll
0x00007ffbc5900000 - 0x00007ffbc5980000 	C:\WINDOWS\System32\fwpuclnt.dll
0x00007ffbd7810000 - 0x00007ffbd7837000 	C:\WINDOWS\System32\bcrypt.dll

dbghelp: loaded successfully - version: 4.0.5 - missing functions: none
symbol engine: initialized successfully - sym options: 0x614 - pdb path: .;C:\Program Files\Java\jdk-11.0.12\bin;C:\WINDOWS\SYSTEM32;C:\WINDOWS\WinSxS\amd64_microsoft.windows.common-controls_6595b64144ccf1df_6.0.19041.1110_none_60b5254171f9507e;C:\Program Files\Java\jdk-11.0.12\bin\server

VM Arguments:
jvm_args: -Xverify:none -XX:TieredStopAtLevel=1 -Dfile.encoding=windows-1252 -Duser.country=AR -Duser.language=es -Duser.variant 
java_command: com.mindhub.homebanking.HomeBankingApplication
java_class_path (initial): C:\Users\EXEQUIEL\Desktop\Programación\MindHub\Cohorte 44\Modulo 3 JAVA\homebanking\homebanking\src\main\resources;C:\Users\EXEQUIEL\Desktop\Programación\MindHub\Cohorte 44\Modulo 3 JAVA\homebanking\homebanking\build\classes\java\main;C:\Users\EXEQUIEL\.gradle\caches\modules-2\files-2.1\com.h2database\h2\2.1.214\d5c2005c9e3279201e12d4776c948578b16bf8b2\h2-2.1.214.jar;C:\Users\EXEQUIEL\.gradle\caches\modules-2\files-2.1\jakarta.transaction\jakarta.transaction-api\1.3.3\c4179d48720a1e87202115fbed6089bdc4195405\jakarta.transaction-api-1.3.3.jar;C:\Users\EXEQUIEL\.gradle\caches\modules-2\files-2.1\jakarta.persistence\jakarta.persistence-api\2.2.3\8f6ea5daedc614f07a3654a455660145286f024e\jakarta.persistence-api-2.2.3.jar;C:\Users\EXEQUIEL\.gradle\caches\modules-2\files-2.1\org.hibernate\hibernate-core\5.6.15.Final\ab14b7cef1fdff654ca81923048a6034d6c7cfa7\hibernate-core-5.6.15.Final.jar;C:\Users\EXEQUIEL\.gradle\caches\modules-2\files-2.1\org.springframework.data\spring-data-jpa\2.7.10\dfb83414eb6a8609bd71dc3ddae82e973698a091\spring-data-jpa-2.7.10.jar;C:\Users\EXEQUIEL\.gradle\caches\modules-2\files-2.1\org.springframework\spring-aspects\5.3.26\a2614dbb277b9c7938776c6273a25e3f8342a23e\spring-aspects-5.3.26.jar;C:\Users\EXEQUIEL\.gradle\caches\modules-2\files-2.1\org.springframework.data\spring-data-rest-webmvc\3.7.10\d4f50023d02c8d7bc8f7069fff4fb144cbca427f\spring-data-rest-webmvc-3.7.10.jar;C:\Users\EXEQUIEL\.gradle\caches\modules-2\files-2.1\org.springframework\spring-webmvc\5.3.26\539e1d03decbec523b7ad87fb786fd0b1cf29ce\spring-webmvc-5.3.26.jar;C:\Users\EXEQUIEL\.gradle\caches\modules-2\files-2.1\org.springframework.data\spring-data-rest-core\3.7.10\dde31898ea985a388252a62b237bcf3ddd29c095\spring-data-rest-core-3.7.10.jar;C:\Users\EXEQUIEL\.gradle\caches\modules-2\files-2.1\org.springframework.hateoas\spring-hateoas\1.5.4\8c70b6a7bf26cd76c6e61934fd0bcb31ce2b873\spring-hateoas-1.5.4.jar;C:\Users\EXEQUIEL\.gradle\caches\modules-2\files-2.1\o
Launcher Type: SUN_STANDARD

[Global flags]
     bool BytecodeVerificationLocal                = false                                     {product} {command line}
     bool BytecodeVerificationRemote               = false                                     {product} {command line}
     intx CICompilerCount                          = 2                                         {product} {ergonomic}
     uint ConcGCThreads                            = 1                                         {product} {ergonomic}
     uint G1ConcRefinementThreads                  = 2                                         {product} {ergonomic}
   size_t G1HeapRegionSize                         = 1048576                                   {product} {ergonomic}
    uintx GCDrainStackTargetSize                   = 64                                        {product} {ergonomic}
   size_t InitialHeapSize                          = 67108864                                  {product} {ergonomic}
   size_t MarkStackSize                            = 4194304                                   {product} {ergonomic}
   size_t MaxHeapSize                              = 1042284544                                {product} {ergonomic}
   size_t MaxNewSize                               = 624951296                                 {product} {ergonomic}
   size_t MinHeapDeltaBytes                        = 1048576                                   {product} {ergonomic}
    uintx NonNMethodCodeHeapSize                   = 6396312                                {pd product} {ergonomic}
    uintx NonProfiledCodeHeapSize                  = 245261928                              {pd product} {ergonomic}
    uintx ProfiledCodeHeapSize                     = 0                                      {pd product} {ergonomic}
    uintx ReservedCodeCacheSize                    = 251658240                              {pd product} {ergonomic}
     bool SegmentedCodeCache                       = true                                      {product} {ergonomic}
     intx TieredStopAtLevel                        = 1                                         {product} {command line}
     bool UseCompressedClassPointers               = true                                 {lp64_product} {ergonomic}
     bool UseCompressedOops                        = true                                 {lp64_product} {ergonomic}
     bool UseG1GC                                  = true                                      {product} {ergonomic}
     bool UseLargePagesIndividualAllocation        = false                                  {pd product} {ergonomic}

Logging:
Log output configuration:
 #0: stdout all=warning uptime,level,tags
 #1: stderr all=off uptime,level,tags

Environment Variables:
PATH=C:\Program Files\Java\jdk-11.0.12\bin;C:\Program Files\Common Files\Oracle\Java\javapath;C:\WINDOWS\system32;C:\WINDOWS;C:\WINDOWS\System32\Wbem;C:\WINDOWS\System32\WindowsPowerShell\v1.0\;C:\WINDOWS\System32\OpenSSH\;C:\Program Files (x86)\Common Files\Propellerhead Software\ReWire\;C:\Program Files\Common Files\Propellerhead Software\ReWire\;C:\Program Files\dotnet\;C:\Program Files\nodejs\;C:\Program Files\Git\cmd;C:\Users\EXEQUIEL\AppData\Local\Microsoft\WindowsApps;C:\Users\EXEQUIEL\.dotnet\tools;C:\Users\EXEQUIEL\AppData\Local\Programs\Microsoft VS Code\bin;C:\Users\EXEQUIEL\AppData\Roaming\npm
USERNAME=Ezequiel
OS=Windows_NT
PROCESSOR_IDENTIFIER=Intel64 Family 6 Model 58 Stepping 9, GenuineIntel



---------------  S Y S T E M  ---------------

OS: Windows 10 , 64 bit Build 19041 (10.0.19041.2546)

CPU:total 2 (initial active 2) (2 cores per cpu, 1 threads per core) family 6 model 58 stepping 9 microcode 0x21, cmov, cx8, fxsr, mmx, sse, sse2, sse3, ssse3, sse4.1, sse4.2, popcnt, clmul, erms, tsc, tscinvbit, tscinv

Memory: 4k page, system-wide physical 3972M (354M free)
TotalPageFile size 6756M (AvailPageFile size 4M)
current process WorkingSet (physical memory assigned to process): 149M, peak: 149M
current process commit charge ("private bytes"): 206M, peak: 227M

vm_info: Java HotSpot(TM) 64-Bit Server VM (11.0.12+8-LTS-237) for windows-amd64 JRE (11.0.12+8-LTS-237), built on Jun  8 2021 11:25:59 by "mach5one" with MS VC++ 15.9 (VS2017)

END.
