#
# There is insufficient memory for the Java Runtime Environment to continue.
# Native memory allocation (malloc) failed to allocate 65552 bytes for Chunk::new
# Possible reasons:
#   The system is out of physical RAM or swap space
#   The process is running with CompressedOops enabled, and the Java Heap may be blocking the growth of the native heap
# Possible solutions:
#   Reduce memory load on the system
#   Increase physical memory or swap space
#   Check if swap backing store is full
#   Decrease Java heap size (-Xmx/-Xms)
#   Decrease number of Java threads
#   Decrease Java thread stack sizes (-Xss)
#   Set larger code cache with -XX:ReservedCodeCacheSize=
#   JVM is running with Unscaled Compressed Oops mode in which the Java heap is
#     placed in the first 4GB address space. The Java Heap base address is the
#     maximum limit for the native heap growth. Please use -XX:HeapBaseMinAddress
#     to set the Java Heap base and to place the Java Heap above 4GB virtual address.
# This output file may be truncated or incomplete.
#
#  Out of Memory Error (./open/src/hotspot/share/memory/arena.cpp:197), pid=8088, tid=8764
#
# JRE version: Java(TM) SE Runtime Environment 18.9 (11.0.12+8) (build 11.0.12+8-LTS-237)
# Java VM: Java HotSpot(TM) 64-Bit Server VM 18.9 (11.0.12+8-LTS-237, mixed mode, tiered, compressed oops, g1 gc, windows-amd64)
# No core dump will be written. Minidumps are not enabled by default on client versions of Windows
#

---------------  S U M M A R Y ------------

Command Line: --add-opens=java.base/java.util=ALL-UNNAMED --add-opens=java.base/java.lang=ALL-UNNAMED --add-opens=java.base/java.lang.invoke=ALL-UNNAMED --add-opens=java.prefs/java.util.prefs=ALL-UNNAMED --add-opens=java.base/java.nio.charset=ALL-UNNAMED --add-opens=java.base/java.net=ALL-UNNAMED --add-opens=java.base/java.util.concurrent.atomic=ALL-UNNAMED -XX:MaxMetaspaceSize=256m -XX:+HeapDumpOnOutOfMemoryError -Xms256m -Xmx512m -Dfile.encoding=windows-1252 -Duser.country=AR -Duser.language=es -Duser.variant org.gradle.launcher.daemon.bootstrap.GradleDaemon 7.6.1

Host: Intel(R) Celeron(R) CPU 1007U @ 1.50GHz, 2 cores, 3G,  Windows 10 , 64 bit Build 19041 (10.0.19041.2546)
Time: Tue Apr 11 15:25:40 2023 Hora estndar de Argentina elapsed time: 96.227562 seconds (0d 0h 1m 36s)

---------------  T H R E A D  ---------------

Current thread (0x000002605abc9800):  JavaThread "C2 CompilerThread0" daemon [_thread_in_native, id=8764, stack(0x0000007f9e600000,0x0000007f9e700000)]


Current CompileTask:
C2:  96227 9828       4       javax.management.ObjectName::construct (1135 bytes)

Stack: [0x0000007f9e600000,0x0000007f9e700000]
Native frames: (J=compiled Java code, j=interpreted, Vv=VM code, C=native code)
V  [jvm.dll+0x617d9a]
V  [jvm.dll+0x74eeef]
V  [jvm.dll+0x750599]
V  [jvm.dll+0x750c23]
V  [jvm.dll+0x2438d8]
V  [jvm.dll+0xba6dc]
V  [jvm.dll+0xbac9c]
V  [jvm.dll+0x6415b7]
V  [jvm.dll+0x64207b]
V  [jvm.dll+0x1fbb39]
V  [jvm.dll+0x17f18c]
V  [jvm.dll+0x20b87c]
V  [jvm.dll+0x20997b]
V  [jvm.dll+0x716359]
V  [jvm.dll+0x70f064]
V  [jvm.dll+0x616f66]
C  [ucrtbase.dll+0x21bb2]
C  [KERNEL32.DLL+0x17614]
C  [ntdll.dll+0x526a1]


---------------  P R O C E S S  ---------------

Threads class SMR info:
_java_thread_list=0x0000026061f28380, length=65, elements={
0x000002603e408000, 0x000002605ab9d000, 0x000002605ab9f000, 0x000002605abc3800,
0x000002605abc4800, 0x000002605abc6800, 0x000002605abc9800, 0x000002605abe9000,
0x000002605abeb800, 0x000002605b632800, 0x000002605d990800, 0x000002605d595000,
0x000002605d0c9000, 0x000002605ccb3000, 0x000002605ce39000, 0x000002605d996000,
0x000002605d994800, 0x000002605d997000, 0x000002605d993000, 0x000002605d991000,
0x000002605d995800, 0x000002605f69c800, 0x000002605f69f000, 0x000002605f69a800,
0x0000026060080800, 0x0000026060079000, 0x000002606007b800, 0x000002606007a800,
0x000002606007c800, 0x0000026060078000, 0x000002606007e000, 0x000002606007f800,
0x000002606007f000, 0x000002606007a000, 0x0000026060083000, 0x0000026060083800,
0x0000026060084800, 0x0000026060082000, 0x0000026060085800, 0x0000026060086000,
0x0000026060087000, 0x0000026060081000, 0x000002605f69b800, 0x000002605f69e000,
0x000002605f69f800, 0x000002605f69a000, 0x000002605f6a1800, 0x000002605f6a3000,
0x000002605f6a6000, 0x000002605f6a0800, 0x000002605f6a4800, 0x000002605f6a5800,
0x000002605f6a3800, 0x000002605f6a7000, 0x000002605f6a8000, 0x000002605f6a2000,
0x000002605d998000, 0x000002605d992000, 0x000002605d993800, 0x000002605e2a2000,
0x000002605e29c000, 0x000002605e2a2800, 0x000002605e29d000, 0x000002605e2a1000,
0x000002605e2a3800
}

Java Threads: ( => current thread )
  0x000002603e408000 JavaThread "main" [_thread_blocked, id=8832, stack(0x0000007f9d900000,0x0000007f9da00000)]
  0x000002605ab9d000 JavaThread "Reference Handler" daemon [_thread_blocked, id=8052, stack(0x0000007f9e100000,0x0000007f9e200000)]
  0x000002605ab9f000 JavaThread "Finalizer" daemon [_thread_blocked, id=3756, stack(0x0000007f9e200000,0x0000007f9e300000)]
  0x000002605abc3800 JavaThread "Signal Dispatcher" daemon [_thread_blocked, id=4332, stack(0x0000007f9e300000,0x0000007f9e400000)]
  0x000002605abc4800 JavaThread "Attach Listener" daemon [_thread_blocked, id=10144, stack(0x0000007f9e400000,0x0000007f9e500000)]
  0x000002605abc6800 JavaThread "Service Thread" daemon [_thread_blocked, id=6264, stack(0x0000007f9e500000,0x0000007f9e600000)]
=>0x000002605abc9800 JavaThread "C2 CompilerThread0" daemon [_thread_in_native, id=8764, stack(0x0000007f9e600000,0x0000007f9e700000)]
  0x000002605abe9000 JavaThread "C1 CompilerThread0" daemon [_thread_blocked, id=3268, stack(0x0000007f9e700000,0x0000007f9e800000)]
  0x000002605abeb800 JavaThread "Sweeper thread" daemon [_thread_blocked, id=7336, stack(0x0000007f9e800000,0x0000007f9e900000)]
  0x000002605b632800 JavaThread "Common-Cleaner" daemon [_thread_blocked, id=4712, stack(0x0000007f9e900000,0x0000007f9ea00000)]
  0x000002605d990800 JavaThread "Daemon health stats" [_thread_blocked, id=5116, stack(0x0000007f9ec00000,0x0000007f9ed00000)]
  0x000002605d595000 JavaThread "Incoming local TCP Connector on port 57371" [_thread_in_native, id=2796, stack(0x0000007f9ed00000,0x0000007f9ee00000)]
  0x000002605d0c9000 JavaThread "Daemon periodic checks" [_thread_blocked, id=5948, stack(0x0000007f9ee00000,0x0000007f9ef00000)]
  0x000002605ccb3000 JavaThread "Daemon" [_thread_blocked, id=2696, stack(0x0000007f9ef00000,0x0000007f9f000000)]
  0x000002605ce39000 JavaThread "Daemon worker" [_thread_blocked, id=1464, stack(0x0000007f9f200000,0x0000007f9f300000)]
  0x000002605d996000 JavaThread "Cache worker for journal cache (C:\Users\EXEQUIEL\.gradle\caches\journal-1)" [_thread_blocked, id=8568, stack(0x0000007f9f600000,0x0000007f9f700000)]
  0x000002605d994800 JavaThread "File lock request listener" [_thread_in_native, id=2256, stack(0x0000007f9f700000,0x0000007f9f800000)]
  0x000002605d997000 JavaThread "Cache worker for file hash cache (C:\Users\EXEQUIEL\.gradle\caches\7.6.1\fileHashes)" [_thread_blocked, id=5740, stack(0x0000007f9f800000,0x0000007f9f900000)]
  0x000002605d993000 JavaThread "File watcher server" daemon [_thread_in_native, id=8236, stack(0x0000007f9f900000,0x0000007f9fa00000)]
  0x000002605d991000 JavaThread "File watcher consumer" daemon [_thread_blocked, id=6488, stack(0x0000007f9fa00000,0x0000007f9fb00000)]
  0x000002605d995800 JavaThread "Cache worker for file content cache (C:\Users\EXEQUIEL\.gradle\caches\7.6.1\fileContent)" [_thread_blocked, id=6308, stack(0x0000007f9fd00000,0x0000007f9fe00000)]
  0x000002605f69c800 JavaThread "Cache worker for execution history cache (C:\Users\EXEQUIEL\.gradle\caches\7.6.1\executionHistory)" [_thread_blocked, id=10200, stack(0x0000007fa0000000,0x0000007fa0100000)]
  0x000002605f69f000 JavaThread "jar transforms" [_thread_blocked, id=9372, stack(0x0000007fa0100000,0x0000007fa0200000)]
  0x000002605f69a800 JavaThread "jar transforms Thread 2" [_thread_blocked, id=9640, stack(0x0000007fa0200000,0x0000007fa0300000)]
  0x0000026060080800 JavaThread "Memory manager" [_thread_blocked, id=7300, stack(0x0000007fa1700000,0x0000007fa1800000)]
  0x0000026060079000 JavaThread "Handler for socket connection from /127.0.0.1:57371 to /127.0.0.1:57376" [_thread_in_native, id=4016, stack(0x0000007f9d800000,0x0000007f9d900000)]
  0x000002606007b800 JavaThread "Cancel handler" [_thread_blocked, id=6792, stack(0x0000007f9da00000,0x0000007f9db00000)]
  0x000002606007a800 JavaThread "Asynchronous log dispatcher for DefaultDaemonConnection: socket connection from /127.0.0.1:57371 to /127.0.0.1:57376" [_thread_blocked, id=4356, stack(0x0000007f9f300000,0x0000007f9f400000)]
  0x000002606007c800 JavaThread "Stdin handler" [_thread_blocked, id=2692, stack(0x0000007f9f400000,0x0000007f9f500000)]
  0x0000026060078000 JavaThread "Daemon client event forwarder" [_thread_blocked, id=9220, stack(0x0000007f9f500000,0x0000007f9f600000)]
  0x000002606007e000 JavaThread "Cache worker for checksums cache (C:\Users\EXEQUIEL\Desktop\Programaci贸n\MindHub\Cohorte 44\Modulo 3 JAVA\homebanking\homebanking\.gradle\7.6.1\checksums)" [_thread_blocked, id=9244, stack(0x0000007f9fb00000,0x0000007f9fc00000)]
  0x000002606007f800 JavaThread "Cache worker for cache directory md-rule (C:\Users\EXEQUIEL\.gradle\caches\7.6.1\md-rule)" [_thread_blocked, id=10992, stack(0x0000007f9fc00000,0x0000007f9fd00000)]
  0x000002606007f000 JavaThread "Cache worker for file hash cache (C:\Users\EXEQUIEL\Desktop\Programaci贸n\MindHub\Cohorte 44\Modulo 3 JAVA\homebanking\homebanking\.gradle\7.6.1\fileHashes)" [_thread_blocked, id=2392, stack(0x0000007f9fe00000,0x0000007f9ff00000)]
  0x000002606007a000 JavaThread "Cache worker for cache directory md-supplier (C:\Users\EXEQUIEL\.gradle\caches\7.6.1\md-supplier)" [_thread_blocked, id=8728, stack(0x0000007f9ff00000,0x0000007fa0000000)]
  0x0000026060083000 JavaThread "Cache worker for dependencies-accessors (C:\Users\EXEQUIEL\Desktop\Programaci贸n\MindHub\Cohorte 44\Modulo 3 JAVA\homebanking\homebanking\.gradle\7.6.1\dependencies-accessors)" [_thread_blocked, id=10748, stack(0x0000007fa0300000,0x0000007fa0400000)]
  0x0000026060083800 JavaThread "Cache worker for Build Output Cleanup Cache (C:\Users\EXEQUIEL\Desktop\Programaci贸n\MindHub\Cohorte 44\Modulo 3 JAVA\homebanking\homebanking\.gradle\buildOutputCleanup)" [_thread_blocked, id=3764, stack(0x0000007fa0400000,0x0000007fa0500000)]
  0x0000026060084800 JavaThread "Unconstrained build operations" [_thread_blocked, id=6364, stack(0x0000007fa0500000,0x0000007fa0600000)]
  0x0000026060082000 JavaThread "Unconstrained build operations Thread 2" [_thread_blocked, id=4908, stack(0x0000007fa0600000,0x0000007fa0700000)]
  0x0000026060085800 JavaThread "Unconstrained build operations Thread 3" [_thread_blocked, id=5304, stack(0x0000007fa0700000,0x0000007fa0800000)]
  0x0000026060086000 JavaThread "Unconstrained build operations Thread 4" [_thread_blocked, id=2092, stack(0x0000007fa0800000,0x0000007fa0900000)]
  0x0000026060087000 JavaThread "Unconstrained build operations Thread 5" [_thread_blocked, id=1852, stack(0x0000007fa0900000,0x0000007fa0a00000)]
  0x0000026060081000 JavaThread "Unconstrained build operations Thread 6" [_thread_blocked, id=6136, stack(0x0000007fa0a00000,0x0000007fa0b00000)]
  0x000002605f69b800 JavaThread "Unconstrained build operations Thread 7" [_thread_blocked, id=8464, stack(0x0000007fa0b00000,0x0000007fa0c00000)]
  0x000002605f69e000 JavaThread "Unconstrained build operations Thread 8" [_thread_blocked, id=2616, stack(0x0000007fa0c00000,0x0000007fa0d00000)]
  0x000002605f69f800 JavaThread "Unconstrained build operations Thread 9" [_thread_blocked, id=8436, stack(0x0000007fa0d00000,0x0000007fa0e00000)]
  0x000002605f69a000 JavaThread "Unconstrained build operations Thread 10" [_thread_blocked, id=5668, stack(0x0000007fa0e00000,0x0000007fa0f00000)]
  0x000002605f6a1800 JavaThread "Unconstrained build operations Thread 11" [_thread_blocked, id=9360, stack(0x0000007fa0f00000,0x0000007fa1000000)]
  0x000002605f6a3000 JavaThread "Unconstrained build operations Thread 12" [_thread_blocked, id=10704, stack(0x0000007fa1000000,0x0000007fa1100000)]
  0x000002605f6a6000 JavaThread "Unconstrained build operations Thread 13" [_thread_blocked, id=10528, stack(0x0000007fa1100000,0x0000007fa1200000)]
  0x000002605f6a0800 JavaThread "Unconstrained build operations Thread 14" [_thread_blocked, id=4864, stack(0x0000007fa1200000,0x0000007fa1300000)]
  0x000002605f6a4800 JavaThread "Unconstrained build operations Thread 15" [_thread_blocked, id=9608, stack(0x0000007fa1300000,0x0000007fa1400000)]
  0x000002605f6a5800 JavaThread "Unconstrained build operations Thread 16" [_thread_blocked, id=1876, stack(0x0000007fa1400000,0x0000007fa1500000)]
  0x000002605f6a3800 JavaThread "Unconstrained build operations Thread 17" [_thread_blocked, id=2168, stack(0x0000007fa1500000,0x0000007fa1600000)]
  0x000002605f6a7000 JavaThread "Unconstrained build operations Thread 18" [_thread_blocked, id=10956, stack(0x0000007fa1600000,0x0000007fa1700000)]
  0x000002605f6a8000 JavaThread "included builds" [_thread_blocked, id=3476, stack(0x0000007fa1900000,0x0000007fa1a00000)]
  0x000002605f6a2000 JavaThread "Execution worker" [_thread_blocked, id=9400, stack(0x0000007fa1a00000,0x0000007fa1b00000)]
  0x000002605d998000 JavaThread "Cache worker for execution history cache (C:\Users\EXEQUIEL\Desktop\Programaci贸n\MindHub\Cohorte 44\Modulo 3 JAVA\homebanking\homebanking\.gradle\7.6.1\executionHistory)" [_thread_blocked, id=5976, stack(0x0000007fa1b00000,0x0000007fa1c00000)]
  0x000002605d992000 JavaThread "Unconstrained build operations Thread 19" [_thread_blocked, id=8840, stack(0x0000007fa1c00000,0x0000007fa1d00000)]
  0x000002605d993800 JavaThread "Unconstrained build operations Thread 20" [_thread_blocked, id=7036, stack(0x0000007fa1d00000,0x0000007fa1e00000)]
  0x000002605e2a2000 JavaThread "Cache worker for Java compile cache (C:\Users\EXEQUIEL\.gradle\caches\7.6.1\javaCompile)" [_thread_blocked, id=10732, stack(0x0000007fa1e00000,0x0000007fa1f00000)]
  0x000002605e29c000 JavaThread "Build operations" [_thread_blocked, id=7640, stack(0x0000007fa1f00000,0x0000007fa2000000)]
  0x000002605e2a2800 JavaThread "Build operations Thread 2" [_thread_blocked, id=6648, stack(0x0000007fa2000000,0x0000007fa2100000)]
  0x000002605e29d000 JavaThread "Exec process" [_thread_in_native, id=10664, stack(0x0000007fa2100000,0x0000007fa2200000)]
  0x000002605e2a1000 JavaThread "Exec process Thread 2" [_thread_in_native, id=10576, stack(0x0000007fa2200000,0x0000007fa2300000)]
  0x000002605e2a3800 JavaThread "Exec process Thread 3" [_thread_in_native, id=1260, stack(0x0000007fa2300000,0x0000007fa2400000)]

Other Threads:
  0x000002605ab9a800 VMThread "VM Thread" [stack: 0x0000007f9e000000,0x0000007f9e100000] [id=9264]
  0x000002605b6e1800 WatcherThread [stack: 0x0000007f9ea00000,0x0000007f9eb00000] [id=7196]
  0x000002603e41d000 GCTaskThread "GC Thread#0" [stack: 0x0000007f9db00000,0x0000007f9dc00000] [id=8500]
  0x000002605ba74000 GCTaskThread "GC Thread#1" [stack: 0x0000007f9eb00000,0x0000007f9ec00000] [id=6964]
  0x000002603e42e800 ConcurrentGCThread "G1 Main Marker" [stack: 0x0000007f9dc00000,0x0000007f9dd00000] [id=6960]
  0x000002603e430800 ConcurrentGCThread "G1 Conc#0" [stack: 0x0000007f9dd00000,0x0000007f9de00000] [id=5024]
  0x000002603e4ee800 ConcurrentGCThread "G1 Refine#0" [stack: 0x0000007f9de00000,0x0000007f9df00000] [id=8948]
  0x000002605aa16800 ConcurrentGCThread "G1 Young RemSet Sampling" [stack: 0x0000007f9df00000,0x0000007f9e000000] [id=2576]

Threads with active compile tasks:
C2 CompilerThread0  96283 9828       4       javax.management.ObjectName::construct (1135 bytes)

VM state:not at safepoint (normal execution)

VM Mutex/Monitor currently owned by a thread: None

Heap address: 0x00000000e0000000, size: 512 MB, Compressed Oops mode: 32-bit
Narrow klass base: 0x0000000000000000, Narrow klass shift: 3
Compressed class space size: 260046848 Address: 0x0000000100000000

Heap:
 garbage-first heap   total 262144K, used 200794K [0x00000000e0000000, 0x0000000100000000)
  region size 1024K, 152 young (155648K), 11 survivors (11264K)
 Metaspace       used 72130K, capacity 74626K, committed 74876K, reserved 319488K
  class space    used 9283K, capacity 10199K, committed 10240K, reserved 253952K
Heap Regions: E=young(eden), S=young(survivor), O=old, HS=humongous(starts), HC=humongous(continues), CS=collection set, F=free, A=archive, TAMS=top-at-mark-start (previous, next)
|   0|0x00000000e0000000, 0x00000000e0100000, 0x00000000e0100000|100%| O|  |TAMS 0x00000000e0100000, 0x00000000e0000000| Untracked 
|   1|0x00000000e0100000, 0x00000000e0200000, 0x00000000e0200000|100%|HS|  |TAMS 0x00000000e0200000, 0x00000000e0100000| Complete 
|   2|0x00000000e0200000, 0x00000000e0300000, 0x00000000e0300000|100%|HC|  |TAMS 0x00000000e0300000, 0x00000000e0200000| Complete 
|   3|0x00000000e0300000, 0x00000000e0400000, 0x00000000e0400000|100%|HC|  |TAMS 0x00000000e0400000, 0x00000000e0300000| Complete 
|   4|0x00000000e0400000, 0x00000000e0500000, 0x00000000e0500000|100%| O|  |TAMS 0x00000000e0500000, 0x00000000e0400000| Untracked 
|   5|0x00000000e0500000, 0x00000000e0600000, 0x00000000e0600000|100%| O|  |TAMS 0x00000000e0600000, 0x00000000e0500000| Untracked 
|   6|0x00000000e0600000, 0x00000000e0700000, 0x00000000e0700000|100%| O|  |TAMS 0x00000000e0700000, 0x00000000e0600000| Untracked 
|   7|0x00000000e0700000, 0x00000000e0800000, 0x00000000e0800000|100%| O|  |TAMS 0x00000000e0800000, 0x00000000e0700000| Untracked 
|   8|0x00000000e0800000, 0x00000000e0900000, 0x00000000e0900000|100%| O|  |TAMS 0x00000000e0900000, 0x00000000e0800000| Untracked 
|   9|0x00000000e0900000, 0x00000000e0a00000, 0x00000000e0a00000|100%| O|  |TAMS 0x00000000e0a00000, 0x00000000e0900000| Untracked 
|  10|0x00000000e0a00000, 0x00000000e0b00000, 0x00000000e0b00000|100%| O|  |TAMS 0x00000000e0b00000, 0x00000000e0a00000| Untracked 
|  11|0x00000000e0b00000, 0x00000000e0c00000, 0x00000000e0c00000|100%| O|  |TAMS 0x00000000e0c00000, 0x00000000e0b00000| Untracked 
|  12|0x00000000e0c00000, 0x00000000e0d00000, 0x00000000e0d00000|100%| O|  |TAMS 0x00000000e0d00000, 0x00000000e0c00000| Untracked 
|  13|0x00000000e0d00000, 0x00000000e0e00000, 0x00000000e0e00000|100%| O|  |TAMS 0x00000000e0e00000, 0x00000000e0d00000| Untracked 
|  14|0x00000000e0e00000, 0x00000000e0f00000, 0x00000000e0f00000|100%| O|  |TAMS 0x00000000e0f00000, 0x00000000e0e00000| Untracked 
|  15|0x00000000e0f00000, 0x00000000e1000000, 0x00000000e1000000|100%| O|  |TAMS 0x00000000e1000000, 0x00000000e0f00000| Untracked 
|  16|0x00000000e1000000, 0x00000000e1100000, 0x00000000e1100000|100%| O|  |TAMS 0x00000000e1100000, 0x00000000e1000000| Untracked 
|  17|0x00000000e1100000, 0x00000000e1200000, 0x00000000e1200000|100%| O|  |TAMS 0x00000000e1200000, 0x00000000e1100000| Untracked 
|  18|0x00000000e1200000, 0x00000000e1300000, 0x00000000e1300000|100%| O|  |TAMS 0x00000000e1300000, 0x00000000e1200000| Untracked 
|  19|0x00000000e1300000, 0x00000000e1400000, 0x00000000e1400000|100%| O|  |TAMS 0x00000000e1400000, 0x00000000e1300000| Untracked 
|  20|0x00000000e1400000, 0x00000000e1500000, 0x00000000e1500000|100%| O|  |TAMS 0x00000000e1500000, 0x00000000e1400000| Untracked 
|  21|0x00000000e1500000, 0x00000000e1600000, 0x00000000e1600000|100%| O|  |TAMS 0x00000000e1534000, 0x00000000e1500000| Untracked 
|  22|0x00000000e1600000, 0x00000000e1700000, 0x00000000e1700000|100%| O|  |TAMS 0x00000000e1600000, 0x00000000e1600000| Untracked 
|  23|0x00000000e1700000, 0x00000000e1800000, 0x00000000e1800000|100%| O|  |TAMS 0x00000000e1700000, 0x00000000e1700000| Untracked 
|  24|0x00000000e1800000, 0x00000000e1900000, 0x00000000e1900000|100%| O|  |TAMS 0x00000000e1800000, 0x00000000e1800000| Untracked 
|  25|0x00000000e1900000, 0x00000000e1a00000, 0x00000000e1a00000|100%| O|  |TAMS 0x00000000e1900000, 0x00000000e1900000| Untracked 
|  26|0x00000000e1a00000, 0x00000000e1b00000, 0x00000000e1b00000|100%| O|  |TAMS 0x00000000e1a00000, 0x00000000e1a00000| Untracked 
|  27|0x00000000e1b00000, 0x00000000e1c00000, 0x00000000e1c00000|100%| O|  |TAMS 0x00000000e1b00000, 0x00000000e1b00000| Untracked 
|  28|0x00000000e1c00000, 0x00000000e1d00000, 0x00000000e1d00000|100%| O|  |TAMS 0x00000000e1c00000, 0x00000000e1c00000| Untracked 
|  29|0x00000000e1d00000, 0x00000000e1e00000, 0x00000000e1e00000|100%|HS|  |TAMS 0x00000000e1d00000, 0x00000000e1d00000| Complete 
|  30|0x00000000e1e00000, 0x00000000e1f00000, 0x00000000e1f00000|100%|HS|  |TAMS 0x00000000e1e00000, 0x00000000e1e00000| Complete 
|  31|0x00000000e1f00000, 0x00000000e2000000, 0x00000000e2000000|100%| O|  |TAMS 0x00000000e1f00000, 0x00000000e1f00000| Untracked 
|  32|0x00000000e2000000, 0x00000000e2100000, 0x00000000e2100000|100%| O|  |TAMS 0x00000000e2000000, 0x00000000e2000000| Untracked 
|  33|0x00000000e2100000, 0x00000000e2200000, 0x00000000e2200000|100%| O|  |TAMS 0x00000000e2100000, 0x00000000e2100000| Untracked 
|  34|0x00000000e2200000, 0x00000000e2300000, 0x00000000e2300000|100%| O|  |TAMS 0x00000000e2200000, 0x00000000e2200000| Untracked 
|  35|0x00000000e2300000, 0x00000000e2400000, 0x00000000e2400000|100%| O|  |TAMS 0x00000000e2300000, 0x00000000e2300000| Untracked 
|  36|0x00000000e2400000, 0x00000000e2500000, 0x00000000e2500000|100%| O|  |TAMS 0x00000000e2400000, 0x00000000e2400000| Untracked 
|  37|0x00000000e2500000, 0x00000000e2600000, 0x00000000e2600000|100%| O|  |TAMS 0x00000000e2500000, 0x00000000e2500000| Untracked 
|  38|0x00000000e2600000, 0x00000000e2700000, 0x00000000e2700000|100%| O|  |TAMS 0x00000000e2600000, 0x00000000e2600000| Untracked 
|  39|0x00000000e2700000, 0x00000000e2800000, 0x00000000e2800000|100%| O|  |TAMS 0x00000000e2700000, 0x00000000e2700000| Untracked 
|  40|0x00000000e2800000, 0x00000000e2900000, 0x00000000e2900000|100%|HS|  |TAMS 0x00000000e2800000, 0x00000000e2800000| Complete 
|  41|0x00000000e2900000, 0x00000000e2a00000, 0x00000000e2a00000|100%| O|  |TAMS 0x00000000e2900000, 0x00000000e2900000| Untracked 
|  42|0x00000000e2a00000, 0x00000000e2b00000, 0x00000000e2b00000|100%| O|  |TAMS 0x00000000e2a00000, 0x00000000e2a00000| Untracked 
|  43|0x00000000e2b00000, 0x00000000e2c00000, 0x00000000e2c00000|100%| O|  |TAMS 0x00000000e2b00000, 0x00000000e2b00000| Untracked 
|  44|0x00000000e2c00000, 0x00000000e2d00000, 0x00000000e2d00000|100%| O|  |TAMS 0x00000000e2c00000, 0x00000000e2c00000| Untracked 
|  45|0x00000000e2d00000, 0x00000000e2d80000, 0x00000000e2e00000| 50%| O|  |TAMS 0x00000000e2d00000, 0x00000000e2d00000| Untracked 
|  46|0x00000000e2e00000, 0x00000000e2f00000, 0x00000000e2f00000|100%|HS|  |TAMS 0x00000000e2e00000, 0x00000000e2e00000| Complete 
|  47|0x00000000e2f00000, 0x00000000e2f00000, 0x00000000e3000000|  0%| F|  |TAMS 0x00000000e2f00000, 0x00000000e2f00000| Untracked 
|  48|0x00000000e3000000, 0x00000000e3000000, 0x00000000e3100000|  0%| F|  |TAMS 0x00000000e3000000, 0x00000000e3000000| Untracked 
|  49|0x00000000e3100000, 0x00000000e3100000, 0x00000000e3200000|  0%| F|  |TAMS 0x00000000e3100000, 0x00000000e3100000| Untracked 
|  50|0x00000000e3200000, 0x00000000e3200000, 0x00000000e3300000|  0%| F|  |TAMS 0x00000000e3200000, 0x00000000e3200000| Untracked 
|  51|0x00000000e3300000, 0x00000000e3300000, 0x00000000e3400000|  0%| F|  |TAMS 0x00000000e3300000, 0x00000000e3300000| Untracked 
|  52|0x00000000e3400000, 0x00000000e3400000, 0x00000000e3500000|  0%| F|  |TAMS 0x00000000e3400000, 0x00000000e3400000| Untracked 
|  53|0x00000000e3500000, 0x00000000e3500000, 0x00000000e3600000|  0%| F|  |TAMS 0x00000000e3500000, 0x00000000e3500000| Untracked 
|  54|0x00000000e3600000, 0x00000000e3600000, 0x00000000e3700000|  0%| F|  |TAMS 0x00000000e3600000, 0x00000000e3600000| Untracked 
|  55|0x00000000e3700000, 0x00000000e3700000, 0x00000000e3800000|  0%| F|  |TAMS 0x00000000e3700000, 0x00000000e3700000| Untracked 
|  56|0x00000000e3800000, 0x00000000e3800000, 0x00000000e3900000|  0%| F|  |TAMS 0x00000000e3800000, 0x00000000e3800000| Untracked 
|  57|0x00000000e3900000, 0x00000000e3900000, 0x00000000e3a00000|  0%| F|  |TAMS 0x00000000e3900000, 0x00000000e3900000| Untracked 
|  58|0x00000000e3a00000, 0x00000000e3a00000, 0x00000000e3b00000|  0%| F|  |TAMS 0x00000000e3a00000, 0x00000000e3a00000| Untracked 
|  59|0x00000000e3b00000, 0x00000000e3b00000, 0x00000000e3c00000|  0%| F|  |TAMS 0x00000000e3b00000, 0x00000000e3b00000| Untracked 
|  60|0x00000000e3c00000, 0x00000000e3c00000, 0x00000000e3d00000|  0%| F|  |TAMS 0x00000000e3c00000, 0x00000000e3c00000| Untracked 
|  61|0x00000000e3d00000, 0x00000000e3d00000, 0x00000000e3e00000|  0%| F|  |TAMS 0x00000000e3d00000, 0x00000000e3d00000| Untracked 
|  62|0x00000000e3e00000, 0x00000000e3e00000, 0x00000000e3f00000|  0%| F|  |TAMS 0x00000000e3e00000, 0x00000000e3e00000| Untracked 
|  63|0x00000000e3f00000, 0x00000000e3f00000, 0x00000000e4000000|  0%| F|  |TAMS 0x00000000e3f00000, 0x00000000e3f00000| Untracked 
|  64|0x00000000e4000000, 0x00000000e4000000, 0x00000000e4100000|  0%| F|  |TAMS 0x00000000e4000000, 0x00000000e4000000| Untracked 
|  65|0x00000000e4100000, 0x00000000e4100000, 0x00000000e4200000|  0%| F|  |TAMS 0x00000000e4100000, 0x00000000e4100000| Untracked 
|  66|0x00000000e4200000, 0x00000000e4200000, 0x00000000e4300000|  0%| F|  |TAMS 0x00000000e4200000, 0x00000000e4200000| Untracked 
|  67|0x00000000e4300000, 0x00000000e4300000, 0x00000000e4400000|  0%| F|  |TAMS 0x00000000e4300000, 0x00000000e4300000| Untracked 
|  68|0x00000000e4400000, 0x00000000e4400000, 0x00000000e4500000|  0%| F|  |TAMS 0x00000000e4400000, 0x00000000e4400000| Untracked 
|  69|0x00000000e4500000, 0x00000000e4500000, 0x00000000e4600000|  0%| F|  |TAMS 0x00000000e4500000, 0x00000000e4500000| Untracked 
|  70|0x00000000e4600000, 0x00000000e4600000, 0x00000000e4700000|  0%| F|  |TAMS 0x00000000e4600000, 0x00000000e4600000| Untracked 
|  71|0x00000000e4700000, 0x00000000e4700000, 0x00000000e4800000|  0%| F|  |TAMS 0x00000000e4700000, 0x00000000e4700000| Untracked 
|  72|0x00000000e4800000, 0x00000000e4800000, 0x00000000e4900000|  0%| F|  |TAMS 0x00000000e4800000, 0x00000000e4800000| Untracked 
|  73|0x00000000e4900000, 0x00000000e4900000, 0x00000000e4a00000|  0%| F|  |TAMS 0x00000000e4900000, 0x00000000e4900000| Untracked 
|  74|0x00000000e4a00000, 0x00000000e4a00000, 0x00000000e4b00000|  0%| F|  |TAMS 0x00000000e4a00000, 0x00000000e4a00000| Untracked 
|  75|0x00000000e4b00000, 0x00000000e4b00000, 0x00000000e4c00000|  0%| F|  |TAMS 0x00000000e4b00000, 0x00000000e4b00000| Untracked 
|  76|0x00000000e4c00000, 0x00000000e4c00000, 0x00000000e4d00000|  0%| F|  |TAMS 0x00000000e4c00000, 0x00000000e4c00000| Untracked 
|  77|0x00000000e4d00000, 0x00000000e4d00000, 0x00000000e4e00000|  0%| F|  |TAMS 0x00000000e4d00000, 0x00000000e4d00000| Untracked 
|  78|0x00000000e4e00000, 0x00000000e4e00000, 0x00000000e4f00000|  0%| F|  |TAMS 0x00000000e4e00000, 0x00000000e4e00000| Untracked 
|  79|0x00000000e4f00000, 0x00000000e4f00000, 0x00000000e5000000|  0%| F|  |TAMS 0x00000000e4f00000, 0x00000000e4f00000| Untracked 
|  80|0x00000000e5000000, 0x00000000e5000000, 0x00000000e5100000|  0%| F|  |TAMS 0x00000000e5000000, 0x00000000e5000000| Untracked 
|  81|0x00000000e5100000, 0x00000000e5100000, 0x00000000e5200000|  0%| F|  |TAMS 0x00000000e5100000, 0x00000000e5100000| Untracked 
|  82|0x00000000e5200000, 0x00000000e5200000, 0x00000000e5300000|  0%| F|  |TAMS 0x00000000e5200000, 0x00000000e5200000| Untracked 
|  83|0x00000000e5300000, 0x00000000e5300000, 0x00000000e5400000|  0%| F|  |TAMS 0x00000000e5300000, 0x00000000e5300000| Untracked 
|  84|0x00000000e5400000, 0x00000000e5400000, 0x00000000e5500000|  0%| F|  |TAMS 0x00000000e5400000, 0x00000000e5400000| Untracked 
|  85|0x00000000e5500000, 0x00000000e5500000, 0x00000000e5600000|  0%| F|  |TAMS 0x00000000e5500000, 0x00000000e5500000| Untracked 
|  86|0x00000000e5600000, 0x00000000e5600000, 0x00000000e5700000|  0%| F|  |TAMS 0x00000000e5600000, 0x00000000e5600000| Untracked 
|  87|0x00000000e5700000, 0x00000000e5700000, 0x00000000e5800000|  0%| F|  |TAMS 0x00000000e5700000, 0x00000000e5700000| Untracked 
|  88|0x00000000e5800000, 0x00000000e5800000, 0x00000000e5900000|  0%| F|  |TAMS 0x00000000e5800000, 0x00000000e5800000| Untracked 
|  89|0x00000000e5900000, 0x00000000e5900000, 0x00000000e5a00000|  0%| F|  |TAMS 0x00000000e5900000, 0x00000000e5900000| Untracked 
|  90|0x00000000e5a00000, 0x00000000e5a00000, 0x00000000e5b00000|  0%| F|  |TAMS 0x00000000e5a00000, 0x00000000e5a00000| Untracked 
|  91|0x00000000e5b00000, 0x00000000e5b00000, 0x00000000e5c00000|  0%| F|  |TAMS 0x00000000e5b00000, 0x00000000e5b00000| Untracked 
|  92|0x00000000e5c00000, 0x00000000e5c00000, 0x00000000e5d00000|  0%| F|  |TAMS 0x00000000e5c00000, 0x00000000e5c00000| Untracked 
|  93|0x00000000e5d00000, 0x00000000e5d00000, 0x00000000e5e00000|  0%| F|  |TAMS 0x00000000e5d00000, 0x00000000e5d00000| Untracked 
|  94|0x00000000e5e00000, 0x00000000e5e968b0, 0x00000000e5f00000| 58%| S|CS|TAMS 0x00000000e5e00000, 0x00000000e5e00000| Complete 
|  95|0x00000000e5f00000, 0x00000000e6000000, 0x00000000e6000000|100%| S|CS|TAMS 0x00000000e5f00000, 0x00000000e5f00000| Complete 
|  96|0x00000000e6000000, 0x00000000e6100000, 0x00000000e6100000|100%| S|CS|TAMS 0x00000000e6000000, 0x00000000e6000000| Complete 
|  97|0x00000000e6100000, 0x00000000e6200000, 0x00000000e6200000|100%| S|CS|TAMS 0x00000000e6100000, 0x00000000e6100000| Complete 
|  98|0x00000000e6200000, 0x00000000e6300000, 0x00000000e6300000|100%| S|CS|TAMS 0x00000000e6200000, 0x00000000e6200000| Complete 
|  99|0x00000000e6300000, 0x00000000e6400000, 0x00000000e6400000|100%| S|CS|TAMS 0x00000000e6300000, 0x00000000e6300000| Complete 
| 100|0x00000000e6400000, 0x00000000e6500000, 0x00000000e6500000|100%| S|CS|TAMS 0x00000000e6400000, 0x00000000e6400000| Complete 
| 101|0x00000000e6500000, 0x00000000e6600000, 0x00000000e6600000|100%| S|CS|TAMS 0x00000000e6500000, 0x00000000e6500000| Complete 
| 102|0x00000000e6600000, 0x00000000e6700000, 0x00000000e6700000|100%| S|CS|TAMS 0x00000000e6600000, 0x00000000e6600000| Complete 
| 103|0x00000000e6700000, 0x00000000e6700000, 0x00000000e6800000|  0%| F|  |TAMS 0x00000000e6700000, 0x00000000e6700000| Untracked 
| 104|0x00000000e6800000, 0x00000000e6800000, 0x00000000e6900000|  0%| F|  |TAMS 0x00000000e6800000, 0x00000000e6800000| Untracked 
| 105|0x00000000e6900000, 0x00000000e6900000, 0x00000000e6a00000|  0%| F|  |TAMS 0x00000000e6900000, 0x00000000e6900000| Untracked 
| 106|0x00000000e6a00000, 0x00000000e6a00000, 0x00000000e6b00000|  0%| F|  |TAMS 0x00000000e6a00000, 0x00000000e6a00000| Untracked 
| 107|0x00000000e6b00000, 0x00000000e6b00000, 0x00000000e6c00000|  0%| F|  |TAMS 0x00000000e6b00000, 0x00000000e6b00000| Untracked 
| 108|0x00000000e6c00000, 0x00000000e6c00000, 0x00000000e6d00000|  0%| F|  |TAMS 0x00000000e6c00000, 0x00000000e6c00000| Untracked 
| 109|0x00000000e6d00000, 0x00000000e6d00000, 0x00000000e6e00000|  0%| F|  |TAMS 0x00000000e6d00000, 0x00000000e6d00000| Untracked 
| 110|0x00000000e6e00000, 0x00000000e6e00000, 0x00000000e6f00000|  0%| F|  |TAMS 0x00000000e6e00000, 0x00000000e6e00000| Untracked 
| 111|0x00000000e6f00000, 0x00000000e6f00000, 0x00000000e7000000|  0%| F|  |TAMS 0x00000000e6f00000, 0x00000000e6f00000| Untracked 
| 112|0x00000000e7000000, 0x00000000e7000000, 0x00000000e7100000|  0%| F|  |TAMS 0x00000000e7000000, 0x00000000e7000000| Untracked 
| 113|0x00000000e7100000, 0x00000000e713de20, 0x00000000e7200000| 24%| E|  |TAMS 0x00000000e7100000, 0x00000000e7100000| Complete 
| 114|0x00000000e7200000, 0x00000000e7300000, 0x00000000e7300000|100%| E|CS|TAMS 0x00000000e7200000, 0x00000000e7200000| Complete 
| 115|0x00000000e7300000, 0x00000000e7400000, 0x00000000e7400000|100%| E|CS|TAMS 0x00000000e7300000, 0x00000000e7300000| Complete 
| 116|0x00000000e7400000, 0x00000000e7500000, 0x00000000e7500000|100%| S|CS|TAMS 0x00000000e7400000, 0x00000000e7400000| Complete 
| 117|0x00000000e7500000, 0x00000000e7600000, 0x00000000e7600000|100%| S|CS|TAMS 0x00000000e7500000, 0x00000000e7500000| Complete 
| 118|0x00000000e7600000, 0x00000000e7700000, 0x00000000e7700000|100%| E|CS|TAMS 0x00000000e7600000, 0x00000000e7600000| Complete 
| 119|0x00000000e7700000, 0x00000000e7800000, 0x00000000e7800000|100%| E|CS|TAMS 0x00000000e7700000, 0x00000000e7700000| Complete 
| 120|0x00000000e7800000, 0x00000000e7900000, 0x00000000e7900000|100%| E|CS|TAMS 0x00000000e7800000, 0x00000000e7800000| Complete 
| 121|0x00000000e7900000, 0x00000000e7a00000, 0x00000000e7a00000|100%| E|CS|TAMS 0x00000000e7900000, 0x00000000e7900000| Complete 
| 122|0x00000000e7a00000, 0x00000000e7b00000, 0x00000000e7b00000|100%| E|CS|TAMS 0x00000000e7a00000, 0x00000000e7a00000| Complete 
| 123|0x00000000e7b00000, 0x00000000e7c00000, 0x00000000e7c00000|100%| E|CS|TAMS 0x00000000e7b00000, 0x00000000e7b00000| Complete 
| 124|0x00000000e7c00000, 0x00000000e7d00000, 0x00000000e7d00000|100%| E|  |TAMS 0x00000000e7c00000, 0x00000000e7c00000| Complete 
| 125|0x00000000e7d00000, 0x00000000e7e00000, 0x00000000e7e00000|100%| E|CS|TAMS 0x00000000e7d00000, 0x00000000e7d00000| Complete 
| 126|0x00000000e7e00000, 0x00000000e7f00000, 0x00000000e7f00000|100%| E|CS|TAMS 0x00000000e7e00000, 0x00000000e7e00000| Complete 
| 127|0x00000000e7f00000, 0x00000000e8000000, 0x00000000e8000000|100%| E|CS|TAMS 0x00000000e7f00000, 0x00000000e7f00000| Complete 
| 128|0x00000000e8000000, 0x00000000e8100000, 0x00000000e8100000|100%| E|CS|TAMS 0x00000000e8000000, 0x00000000e8000000| Complete 
| 129|0x00000000e8100000, 0x00000000e8200000, 0x00000000e8200000|100%| E|CS|TAMS 0x00000000e8100000, 0x00000000e8100000| Complete 
| 130|0x00000000e8200000, 0x00000000e8300000, 0x00000000e8300000|100%| E|CS|TAMS 0x00000000e8200000, 0x00000000e8200000| Complete 
| 131|0x00000000e8300000, 0x00000000e8400000, 0x00000000e8400000|100%| E|CS|TAMS 0x00000000e8300000, 0x00000000e8300000| Complete 
| 132|0x00000000e8400000, 0x00000000e8500000, 0x00000000e8500000|100%| E|CS|TAMS 0x00000000e8400000, 0x00000000e8400000| Complete 
| 133|0x00000000e8500000, 0x00000000e8600000, 0x00000000e8600000|100%| E|CS|TAMS 0x00000000e8500000, 0x00000000e8500000| Complete 
| 134|0x00000000e8600000, 0x00000000e8700000, 0x00000000e8700000|100%| E|CS|TAMS 0x00000000e8600000, 0x00000000e8600000| Complete 
| 135|0x00000000e8700000, 0x00000000e8800000, 0x00000000e8800000|100%| E|CS|TAMS 0x00000000e8700000, 0x00000000e8700000| Complete 
| 136|0x00000000e8800000, 0x00000000e8900000, 0x00000000e8900000|100%| E|CS|TAMS 0x00000000e8800000, 0x00000000e8800000| Complete 
| 137|0x00000000e8900000, 0x00000000e8a00000, 0x00000000e8a00000|100%| E|CS|TAMS 0x00000000e8900000, 0x00000000e8900000| Complete 
| 138|0x00000000e8a00000, 0x00000000e8b00000, 0x00000000e8b00000|100%| E|CS|TAMS 0x00000000e8a00000, 0x00000000e8a00000| Complete 
| 139|0x00000000e8b00000, 0x00000000e8c00000, 0x00000000e8c00000|100%| E|CS|TAMS 0x00000000e8b00000, 0x00000000e8b00000| Complete 
| 140|0x00000000e8c00000, 0x00000000e8d00000, 0x00000000e8d00000|100%| E|CS|TAMS 0x00000000e8c00000, 0x00000000e8c00000| Complete 
| 141|0x00000000e8d00000, 0x00000000e8e00000, 0x00000000e8e00000|100%| E|CS|TAMS 0x00000000e8d00000, 0x00000000e8d00000| Complete 
| 142|0x00000000e8e00000, 0x00000000e8f00000, 0x00000000e8f00000|100%| E|CS|TAMS 0x00000000e8e00000, 0x00000000e8e00000| Complete 
| 143|0x00000000e8f00000, 0x00000000e9000000, 0x00000000e9000000|100%| E|CS|TAMS 0x00000000e8f00000, 0x00000000e8f00000| Complete 
| 144|0x00000000e9000000, 0x00000000e9100000, 0x00000000e9100000|100%| E|CS|TAMS 0x00000000e9000000, 0x00000000e9000000| Complete 
| 145|0x00000000e9100000, 0x00000000e9200000, 0x00000000e9200000|100%| E|CS|TAMS 0x00000000e9100000, 0x00000000e9100000| Complete 
| 146|0x00000000e9200000, 0x00000000e9300000, 0x00000000e9300000|100%| E|CS|TAMS 0x00000000e9200000, 0x00000000e9200000| Complete 
| 147|0x00000000e9300000, 0x00000000e9400000, 0x00000000e9400000|100%| E|CS|TAMS 0x00000000e9300000, 0x00000000e9300000| Complete 
| 148|0x00000000e9400000, 0x00000000e9500000, 0x00000000e9500000|100%| E|CS|TAMS 0x00000000e9400000, 0x00000000e9400000| Complete 
| 149|0x00000000e9500000, 0x00000000e9600000, 0x00000000e9600000|100%| E|CS|TAMS 0x00000000e9500000, 0x00000000e9500000| Complete 
| 150|0x00000000e9600000, 0x00000000e9700000, 0x00000000e9700000|100%| E|CS|TAMS 0x00000000e9600000, 0x00000000e9600000| Complete 
| 151|0x00000000e9700000, 0x00000000e9800000, 0x00000000e9800000|100%| E|CS|TAMS 0x00000000e9700000, 0x00000000e9700000| Complete 
| 152|0x00000000e9800000, 0x00000000e9900000, 0x00000000e9900000|100%| E|CS|TAMS 0x00000000e9800000, 0x00000000e9800000| Complete 
| 153|0x00000000e9900000, 0x00000000e9a00000, 0x00000000e9a00000|100%| E|CS|TAMS 0x00000000e9900000, 0x00000000e9900000| Complete 
| 154|0x00000000e9a00000, 0x00000000e9b00000, 0x00000000e9b00000|100%| E|CS|TAMS 0x00000000e9a00000, 0x00000000e9a00000| Complete 
| 155|0x00000000e9b00000, 0x00000000e9c00000, 0x00000000e9c00000|100%| E|CS|TAMS 0x00000000e9b00000, 0x00000000e9b00000| Complete 
| 156|0x00000000e9c00000, 0x00000000e9d00000, 0x00000000e9d00000|100%| E|CS|TAMS 0x00000000e9c00000, 0x00000000e9c00000| Complete 
| 157|0x00000000e9d00000, 0x00000000e9e00000, 0x00000000e9e00000|100%| E|CS|TAMS 0x00000000e9d00000, 0x00000000e9d00000| Complete 
| 158|0x00000000e9e00000, 0x00000000e9f00000, 0x00000000e9f00000|100%| E|CS|TAMS 0x00000000e9e00000, 0x00000000e9e00000| Complete 
| 159|0x00000000e9f00000, 0x00000000ea000000, 0x00000000ea000000|100%| E|CS|TAMS 0x00000000e9f00000, 0x00000000e9f00000| Complete 
| 160|0x00000000ea000000, 0x00000000ea100000, 0x00000000ea100000|100%| E|CS|TAMS 0x00000000ea000000, 0x00000000ea000000| Complete 
| 161|0x00000000ea100000, 0x00000000ea200000, 0x00000000ea200000|100%| E|CS|TAMS 0x00000000ea100000, 0x00000000ea100000| Complete 
| 162|0x00000000ea200000, 0x00000000ea300000, 0x00000000ea300000|100%| E|CS|TAMS 0x00000000ea200000, 0x00000000ea200000| Complete 
| 163|0x00000000ea300000, 0x00000000ea400000, 0x00000000ea400000|100%| E|CS|TAMS 0x00000000ea300000, 0x00000000ea300000| Complete 
| 164|0x00000000ea400000, 0x00000000ea500000, 0x00000000ea500000|100%| E|CS|TAMS 0x00000000ea400000, 0x00000000ea400000| Complete 
| 165|0x00000000ea500000, 0x00000000ea600000, 0x00000000ea600000|100%| E|CS|TAMS 0x00000000ea500000, 0x00000000ea500000| Complete 
| 166|0x00000000ea600000, 0x00000000ea700000, 0x00000000ea700000|100%| E|CS|TAMS 0x00000000ea600000, 0x00000000ea600000| Complete 
| 167|0x00000000ea700000, 0x00000000ea800000, 0x00000000ea800000|100%| E|CS|TAMS 0x00000000ea700000, 0x00000000ea700000| Complete 
| 168|0x00000000ea800000, 0x00000000ea900000, 0x00000000ea900000|100%| E|CS|TAMS 0x00000000ea800000, 0x00000000ea800000| Complete 
| 169|0x00000000ea900000, 0x00000000eaa00000, 0x00000000eaa00000|100%| E|CS|TAMS 0x00000000ea900000, 0x00000000ea900000| Complete 
| 170|0x00000000eaa00000, 0x00000000eab00000, 0x00000000eab00000|100%| E|CS|TAMS 0x00000000eaa00000, 0x00000000eaa00000| Complete 
| 171|0x00000000eab00000, 0x00000000eac00000, 0x00000000eac00000|100%| E|CS|TAMS 0x00000000eab00000, 0x00000000eab00000| Complete 
| 172|0x00000000eac00000, 0x00000000ead00000, 0x00000000ead00000|100%| E|CS|TAMS 0x00000000eac00000, 0x00000000eac00000| Complete 
| 173|0x00000000ead00000, 0x00000000eae00000, 0x00000000eae00000|100%| E|CS|TAMS 0x00000000ead00000, 0x00000000ead00000| Complete 
| 174|0x00000000eae00000, 0x00000000eaf00000, 0x00000000eaf00000|100%| E|CS|TAMS 0x00000000eae00000, 0x00000000eae00000| Complete 
| 175|0x00000000eaf00000, 0x00000000eb000000, 0x00000000eb000000|100%| E|CS|TAMS 0x00000000eaf00000, 0x00000000eaf00000| Complete 
| 176|0x00000000eb000000, 0x00000000eb100000, 0x00000000eb100000|100%| E|CS|TAMS 0x00000000eb000000, 0x00000000eb000000| Complete 
| 177|0x00000000eb100000, 0x00000000eb200000, 0x00000000eb200000|100%| E|CS|TAMS 0x00000000eb100000, 0x00000000eb100000| Complete 
| 178|0x00000000eb200000, 0x00000000eb300000, 0x00000000eb300000|100%| E|CS|TAMS 0x00000000eb200000, 0x00000000eb200000| Complete 
| 179|0x00000000eb300000, 0x00000000eb400000, 0x00000000eb400000|100%| E|CS|TAMS 0x00000000eb300000, 0x00000000eb300000| Complete 
| 180|0x00000000eb400000, 0x00000000eb500000, 0x00000000eb500000|100%| E|CS|TAMS 0x00000000eb400000, 0x00000000eb400000| Complete 
| 181|0x00000000eb500000, 0x00000000eb600000, 0x00000000eb600000|100%| E|CS|TAMS 0x00000000eb500000, 0x00000000eb500000| Complete 
| 182|0x00000000eb600000, 0x00000000eb700000, 0x00000000eb700000|100%| E|CS|TAMS 0x00000000eb600000, 0x00000000eb600000| Complete 
| 183|0x00000000eb700000, 0x00000000eb800000, 0x00000000eb800000|100%| E|CS|TAMS 0x00000000eb700000, 0x00000000eb700000| Complete 
| 184|0x00000000eb800000, 0x00000000eb900000, 0x00000000eb900000|100%| E|CS|TAMS 0x00000000eb800000, 0x00000000eb800000| Complete 
| 185|0x00000000eb900000, 0x00000000eba00000, 0x00000000eba00000|100%| E|CS|TAMS 0x00000000eb900000, 0x00000000eb900000| Complete 
| 186|0x00000000eba00000, 0x00000000ebb00000, 0x00000000ebb00000|100%| E|CS|TAMS 0x00000000eba00000, 0x00000000eba00000| Complete 
| 187|0x00000000ebb00000, 0x00000000ebc00000, 0x00000000ebc00000|100%| E|CS|TAMS 0x00000000ebb00000, 0x00000000ebb00000| Complete 
| 188|0x00000000ebc00000, 0x00000000ebd00000, 0x00000000ebd00000|100%| E|CS|TAMS 0x00000000ebc00000, 0x00000000ebc00000| Complete 
| 189|0x00000000ebd00000, 0x00000000ebe00000, 0x00000000ebe00000|100%| E|CS|TAMS 0x00000000ebd00000, 0x00000000ebd00000| Complete 
| 190|0x00000000ebe00000, 0x00000000ebf00000, 0x00000000ebf00000|100%| E|CS|TAMS 0x00000000ebe00000, 0x00000000ebe00000| Complete 
| 191|0x00000000ebf00000, 0x00000000ec000000, 0x00000000ec000000|100%| E|CS|TAMS 0x00000000ebf00000, 0x00000000ebf00000| Complete 
| 192|0x00000000ec000000, 0x00000000ec100000, 0x00000000ec100000|100%| E|CS|TAMS 0x00000000ec000000, 0x00000000ec000000| Complete 
| 193|0x00000000ec100000, 0x00000000ec200000, 0x00000000ec200000|100%| E|CS|TAMS 0x00000000ec100000, 0x00000000ec100000| Complete 
| 194|0x00000000ec200000, 0x00000000ec300000, 0x00000000ec300000|100%| E|CS|TAMS 0x00000000ec200000, 0x00000000ec200000| Complete 
| 195|0x00000000ec300000, 0x00000000ec400000, 0x00000000ec400000|100%| E|CS|TAMS 0x00000000ec300000, 0x00000000ec300000| Complete 
| 196|0x00000000ec400000, 0x00000000ec500000, 0x00000000ec500000|100%| E|CS|TAMS 0x00000000ec400000, 0x00000000ec400000| Complete 
| 197|0x00000000ec500000, 0x00000000ec600000, 0x00000000ec600000|100%| E|CS|TAMS 0x00000000ec500000, 0x00000000ec500000| Complete 
| 198|0x00000000ec600000, 0x00000000ec700000, 0x00000000ec700000|100%| E|CS|TAMS 0x00000000ec600000, 0x00000000ec600000| Complete 
| 199|0x00000000ec700000, 0x00000000ec800000, 0x00000000ec800000|100%| E|CS|TAMS 0x00000000ec700000, 0x00000000ec700000| Complete 
| 200|0x00000000ec800000, 0x00000000ec900000, 0x00000000ec900000|100%| E|CS|TAMS 0x00000000ec800000, 0x00000000ec800000| Complete 
| 201|0x00000000ec900000, 0x00000000eca00000, 0x00000000eca00000|100%| E|CS|TAMS 0x00000000ec900000, 0x00000000ec900000| Complete 
| 202|0x00000000eca00000, 0x00000000ecb00000, 0x00000000ecb00000|100%| E|CS|TAMS 0x00000000eca00000, 0x00000000eca00000| Complete 
| 203|0x00000000ecb00000, 0x00000000ecc00000, 0x00000000ecc00000|100%| E|CS|TAMS 0x00000000ecb00000, 0x00000000ecb00000| Complete 
| 204|0x00000000ecc00000, 0x00000000ecd00000, 0x00000000ecd00000|100%| E|CS|TAMS 0x00000000ecc00000, 0x00000000ecc00000| Complete 
| 205|0x00000000ecd00000, 0x00000000ece00000, 0x00000000ece00000|100%| E|CS|TAMS 0x00000000ecd00000, 0x00000000ecd00000| Complete 
| 206|0x00000000ece00000, 0x00000000ecf00000, 0x00000000ecf00000|100%| E|CS|TAMS 0x00000000ece00000, 0x00000000ece00000| Complete 
| 207|0x00000000ecf00000, 0x00000000ed000000, 0x00000000ed000000|100%| E|CS|TAMS 0x00000000ecf00000, 0x00000000ecf00000| Complete 
| 208|0x00000000ed000000, 0x00000000ed100000, 0x00000000ed100000|100%| E|CS|TAMS 0x00000000ed000000, 0x00000000ed000000| Complete 
| 209|0x00000000ed100000, 0x00000000ed200000, 0x00000000ed200000|100%| E|CS|TAMS 0x00000000ed100000, 0x00000000ed100000| Complete 
| 210|0x00000000ed200000, 0x00000000ed300000, 0x00000000ed300000|100%| E|CS|TAMS 0x00000000ed200000, 0x00000000ed200000| Complete 
| 211|0x00000000ed300000, 0x00000000ed400000, 0x00000000ed400000|100%| E|CS|TAMS 0x00000000ed300000, 0x00000000ed300000| Complete 
| 212|0x00000000ed400000, 0x00000000ed500000, 0x00000000ed500000|100%| E|CS|TAMS 0x00000000ed400000, 0x00000000ed400000| Complete 
| 213|0x00000000ed500000, 0x00000000ed600000, 0x00000000ed600000|100%| E|CS|TAMS 0x00000000ed500000, 0x00000000ed500000| Complete 
| 214|0x00000000ed600000, 0x00000000ed700000, 0x00000000ed700000|100%| E|CS|TAMS 0x00000000ed600000, 0x00000000ed600000| Complete 
| 215|0x00000000ed700000, 0x00000000ed800000, 0x00000000ed800000|100%| E|CS|TAMS 0x00000000ed700000, 0x00000000ed700000| Complete 
| 216|0x00000000ed800000, 0x00000000ed900000, 0x00000000ed900000|100%| E|CS|TAMS 0x00000000ed800000, 0x00000000ed800000| Complete 
| 217|0x00000000ed900000, 0x00000000eda00000, 0x00000000eda00000|100%| E|CS|TAMS 0x00000000ed900000, 0x00000000ed900000| Complete 
| 218|0x00000000eda00000, 0x00000000edb00000, 0x00000000edb00000|100%| E|CS|TAMS 0x00000000eda00000, 0x00000000eda00000| Complete 
| 219|0x00000000edb00000, 0x00000000edc00000, 0x00000000edc00000|100%| E|CS|TAMS 0x00000000edb00000, 0x00000000edb00000| Complete 
| 220|0x00000000edc00000, 0x00000000edd00000, 0x00000000edd00000|100%| E|CS|TAMS 0x00000000edc00000, 0x00000000edc00000| Complete 
| 221|0x00000000edd00000, 0x00000000ede00000, 0x00000000ede00000|100%| E|CS|TAMS 0x00000000edd00000, 0x00000000edd00000| Complete 
| 222|0x00000000ede00000, 0x00000000edf00000, 0x00000000edf00000|100%| E|CS|TAMS 0x00000000ede00000, 0x00000000ede00000| Complete 
| 223|0x00000000edf00000, 0x00000000ee000000, 0x00000000ee000000|100%| E|CS|TAMS 0x00000000edf00000, 0x00000000edf00000| Complete 
| 224|0x00000000ee000000, 0x00000000ee100000, 0x00000000ee100000|100%| E|CS|TAMS 0x00000000ee000000, 0x00000000ee000000| Complete 
| 225|0x00000000ee100000, 0x00000000ee200000, 0x00000000ee200000|100%| E|CS|TAMS 0x00000000ee100000, 0x00000000ee100000| Complete 
| 226|0x00000000ee200000, 0x00000000ee300000, 0x00000000ee300000|100%| E|CS|TAMS 0x00000000ee200000, 0x00000000ee200000| Complete 
| 227|0x00000000ee300000, 0x00000000ee400000, 0x00000000ee400000|100%| E|CS|TAMS 0x00000000ee300000, 0x00000000ee300000| Complete 
| 228|0x00000000ee400000, 0x00000000ee500000, 0x00000000ee500000|100%| E|CS|TAMS 0x00000000ee400000, 0x00000000ee400000| Complete 
| 229|0x00000000ee500000, 0x00000000ee600000, 0x00000000ee600000|100%| E|CS|TAMS 0x00000000ee500000, 0x00000000ee500000| Complete 
| 230|0x00000000ee600000, 0x00000000ee700000, 0x00000000ee700000|100%| E|CS|TAMS 0x00000000ee600000, 0x00000000ee600000| Complete 
| 231|0x00000000ee700000, 0x00000000ee800000, 0x00000000ee800000|100%| E|CS|TAMS 0x00000000ee700000, 0x00000000ee700000| Complete 
| 232|0x00000000ee800000, 0x00000000ee900000, 0x00000000ee900000|100%| E|CS|TAMS 0x00000000ee800000, 0x00000000ee800000| Complete 
| 233|0x00000000ee900000, 0x00000000eea00000, 0x00000000eea00000|100%| E|CS|TAMS 0x00000000ee900000, 0x00000000ee900000| Complete 
| 234|0x00000000eea00000, 0x00000000eeb00000, 0x00000000eeb00000|100%| E|CS|TAMS 0x00000000eea00000, 0x00000000eea00000| Complete 
| 235|0x00000000eeb00000, 0x00000000eec00000, 0x00000000eec00000|100%| E|CS|TAMS 0x00000000eeb00000, 0x00000000eeb00000| Complete 
| 236|0x00000000eec00000, 0x00000000eed00000, 0x00000000eed00000|100%| E|CS|TAMS 0x00000000eec00000, 0x00000000eec00000| Complete 
| 237|0x00000000eed00000, 0x00000000eee00000, 0x00000000eee00000|100%| E|CS|TAMS 0x00000000eed00000, 0x00000000eed00000| Complete 
| 238|0x00000000eee00000, 0x00000000eef00000, 0x00000000eef00000|100%| E|CS|TAMS 0x00000000eee00000, 0x00000000eee00000| Complete 
| 239|0x00000000eef00000, 0x00000000ef000000, 0x00000000ef000000|100%| E|CS|TAMS 0x00000000eef00000, 0x00000000eef00000| Complete 
| 240|0x00000000ef000000, 0x00000000ef100000, 0x00000000ef100000|100%| E|CS|TAMS 0x00000000ef000000, 0x00000000ef000000| Complete 
| 241|0x00000000ef100000, 0x00000000ef200000, 0x00000000ef200000|100%| E|CS|TAMS 0x00000000ef100000, 0x00000000ef100000| Complete 
| 242|0x00000000ef200000, 0x00000000ef300000, 0x00000000ef300000|100%| E|CS|TAMS 0x00000000ef200000, 0x00000000ef200000| Complete 
| 243|0x00000000ef300000, 0x00000000ef400000, 0x00000000ef400000|100%| E|CS|TAMS 0x00000000ef300000, 0x00000000ef300000| Complete 
| 244|0x00000000ef400000, 0x00000000ef500000, 0x00000000ef500000|100%| E|CS|TAMS 0x00000000ef400000, 0x00000000ef400000| Complete 
| 245|0x00000000ef500000, 0x00000000ef600000, 0x00000000ef600000|100%| E|CS|TAMS 0x00000000ef500000, 0x00000000ef500000| Complete 
| 246|0x00000000ef600000, 0x00000000ef700000, 0x00000000ef700000|100%| E|CS|TAMS 0x00000000ef600000, 0x00000000ef600000| Complete 
| 247|0x00000000ef700000, 0x00000000ef800000, 0x00000000ef800000|100%| E|CS|TAMS 0x00000000ef700000, 0x00000000ef700000| Complete 
| 248|0x00000000ef800000, 0x00000000ef900000, 0x00000000ef900000|100%| E|CS|TAMS 0x00000000ef800000, 0x00000000ef800000| Complete 
| 249|0x00000000ef900000, 0x00000000efa00000, 0x00000000efa00000|100%| E|CS|TAMS 0x00000000ef900000, 0x00000000ef900000| Complete 
| 250|0x00000000efa00000, 0x00000000efb00000, 0x00000000efb00000|100%| E|CS|TAMS 0x00000000efa00000, 0x00000000efa00000| Complete 
| 251|0x00000000efb00000, 0x00000000efc00000, 0x00000000efc00000|100%| E|CS|TAMS 0x00000000efb00000, 0x00000000efb00000| Complete 
| 252|0x00000000efc00000, 0x00000000efd00000, 0x00000000efd00000|100%| E|CS|TAMS 0x00000000efc00000, 0x00000000efc00000| Complete 
| 253|0x00000000efd00000, 0x00000000efe00000, 0x00000000efe00000|100%| E|CS|TAMS 0x00000000efd00000, 0x00000000efd00000| Complete 
| 254|0x00000000efe00000, 0x00000000eff00000, 0x00000000eff00000|100%| E|CS|TAMS 0x00000000efe00000, 0x00000000efe00000| Complete 
| 255|0x00000000eff00000, 0x00000000f0000000, 0x00000000f0000000|100%| E|CS|TAMS 0x00000000eff00000, 0x00000000eff00000| Complete 

Card table byte_map: [0x00000260575b0000,0x00000260576b0000] _byte_map_base: 0x0000026056eb0000

Marking Bits (Prev, Next): (CMBitMap*) 0x000002603e42b950, (CMBitMap*) 0x000002603e42b918
 Prev Bits: [0x0000026057fb0000, 0x00000260587b0000)
 Next Bits: [0x00000260577b0000, 0x0000026057fb0000)

Polling page: 0x000002603e4f0000

Metaspace:

Usage:
  Non-class:     62.92 MB capacity,    61.37 MB ( 98%) used,     1.28 MB (  2%) free+waste,   266.38 KB ( <1%) overhead. 
      Class:      9.96 MB capacity,     9.07 MB ( 91%) used,   789.67 KB (  8%) free+waste,   125.75 KB (  1%) overhead. 
       Both:     72.88 MB capacity,    70.44 MB ( 97%) used,     2.05 MB (  3%) free+waste,   392.13 KB ( <1%) overhead. 

Virtual space:
  Non-class space:       64.00 MB reserved,      63.12 MB ( 99%) committed 
      Class space:      248.00 MB reserved,      10.00 MB (  4%) committed 
             Both:      312.00 MB reserved,      73.12 MB ( 23%) committed 

Chunk freelists:
   Non-Class:  2.13 KB
       Class:  0 bytes
        Both:  2.13 KB

CodeHeap 'non-profiled nmethods': size=120064Kb used=5200Kb max_used=5200Kb free=114863Kb
 bounds [0x000002604fb70000, 0x0000026050090000, 0x00000260570b0000]
CodeHeap 'profiled nmethods': size=120000Kb used=21329Kb max_used=21329Kb free=98670Kb
 bounds [0x0000026048640000, 0x0000026049b20000, 0x000002604fb70000]
CodeHeap 'non-nmethods': size=5696Kb used=2247Kb max_used=2284Kb free=3448Kb
 bounds [0x00000260480b0000, 0x0000026048320000, 0x0000026048640000]
 total_blobs=10599 nmethods=9752 adapters=757
 compilation: enabled
              stopped_count=0, restarted_count=0
 full_count=0

Compilation events (10 events):
Event: 94.248 Thread 0x000002605abc9800 nmethod 9823 0x0000026050083210 code [0x00000260500833c0, 0x0000026050083cc8]
Event: 94.369 Thread 0x000002605abe9000 9824       3       org.gradle.internal.logging.events.RenderableOutputEvent::<init> (15 bytes)
Event: 94.369 Thread 0x000002605abe9000 nmethod 9824 0x0000026049b12110 code [0x0000026049b122c0, 0x0000026049b125f8]
Event: 94.369 Thread 0x000002605abe9000 9825       3       org.gradle.internal.io.LineBufferingOutputStream::write (59 bytes)
Event: 94.371 Thread 0x000002605abe9000 nmethod 9825 0x0000026049b12710 code [0x0000026049b129c0, 0x0000026049b13798]
Event: 94.371 Thread 0x000002605abe9000 9826       3       org.gradle.internal.io.StreamByteBuffer$StreamByteBufferOutputStream::write (22 bytes)
Event: 94.372 Thread 0x000002605abe9000 nmethod 9826 0x0000026049b13d10 code [0x0000026049b13ee0, 0x0000026049b14168]
Event: 94.715 Thread 0x000002605abe9000 9827       3       org.gradle.internal.operations.CurrentBuildOperationRef::instance (4 bytes)
Event: 94.716 Thread 0x000002605abe9000 nmethod 9827 0x0000026049b14310 code [0x0000026049b144a0, 0x0000026049b14598]
Event: 96.219 Thread 0x000002605abc9800 9828       4       javax.management.ObjectName::construct (1135 bytes)

GC Heap History (10 events):
Event: 28.677 GC heap before
{Heap before GC invocations=12 (full 0):
 garbage-first heap   total 262144K, used 174999K [0x00000000e0000000, 0x0000000100000000)
  region size 1024K, 153 young (156672K), 8 survivors (8192K)
 Metaspace       used 49252K, capacity 50435K, committed 50608K, reserved 299008K
  class space    used 6383K, capacity 6841K, committed 6912K, reserved 253952K
}
Event: 28.776 GC heap after
{Heap after GC invocations=13 (full 0):
 garbage-first heap   total 262144K, used 31639K [0x00000000e0000000, 0x0000000100000000)
  region size 1024K, 17 young (17408K), 17 survivors (17408K)
 Metaspace       used 49252K, capacity 50435K, committed 50608K, reserved 299008K
  class space    used 6383K, capacity 6841K, committed 6912K, reserved 253952K
}
Event: 70.281 GC heap before
{Heap before GC invocations=13 (full 0):
 garbage-first heap   total 262144K, used 159639K [0x00000000e0000000, 0x0000000100000000)
  region size 1024K, 144 young (147456K), 17 survivors (17408K)
 Metaspace       used 57807K, capacity 59859K, committed 60028K, reserved 307200K
  class space    used 7685K, capacity 8448K, committed 8448K, reserved 253952K
}
Event: 70.376 GC heap after
{Heap after GC invocations=14 (full 0):
 garbage-first heap   total 262144K, used 38096K [0x00000000e0000000, 0x0000000100000000)
  region size 1024K, 16 young (16384K), 16 survivors (16384K)
 Metaspace       used 57807K, capacity 59859K, committed 60028K, reserved 307200K
  class space    used 7685K, capacity 8448K, committed 8448K, reserved 253952K
}
Event: 79.347 GC heap before
{Heap before GC invocations=15 (full 0):
 garbage-first heap   total 262144K, used 177360K [0x00000000e0000000, 0x0000000100000000)
  region size 1024K, 153 young (156672K), 16 survivors (16384K)
 Metaspace       used 61871K, capacity 64044K, committed 64380K, reserved 311296K
  class space    used 8089K, capacity 8879K, committed 8960K, reserved 253952K
}
Event: 79.424 GC heap after
{Heap after GC invocations=16 (full 0):
 garbage-first heap   total 262144K, used 42953K [0x00000000e0000000, 0x0000000100000000)
  region size 1024K, 13 young (13312K), 13 survivors (13312K)
 Metaspace       used 61871K, capacity 64044K, committed 64380K, reserved 311296K
  class space    used 8089K, capacity 8879K, committed 8960K, reserved 253952K
}
Event: 87.101 GC heap before
{Heap before GC invocations=16 (full 0):
 garbage-first heap   total 262144K, used 187337K [0x00000000e0000000, 0x0000000100000000)
  region size 1024K, 153 young (156672K), 13 survivors (13312K)
 Metaspace       used 71044K, capacity 73495K, committed 73724K, reserved 319488K
  class space    used 9176K, capacity 10088K, committed 10112K, reserved 253952K
}
Event: 87.174 GC heap after
{Heap after GC invocations=17 (full 0):
 garbage-first heap   total 262144K, used 54272K [0x00000000e0000000, 0x0000000100000000)
  region size 1024K, 15 young (15360K), 15 survivors (15360K)
 Metaspace       used 71044K, capacity 73495K, committed 73724K, reserved 319488K
  class space    used 9176K, capacity 10088K, committed 10112K, reserved 253952K
}
Event: 90.206 GC heap before
{Heap before GC invocations=17 (full 0):
 garbage-first heap   total 262144K, used 196608K [0x00000000e0000000, 0x0000000100000000)
  region size 1024K, 153 young (156672K), 15 survivors (15360K)
 Metaspace       used 71706K, capacity 74128K, committed 74364K, reserved 319488K
  class space    used 9243K, capacity 10181K, committed 10240K, reserved 253952K
}
Event: 90.279 GC heap after
{Heap after GC invocations=18 (full 0):
 garbage-first heap   total 262144K, used 55386K [0x00000000e0000000, 0x0000000100000000)
  region size 1024K, 11 young (11264K), 11 survivors (11264K)
 Metaspace       used 71706K, capacity 74128K, committed 74364K, reserved 319488K
  class space    used 9243K, capacity 10181K, committed 10240K, reserved 253952K
}

Deoptimization events (10 events):
Event: 88.290 Thread 0x000002605d998000 Uncommon trap: reason=unstable_if action=reinterpret pc=0x000002604febc278 method=com.esotericsoftware.kryo.io.Output.writeString(Ljava/lang/CharSequence;)V @ 50 c2
Event: 88.297 Thread 0x000002605f6a8000 Uncommon trap: reason=class_check action=maybe_recompile pc=0x000002604fc50a28 method=java.util.Collections$SetFromMap.remove(Ljava/lang/Object;)Z @ 5 c2
Event: 88.936 Thread 0x000002605f6a8000 Uncommon trap: reason=unstable_if action=reinterpret pc=0x000002604fdda904 method=org.gradle.internal.snapshot.PathUtil.equalChars(CCLorg/gradle/internal/snapshot/CaseSensitivity;)Z @ 40 c2
Event: 89.971 Thread 0x000002605f6a8000 Uncommon trap: reason=unstable_if action=reinterpret pc=0x000002604ff81d2c method=java.util.jar.Manifest$FastInputStream.readLine([BII)I @ 106 c2
Event: 90.415 Thread 0x000002605f6a8000 Uncommon trap: reason=unstable_if action=reinterpret pc=0x00000260500701d4 method=org.gradle.internal.snapshot.VfsRelativePath.compareToFirstSegment(Ljava/lang/String;Lorg/gradle/internal/snapshot/CaseSensitivity;)I @ 134 c2
Event: 90.444 Thread 0x0000026060080800 Uncommon trap: reason=class_check action=maybe_recompile pc=0x000002604ffa9aa4 method=java.util.concurrent.locks.ReentrantReadWriteLock$Sync.tryAcquireShared(I)I @ 33 c2
Event: 90.444 Thread 0x0000026060080800 Uncommon trap: reason=class_check action=maybe_recompile pc=0x000002604ffa9aa4 method=java.util.concurrent.locks.ReentrantReadWriteLock$Sync.tryAcquireShared(I)I @ 33 c2
Event: 90.996 Thread 0x000002605f6a8000 Uncommon trap: reason=unstable_if action=reinterpret pc=0x0000026050046d74 method=org.apache.commons.io.FilenameUtils.doNormalize(Ljava/lang/String;CZ)Ljava/lang/String; @ 226 c2
Event: 90.997 Thread 0x000002605f6a8000 Uncommon trap: reason=unstable_if action=reinterpret pc=0x000002604fe6b6a0 method=java.util.TreeMap.put(Ljava/lang/Object;Ljava/lang/Object;)Ljava/lang/Object; @ 163 c2
Event: 95.432 Thread 0x0000026060080800 Uncommon trap: reason=class_check action=maybe_recompile pc=0x000002604ffa9aa4 method=java.util.concurrent.locks.ReentrantReadWriteLock$Sync.tryAcquireShared(I)I @ 33 c2

Classes redefined (0 events):
No events

Internal exceptions (10 events):
Event: 90.716 Thread 0x000002605f6a8000 Exception <a 'java/io/FileNotFoundException'{0x00000000ecc18ce0}> (0x00000000ecc18ce0) thrown at [./open/src/hotspot/share/prims/jni.cpp, line 611]
Event: 90.716 Thread 0x000002605f6a8000 Exception <a 'java/io/FileNotFoundException'{0x00000000ecc1af60}> (0x00000000ecc1af60) thrown at [./open/src/hotspot/share/prims/jni.cpp, line 611]
Event: 91.008 Thread 0x000002605f6a8000 Exception <a 'java/io/FileNotFoundException'{0x00000000ea056c00}> (0x00000000ea056c00) thrown at [./open/src/hotspot/share/prims/jni.cpp, line 611]
Event: 91.009 Thread 0x000002605f6a8000 Exception <a 'java/io/FileNotFoundException'{0x00000000ea059460}> (0x00000000ea059460) thrown at [./open/src/hotspot/share/prims/jni.cpp, line 611]
Event: 91.313 Thread 0x000002605e29d000 Exception <a 'java/lang/NoSuchMethodError'{0x00000000e7293860}: java.lang.invoke.DirectMethodHandle$Holder.invokeStatic(Ljava/lang/Object;J)V> (0x00000000e7293860) thrown at [./open/src/hotspot/share/interpreter/linkResolver.cpp, line 772]
Event: 91.314 Thread 0x000002605e29d000 Exception <a 'java/lang/NoSuchMethodError'{0x00000000e7298688}: java.lang.invoke.DirectMethodHandle$Holder.invokeStatic(Ljava/lang/Object;J)Ljava/lang/Object;> (0x00000000e7298688) thrown at [./open/src/hotspot/share/interpreter/linkResolver.cpp, line 772
Event: 91.315 Thread 0x000002605e29d000 Exception <a 'java/lang/NoSuchMethodError'{0x00000000e729b9b0}: java.lang.invoke.DirectMethodHandle$Holder.invokeSpecial(Ljava/lang/Object;Ljava/lang/Object;J)Ljava/lang/Object;> (0x00000000e729b9b0) thrown at [./open/src/hotspot/share/interpreter/linkRes
Event: 91.315 Thread 0x000002605e29d000 Exception <a 'java/lang/NoSuchMethodError'{0x00000000e729e718}: java.lang.invoke.Invokers$Holder.linkToTargetMethod(JLjava/lang/Object;)Ljava/lang/Object;> (0x00000000e729e718) thrown at [./open/src/hotspot/share/interpreter/linkResolver.cpp, line 772]
Event: 91.318 Thread 0x000002605e29d000 Exception <a 'java/lang/NoSuchMethodError'{0x00000000e72a37f8}: java.lang.invoke.DirectMethodHandle$Holder.invokeStatic(Ljava/lang/Object;Ljava/lang/Object;JLjava/lang/Object;)Ljava/lang/Object;> (0x00000000e72a37f8) thrown at [./open/src/hotspot/share/in
Event: 91.321 Thread 0x000002605e29d000 Exception <a 'java/lang/NoSuchMethodError'{0x00000000e72a6b18}: java.lang.invoke.DirectMethodHandle$Holder.invokeStaticInit(Ljava/lang/Object;Ljava/lang/Object;JLjava/lang/Object;)Ljava/lang/Object;> (0x00000000e72a6b18) thrown at [./open/src/hotspot/shar

Events (10 events):
Event: 91.322 Executing VM operation: Deoptimize
Event: 91.323 Executing VM operation: Deoptimize done
Event: 91.326 loading class org/gradle/process/internal/streams/ExecOutputHandleRunner
Event: 91.326 loading class org/gradle/process/internal/streams/ExecOutputHandleRunner done
Event: 91.328 Thread 0x000002605e2a1000 Thread added: 0x000002605e2a1000
Event: 91.329 Thread 0x000002605e2a3800 Thread added: 0x000002605e2a3800
Event: 94.560 Thread 0x000002606007d000 Thread exited: 0x000002606007d000
Event: 95.432 Thread 0x0000026060080800 Uncommon trap: trap_request=0xffffffde fr.pc=0x000002604ffa9aa4 relative=0x0000000000000184
Event: 95.432 Thread 0x0000026060080800 DEOPT PACKING pc=0x000002604ffa9aa4 sp=0x0000007fa17fecc0
Event: 95.432 Thread 0x0000026060080800 DEOPT UNPACKING pc=0x00000260480d62a9 sp=0x0000007fa17fec60 mode 2


Dynamic libraries:
0x00007ff602100000 - 0x00007ff60210f000 	C:\Program Files\Java\jdk-11.0.12\bin\java.exe
0x00007ff804a70000 - 0x00007ff804c68000 	C:\WINDOWS\SYSTEM32\ntdll.dll
0x00007ff8042f0000 - 0x00007ff8043af000 	C:\WINDOWS\System32\KERNEL32.DLL
0x00007ff8025a0000 - 0x00007ff802872000 	C:\WINDOWS\System32\KERNELBASE.dll
0x00007ff802340000 - 0x00007ff802440000 	C:\WINDOWS\System32\ucrtbase.dll
0x00007ffffacc0000 - 0x00007ffffacd8000 	C:\Program Files\Java\jdk-11.0.12\bin\jli.dll
0x00007ff802ac0000 - 0x00007ff802b6e000 	C:\WINDOWS\System32\ADVAPI32.dll
0x00007ff8033f0000 - 0x00007ff80348e000 	C:\WINDOWS\System32\msvcrt.dll
0x00007ff804790000 - 0x00007ff80482c000 	C:\WINDOWS\System32\sechost.dll
0x00007ff804150000 - 0x00007ff804274000 	C:\WINDOWS\System32\RPCRT4.dll
0x00007ff803490000 - 0x00007ff803631000 	C:\WINDOWS\System32\USER32.dll
0x00007ff802a90000 - 0x00007ff802ab2000 	C:\WINDOWS\System32\win32u.dll
0x00007ff8046e0000 - 0x00007ff80470b000 	C:\WINDOWS\System32\GDI32.dll
0x00007ff802230000 - 0x00007ff80233f000 	C:\WINDOWS\System32\gdi32full.dll
0x00007ff802440000 - 0x00007ff8024dd000 	C:\WINDOWS\System32\msvcp_win.dll
0x00007ffffa770000 - 0x00007ffffa785000 	C:\Program Files\Java\jdk-11.0.12\bin\VCRUNTIME140.dll
0x00007ffff3490000 - 0x00007ffff372a000 	C:\WINDOWS\WinSxS\amd64_microsoft.windows.common-controls_6595b64144ccf1df_6.0.19041.1110_none_60b5254171f9507e\COMCTL32.dll
0x00007ffff38a0000 - 0x00007ffff38aa000 	C:\WINDOWS\SYSTEM32\VERSION.dll
0x00007ff802dc0000 - 0x00007ff802df0000 	C:\WINDOWS\System32\IMM32.DLL
0x00007fffd5cb0000 - 0x00007fffd5d4b000 	C:\Program Files\Java\jdk-11.0.12\bin\msvcp140.dll
0x00007fffbfaa0000 - 0x00007fffc059f000 	C:\Program Files\Java\jdk-11.0.12\bin\server\jvm.dll
0x00007ff804950000 - 0x00007ff804958000 	C:\WINDOWS\System32\PSAPI.DLL
0x00007ffffa7d0000 - 0x00007ffffa7d9000 	C:\WINDOWS\SYSTEM32\WSOCK32.dll
0x00007ff804280000 - 0x00007ff8042eb000 	C:\WINDOWS\System32\WS2_32.dll
0x00007fffe6d00000 - 0x00007fffe6d27000 	C:\WINDOWS\SYSTEM32\WINMM.dll
0x00007ff800030000 - 0x00007ff800042000 	C:\WINDOWS\SYSTEM32\kernel.appcore.dll
0x00007ffffdb90000 - 0x00007ffffdba0000 	C:\Program Files\Java\jdk-11.0.12\bin\verify.dll
0x00007fffee810000 - 0x00007fffee9f4000 	C:\WINDOWS\SYSTEM32\DBGHELP.DLL
0x00007fffedb90000 - 0x00007fffedbc5000 	C:\WINDOWS\SYSTEM32\dbgcore.DLL
0x00007ff802170000 - 0x00007ff8021f2000 	C:\WINDOWS\System32\bcryptPrimitives.dll
0x00007ffff6f40000 - 0x00007ffff6f68000 	C:\Program Files\Java\jdk-11.0.12\bin\java.dll
0x00007ffffb250000 - 0x00007ffffb25a000 	C:\Program Files\Java\jdk-11.0.12\bin\jimage.dll
0x00007ffffa720000 - 0x00007ffffa736000 	C:\Program Files\Java\jdk-11.0.12\bin\zip.dll
0x00007ff8036a0000 - 0x00007ff803de5000 	C:\WINDOWS\System32\SHELL32.dll
0x00007ff800230000 - 0x00007ff8009c2000 	C:\WINDOWS\SYSTEM32\windows.storage.dll
0x00007ff803df0000 - 0x00007ff804145000 	C:\WINDOWS\System32\combase.dll
0x00007ff801af0000 - 0x00007ff801b20000 	C:\WINDOWS\SYSTEM32\Wldp.dll
0x00007ff802bd0000 - 0x00007ff802c7d000 	C:\WINDOWS\System32\SHCORE.dll
0x00007ff802b70000 - 0x00007ff802bc5000 	C:\WINDOWS\System32\shlwapi.dll
0x00007ff8020b0000 - 0x00007ff8020cf000 	C:\WINDOWS\SYSTEM32\profapi.dll
0x00007ffff2b30000 - 0x00007ffff2b49000 	C:\Program Files\Java\jdk-11.0.12\bin\net.dll
0x00007ffff72b0000 - 0x00007ffff73ba000 	C:\WINDOWS\SYSTEM32\WINHTTP.dll
0x00007ff801850000 - 0x00007ff8018ba000 	C:\WINDOWS\system32\mswsock.dll
0x00007fffef5c0000 - 0x00007fffef5d2000 	C:\Program Files\Java\jdk-11.0.12\bin\nio.dll
0x00007ffffdc40000 - 0x00007ffffdc67000 	C:\Users\EXEQUIEL\.gradle\native\68d5fa5c4cc2d200863cafc0d521ce42e7d3e7ee720ec0a83991735586a16f82\windows-amd64\native-platform.dll
0x00007fffe1cb0000 - 0x00007fffe1df4000 	C:\Users\EXEQUIEL\.gradle\native\e376f236ea51e6404a007f0833ffe2c6e607c4080706a723a18a27aeea778392\windows-amd64\native-platform-file-events.dll
0x00007ffffdc30000 - 0x00007ffffdc39000 	C:\Program Files\Java\jdk-11.0.12\bin\management.dll
0x00007ffffdbf0000 - 0x00007ffffdbfb000 	C:\Program Files\Java\jdk-11.0.12\bin\management_ext.dll
0x00007ff801a40000 - 0x00007ff801a58000 	C:\WINDOWS\SYSTEM32\CRYPTSP.dll
0x00007ff801170000 - 0x00007ff8011a4000 	C:\WINDOWS\system32\rsaenh.dll
0x00007ff802200000 - 0x00007ff802227000 	C:\WINDOWS\System32\bcrypt.dll
0x00007ff802070000 - 0x00007ff80209e000 	C:\WINDOWS\SYSTEM32\USERENV.dll
0x00007ff801a60000 - 0x00007ff801a6c000 	C:\WINDOWS\SYSTEM32\CRYPTBASE.dll
0x00007ff801540000 - 0x00007ff80157b000 	C:\WINDOWS\SYSTEM32\IPHLPAPI.DLL
0x00007ff8043c0000 - 0x00007ff8043c8000 	C:\WINDOWS\System32\NSI.dll
0x00007ffff46f0000 - 0x00007ffff4707000 	C:\WINDOWS\SYSTEM32\dhcpcsvc6.DLL
0x00007ffff4c40000 - 0x00007ffff4c5d000 	C:\WINDOWS\SYSTEM32\dhcpcsvc.DLL
0x00007ff801580000 - 0x00007ff80164b000 	C:\WINDOWS\SYSTEM32\DNSAPI.dll

dbghelp: loaded successfully - version: 4.0.5 - missing functions: none
symbol engine: initialized successfully - sym options: 0x614 - pdb path: .;C:\Program Files\Java\jdk-11.0.12\bin;C:\WINDOWS\SYSTEM32;C:\WINDOWS\WinSxS\amd64_microsoft.windows.common-controls_6595b64144ccf1df_6.0.19041.1110_none_60b5254171f9507e;C:\Program Files\Java\jdk-11.0.12\bin\server;C:\Users\EXEQUIEL\.gradle\native\68d5fa5c4cc2d200863cafc0d521ce42e7d3e7ee720ec0a83991735586a16f82\windows-amd64;C:\Users\EXEQUIEL\.gradle\native\e376f236ea51e6404a007f0833ffe2c6e607c4080706a723a18a27aeea778392\windows-amd64

VM Arguments:
jvm_args: --add-opens=java.base/java.util=ALL-UNNAMED --add-opens=java.base/java.lang=ALL-UNNAMED --add-opens=java.base/java.lang.invoke=ALL-UNNAMED --add-opens=java.prefs/java.util.prefs=ALL-UNNAMED --add-opens=java.base/java.nio.charset=ALL-UNNAMED --add-opens=java.base/java.net=ALL-UNNAMED --add-opens=java.base/java.util.concurrent.atomic=ALL-UNNAMED -XX:MaxMetaspaceSize=256m -XX:+HeapDumpOnOutOfMemoryError -Xms256m -Xmx512m -Dfile.encoding=windows-1252 -Duser.country=AR -Duser.language=es -Duser.variant 
java_command: org.gradle.launcher.daemon.bootstrap.GradleDaemon 7.6.1
java_class_path (initial): C:\Users\EXEQUIEL\.gradle\wrapper\dists\gradle-7.6.1-bin\2clxi94ab3brv6467628wnxmd\gradle-7.6.1\lib\gradle-launcher-7.6.1.jar
Launcher Type: SUN_STANDARD

[Global flags]
     intx CICompilerCount                          = 2                                         {product} {ergonomic}
   size_t CompressedClassSpaceSize                 = 260046848                                 {product} {ergonomic}
     uint ConcGCThreads                            = 1                                         {product} {ergonomic}
     uint G1ConcRefinementThreads                  = 2                                         {product} {ergonomic}
   size_t G1HeapRegionSize                         = 1048576                                   {product} {ergonomic}
    uintx GCDrainStackTargetSize                   = 64                                        {product} {ergonomic}
     bool HeapDumpOnOutOfMemoryError               = true                                   {manageable} {command line}
   size_t InitialHeapSize                          = 268435456                                 {product} {command line}
   size_t MarkStackSize                            = 4194304                                   {product} {ergonomic}
   size_t MaxHeapSize                              = 536870912                                 {product} {command line}
   size_t MaxMetaspaceSize                         = 268435456                                 {product} {command line}
   size_t MaxNewSize                               = 321912832                                 {product} {ergonomic}
   size_t MinHeapDeltaBytes                        = 1048576                                   {product} {ergonomic}
    uintx NonNMethodCodeHeapSize                   = 5825164                                {pd product} {ergonomic}
    uintx NonProfiledCodeHeapSize                  = 122916538                              {pd product} {ergonomic}
    uintx ProfiledCodeHeapSize                     = 122916538                              {pd product} {ergonomic}
    uintx ReservedCodeCacheSize                    = 251658240                              {pd product} {ergonomic}
     bool SegmentedCodeCache                       = true                                      {product} {ergonomic}
     bool UseCompressedClassPointers               = true                                 {lp64_product} {ergonomic}
     bool UseCompressedOops                        = true                                 {lp64_product} {ergonomic}
     bool UseG1GC                                  = true                                      {product} {ergonomic}
     bool UseLargePagesIndividualAllocation        = false                                  {pd product} {ergonomic}

Logging:
Log output configuration:
 #0: stdout all=warning uptime,level,tags
 #1: stderr all=off uptime,level,tags

Environment Variables:
PATH=C:\Program Files\Java\jdk-11.0.12\bin;C:\Program Files\Common Files\Oracle\Java\javapath;C:\WINDOWS\system32;C:\WINDOWS;C:\WINDOWS\System32\Wbem;C:\WINDOWS\System32\WindowsPowerShell\v1.0\;C:\WINDOWS\System32\OpenSSH\;C:\Program Files (x86)\Common Files\Propellerhead Software\ReWire\;C:\Program Files\Common Files\Propellerhead Software\ReWire\;C:\Program Files\dotnet\;C:\Program Files\nodejs\;C:\Program Files\Git\cmd;C:\Users\EXEQUIEL\AppData\Local\Microsoft\WindowsApps;C:\Users\EXEQUIEL\.dotnet\tools;C:\Users\EXEQUIEL\AppData\Local\Programs\Microsoft VS Code\bin;C:\Users\EXEQUIEL\AppData\Roaming\npm
USERNAME=Ezequiel
OS=Windows_NT
PROCESSOR_IDENTIFIER=Intel64 Family 6 Model 58 Stepping 9, GenuineIntel



---------------  S Y S T E M  ---------------

OS: Windows 10 , 64 bit Build 19041 (10.0.19041.2546)

CPU:total 2 (initial active 2) (2 cores per cpu, 1 threads per core) family 6 model 58 stepping 9 microcode 0x21, cmov, cx8, fxsr, mmx, sse, sse2, sse3, ssse3, sse4.1, sse4.2, popcnt, clmul, erms, tsc, tscinvbit, tscinv

Memory: 4k page, system-wide physical 3972M (304M free)
TotalPageFile size 6756M (AvailPageFile size 3M)
current process WorkingSet (physical memory assigned to process): 383M, peak: 425M
current process commit charge ("private bytes"): 470M, peak: 495M

vm_info: Java HotSpot(TM) 64-Bit Server VM (11.0.12+8-LTS-237) for windows-amd64 JRE (11.0.12+8-LTS-237), built on Jun  8 2021 11:25:59 by "mach5one" with MS VC++ 15.9 (VS2017)

END.
