#
# There is insufficient memory for the Java Runtime Environment to continue.
# Native memory allocation (mmap) failed to map 13631488 bytes for Failed to commit area from 0x00000000c5e00000 to 0x00000000c6b00000 of length 13631488.
# Possible reasons:
#   The system is out of physical RAM or swap space
#   The process is running with CompressedOops enabled, and the Java Heap may be blocking the growth of the native heap
# Possible solutions:
#   Reduce memory load on the system
#   Increase physical memory or swap space
#   Check if swap backing store is full
#   Decrease Java heap size (-Xmx/-Xms)
#   Decrease number of Java threads
#   Decrease Java thread stack sizes (-Xss)
#   Set larger code cache with -XX:ReservedCodeCacheSize=
#   JVM is running with Unscaled Compressed Oops mode in which the Java heap is
#     placed in the first 4GB address space. The Java Heap base address is the
#     maximum limit for the native heap growth. Please use -XX:HeapBaseMinAddress
#     to set the Java Heap base and to place the Java Heap above 4GB virtual address.
# This output file may be truncated or incomplete.
#
#  Out of Memory Error (./open/src/hotspot/os/windows/os_windows.cpp:3273), pid=3152, tid=7360
#
# JRE version: Java(TM) SE Runtime Environment 18.9 (11.0.12+8) (build 11.0.12+8-LTS-237)
# Java VM: Java HotSpot(TM) 64-Bit Server VM 18.9 (11.0.12+8-LTS-237, mixed mode, tiered, compressed oops, g1 gc, windows-amd64)
# No core dump will be written. Minidumps are not enabled by default on client versions of Windows
#

---------------  S U M M A R Y ------------

Command Line: -Xverify:none -XX:TieredStopAtLevel=1 -Dfile.encoding=windows-1252 -Duser.country=AR -Duser.language=es -Duser.variant com.mindhub.homebanking.HomeBankingApplication

Host: Intel(R) Celeron(R) CPU 1007U @ 1.50GHz, 2 cores, 3G,  Windows 10 , 64 bit Build 19041 (10.0.19041.2546)
Time: Tue Apr 11 15:27:21 2023 Hora estándar de Argentina elapsed time: 3.878689 seconds (0d 0h 0m 3s)

---------------  T H R E A D  ---------------

Current thread (0x00000199fd5ce000):  VMThread "VM Thread" [stack: 0x000000995b500000,0x000000995b600000] [id=7360]

Stack: [0x000000995b500000,0x000000995b600000]
[error occurred during error reporting (printing stack bounds), id 0xc0000005, EXCEPTION_ACCESS_VIOLATION (0xc0000005) at pc=0x00000199e9840f3d]

Native frames: (J=compiled Java code, j=interpreted, Vv=VM code, C=native code)
V  [jvm.dll+0x617d9a]
V  [jvm.dll+0x74eeef]
V  [jvm.dll+0x750599]
V  [jvm.dll+0x750b85]
V  [jvm.dll+0x750b3b]
V  [jvm.dll+0x6175d3]
V  [jvm.dll+0x617998]
C  [ntdll.dll+0xa241f]
C  [ntdll.dll+0x514a4]
C  [ntdll.dll+0xa0f4e]
C  0x00000199e9840f3d

VM_Operation (0x000000995c0fd810): G1CollectForAllocation, mode: safepoint, requested by thread 0x00000199fe1d1800


---------------  P R O C E S S  ---------------

Threads class SMR info:
_java_thread_list=0x00000199fe134db0, length=10, elements={
0x00000199e1385000, 0x00000199fd5cf800, 0x00000199fd5d0800, 0x00000199fd631800,
0x00000199fd633000, 0x00000199fd636000, 0x00000199fd638000, 0x00000199fd63b000,
0x00000199fd88a800, 0x00000199fe1d1800
}

Java Threads: ( => current thread )
  0x00000199e1385000 JavaThread "main" [_thread_blocked, id=6256, stack(0x000000995af00000,0x000000995b000000)]
  0x00000199fd5cf800 JavaThread "Reference Handler" daemon [_thread_blocked, id=4048, stack(0x000000995b600000,0x000000995b700000)]
  0x00000199fd5d0800 JavaThread "Finalizer" daemon [_thread_blocked, id=6800, stack(0x000000995b700000,0x000000995b800000)]
  0x00000199fd631800 JavaThread "Signal Dispatcher" daemon [_thread_blocked, id=2492, stack(0x000000995b800000,0x000000995b900000)]
  0x00000199fd633000 JavaThread "Attach Listener" daemon [_thread_blocked, id=3400, stack(0x000000995b900000,0x000000995ba00000)]
  0x00000199fd636000 JavaThread "Service Thread" daemon [_thread_blocked, id=2928, stack(0x000000995ba00000,0x000000995bb00000)]
  0x00000199fd638000 JavaThread "C1 CompilerThread0" daemon [_thread_blocked, id=3744, stack(0x000000995bb00000,0x000000995bc00000)]
  0x00000199fd63b000 JavaThread "Sweeper thread" daemon [_thread_blocked, id=6740, stack(0x000000995bc00000,0x000000995bd00000)]
  0x00000199fd88a800 JavaThread "Common-Cleaner" daemon [_thread_blocked, id=6228, stack(0x000000995be00000,0x000000995bf00000)]
  0x00000199fe1d1800 JavaThread "background-preinit" [_thread_blocked, id=7536, stack(0x000000995c000000,0x000000995c100000)]

Other Threads:
=>0x00000199fd5ce000 VMThread "VM Thread" [stack: 0x000000995b500000,0x000000995b600000] [id=7360]
  0x00000199fd889800 WatcherThread [stack: 0x000000995bd00000,0x000000995be00000] [id=3540]
  0x00000199e139a800 GCTaskThread "GC Thread#0" [stack: 0x000000995b000000,0x000000995b100000] [id=1332]
  0x00000199fd8d8000 GCTaskThread "GC Thread#1" [stack: 0x000000995bf00000,0x000000995c000000] [id=9828]
  0x00000199e13b3800 ConcurrentGCThread "G1 Main Marker" [stack: 0x000000995b100000,0x000000995b200000] [id=7648]
  0x00000199e13b7000 ConcurrentGCThread "G1 Conc#0" [stack: 0x000000995b200000,0x000000995b300000] [id=9612]
  0x00000199e1404000 ConcurrentGCThread "G1 Refine#0" [stack: 0x000000995b300000,0x000000995b400000] [id=8932]
  0x00000199e1405000 ConcurrentGCThread "G1 Young RemSet Sampling" [stack: 0x000000995b400000,0x000000995b500000] [id=5752]

Threads with active compile tasks:

VM state:at safepoint (normal execution)

VM Mutex/Monitor currently owned by a thread:  ([mutex/lock_event])
[0x00000199e1380fc0] Threads_lock - owner thread: 0x00000199fd5ce000
[0x00000199e13806c0] Heap_lock - owner thread: 0x00000199fe1d1800

Heap address: 0x00000000c1e00000, size: 994 MB, Compressed Oops mode: 32-bit
Narrow klass base: 0x0000000000000000, Narrow klass shift: 3
Compressed class space size: 1073741824 Address: 0x0000000100000000

Heap:
 garbage-first heap   total 78848K, used 7946K [0x00000000c1e00000, 0x0000000100000000)
  region size 1024K, 3 young (3072K), 3 survivors (3072K)
 Metaspace       used 17894K, capacity 18416K, committed 18688K, reserved 1064960K
  class space    used 2025K, capacity 2244K, committed 2304K, reserved 1048576K
Heap Regions: E=young(eden), S=young(survivor), O=old, HS=humongous(starts), HC=humongous(continues), CS=collection set, F=free, A=archive, TAMS=top-at-mark-start (previous, next)
|   0|0x00000000c1e00000, 0x00000000c1f00000, 0x00000000c1f00000|100%|HS|  |TAMS 0x00000000c1e00000, 0x00000000c1e00000| Complete 
|   1|0x00000000c1f00000, 0x00000000c2000000, 0x00000000c2000000|100%| O|  |TAMS 0x00000000c1f00000, 0x00000000c1f00000| Untracked 
|   2|0x00000000c2000000, 0x00000000c2100000, 0x00000000c2100000|100%| O|  |TAMS 0x00000000c2000000, 0x00000000c2000000| Untracked 
|   3|0x00000000c2100000, 0x00000000c2200000, 0x00000000c2200000|100%| O|  |TAMS 0x00000000c2100000, 0x00000000c2100000| Untracked 
|   4|0x00000000c2200000, 0x00000000c2300000, 0x00000000c2300000|100%| O|  |TAMS 0x00000000c2200000, 0x00000000c2200000| Untracked 
|   5|0x00000000c2300000, 0x00000000c2328400, 0x00000000c2400000| 15%| O|  |TAMS 0x00000000c2300000, 0x00000000c2300000| Untracked 
|   6|0x00000000c2400000, 0x00000000c2400000, 0x00000000c2500000|  0%| F|  |TAMS 0x00000000c2400000, 0x00000000c2400000| Untracked 
|   7|0x00000000c2500000, 0x00000000c2500000, 0x00000000c2600000|  0%| F|  |TAMS 0x00000000c2500000, 0x00000000c2500000| Untracked 
|   8|0x00000000c2600000, 0x00000000c2600000, 0x00000000c2700000|  0%| F|  |TAMS 0x00000000c2600000, 0x00000000c2600000| Untracked 
|   9|0x00000000c2700000, 0x00000000c2700000, 0x00000000c2800000|  0%| F|  |TAMS 0x00000000c2700000, 0x00000000c2700000| Untracked 
|  10|0x00000000c2800000, 0x00000000c2800000, 0x00000000c2900000|  0%| F|  |TAMS 0x00000000c2800000, 0x00000000c2800000| Untracked 
|  11|0x00000000c2900000, 0x00000000c2900000, 0x00000000c2a00000|  0%| F|  |TAMS 0x00000000c2900000, 0x00000000c2900000| Untracked 
|  12|0x00000000c2a00000, 0x00000000c2a00000, 0x00000000c2b00000|  0%| F|  |TAMS 0x00000000c2a00000, 0x00000000c2a00000| Untracked 
|  13|0x00000000c2b00000, 0x00000000c2b00000, 0x00000000c2c00000|  0%| F|  |TAMS 0x00000000c2b00000, 0x00000000c2b00000| Untracked 
|  14|0x00000000c2c00000, 0x00000000c2c00000, 0x00000000c2d00000|  0%| F|  |TAMS 0x00000000c2c00000, 0x00000000c2c00000| Untracked 
|  15|0x00000000c2d00000, 0x00000000c2d00000, 0x00000000c2e00000|  0%| F|  |TAMS 0x00000000c2d00000, 0x00000000c2d00000| Untracked 
|  16|0x00000000c2e00000, 0x00000000c2e00000, 0x00000000c2f00000|  0%| F|  |TAMS 0x00000000c2e00000, 0x00000000c2e00000| Untracked 
|  17|0x00000000c2f00000, 0x00000000c2f00000, 0x00000000c3000000|  0%| F|  |TAMS 0x00000000c2f00000, 0x00000000c2f00000| Untracked 
|  18|0x00000000c3000000, 0x00000000c3000000, 0x00000000c3100000|  0%| F|  |TAMS 0x00000000c3000000, 0x00000000c3000000| Untracked 
|  19|0x00000000c3100000, 0x00000000c3100000, 0x00000000c3200000|  0%| F|  |TAMS 0x00000000c3100000, 0x00000000c3100000| Untracked 
|  20|0x00000000c3200000, 0x00000000c3200000, 0x00000000c3300000|  0%| F|  |TAMS 0x00000000c3200000, 0x00000000c3200000| Untracked 
|  21|0x00000000c3300000, 0x00000000c3300000, 0x00000000c3400000|  0%| F|  |TAMS 0x00000000c3300000, 0x00000000c3300000| Untracked 
|  22|0x00000000c3400000, 0x00000000c3400000, 0x00000000c3500000|  0%| F|  |TAMS 0x00000000c3400000, 0x00000000c3400000| Untracked 
|  23|0x00000000c3500000, 0x00000000c3500000, 0x00000000c3600000|  0%| F|  |TAMS 0x00000000c3500000, 0x00000000c3500000| Untracked 
|  24|0x00000000c3600000, 0x00000000c3600000, 0x00000000c3700000|  0%| F|  |TAMS 0x00000000c3600000, 0x00000000c3600000| Untracked 
|  25|0x00000000c3700000, 0x00000000c3700000, 0x00000000c3800000|  0%| F|  |TAMS 0x00000000c3700000, 0x00000000c3700000| Untracked 
|  26|0x00000000c3800000, 0x00000000c3800000, 0x00000000c3900000|  0%| F|  |TAMS 0x00000000c3800000, 0x00000000c3800000| Untracked 
|  27|0x00000000c3900000, 0x00000000c3900000, 0x00000000c3a00000|  0%| F|  |TAMS 0x00000000c3900000, 0x00000000c3900000| Untracked 
|  28|0x00000000c3a00000, 0x00000000c3a00000, 0x00000000c3b00000|  0%| F|  |TAMS 0x00000000c3a00000, 0x00000000c3a00000| Untracked 
|  29|0x00000000c3b00000, 0x00000000c3b00000, 0x00000000c3c00000|  0%| F|  |TAMS 0x00000000c3b00000, 0x00000000c3b00000| Untracked 
|  30|0x00000000c3c00000, 0x00000000c3c00000, 0x00000000c3d00000|  0%| F|  |TAMS 0x00000000c3c00000, 0x00000000c3c00000| Untracked 
|  31|0x00000000c3d00000, 0x00000000c3d00000, 0x00000000c3e00000|  0%| F|  |TAMS 0x00000000c3d00000, 0x00000000c3d00000| Untracked 
|  32|0x00000000c3e00000, 0x00000000c3e00000, 0x00000000c3f00000|  0%| F|  |TAMS 0x00000000c3e00000, 0x00000000c3e00000| Untracked 
|  33|0x00000000c3f00000, 0x00000000c3f00000, 0x00000000c4000000|  0%| F|  |TAMS 0x00000000c3f00000, 0x00000000c3f00000| Untracked 
|  34|0x00000000c4000000, 0x00000000c4000000, 0x00000000c4100000|  0%| F|  |TAMS 0x00000000c4000000, 0x00000000c4000000| Untracked 
|  35|0x00000000c4100000, 0x00000000c419a6c0, 0x00000000c4200000| 60%| S|CS|TAMS 0x00000000c4100000, 0x00000000c4100000| Complete 
|  36|0x00000000c4200000, 0x00000000c4300000, 0x00000000c4300000|100%| S|CS|TAMS 0x00000000c4200000, 0x00000000c4200000| Complete 
|  37|0x00000000c4300000, 0x00000000c4400000, 0x00000000c4400000|100%| S|CS|TAMS 0x00000000c4300000, 0x00000000c4300000| Complete 
|  38|0x00000000c4400000, 0x00000000c4400000, 0x00000000c4500000|  0%| F|  |TAMS 0x00000000c4400000, 0x00000000c4400000| Untracked 
|  39|0x00000000c4500000, 0x00000000c4500000, 0x00000000c4600000|  0%| F|  |TAMS 0x00000000c4500000, 0x00000000c4500000| Untracked 
|  40|0x00000000c4600000, 0x00000000c4600000, 0x00000000c4700000|  0%| F|  |TAMS 0x00000000c4600000, 0x00000000c4600000| Untracked 
|  41|0x00000000c4700000, 0x00000000c4700000, 0x00000000c4800000|  0%| F|  |TAMS 0x00000000c4700000, 0x00000000c4700000| Untracked 
|  42|0x00000000c4800000, 0x00000000c4800000, 0x00000000c4900000|  0%| F|  |TAMS 0x00000000c4800000, 0x00000000c4800000| Untracked 
|  43|0x00000000c4900000, 0x00000000c4900000, 0x00000000c4a00000|  0%| F|  |TAMS 0x00000000c4900000, 0x00000000c4900000| Untracked 
|  44|0x00000000c4a00000, 0x00000000c4a00000, 0x00000000c4b00000|  0%| F|  |TAMS 0x00000000c4a00000, 0x00000000c4a00000| Untracked 
|  45|0x00000000c4b00000, 0x00000000c4b00000, 0x00000000c4c00000|  0%| F|  |TAMS 0x00000000c4b00000, 0x00000000c4b00000| Untracked 
|  46|0x00000000c4c00000, 0x00000000c4c00000, 0x00000000c4d00000|  0%| F|  |TAMS 0x00000000c4c00000, 0x00000000c4c00000| Untracked 
|  47|0x00000000c4d00000, 0x00000000c4d00000, 0x00000000c4e00000|  0%| F|  |TAMS 0x00000000c4d00000, 0x00000000c4d00000| Untracked 
|  48|0x00000000c4e00000, 0x00000000c4e00000, 0x00000000c4f00000|  0%| F|  |TAMS 0x00000000c4e00000, 0x00000000c4e00000| Untracked 
|  49|0x00000000c4f00000, 0x00000000c4f00000, 0x00000000c5000000|  0%| F|  |TAMS 0x00000000c4f00000, 0x00000000c4f00000| Untracked 
|  50|0x00000000c5000000, 0x00000000c5000000, 0x00000000c5100000|  0%| F|  |TAMS 0x00000000c5000000, 0x00000000c5000000| Untracked 
|  51|0x00000000c5100000, 0x00000000c5100000, 0x00000000c5200000|  0%| F|  |TAMS 0x00000000c5100000, 0x00000000c5100000| Untracked 
|  52|0x00000000c5200000, 0x00000000c5200000, 0x00000000c5300000|  0%| F|  |TAMS 0x00000000c5200000, 0x00000000c5200000| Untracked 
|  53|0x00000000c5300000, 0x00000000c5300000, 0x00000000c5400000|  0%| F|  |TAMS 0x00000000c5300000, 0x00000000c5300000| Untracked 
|  54|0x00000000c5400000, 0x00000000c5400000, 0x00000000c5500000|  0%| F|  |TAMS 0x00000000c5400000, 0x00000000c5400000| Untracked 
|  55|0x00000000c5500000, 0x00000000c5500000, 0x00000000c5600000|  0%| F|  |TAMS 0x00000000c5500000, 0x00000000c5500000| Untracked 
|  56|0x00000000c5600000, 0x00000000c5600000, 0x00000000c5700000|  0%| F|  |TAMS 0x00000000c5600000, 0x00000000c5600000| Untracked 
|  57|0x00000000c5700000, 0x00000000c5700000, 0x00000000c5800000|  0%| F|  |TAMS 0x00000000c5700000, 0x00000000c5700000| Untracked 
|  58|0x00000000c5800000, 0x00000000c5800000, 0x00000000c5900000|  0%| F|  |TAMS 0x00000000c5800000, 0x00000000c5800000| Untracked 
|  59|0x00000000c5900000, 0x00000000c5900000, 0x00000000c5a00000|  0%| F|  |TAMS 0x00000000c5900000, 0x00000000c5900000| Untracked 
|  60|0x00000000c5a00000, 0x00000000c5a00000, 0x00000000c5b00000|  0%| F|  |TAMS 0x00000000c5a00000, 0x00000000c5a00000| Untracked 
|  61|0x00000000c5b00000, 0x00000000c5b00000, 0x00000000c5c00000|  0%| F|  |TAMS 0x00000000c5b00000, 0x00000000c5b00000| Untracked 
|  62|0x00000000c5c00000, 0x00000000c5c00000, 0x00000000c5d00000|  0%| F|  |TAMS 0x00000000c5c00000, 0x00000000c5c00000| Untracked 
|  63|0x00000000c5d00000, 0x00000000c5d00000, 0x00000000c5e00000|  0%| F|  |TAMS 0x00000000c5d00000, 0x00000000c5d00000| Untracked 

Card table byte_map: [0x00000199f8840000,0x00000199f8a40000] _byte_map_base: 0x00000199f8231000

Marking Bits (Prev, Next): (CMBitMap*) 0x00000199e13aed68, (CMBitMap*) 0x00000199e13aeda0
 Prev Bits: [0x00000199f8c40000, 0x00000199f9bc8000)
 Next Bits: [0x00000199f9bd0000, 0x00000199fab58000)

Polling page: 0x00000199df380000

Metaspace:

Usage:
  Non-class:     15.79 MB capacity,    15.50 MB ( 98%) used,   251.27 KB (  2%) free+waste,    51.88 KB ( <1%) overhead. 
      Class:      2.19 MB capacity,     1.98 MB ( 90%) used,   192.20 KB (  9%) free+waste,    26.56 KB (  1%) overhead. 
       Both:     17.98 MB capacity,    17.47 MB ( 97%) used,   443.47 KB (  2%) free+waste,    78.44 KB ( <1%) overhead. 

Virtual space:
  Non-class space:       16.00 MB reserved,      16.00 MB (100%) committed 
      Class space:        1.00 GB reserved,       2.25 MB ( <1%) committed 
             Both:        1.02 GB reserved,      18.25 MB (  2%) committed 

Chunk freelists:
   Non-Class:  2.50 KB
       Class:  0 bytes
        Both:  2.50 KB

CodeHeap 'non-profiled nmethods': size=239488Kb used=2228Kb max_used=2228Kb free=237260Kb
 bounds [0x00000199e9e60000, 0x00000199ea0d0000, 0x00000199f8840000]
CodeHeap 'non-nmethods': size=6272Kb used=1096Kb max_used=1096Kb free=5176Kb
 bounds [0x00000199e9840000, 0x00000199e9ab0000, 0x00000199e9e60000]
 total_blobs=2027 nmethods=1619 adapters=335
 compilation: enabled
              stopped_count=0, restarted_count=0
 full_count=0

Compilation events (10 events):
Event: 3.852 Thread 0x00000199fd638000 1614       1       java.lang.Class$Atomic::casReflectionData (13 bytes)
Event: 3.853 Thread 0x00000199fd638000 nmethod 1614 0x00000199ea08b190 code [0x00000199ea08b320, 0x00000199ea08b418]
Event: 3.853 Thread 0x00000199fd638000 1615       1       java.lang.invoke.Invokers::checkCustomized (23 bytes)
Event: 3.853 Thread 0x00000199fd638000 nmethod 1615 0x00000199ea08b490 code [0x00000199ea08b640, 0x00000199ea08b708]
Event: 3.854 Thread 0x00000199fd638000 1616       1       jdk.internal.reflect.NativeConstructorAccessorImpl::newInstance (89 bytes)
Event: 3.856 Thread 0x00000199fd638000 nmethod 1616 0x00000199ea08bd10 code [0x00000199ea08bf20, 0x00000199ea08c3b8]
Event: 3.856 Thread 0x00000199fd638000 1618       1       java.lang.invoke.MethodHandles$Lookup::maybeBindCaller (47 bytes)
Event: 3.857 Thread 0x00000199fd638000 nmethod 1618 0x00000199ea08c690 code [0x00000199ea08c860, 0x00000199ea08cb48]
Event: 3.857 Thread 0x00000199fd638000 1619       1       org.springframework.core.annotation.AnnotationTypeMapping::getAttributes (5 bytes)
Event: 3.857 Thread 0x00000199fd638000 nmethod 1619 0x00000199ea08cd10 code [0x00000199ea08cea0, 0x00000199ea08cf58]

GC Heap History (9 events):
Event: 1.014 GC heap before
{Heap before GC invocations=0 (full 0):
 garbage-first heap   total 65536K, used 7168K [0x00000000c1e00000, 0x0000000100000000)
  region size 1024K, 7 young (7168K), 0 survivors (0K)
 Metaspace       used 5271K, capacity 5392K, committed 5632K, reserved 1056768K
  class space    used 466K, capacity 496K, committed 512K, reserved 1048576K
}
Event: 1.020 GC heap after
{Heap after GC invocations=1 (full 0):
 garbage-first heap   total 65536K, used 4612K [0x00000000c1e00000, 0x0000000100000000)
  region size 1024K, 1 young (1024K), 1 survivors (1024K)
 Metaspace       used 5271K, capacity 5392K, committed 5632K, reserved 1056768K
  class space    used 466K, capacity 496K, committed 512K, reserved 1048576K
}
Event: 1.252 GC heap before
{Heap before GC invocations=1 (full 0):
 garbage-first heap   total 65536K, used 7684K [0x00000000c1e00000, 0x0000000100000000)
  region size 1024K, 4 young (4096K), 1 survivors (1024K)
 Metaspace       used 7326K, capacity 7455K, committed 7680K, reserved 1056768K
  class space    used 652K, capacity 693K, committed 768K, reserved 1048576K
}
Event: 1.256 GC heap after
{Heap after GC invocations=2 (full 0):
 garbage-first heap   total 65536K, used 5318K [0x00000000c1e00000, 0x0000000100000000)
  region size 1024K, 1 young (1024K), 1 survivors (1024K)
 Metaspace       used 7326K, capacity 7455K, committed 7680K, reserved 1056768K
  class space    used 652K, capacity 693K, committed 768K, reserved 1048576K
}
Event: 1.697 GC heap before
{Heap before GC invocations=2 (full 0):
 garbage-first heap   total 65536K, used 14534K [0x00000000c1e00000, 0x0000000100000000)
  region size 1024K, 11 young (11264K), 1 survivors (1024K)
 Metaspace       used 10158K, capacity 10319K, committed 10624K, reserved 1058816K
  class space    used 994K, capacity 1035K, committed 1152K, reserved 1048576K
}
Event: 1.703 GC heap after
{Heap after GC invocations=3 (full 0):
 garbage-first heap   total 65536K, used 6151K [0x00000000c1e00000, 0x0000000100000000)
  region size 1024K, 2 young (2048K), 2 survivors (2048K)
 Metaspace       used 10158K, capacity 10319K, committed 10624K, reserved 1058816K
  class space    used 994K, capacity 1035K, committed 1152K, reserved 1048576K
}
Event: 3.116 GC heap before
{Heap before GC invocations=3 (full 0):
 garbage-first heap   total 65536K, used 20487K [0x00000000c1e00000, 0x0000000100000000)
  region size 1024K, 16 young (16384K), 2 survivors (2048K)
 Metaspace       used 13852K, capacity 14193K, committed 14464K, reserved 1062912K
  class space    used 1489K, capacity 1617K, committed 1664K, reserved 1048576K
}
Event: 3.125 GC heap after
{Heap after GC invocations=4 (full 0):
 garbage-first heap   total 65536K, used 6993K [0x00000000c1e00000, 0x0000000100000000)
  region size 1024K, 2 young (2048K), 2 survivors (2048K)
 Metaspace       used 13852K, capacity 14193K, committed 14464K, reserved 1062912K
  class space    used 1489K, capacity 1617K, committed 1664K, reserved 1048576K
}
Event: 3.860 GC heap before
{Heap before GC invocations=4 (full 0):
 garbage-first heap   total 65536K, used 31569K [0x00000000c1e00000, 0x0000000100000000)
  region size 1024K, 26 young (26624K), 2 survivors (2048K)
 Metaspace       used 17894K, capacity 18416K, committed 18688K, reserved 1064960K
  class space    used 2025K, capacity 2244K, committed 2304K, reserved 1048576K
}

Deoptimization events (0 events):
No events

Classes redefined (0 events):
No events

Internal exceptions (10 events):
Event: 3.311 Thread 0x00000199e1385000 Exception <a 'java/lang/NoSuchMethodError'{0x00000000c5a23e08}: java.lang.invoke.DirectMethodHandle$Holder.invokeVirtual(Ljava/lang/Object;Ljava/lang/Object;Ljava/lang/Object;Ljava/lang/Object;)V> (0x00000000c5a23e08) thrown at [./open/src/hotspot/share/i
Event: 3.390 Thread 0x00000199e1385000 Exception <a 'java/lang/NoSuchMethodError'{0x00000000c5767638}: java.lang.invoke.DirectMethodHandle$Holder.invokeSpecial(Ljava/lang/Object;Ljava/lang/Object;Ljava/lang/Object;Ljava/lang/Object;Ljava/lang/Object;)V> (0x00000000c5767638) thrown at [./open/s
Event: 3.400 Thread 0x00000199e1385000 Exception <a 'java/lang/IncompatibleClassChangeError'{0x00000000c5794a08}: Found class java.lang.Object, but interface was expected> (0x00000000c5794a08) thrown at [./open/src/hotspot/share/interpreter/linkResolver.cpp, line 838]
Event: 3.427 Thread 0x00000199fe1d1800 Exception <a 'java/lang/NoClassDefFoundError'{0x00000000c568f730}: javax/validation/Validation> (0x00000000c568f730) thrown at [./open/src/hotspot/share/classfile/systemDictionary.cpp, line 217]
Event: 3.460 Thread 0x00000199e1385000 Exception <a 'java/lang/NoSuchMethodError'{0x00000000c5563b10}: java.lang.invoke.DirectMethodHandle$Holder.invokeSpecialIFC(Ljava/lang/Object;Ljava/lang/Object;I)I> (0x00000000c5563b10) thrown at [./open/src/hotspot/share/interpreter/linkResolver.cpp, lin
Event: 3.494 Thread 0x00000199fe1d1800 Exception <a 'java/lang/NoSuchMethodError'{0x00000000c52917d0}: java.lang.invoke.DirectMethodHandle$Holder.invokeStaticInit(Ljava/lang/Object;Ljava/lang/Object;Ljava/lang/Object;Ljava/lang/Object;Ljava/lang/Object;)Ljava/lang/Object;> (0x00000000c52917d0)
Event: 3.518 Thread 0x00000199fe1d1800 Exception <a 'java/lang/NoSuchMethodError'{0x00000000c51c0998}: java.lang.invoke.DirectMethodHandle$Holder.invokeSpecial(Ljava/lang/Object;Ljava/lang/Object;IILjava/lang/Object;Ljava/lang/Object;Ljava/lang/Object;)Ljava/lang/Object;> (0x00000000c51c0998) 
Event: 3.519 Thread 0x00000199fe1d1800 Exception <a 'java/lang/NoSuchMethodError'{0x00000000c51c3f20}: java.lang.invoke.DelegatingMethodHandle$Holder.reinvoke_L(Ljava/lang/Object;IILjava/lang/Object;Ljava/lang/Object;Ljava/lang/Object;)Ljava/lang/Object;> (0x00000000c51c3f20) thrown at [./open
Event: 3.520 Thread 0x00000199fe1d1800 Exception <a 'java/lang/NoSuchMethodError'{0x00000000c51c7e00}: java.lang.invoke.DirectMethodHandle$Holder.invokeStatic(Ljava/lang/Object;Ljava/lang/Object;Ljava/lang/Object;Ljava/lang/Object;I)Ljava/lang/Object;> (0x00000000c51c7e00) thrown at [./open/sr
Event: 3.599 Thread 0x00000199e1385000 Exception <a 'java/lang/NoSuchMethodError'{0x00000000c4eb3898}: org.slf4j.impl.StaticMDCBinder.getSingleton()Lorg/slf4j/impl/StaticMDCBinder;> (0x00000000c4eb3898) thrown at [./open/src/hotspot/share/interpreter/linkResolver.cpp, line 772]

Events (10 events):
Event: 3.858 loading class com/fasterxml/jackson/databind/cfg/ContextAttributes$Impl done
Event: 3.858 loading class org/springframework/core/annotation/MergedAnnotation
Event: 3.858 loading class org/springframework/core/annotation/MergedAnnotation done
Event: 3.859 loading class org/springframework/core/type/AnnotationMetadata
Event: 3.859 loading class org/springframework/core/type/AnnotationMetadata done
Event: 3.859 loading class org/springframework/core/type/AnnotationMetadata
Event: 3.859 loading class org/springframework/core/type/AnnotationMetadata done
Event: 3.859 loading class com/fasterxml/jackson/databind/DeserializationConfig
Event: 3.859 loading class com/fasterxml/jackson/databind/DeserializationConfig done
Event: 3.860 Executing VM operation: G1CollectForAllocation


Dynamic libraries:
0x00007ff602100000 - 0x00007ff60210f000 	C:\Program Files\Java\jdk-11.0.12\bin\java.exe
0x00007ff804a70000 - 0x00007ff804c68000 	C:\WINDOWS\SYSTEM32\ntdll.dll
0x00007ff8042f0000 - 0x00007ff8043af000 	C:\WINDOWS\System32\KERNEL32.DLL
0x00007ff8025a0000 - 0x00007ff802872000 	C:\WINDOWS\System32\KERNELBASE.dll
0x00007ff802340000 - 0x00007ff802440000 	C:\WINDOWS\System32\ucrtbase.dll
0x00007ffffacc0000 - 0x00007ffffacd8000 	C:\Program Files\Java\jdk-11.0.12\bin\jli.dll
0x00007ff802ac0000 - 0x00007ff802b6e000 	C:\WINDOWS\System32\ADVAPI32.dll
0x00007ff8033f0000 - 0x00007ff80348e000 	C:\WINDOWS\System32\msvcrt.dll
0x00007ff804790000 - 0x00007ff80482c000 	C:\WINDOWS\System32\sechost.dll
0x00007ff804150000 - 0x00007ff804274000 	C:\WINDOWS\System32\RPCRT4.dll
0x00007ff803490000 - 0x00007ff803631000 	C:\WINDOWS\System32\USER32.dll
0x00007ff802a90000 - 0x00007ff802ab2000 	C:\WINDOWS\System32\win32u.dll
0x00007ff8046e0000 - 0x00007ff80470b000 	C:\WINDOWS\System32\GDI32.dll
0x00007ff802230000 - 0x00007ff80233f000 	C:\WINDOWS\System32\gdi32full.dll
0x00007ff802440000 - 0x00007ff8024dd000 	C:\WINDOWS\System32\msvcp_win.dll
0x00007ffff3490000 - 0x00007ffff372a000 	C:\WINDOWS\WinSxS\amd64_microsoft.windows.common-controls_6595b64144ccf1df_6.0.19041.1110_none_60b5254171f9507e\COMCTL32.dll
0x00007ffff38a0000 - 0x00007ffff38aa000 	C:\WINDOWS\SYSTEM32\VERSION.dll
0x00007ffffa770000 - 0x00007ffffa785000 	C:\Program Files\Java\jdk-11.0.12\bin\VCRUNTIME140.dll
0x00007ff802dc0000 - 0x00007ff802df0000 	C:\WINDOWS\System32\IMM32.DLL
0x00007fffd5cb0000 - 0x00007fffd5d4b000 	C:\Program Files\Java\jdk-11.0.12\bin\msvcp140.dll
0x00007fffbfaa0000 - 0x00007fffc059f000 	C:\Program Files\Java\jdk-11.0.12\bin\server\jvm.dll
0x00007ff804950000 - 0x00007ff804958000 	C:\WINDOWS\System32\PSAPI.DLL
0x00007ffffa7d0000 - 0x00007ffffa7d9000 	C:\WINDOWS\SYSTEM32\WSOCK32.dll
0x00007ff804280000 - 0x00007ff8042eb000 	C:\WINDOWS\System32\WS2_32.dll
0x00007fffe6d00000 - 0x00007fffe6d27000 	C:\WINDOWS\SYSTEM32\WINMM.dll
0x00007ff800030000 - 0x00007ff800042000 	C:\WINDOWS\SYSTEM32\kernel.appcore.dll
0x00007ffffdb90000 - 0x00007ffffdba0000 	C:\Program Files\Java\jdk-11.0.12\bin\verify.dll
0x00007fffee810000 - 0x00007fffee9f4000 	C:\WINDOWS\SYSTEM32\DBGHELP.DLL
0x00007fffedb90000 - 0x00007fffedbc5000 	C:\WINDOWS\SYSTEM32\dbgcore.DLL
0x00007ff802170000 - 0x00007ff8021f2000 	C:\WINDOWS\System32\bcryptPrimitives.dll
0x00007ffff6f40000 - 0x00007ffff6f68000 	C:\Program Files\Java\jdk-11.0.12\bin\java.dll
0x00007ffffb250000 - 0x00007ffffb25a000 	C:\Program Files\Java\jdk-11.0.12\bin\jimage.dll
0x00007ffffa720000 - 0x00007ffffa736000 	C:\Program Files\Java\jdk-11.0.12\bin\zip.dll
0x00007ff8036a0000 - 0x00007ff803de5000 	C:\WINDOWS\System32\SHELL32.dll
0x00007ff800230000 - 0x00007ff8009c2000 	C:\WINDOWS\SYSTEM32\windows.storage.dll
0x00007ff803df0000 - 0x00007ff804145000 	C:\WINDOWS\System32\combase.dll
0x00007ff801af0000 - 0x00007ff801b20000 	C:\WINDOWS\SYSTEM32\Wldp.dll
0x00007ff802bd0000 - 0x00007ff802c7d000 	C:\WINDOWS\System32\SHCORE.dll
0x00007ff802b70000 - 0x00007ff802bc5000 	C:\WINDOWS\System32\shlwapi.dll
0x00007ff8020b0000 - 0x00007ff8020cf000 	C:\WINDOWS\SYSTEM32\profapi.dll
0x00007ffff2b30000 - 0x00007ffff2b49000 	C:\Program Files\Java\jdk-11.0.12\bin\net.dll
0x00007ffff72b0000 - 0x00007ffff73ba000 	C:\WINDOWS\SYSTEM32\WINHTTP.dll
0x00007ff801850000 - 0x00007ff8018ba000 	C:\WINDOWS\system32\mswsock.dll
0x00007fffef5c0000 - 0x00007fffef5d2000 	C:\Program Files\Java\jdk-11.0.12\bin\nio.dll
0x00007ffffdc30000 - 0x00007ffffdc39000 	C:\Program Files\Java\jdk-11.0.12\bin\management.dll
0x00007ffffdbf0000 - 0x00007ffffdbfb000 	C:\Program Files\Java\jdk-11.0.12\bin\management_ext.dll
0x00007fffe7b10000 - 0x00007fffe7b27000 	C:\WINDOWS\system32\napinsp.dll
0x00007fffe7af0000 - 0x00007fffe7b0b000 	C:\WINDOWS\system32\pnrpnsp.dll
0x00007ffffc670000 - 0x00007ffffc685000 	C:\WINDOWS\system32\wshbth.dll
0x00007ffffdb00000 - 0x00007ffffdb1d000 	C:\WINDOWS\system32\NLAapi.dll
0x00007ff801540000 - 0x00007ff80157b000 	C:\WINDOWS\SYSTEM32\IPHLPAPI.DLL
0x00007ff801580000 - 0x00007ff80164b000 	C:\WINDOWS\SYSTEM32\DNSAPI.dll
0x00007ff8043c0000 - 0x00007ff8043c8000 	C:\WINDOWS\System32\NSI.dll
0x00007fffe7ad0000 - 0x00007fffe7ae2000 	C:\WINDOWS\System32\winrnr.dll
0x00007ffff0f40000 - 0x00007ffff0f4a000 	C:\Windows\System32\rasadhlp.dll
0x00007ffff0e60000 - 0x00007ffff0ee0000 	C:\WINDOWS\System32\fwpuclnt.dll
0x00007ff802200000 - 0x00007ff802227000 	C:\WINDOWS\System32\bcrypt.dll

dbghelp: loaded successfully - version: 4.0.5 - missing functions: none
symbol engine: initialized successfully - sym options: 0x614 - pdb path: .;C:\Program Files\Java\jdk-11.0.12\bin;C:\WINDOWS\SYSTEM32;C:\WINDOWS\WinSxS\amd64_microsoft.windows.common-controls_6595b64144ccf1df_6.0.19041.1110_none_60b5254171f9507e;C:\Program Files\Java\jdk-11.0.12\bin\server

VM Arguments:
jvm_args: -Xverify:none -XX:TieredStopAtLevel=1 -Dfile.encoding=windows-1252 -Duser.country=AR -Duser.language=es -Duser.variant 
java_command: com.mindhub.homebanking.HomeBankingApplication
java_class_path (initial): C:\Users\EXEQUIEL\Desktop\Programación\MindHub\Cohorte 44\Modulo 3 JAVA\homebanking\homebanking\src\main\resources;C:\Users\EXEQUIEL\Desktop\Programación\MindHub\Cohorte 44\Modulo 3 JAVA\homebanking\homebanking\build\classes\java\main;C:\Users\EXEQUIEL\.gradle\caches\modules-2\files-2.1\com.h2database\h2\2.1.214\d5c2005c9e3279201e12d4776c948578b16bf8b2\h2-2.1.214.jar;C:\Users\EXEQUIEL\.gradle\caches\modules-2\files-2.1\jakarta.transaction\jakarta.transaction-api\1.3.3\c4179d48720a1e87202115fbed6089bdc4195405\jakarta.transaction-api-1.3.3.jar;C:\Users\EXEQUIEL\.gradle\caches\modules-2\files-2.1\jakarta.persistence\jakarta.persistence-api\2.2.3\8f6ea5daedc614f07a3654a455660145286f024e\jakarta.persistence-api-2.2.3.jar;C:\Users\EXEQUIEL\.gradle\caches\modules-2\files-2.1\org.hibernate\hibernate-core\5.6.15.Final\ab14b7cef1fdff654ca81923048a6034d6c7cfa7\hibernate-core-5.6.15.Final.jar;C:\Users\EXEQUIEL\.gradle\caches\modules-2\files-2.1\org.springframework.data\spring-data-jpa\2.7.10\dfb83414eb6a8609bd71dc3ddae82e973698a091\spring-data-jpa-2.7.10.jar;C:\Users\EXEQUIEL\.gradle\caches\modules-2\files-2.1\org.springframework\spring-aspects\5.3.26\a2614dbb277b9c7938776c6273a25e3f8342a23e\spring-aspects-5.3.26.jar;C:\Users\EXEQUIEL\.gradle\caches\modules-2\files-2.1\org.springframework.data\spring-data-rest-webmvc\3.7.10\d4f50023d02c8d7bc8f7069fff4fb144cbca427f\spring-data-rest-webmvc-3.7.10.jar;C:\Users\EXEQUIEL\.gradle\caches\modules-2\files-2.1\org.springframework\spring-webmvc\5.3.26\539e1d03decbec523b7ad87fb786fd0b1cf29ce\spring-webmvc-5.3.26.jar;C:\Users\EXEQUIEL\.gradle\caches\modules-2\files-2.1\org.springframework.data\spring-data-rest-core\3.7.10\dde31898ea985a388252a62b237bcf3ddd29c095\spring-data-rest-core-3.7.10.jar;C:\Users\EXEQUIEL\.gradle\caches\modules-2\files-2.1\org.springframework.hateoas\spring-hateoas\1.5.4\8c70b6a7bf26cd76c6e61934fd0bcb31ce2b873\spring-hateoas-1.5.4.jar;C:\Users\EXEQUIEL\.gradle\caches\modules-2\files-2.1\o
Launcher Type: SUN_STANDARD

[Global flags]
     bool BytecodeVerificationLocal                = false                                     {product} {command line}
     bool BytecodeVerificationRemote               = false                                     {product} {command line}
     intx CICompilerCount                          = 2                                         {product} {ergonomic}
     uint ConcGCThreads                            = 1                                         {product} {ergonomic}
     uint G1ConcRefinementThreads                  = 2                                         {product} {ergonomic}
   size_t G1HeapRegionSize                         = 1048576                                   {product} {ergonomic}
    uintx GCDrainStackTargetSize                   = 64                                        {product} {ergonomic}
   size_t InitialHeapSize                          = 67108864                                  {product} {ergonomic}
   size_t MarkStackSize                            = 4194304                                   {product} {ergonomic}
   size_t MaxHeapSize                              = 1042284544                                {product} {ergonomic}
   size_t MaxNewSize                               = 624951296                                 {product} {ergonomic}
   size_t MinHeapDeltaBytes                        = 1048576                                   {product} {ergonomic}
    uintx NonNMethodCodeHeapSize                   = 6396312                                {pd product} {ergonomic}
    uintx NonProfiledCodeHeapSize                  = 245261928                              {pd product} {ergonomic}
    uintx ProfiledCodeHeapSize                     = 0                                      {pd product} {ergonomic}
    uintx ReservedCodeCacheSize                    = 251658240                              {pd product} {ergonomic}
     bool SegmentedCodeCache                       = true                                      {product} {ergonomic}
     intx TieredStopAtLevel                        = 1                                         {product} {command line}
     bool UseCompressedClassPointers               = true                                 {lp64_product} {ergonomic}
     bool UseCompressedOops                        = true                                 {lp64_product} {ergonomic}
     bool UseG1GC                                  = true                                      {product} {ergonomic}
     bool UseLargePagesIndividualAllocation        = false                                  {pd product} {ergonomic}

Logging:
Log output configuration:
 #0: stdout all=warning uptime,level,tags
 #1: stderr all=off uptime,level,tags

Environment Variables:
PATH=C:\Program Files\Java\jdk-11.0.12\bin;C:\Program Files\Common Files\Oracle\Java\javapath;C:\WINDOWS\system32;C:\WINDOWS;C:\WINDOWS\System32\Wbem;C:\WINDOWS\System32\WindowsPowerShell\v1.0\;C:\WINDOWS\System32\OpenSSH\;C:\Program Files (x86)\Common Files\Propellerhead Software\ReWire\;C:\Program Files\Common Files\Propellerhead Software\ReWire\;C:\Program Files\dotnet\;C:\Program Files\nodejs\;C:\Program Files\Git\cmd;C:\Users\EXEQUIEL\AppData\Local\Microsoft\WindowsApps;C:\Users\EXEQUIEL\.dotnet\tools;C:\Users\EXEQUIEL\AppData\Local\Programs\Microsoft VS Code\bin;C:\Users\EXEQUIEL\AppData\Roaming\npm
USERNAME=Ezequiel
OS=Windows_NT
PROCESSOR_IDENTIFIER=Intel64 Family 6 Model 58 Stepping 9, GenuineIntel



---------------  S Y S T E M  ---------------

OS: Windows 10 , 64 bit Build 19041 (10.0.19041.2546)

CPU:total 2 (initial active 2) (2 cores per cpu, 1 threads per core) family 6 model 58 stepping 9 microcode 0x21, cmov, cx8, fxsr, mmx, sse, sse2, sse3, ssse3, sse4.1, sse4.2, popcnt, clmul, erms, tsc, tscinvbit, tscinv

Memory: 4k page, system-wide physical 3972M (458M free)
TotalPageFile size 6756M (AvailPageFile size 16M)
current process WorkingSet (physical memory assigned to process): 85M, peak: 85M
current process commit charge ("private bytes"): 145M, peak: 158M

vm_info: Java HotSpot(TM) 64-Bit Server VM (11.0.12+8-LTS-237) for windows-amd64 JRE (11.0.12+8-LTS-237), built on Jun  8 2021 11:25:59 by "mach5one" with MS VC++ 15.9 (VS2017)

END.
