#
# There is insufficient memory for the Java Runtime Environment to continue.
# Native memory allocation (malloc) failed to allocate 32744 bytes for ChunkPool::allocate
# Possible reasons:
#   The system is out of physical RAM or swap space
#   The process is running with CompressedOops enabled, and the Java Heap may be blocking the growth of the native heap
# Possible solutions:
#   Reduce memory load on the system
#   Increase physical memory or swap space
#   Check if swap backing store is full
#   Decrease Java heap size (-Xmx/-Xms)
#   Decrease number of Java threads
#   Decrease Java thread stack sizes (-Xss)
#   Set larger code cache with -XX:ReservedCodeCacheSize=
#   JVM is running with Unscaled Compressed Oops mode in which the Java heap is
#     placed in the first 4GB address space. The Java Heap base address is the
#     maximum limit for the native heap growth. Please use -XX:HeapBaseMinAddress
#     to set the Java Heap base and to place the Java Heap above 4GB virtual address.
# This output file may be truncated or incomplete.
#
#  Out of Memory Error (./open/src/hotspot/share/memory/arena.cpp:81), pid=4436, tid=2124
#
# JRE version: Java(TM) SE Runtime Environment 18.9 (11.0.12+8) (build 11.0.12+8-LTS-237)
# Java VM: Java HotSpot(TM) 64-Bit Server VM 18.9 (11.0.12+8-LTS-237, mixed mode, tiered, compressed oops, g1 gc, windows-amd64)
# No core dump will be written. Minidumps are not enabled by default on client versions of Windows
#

---------------  S U M M A R Y ------------

Command Line: -Xverify:none -XX:TieredStopAtLevel=1 -Dfile.encoding=windows-1252 -Duser.country=AR -Duser.language=es -Duser.variant com.mindhub.homebanking.HomeBankingApplication

Host: Intel(R) Celeron(R) CPU 1007U @ 1.50GHz, 2 cores, 3G,  Windows 10 , 64 bit Build 19041 (10.0.19041.2546)
Time: Wed Apr 12 16:13:30 2023 Hora estándar de Argentina elapsed time: 116.840844 seconds (0d 0h 1m 56s)

---------------  T H R E A D  ---------------

Current thread (0x000001dad20ca000):  VMThread "VM Thread" [stack: 0x000000ab39c00000,0x000000ab39d00000] [id=2124]

Stack: [0x000000ab39c00000,0x000000ab39d00000]
[error occurred during error reporting (printing stack bounds), id 0xc0000005, EXCEPTION_ACCESS_VIOLATION (0xc0000005) at pc=0x000001dabdc20f3d]

Native frames: (J=compiled Java code, j=interpreted, Vv=VM code, C=native code)
V  [jvm.dll+0x617d9a]
V  [jvm.dll+0x74eeef]
V  [jvm.dll+0x750599]
V  [jvm.dll+0x750b85]
V  [jvm.dll+0x750b3b]
V  [jvm.dll+0x6175d3]
V  [jvm.dll+0x617998]
C  [ntdll.dll+0xa241f]
C  [ntdll.dll+0x514a4]
C  [ntdll.dll+0xa0f4e]
C  0x000001dabdc20f3d

VM_Operation (0x000000ab3aefeb00): RevokeBias, mode: safepoint, requested by thread 0x000001dad3caf000


---------------  P R O C E S S  ---------------

Threads class SMR info:
_java_thread_list=0x000001dad6eb20a0, length=25, elements={
0x000001dad2101800, 0x000001dad2102800, 0x000001dad2151800, 0x000001dad2152000,
0x000001dad2155000, 0x000001dad2156800, 0x000001dad2159800, 0x000001dad23b0800,
0x000001dad4076800, 0x000001dad424b000, 0x000001dad426e800, 0x000001dad426f000,
0x000001dad4849000, 0x000001dad3caf000, 0x000001dad3cb0000, 0x000001dad2720800,
0x000001dad2721000, 0x000001dad2952800, 0x000001dad6e77000, 0x000001dad6e78000,
0x000001dad6e76800, 0x000001dad6e74000, 0x000001dad6e74800, 0x000001dad6e73000,
0x000001dad6e75800
}

Java Threads: ( => current thread )
  0x000001dad2101800 JavaThread "Reference Handler" daemon [_thread_blocked, id=3552, stack(0x000000ab39d00000,0x000000ab39e00000)]
  0x000001dad2102800 JavaThread "Finalizer" daemon [_thread_blocked, id=9492, stack(0x000000ab39e00000,0x000000ab39f00000)]
  0x000001dad2151800 JavaThread "Signal Dispatcher" daemon [_thread_blocked, id=1104, stack(0x000000ab39f00000,0x000000ab3a000000)]
  0x000001dad2152000 JavaThread "Attach Listener" daemon [_thread_blocked, id=6684, stack(0x000000ab3a000000,0x000000ab3a100000)]
  0x000001dad2155000 JavaThread "Service Thread" daemon [_thread_blocked, id=9736, stack(0x000000ab3a100000,0x000000ab3a200000)]
  0x000001dad2156800 JavaThread "C1 CompilerThread0" daemon [_thread_blocked, id=288, stack(0x000000ab3a200000,0x000000ab3a300000)]
  0x000001dad2159800 JavaThread "Sweeper thread" daemon [_thread_blocked, id=2368, stack(0x000000ab3a300000,0x000000ab3a400000)]
  0x000001dad23b0800 JavaThread "Common-Cleaner" daemon [_thread_blocked, id=4380, stack(0x000000ab3a500000,0x000000ab3a600000)]
  0x000001dad4076800 JavaThread "HikariPool-1 housekeeper" daemon [_thread_blocked, id=9812, stack(0x000000ab3a700000,0x000000ab3a800000)]
  0x000001dad424b000 JavaThread "Catalina-utility-1" [_thread_blocked, id=2996, stack(0x000000ab3a900000,0x000000ab3aa00000)]
  0x000001dad426e800 JavaThread "Catalina-utility-2" [_thread_blocked, id=6736, stack(0x000000ab3aa00000,0x000000ab3ab00000)]
  0x000001dad426f000 JavaThread "container-0" [_thread_blocked, id=5208, stack(0x000000ab3ab00000,0x000000ab3ac00000)]
  0x000001dad4849000 JavaThread "http-nio-8080-exec-1" daemon [_thread_blocked, id=100, stack(0x000000ab3a800000,0x000000ab3a900000)]
  0x000001dad3caf000 JavaThread "http-nio-8080-exec-2" daemon [_thread_blocked, id=5032, stack(0x000000ab3ae00000,0x000000ab3af00000)]
  0x000001dad3cb0000 JavaThread "http-nio-8080-exec-3" daemon [_thread_blocked, id=9724, stack(0x000000ab3af00000,0x000000ab3b000000)]
  0x000001dad2720800 JavaThread "http-nio-8080-exec-4" daemon [_thread_blocked, id=1308, stack(0x000000ab3b000000,0x000000ab3b100000)]
  0x000001dad2721000 JavaThread "http-nio-8080-exec-5" daemon [_thread_blocked, id=3584, stack(0x000000ab3b100000,0x000000ab3b200000)]
  0x000001dad2952800 JavaThread "http-nio-8080-exec-6" daemon [_thread_blocked, id=9680, stack(0x000000ab3b200000,0x000000ab3b300000)]
  0x000001dad6e77000 JavaThread "http-nio-8080-exec-7" daemon [_thread_blocked, id=5264, stack(0x000000ab3b300000,0x000000ab3b400000)]
  0x000001dad6e78000 JavaThread "http-nio-8080-exec-8" daemon [_thread_blocked, id=10244, stack(0x000000ab3b400000,0x000000ab3b500000)]
  0x000001dad6e76800 JavaThread "http-nio-8080-exec-9" daemon [_thread_blocked, id=10124, stack(0x000000ab3b500000,0x000000ab3b600000)]
  0x000001dad6e74000 JavaThread "http-nio-8080-exec-10" daemon [_thread_blocked, id=10312, stack(0x000000ab3b600000,0x000000ab3b700000)]
  0x000001dad6e74800 JavaThread "http-nio-8080-Poller" daemon [_thread_in_native, id=7436, stack(0x000000ab3b700000,0x000000ab3b800000)]
  0x000001dad6e73000 JavaThread "http-nio-8080-Acceptor" daemon [_thread_in_native, id=11048, stack(0x000000ab3b800000,0x000000ab3b900000)]
  0x000001dad6e75800 JavaThread "DestroyJavaVM" [_thread_blocked, id=924, stack(0x000000ab39600000,0x000000ab39700000)]

Other Threads:
=>0x000001dad20ca000 VMThread "VM Thread" [stack: 0x000000ab39c00000,0x000000ab39d00000] [id=2124]
  0x000001dad23af000 WatcherThread [stack: 0x000000ab3a400000,0x000000ab3a500000] [id=4008]
  0x000001dab3f98000 GCTaskThread "GC Thread#0" [stack: 0x000000ab39700000,0x000000ab39800000] [id=9664]
  0x000001dad2786000 GCTaskThread "GC Thread#1" [stack: 0x000000ab3a600000,0x000000ab3a700000] [id=3772]
  0x000001dab3fb3800 ConcurrentGCThread "G1 Main Marker" [stack: 0x000000ab39800000,0x000000ab39900000] [id=7240]
  0x000001dab3fb6800 ConcurrentGCThread "G1 Conc#0" [stack: 0x000000ab39900000,0x000000ab39a00000] [id=10660]
  0x000001dab4003800 ConcurrentGCThread "G1 Refine#0" [stack: 0x000000ab39a00000,0x000000ab39b00000] [id=4240]
  0x000001dab4004800 ConcurrentGCThread "G1 Young RemSet Sampling" [stack: 0x000000ab39b00000,0x000000ab39c00000] [id=1368]

Threads with active compile tasks:

VM state:at safepoint (normal execution)

VM Mutex/Monitor currently owned by a thread:  ([mutex/lock_event])
[0x000001dab3f81830] Threads_lock - owner thread: 0x000001dad20ca000

Heap address: 0x00000000c1e00000, size: 994 MB, Compressed Oops mode: 32-bit
Narrow klass base: 0x0000000000000000, Narrow klass shift: 3
Compressed class space size: 1073741824 Address: 0x0000000100000000

Heap:
 garbage-first heap   total 95232K, used 56085K [0x00000000c1e00000, 0x0000000100000000)
  region size 1024K, 30 young (30720K), 4 survivors (4096K)
 Metaspace       used 62217K, capacity 64143K, committed 64392K, reserved 1105920K
  class space    used 8046K, capacity 8823K, committed 8832K, reserved 1048576K
Heap Regions: E=young(eden), S=young(survivor), O=old, HS=humongous(starts), HC=humongous(continues), CS=collection set, F=free, A=archive, TAMS=top-at-mark-start (previous, next)
|   0|0x00000000c1e00000, 0x00000000c1f00000, 0x00000000c1f00000|100%|HS|  |TAMS 0x00000000c1f00000, 0x00000000c1e00000| Complete 
|   1|0x00000000c1f00000, 0x00000000c2000000, 0x00000000c2000000|100%| O|  |TAMS 0x00000000c2000000, 0x00000000c1f00000| Untracked 
|   2|0x00000000c2000000, 0x00000000c2100000, 0x00000000c2100000|100%| O|  |TAMS 0x00000000c2100000, 0x00000000c2000000| Untracked 
|   3|0x00000000c2100000, 0x00000000c2200000, 0x00000000c2200000|100%| O|  |TAMS 0x00000000c2200000, 0x00000000c2100000| Untracked 
|   4|0x00000000c2200000, 0x00000000c2300000, 0x00000000c2300000|100%| O|  |TAMS 0x00000000c2300000, 0x00000000c2200000| Untracked 
|   5|0x00000000c2300000, 0x00000000c2400000, 0x00000000c2400000|100%| O|  |TAMS 0x00000000c2400000, 0x00000000c2300000| Untracked 
|   6|0x00000000c2400000, 0x00000000c2500000, 0x00000000c2500000|100%| O|  |TAMS 0x00000000c2500000, 0x00000000c2400000| Untracked 
|   7|0x00000000c2500000, 0x00000000c2600000, 0x00000000c2600000|100%| O|  |TAMS 0x00000000c2600000, 0x00000000c2500000| Untracked 
|   8|0x00000000c2600000, 0x00000000c2700000, 0x00000000c2700000|100%| O|  |TAMS 0x00000000c2700000, 0x00000000c2600000| Untracked 
|   9|0x00000000c2700000, 0x00000000c2800000, 0x00000000c2800000|100%| O|  |TAMS 0x00000000c2800000, 0x00000000c2700000| Untracked 
|  10|0x00000000c2800000, 0x00000000c2900000, 0x00000000c2900000|100%| O|  |TAMS 0x00000000c2900000, 0x00000000c2800000| Untracked 
|  11|0x00000000c2900000, 0x00000000c2a00000, 0x00000000c2a00000|100%| O|  |TAMS 0x00000000c2a00000, 0x00000000c2900000| Untracked 
|  12|0x00000000c2a00000, 0x00000000c2b00000, 0x00000000c2b00000|100%| O|  |TAMS 0x00000000c2b00000, 0x00000000c2a00000| Untracked 
|  13|0x00000000c2b00000, 0x00000000c2c00000, 0x00000000c2c00000|100%| O|  |TAMS 0x00000000c2c00000, 0x00000000c2b00000| Untracked 
|  14|0x00000000c2c00000, 0x00000000c2d00000, 0x00000000c2d00000|100%| O|  |TAMS 0x00000000c2d00000, 0x00000000c2c00000| Untracked 
|  15|0x00000000c2d00000, 0x00000000c2e00000, 0x00000000c2e00000|100%| O|  |TAMS 0x00000000c2e00000, 0x00000000c2d00000| Untracked 
|  16|0x00000000c2e00000, 0x00000000c2f00000, 0x00000000c2f00000|100%| O|  |TAMS 0x00000000c2f00000, 0x00000000c2e00000| Untracked 
|  17|0x00000000c2f00000, 0x00000000c3000000, 0x00000000c3000000|100%| O|  |TAMS 0x00000000c3000000, 0x00000000c2f00000| Untracked 
|  18|0x00000000c3000000, 0x00000000c3100000, 0x00000000c3100000|100%| O|  |TAMS 0x00000000c3100000, 0x00000000c3000000| Untracked 
|  19|0x00000000c3100000, 0x00000000c3200000, 0x00000000c3200000|100%| O|  |TAMS 0x00000000c3200000, 0x00000000c3100000| Untracked 
|  20|0x00000000c3200000, 0x00000000c3300000, 0x00000000c3300000|100%| O|  |TAMS 0x00000000c3300000, 0x00000000c3200000| Untracked 
|  21|0x00000000c3300000, 0x00000000c3400000, 0x00000000c3400000|100%| O|  |TAMS 0x00000000c3400000, 0x00000000c3300000| Untracked 
|  22|0x00000000c3400000, 0x00000000c3500000, 0x00000000c3500000|100%| O|  |TAMS 0x00000000c3500000, 0x00000000c3400000| Untracked 
|  23|0x00000000c3500000, 0x00000000c3600000, 0x00000000c3600000|100%| O|  |TAMS 0x00000000c3600000, 0x00000000c3500000| Untracked 
|  24|0x00000000c3600000, 0x00000000c3700000, 0x00000000c3700000|100%| O|  |TAMS 0x00000000c3700000, 0x00000000c3600000| Untracked 
|  25|0x00000000c3700000, 0x00000000c3800000, 0x00000000c3800000|100%| O|  |TAMS 0x00000000c3800000, 0x00000000c3700000| Untracked 
|  26|0x00000000c3800000, 0x00000000c3845400, 0x00000000c3900000| 27%| O|  |TAMS 0x00000000c3845400, 0x00000000c3800000| Untracked 
|  27|0x00000000c3900000, 0x00000000c3900000, 0x00000000c3a00000|  0%| F|  |TAMS 0x00000000c3900000, 0x00000000c3900000| Untracked 
|  28|0x00000000c3a00000, 0x00000000c3a00000, 0x00000000c3b00000|  0%| F|  |TAMS 0x00000000c3a00000, 0x00000000c3a00000| Untracked 
|  29|0x00000000c3b00000, 0x00000000c3b00000, 0x00000000c3c00000|  0%| F|  |TAMS 0x00000000c3b00000, 0x00000000c3b00000| Untracked 
|  30|0x00000000c3c00000, 0x00000000c3c00000, 0x00000000c3d00000|  0%| F|  |TAMS 0x00000000c3c00000, 0x00000000c3c00000| Untracked 
|  31|0x00000000c3d00000, 0x00000000c3d00000, 0x00000000c3e00000|  0%| F|  |TAMS 0x00000000c3d00000, 0x00000000c3d00000| Untracked 
|  32|0x00000000c3e00000, 0x00000000c3e00000, 0x00000000c3f00000|  0%| F|  |TAMS 0x00000000c3e00000, 0x00000000c3e00000| Untracked 
|  33|0x00000000c3f00000, 0x00000000c3f00000, 0x00000000c4000000|  0%| F|  |TAMS 0x00000000c3f00000, 0x00000000c3f00000| Untracked 
|  34|0x00000000c4000000, 0x00000000c4000000, 0x00000000c4100000|  0%| F|  |TAMS 0x00000000c4000000, 0x00000000c4000000| Untracked 
|  35|0x00000000c4100000, 0x00000000c4100000, 0x00000000c4200000|  0%| F|  |TAMS 0x00000000c4100000, 0x00000000c4100000| Untracked 
|  36|0x00000000c4200000, 0x00000000c4200000, 0x00000000c4300000|  0%| F|  |TAMS 0x00000000c4200000, 0x00000000c4200000| Untracked 
|  37|0x00000000c4300000, 0x00000000c4300000, 0x00000000c4400000|  0%| F|  |TAMS 0x00000000c4300000, 0x00000000c4300000| Untracked 
|  38|0x00000000c4400000, 0x00000000c4400000, 0x00000000c4500000|  0%| F|  |TAMS 0x00000000c4400000, 0x00000000c4400000| Untracked 
|  39|0x00000000c4500000, 0x00000000c4500000, 0x00000000c4600000|  0%| F|  |TAMS 0x00000000c4500000, 0x00000000c4500000| Untracked 
|  40|0x00000000c4600000, 0x00000000c4600000, 0x00000000c4700000|  0%| F|  |TAMS 0x00000000c4600000, 0x00000000c4600000| Untracked 
|  41|0x00000000c4700000, 0x00000000c4700000, 0x00000000c4800000|  0%| F|  |TAMS 0x00000000c4700000, 0x00000000c4700000| Untracked 
|  42|0x00000000c4800000, 0x00000000c4800000, 0x00000000c4900000|  0%| F|  |TAMS 0x00000000c4800000, 0x00000000c4800000| Untracked 
|  43|0x00000000c4900000, 0x00000000c4900000, 0x00000000c4a00000|  0%| F|  |TAMS 0x00000000c4900000, 0x00000000c4900000| Untracked 
|  44|0x00000000c4a00000, 0x00000000c4a00000, 0x00000000c4b00000|  0%| F|  |TAMS 0x00000000c4a00000, 0x00000000c4a00000| Untracked 
|  45|0x00000000c4b00000, 0x00000000c4b00000, 0x00000000c4c00000|  0%| F|  |TAMS 0x00000000c4b00000, 0x00000000c4b00000| Untracked 
|  46|0x00000000c4c00000, 0x00000000c4c00000, 0x00000000c4d00000|  0%| F|  |TAMS 0x00000000c4c00000, 0x00000000c4c00000| Untracked 
|  47|0x00000000c4d00000, 0x00000000c4d00000, 0x00000000c4e00000|  0%| F|  |TAMS 0x00000000c4d00000, 0x00000000c4d00000| Untracked 
|  48|0x00000000c4e00000, 0x00000000c4e00000, 0x00000000c4f00000|  0%| F|  |TAMS 0x00000000c4e00000, 0x00000000c4e00000| Untracked 
|  49|0x00000000c4f00000, 0x00000000c4f00000, 0x00000000c5000000|  0%| F|  |TAMS 0x00000000c4f00000, 0x00000000c4f00000| Untracked 
|  50|0x00000000c5000000, 0x00000000c5000000, 0x00000000c5100000|  0%| F|  |TAMS 0x00000000c5000000, 0x00000000c5000000| Untracked 
|  51|0x00000000c5100000, 0x00000000c5100000, 0x00000000c5200000|  0%| F|  |TAMS 0x00000000c5100000, 0x00000000c5100000| Untracked 
|  52|0x00000000c5200000, 0x00000000c5200000, 0x00000000c5300000|  0%| F|  |TAMS 0x00000000c5200000, 0x00000000c5200000| Untracked 
|  53|0x00000000c5300000, 0x00000000c5300000, 0x00000000c5400000|  0%| F|  |TAMS 0x00000000c5300000, 0x00000000c5300000| Untracked 
|  54|0x00000000c5400000, 0x00000000c5400000, 0x00000000c5500000|  0%| F|  |TAMS 0x00000000c5400000, 0x00000000c5400000| Untracked 
|  55|0x00000000c5500000, 0x00000000c5500000, 0x00000000c5600000|  0%| F|  |TAMS 0x00000000c5500000, 0x00000000c5500000| Untracked 
|  56|0x00000000c5600000, 0x00000000c5600000, 0x00000000c5700000|  0%| F|  |TAMS 0x00000000c5600000, 0x00000000c5600000| Untracked 
|  57|0x00000000c5700000, 0x00000000c5700000, 0x00000000c5800000|  0%| F|  |TAMS 0x00000000c5700000, 0x00000000c5700000| Untracked 
|  58|0x00000000c5800000, 0x00000000c5800000, 0x00000000c5900000|  0%| F|  |TAMS 0x00000000c5800000, 0x00000000c5800000| Untracked 
|  59|0x00000000c5900000, 0x00000000c5900000, 0x00000000c5a00000|  0%| F|  |TAMS 0x00000000c5900000, 0x00000000c5900000| Untracked 
|  60|0x00000000c5a00000, 0x00000000c5a00000, 0x00000000c5b00000|  0%| F|  |TAMS 0x00000000c5a00000, 0x00000000c5a00000| Untracked 
|  61|0x00000000c5b00000, 0x00000000c5b00000, 0x00000000c5c00000|  0%| F|  |TAMS 0x00000000c5b00000, 0x00000000c5b00000| Untracked 
|  62|0x00000000c5c00000, 0x00000000c5c00000, 0x00000000c5d00000|  0%| F|  |TAMS 0x00000000c5c00000, 0x00000000c5c00000| Untracked 
|  63|0x00000000c5d00000, 0x00000000c5d85a10, 0x00000000c5e00000| 52%| E|  |TAMS 0x00000000c5d00000, 0x00000000c5d00000| Complete 
|  64|0x00000000c5e00000, 0x00000000c5f00000, 0x00000000c5f00000|100%| E|CS|TAMS 0x00000000c5e00000, 0x00000000c5e00000| Complete 
|  65|0x00000000c5f00000, 0x00000000c6000000, 0x00000000c6000000|100%| E|CS|TAMS 0x00000000c5f00000, 0x00000000c5f00000| Complete 
|  66|0x00000000c6000000, 0x00000000c6100000, 0x00000000c6100000|100%| E|CS|TAMS 0x00000000c6000000, 0x00000000c6000000| Complete 
|  67|0x00000000c6100000, 0x00000000c6200000, 0x00000000c6200000|100%| E|CS|TAMS 0x00000000c6100000, 0x00000000c6100000| Complete 
|  68|0x00000000c6200000, 0x00000000c6300000, 0x00000000c6300000|100%| E|CS|TAMS 0x00000000c6200000, 0x00000000c6200000| Complete 
|  69|0x00000000c6300000, 0x00000000c6400000, 0x00000000c6400000|100%| E|CS|TAMS 0x00000000c6300000, 0x00000000c6300000| Complete 
|  70|0x00000000c6400000, 0x00000000c6500000, 0x00000000c6500000|100%| E|CS|TAMS 0x00000000c6400000, 0x00000000c6400000| Complete 
|  71|0x00000000c6500000, 0x00000000c6600000, 0x00000000c6600000|100%| E|CS|TAMS 0x00000000c6500000, 0x00000000c6500000| Complete 
|  72|0x00000000c6600000, 0x00000000c6700000, 0x00000000c6700000|100%| E|CS|TAMS 0x00000000c6600000, 0x00000000c6600000| Complete 
|  73|0x00000000c6700000, 0x00000000c6780000, 0x00000000c6800000| 50%| S|CS|TAMS 0x00000000c6700000, 0x00000000c6700000| Complete 
|  74|0x00000000c6800000, 0x00000000c6900000, 0x00000000c6900000|100%| S|CS|TAMS 0x00000000c6800000, 0x00000000c6800000| Complete 
|  75|0x00000000c6900000, 0x00000000c6a00000, 0x00000000c6a00000|100%| S|CS|TAMS 0x00000000c6900000, 0x00000000c6900000| Complete 
|  76|0x00000000c6a00000, 0x00000000c6b00000, 0x00000000c6b00000|100%| S|CS|TAMS 0x00000000c6a00000, 0x00000000c6a00000| Complete 
|  77|0x00000000c6b00000, 0x00000000c6c00000, 0x00000000c6c00000|100%| E|CS|TAMS 0x00000000c6b00000, 0x00000000c6b00000| Complete 
|  78|0x00000000c6c00000, 0x00000000c6d00000, 0x00000000c6d00000|100%| E|CS|TAMS 0x00000000c6c00000, 0x00000000c6c00000| Complete 
|  79|0x00000000c6d00000, 0x00000000c6e00000, 0x00000000c6e00000|100%| E|CS|TAMS 0x00000000c6d00000, 0x00000000c6d00000| Complete 
|  80|0x00000000c6e00000, 0x00000000c6f00000, 0x00000000c6f00000|100%| E|CS|TAMS 0x00000000c6e00000, 0x00000000c6e00000| Complete 
|  81|0x00000000c6f00000, 0x00000000c7000000, 0x00000000c7000000|100%| E|CS|TAMS 0x00000000c6f00000, 0x00000000c6f00000| Complete 
|  82|0x00000000c7000000, 0x00000000c7100000, 0x00000000c7100000|100%| E|CS|TAMS 0x00000000c7000000, 0x00000000c7000000| Complete 
|  83|0x00000000c7100000, 0x00000000c7200000, 0x00000000c7200000|100%| E|CS|TAMS 0x00000000c7100000, 0x00000000c7100000| Complete 
|  84|0x00000000c7200000, 0x00000000c7300000, 0x00000000c7300000|100%| E|CS|TAMS 0x00000000c7200000, 0x00000000c7200000| Complete 
|  85|0x00000000c7300000, 0x00000000c7400000, 0x00000000c7400000|100%| E|CS|TAMS 0x00000000c7300000, 0x00000000c7300000| Complete 
|  86|0x00000000c7400000, 0x00000000c7500000, 0x00000000c7500000|100%| E|CS|TAMS 0x00000000c7400000, 0x00000000c7400000| Complete 
|  87|0x00000000c7500000, 0x00000000c7600000, 0x00000000c7600000|100%| E|CS|TAMS 0x00000000c7500000, 0x00000000c7500000| Complete 
|  88|0x00000000c7600000, 0x00000000c7700000, 0x00000000c7700000|100%| E|CS|TAMS 0x00000000c7600000, 0x00000000c7600000| Complete 
|  89|0x00000000c7700000, 0x00000000c7800000, 0x00000000c7800000|100%| E|CS|TAMS 0x00000000c7700000, 0x00000000c7700000| Complete 
|  90|0x00000000c7800000, 0x00000000c7900000, 0x00000000c7900000|100%| E|CS|TAMS 0x00000000c7800000, 0x00000000c7800000| Complete 
|  91|0x00000000c7900000, 0x00000000c7a00000, 0x00000000c7a00000|100%| E|CS|TAMS 0x00000000c7900000, 0x00000000c7900000| Complete 
|  92|0x00000000c7a00000, 0x00000000c7b00000, 0x00000000c7b00000|100%| E|CS|TAMS 0x00000000c7a00000, 0x00000000c7a00000| Complete 

Card table byte_map: [0x000001dacd220000,0x000001dacd420000] _byte_map_base: 0x000001daccc11000

Marking Bits (Prev, Next): (CMBitMap*) 0x000001dab3faea60, (CMBitMap*) 0x000001dab3faea28
 Prev Bits: [0x000001dace5b0000, 0x000001dacf538000)
 Next Bits: [0x000001dacd620000, 0x000001dace5a8000)

Polling page: 0x000001dab4060000

Metaspace:

Usage:
  Non-class:     54.02 MB capacity,    52.90 MB ( 98%) used,   920.48 KB (  2%) free+waste,   228.94 KB ( <1%) overhead. 
      Class:      8.62 MB capacity,     7.86 MB ( 91%) used,   664.02 KB (  8%) free+waste,   112.06 KB (  1%) overhead. 
       Both:     62.64 MB capacity,    60.76 MB ( 97%) used,     1.55 MB (  2%) free+waste,   341.00 KB ( <1%) overhead. 

Virtual space:
  Non-class space:       56.00 MB reserved,      54.26 MB ( 97%) committed 
      Class space:        1.00 GB reserved,       8.63 MB ( <1%) committed 
             Both:        1.05 GB reserved,      62.88 MB (  6%) committed 

Chunk freelists:
   Non-Class:  0 bytes
       Class:  1.13 KB
        Both:  1.13 KB

CodeHeap 'non-profiled nmethods': size=239488Kb used=8519Kb max_used=8519Kb free=230968Kb
 bounds [0x000001dabe240000, 0x000001dabeaa0000, 0x000001daccc20000]
CodeHeap 'non-nmethods': size=6272Kb used=1226Kb max_used=1226Kb free=5045Kb
 bounds [0x000001dabdc20000, 0x000001dabde90000, 0x000001dabe240000]
 total_blobs=6163 nmethods=5552 adapters=538
 compilation: enabled
              stopped_count=0, restarted_count=0
 full_count=0

Compilation events (10 events):
Event: 111.151 Thread 0x000001dad2156800 5550   !   1       org.apache.tomcat.util.net.NioEndpoint$NioSocketWrapper::doWrite (298 bytes)
Event: 111.154 Thread 0x000001dad2156800 nmethod 5550 0x000001dabea8f890 code [0x000001dabea8fb00, 0x000001dabea904e8]
Event: 111.154 Thread 0x000001dad2156800 5551       1       org.apache.tomcat.util.net.NioChannel::write (13 bytes)
Event: 111.155 Thread 0x000001dad2156800 nmethod 5551 0x000001dabea90a90 code [0x000001dabea90c60, 0x000001dabea90e58]
Event: 111.155 Thread 0x000001dad2156800 5552       1       org.apache.tomcat.util.net.NioChannel::checkInterruptStatus (23 bytes)
Event: 111.162 Thread 0x000001dad2156800 nmethod 5552 0x000001dabea90f90 code [0x000001dabea91160, 0x000001dabea91328]
Event: 111.462 Thread 0x000001dad2156800 5553       1       java.util.concurrent.locks.AbstractQueuedSynchronizer$Node::predecessor (19 bytes)
Event: 111.462 Thread 0x000001dad2156800 nmethod 5553 0x000001dabea91490 code [0x000001dabea91640, 0x000001dabea917a8]
Event: 114.612 Thread 0x000001dad2156800 5554       1       java.util.concurrent.ScheduledThreadPoolExecutor::canRunInCurrentRunState (61 bytes)
Event: 114.614 Thread 0x000001dad2156800 nmethod 5554 0x000001dabea91890 code [0x000001dabea91a40, 0x000001dabea91ca8]

GC Heap History (10 events):
Event: 47.973 GC heap before
{Heap before GC invocations=15 (full 0):
 garbage-first heap   total 95232K, used 70254K [0x00000000c1e00000, 0x0000000100000000)
  region size 1024K, 55 young (56320K), 5 survivors (5120K)
 Metaspace       used 49784K, capacity 51127K, committed 51280K, reserved 1093632K
  class space    used 6378K, capacity 6912K, committed 6912K, reserved 1048576K
}
Event: 47.998 GC heap after
{Heap after GC invocations=16 (full 0):
 garbage-first heap   total 95232K, used 21190K [0x00000000c1e00000, 0x0000000100000000)
  region size 1024K, 6 young (6144K), 6 survivors (6144K)
 Metaspace       used 49784K, capacity 51127K, committed 51280K, reserved 1093632K
  class space    used 6378K, capacity 6912K, committed 6912K, reserved 1048576K
}
Event: 52.281 GC heap before
{Heap before GC invocations=16 (full 0):
 garbage-first heap   total 95232K, used 71366K [0x00000000c1e00000, 0x0000000100000000)
  region size 1024K, 55 young (56320K), 6 survivors (6144K)
 Metaspace       used 52672K, capacity 54187K, committed 54352K, reserved 1095680K
  class space    used 6805K, capacity 7406K, committed 7424K, reserved 1048576K
}
Event: 52.315 GC heap after
{Heap after GC invocations=17 (full 0):
 garbage-first heap   total 95232K, used 23673K [0x00000000c1e00000, 0x0000000100000000)
  region size 1024K, 7 young (7168K), 7 survivors (7168K)
 Metaspace       used 52672K, capacity 54187K, committed 54352K, reserved 1095680K
  class space    used 6805K, capacity 7406K, committed 7424K, reserved 1048576K
}
Event: 54.992 GC heap before
{Heap before GC invocations=17 (full 0):
 garbage-first heap   total 95232K, used 72825K [0x00000000c1e00000, 0x0000000100000000)
  region size 1024K, 55 young (56320K), 7 survivors (7168K)
 Metaspace       used 55196K, capacity 56834K, committed 56912K, reserved 1097728K
  class space    used 7181K, capacity 7865K, committed 7936K, reserved 1048576K
}
Event: 55.049 GC heap after
{Heap after GC invocations=18 (full 0):
 garbage-first heap   total 95232K, used 27350K [0x00000000c1e00000, 0x0000000100000000)
  region size 1024K, 7 young (7168K), 7 survivors (7168K)
 Metaspace       used 55196K, capacity 56834K, committed 56912K, reserved 1097728K
  class space    used 7181K, capacity 7865K, committed 7936K, reserved 1048576K
}
Event: 58.013 GC heap before
{Heap before GC invocations=18 (full 0):
 garbage-first heap   total 95232K, used 75478K [0x00000000c1e00000, 0x0000000100000000)
  region size 1024K, 54 young (55296K), 7 survivors (7168K)
 Metaspace       used 56373K, capacity 58181K, committed 58320K, reserved 1099776K
  class space    used 7340K, capacity 8052K, committed 8064K, reserved 1048576K
}
Event: 58.065 GC heap after
{Heap after GC invocations=19 (full 0):
 garbage-first heap   total 95232K, used 31005K [0x00000000c1e00000, 0x0000000100000000)
  region size 1024K, 7 young (7168K), 7 survivors (7168K)
 Metaspace       used 56373K, capacity 58181K, committed 58320K, reserved 1099776K
  class space    used 7340K, capacity 8052K, committed 8064K, reserved 1048576K
}
Event: 59.383 GC heap before
{Heap before GC invocations=19 (full 0):
 garbage-first heap   total 95232K, used 46365K [0x00000000c1e00000, 0x0000000100000000)
  region size 1024K, 23 young (23552K), 7 survivors (7168K)
 Metaspace       used 58374K, capacity 60227K, committed 60296K, reserved 1101824K
  class space    used 7589K, capacity 8311K, committed 8320K, reserved 1048576K
}
Event: 59.413 GC heap after
{Heap after GC invocations=20 (full 0):
 garbage-first heap   total 95232K, used 30485K [0x00000000c1e00000, 0x0000000100000000)
  region size 1024K, 4 young (4096K), 4 survivors (4096K)
 Metaspace       used 58374K, capacity 60227K, committed 60296K, reserved 1101824K
  class space    used 7589K, capacity 8311K, committed 8320K, reserved 1048576K
}

Deoptimization events (0 events):
No events

Classes redefined (0 events):
No events

Internal exceptions (10 events):
Event: 58.261 Thread 0x000001dab3f84000 Exception <a 'java/lang/NoSuchMethodError'{0x00000000c753d1f8}: java.lang.invoke.DirectMethodHandle$Holder.invokeSpecial(Ljava/lang/Object;Ljava/lang/Object;Ljava/lang/Object;ILjava/lang/Object;I)Ljava/lang/Object;> (0x00000000c753d1f8) thrown at [./open/
Event: 58.263 Thread 0x000001dab3f84000 Exception <a 'java/lang/NoSuchMethodError'{0x00000000c75483a8}: java.lang.invoke.DirectMethodHandle$Holder.invokeVirtual(Ljava/lang/Object;Ljava/lang/Object;)V> (0x00000000c75483a8) thrown at [./open/src/hotspot/share/interpreter/linkResolver.cpp, line 77
Event: 58.579 Thread 0x000001dab3f84000 Exception <a 'java/lang/ClassNotFoundException'{0x00000000c7087290}: java/lang/ObjectCustomizer> (0x00000000c7087290) thrown at [./open/src/hotspot/share/classfile/systemDictionary.cpp, line 228]
Event: 58.581 Thread 0x000001dab3f84000 Exception <a 'java/lang/ClassNotFoundException'{0x00000000c709c568}: com/mindhub/homebanking/models/ClientCustomizer> (0x00000000c709c568) thrown at [./open/src/hotspot/share/classfile/systemDictionary.cpp, line 228]
Event: 59.290 Thread 0x000001dab3f84000 Exception <a 'java/lang/ClassNotFoundException'{0x00000000c6c97fa0}: java/lang/ObjectCustomizer> (0x00000000c6c97fa0) thrown at [./open/src/hotspot/share/classfile/systemDictionary.cpp, line 228]
Event: 59.291 Thread 0x000001dab3f84000 Exception <a 'java/lang/ClassNotFoundException'{0x00000000c6cad298}: com/mindhub/homebanking/models/AccountCustomizer> (0x00000000c6cad298) thrown at [./open/src/hotspot/share/classfile/systemDictionary.cpp, line 228]
Event: 59.660 Thread 0x000001dab3f84000 Exception <a 'java/lang/NoSuchMethodError'{0x00000000c7908ff0}: java.lang.invoke.DirectMethodHandle$Holder.invokeStaticInit(Ljava/lang/Object;Ljava/lang/Object;Ljava/lang/Object;Ljava/lang/Object;Ljava/lang/Object;Ljava/lang/Object;)Ljava/lang/Object;> (0
Event: 59.909 Thread 0x000001dab3f84000 Exception <a 'java/lang/ClassNotFoundException'{0x00000000c78c62f8}: java/lang/ObjectCustomizer> (0x00000000c78c62f8) thrown at [./open/src/hotspot/share/classfile/systemDictionary.cpp, line 228]
Event: 59.910 Thread 0x000001dab3f84000 Exception <a 'java/lang/ClassNotFoundException'{0x00000000c78dbe20}: com/mindhub/homebanking/models/TransactionCustomizer> (0x00000000c78dbe20) thrown at [./open/src/hotspot/share/classfile/systemDictionary.cpp, line 228]
Event: 108.229 Thread 0x000001dad4849000 Exception <a 'java/lang/NoSuchMethodError'{0x00000000c65e5598}: java.lang.invoke.DirectMethodHandle$Holder.invokeInterface(Ljava/lang/Object;Ljava/lang/Object;Ljava/lang/Object;Ljava/lang/Object;)Ljava/lang/Object;> (0x00000000c65e5598) thrown at [./open/

Events (10 events):
Event: 109.610 loading class org/hibernate/collection/internal/AbstractPersistentCollection$DelayedOperation done
Event: 109.742 loading class org/apache/coyote/http11/Constants
Event: 109.742 loading class org/apache/coyote/http11/Constants done
Event: 109.744 loading class org/apache/tomcat/util/buf/HexUtils
Event: 109.744 loading class org/apache/tomcat/util/buf/HexUtils done
Event: 111.379 Executing VM operation: RevokeBias
Event: 111.461 Executing VM operation: RevokeBias done
Event: 116.763 Executing VM operation: RevokeBias
Event: 116.764 Executing VM operation: RevokeBias done
Event: 116.765 Executing VM operation: RevokeBias


Dynamic libraries:
0x00007ff604c50000 - 0x00007ff604c5f000 	C:\Program Files\Java\jdk-11.0.12\bin\java.exe
0x00007ffffb0d0000 - 0x00007ffffb2c8000 	C:\WINDOWS\SYSTEM32\ntdll.dll
0x00007ffff9870000 - 0x00007ffff992f000 	C:\WINDOWS\System32\KERNEL32.DLL
0x00007ffff8a10000 - 0x00007ffff8ce2000 	C:\WINDOWS\System32\KERNELBASE.dll
0x00007ffff8d80000 - 0x00007ffff8e80000 	C:\WINDOWS\System32\ucrtbase.dll
0x00007ffff03c0000 - 0x00007ffff03d8000 	C:\Program Files\Java\jdk-11.0.12\bin\jli.dll
0x00007ffff9630000 - 0x00007ffff96de000 	C:\WINDOWS\System32\ADVAPI32.dll
0x00007ffff9510000 - 0x00007ffff95ae000 	C:\WINDOWS\System32\msvcrt.dll
0x00007ffff9940000 - 0x00007ffff99dc000 	C:\WINDOWS\System32\sechost.dll
0x00007ffff9740000 - 0x00007ffff9864000 	C:\WINDOWS\System32\RPCRT4.dll
0x00007ffffa930000 - 0x00007ffffaad1000 	C:\WINDOWS\System32\USER32.dll
0x00007ffff8e80000 - 0x00007ffff8ea2000 	C:\WINDOWS\System32\win32u.dll
0x00007ffff9450000 - 0x00007ffff947b000 	C:\WINDOWS\System32\GDI32.dll
0x00007ffff8eb0000 - 0x00007ffff8fbf000 	C:\WINDOWS\System32\gdi32full.dll
0x00007ffff8970000 - 0x00007ffff8a0d000 	C:\WINDOWS\System32\msvcp_win.dll
0x00007fffeb550000 - 0x00007fffeb565000 	C:\Program Files\Java\jdk-11.0.12\bin\VCRUNTIME140.dll
0x00007fffe9a40000 - 0x00007fffe9cda000 	C:\WINDOWS\WinSxS\amd64_microsoft.windows.common-controls_6595b64144ccf1df_6.0.19041.1110_none_60b5254171f9507e\COMCTL32.dll
0x00007fffe9ff0000 - 0x00007fffe9ffa000 	C:\WINDOWS\SYSTEM32\VERSION.dll
0x00007ffffab00000 - 0x00007ffffab30000 	C:\WINDOWS\System32\IMM32.DLL
0x00007fffdc6e0000 - 0x00007fffdc77b000 	C:\Program Files\Java\jdk-11.0.12\bin\msvcp140.dll
0x00007fffc6bb0000 - 0x00007fffc76af000 	C:\Program Files\Java\jdk-11.0.12\bin\server\jvm.dll
0x00007ffff9120000 - 0x00007ffff9128000 	C:\WINDOWS\System32\PSAPI.DLL
0x00007ffff4280000 - 0x00007ffff4289000 	C:\WINDOWS\SYSTEM32\WSOCK32.dll
0x00007ffff92b0000 - 0x00007ffff931b000 	C:\WINDOWS\System32\WS2_32.dll
0x00007fffdd060000 - 0x00007fffdd087000 	C:\WINDOWS\SYSTEM32\WINMM.dll
0x00007ffff6690000 - 0x00007ffff66a2000 	C:\WINDOWS\SYSTEM32\kernel.appcore.dll
0x00007fffed300000 - 0x00007fffed310000 	C:\Program Files\Java\jdk-11.0.12\bin\verify.dll
0x00007fffe4e70000 - 0x00007fffe5054000 	C:\WINDOWS\SYSTEM32\DBGHELP.DLL
0x00007fffe4e30000 - 0x00007fffe4e65000 	C:\WINDOWS\SYSTEM32\dbgcore.DLL
0x00007ffff8cf0000 - 0x00007ffff8d72000 	C:\WINDOWS\System32\bcryptPrimitives.dll
0x00007fffe9030000 - 0x00007fffe9058000 	C:\Program Files\Java\jdk-11.0.12\bin\java.dll
0x00007fffed120000 - 0x00007fffed12a000 	C:\Program Files\Java\jdk-11.0.12\bin\jimage.dll
0x00007fffe9dd0000 - 0x00007fffe9de6000 	C:\Program Files\Java\jdk-11.0.12\bin\zip.dll
0x00007ffffa1e0000 - 0x00007ffffa925000 	C:\WINDOWS\System32\SHELL32.dll
0x00007ffff6890000 - 0x00007ffff7022000 	C:\WINDOWS\SYSTEM32\windows.storage.dll
0x00007ffffab30000 - 0x00007ffffae85000 	C:\WINDOWS\System32\combase.dll
0x00007ffff8230000 - 0x00007ffff8260000 	C:\WINDOWS\SYSTEM32\Wldp.dll
0x00007ffff9130000 - 0x00007ffff91dd000 	C:\WINDOWS\System32\SHCORE.dll
0x00007ffffae90000 - 0x00007ffffaee5000 	C:\WINDOWS\System32\shlwapi.dll
0x00007ffff8710000 - 0x00007ffff872f000 	C:\WINDOWS\SYSTEM32\profapi.dll
0x00007fffe9cf0000 - 0x00007fffe9d09000 	C:\Program Files\Java\jdk-11.0.12\bin\net.dll
0x00007fffed740000 - 0x00007fffed84a000 	C:\WINDOWS\SYSTEM32\WINHTTP.dll
0x00007ffff7f20000 - 0x00007ffff7f8a000 	C:\WINDOWS\system32\mswsock.dll
0x00007fffe9100000 - 0x00007fffe9112000 	C:\Program Files\Java\jdk-11.0.12\bin\nio.dll
0x00007fffe89f0000 - 0x00007fffe89f9000 	C:\Program Files\Java\jdk-11.0.12\bin\management.dll
0x00007fffe5a90000 - 0x00007fffe5a9b000 	C:\Program Files\Java\jdk-11.0.12\bin\management_ext.dll
0x00007fffde2d0000 - 0x00007fffde2e7000 	C:\WINDOWS\system32\napinsp.dll
0x00007fffde2b0000 - 0x00007fffde2cb000 	C:\WINDOWS\system32\pnrpnsp.dll
0x00007ffff2d10000 - 0x00007ffff2d25000 	C:\WINDOWS\system32\wshbth.dll
0x00007ffff4170000 - 0x00007ffff418d000 	C:\WINDOWS\system32\NLAapi.dll
0x00007ffff7c10000 - 0x00007ffff7c4b000 	C:\WINDOWS\SYSTEM32\IPHLPAPI.DLL
0x00007ffff7c50000 - 0x00007ffff7d1b000 	C:\WINDOWS\SYSTEM32\DNSAPI.dll
0x00007ffffaef0000 - 0x00007ffffaef8000 	C:\WINDOWS\System32\NSI.dll
0x00007fffde1a0000 - 0x00007fffde1b2000 	C:\WINDOWS\System32\winrnr.dll
0x00007fffe75b0000 - 0x00007fffe75ba000 	C:\Windows\System32\rasadhlp.dll
0x00007fffe74d0000 - 0x00007fffe7550000 	C:\WINDOWS\System32\fwpuclnt.dll
0x00007ffff8890000 - 0x00007ffff88b7000 	C:\WINDOWS\System32\bcrypt.dll
0x00007ffff8110000 - 0x00007ffff8128000 	C:\WINDOWS\SYSTEM32\CRYPTSP.dll
0x00007ffff77d0000 - 0x00007ffff7804000 	C:\WINDOWS\system32\rsaenh.dll
0x00007ffff86d0000 - 0x00007ffff86fe000 	C:\WINDOWS\SYSTEM32\USERENV.dll
0x00007ffff8130000 - 0x00007ffff813c000 	C:\WINDOWS\SYSTEM32\CRYPTBASE.dll
0x00007fffeb4d0000 - 0x00007fffeb4e7000 	C:\WINDOWS\SYSTEM32\dhcpcsvc6.DLL
0x00007fffeb220000 - 0x00007fffeb23d000 	C:\WINDOWS\SYSTEM32\dhcpcsvc.DLL
0x00007fffe9060000 - 0x00007fffe9085000 	C:\Program Files\Java\jdk-11.0.12\bin\sunec.dll
0x00007ffff4250000 - 0x00007ffff425d000 	C:\Program Files\Java\jdk-11.0.12\bin\sunmscapi.dll
0x00007ffff8fc0000 - 0x00007ffff9116000 	C:\WINDOWS\System32\CRYPT32.dll
0x00007ffff82a0000 - 0x00007ffff82c7000 	C:\WINDOWS\SYSTEM32\ncrypt.dll
0x00007ffff8260000 - 0x00007ffff829b000 	C:\WINDOWS\SYSTEM32\NTASN1.dll

dbghelp: loaded successfully - version: 4.0.5 - missing functions: none
symbol engine: initialized successfully - sym options: 0x614 - pdb path: .;C:\Program Files\Java\jdk-11.0.12\bin;C:\WINDOWS\SYSTEM32;C:\WINDOWS\WinSxS\amd64_microsoft.windows.common-controls_6595b64144ccf1df_6.0.19041.1110_none_60b5254171f9507e;C:\Program Files\Java\jdk-11.0.12\bin\server

VM Arguments:
jvm_args: -Xverify:none -XX:TieredStopAtLevel=1 -Dfile.encoding=windows-1252 -Duser.country=AR -Duser.language=es -Duser.variant 
java_command: com.mindhub.homebanking.HomeBankingApplication
java_class_path (initial): C:\Users\EXEQUIEL\Desktop\Programación\MindHub\Cohorte 44\Modulo 3 JAVA\homebanking\homebanking\src\main\resources;C:\Users\EXEQUIEL\Desktop\Programación\MindHub\Cohorte 44\Modulo 3 JAVA\homebanking\homebanking\build\classes\java\main;C:\Users\EXEQUIEL\.gradle\caches\modules-2\files-2.1\com.h2database\h2\2.1.214\d5c2005c9e3279201e12d4776c948578b16bf8b2\h2-2.1.214.jar;C:\Users\EXEQUIEL\.gradle\caches\modules-2\files-2.1\jakarta.transaction\jakarta.transaction-api\1.3.3\c4179d48720a1e87202115fbed6089bdc4195405\jakarta.transaction-api-1.3.3.jar;C:\Users\EXEQUIEL\.gradle\caches\modules-2\files-2.1\jakarta.persistence\jakarta.persistence-api\2.2.3\8f6ea5daedc614f07a3654a455660145286f024e\jakarta.persistence-api-2.2.3.jar;C:\Users\EXEQUIEL\.gradle\caches\modules-2\files-2.1\org.hibernate\hibernate-core\5.6.15.Final\ab14b7cef1fdff654ca81923048a6034d6c7cfa7\hibernate-core-5.6.15.Final.jar;C:\Users\EXEQUIEL\.gradle\caches\modules-2\files-2.1\org.springframework.data\spring-data-jpa\2.7.10\dfb83414eb6a8609bd71dc3ddae82e973698a091\spring-data-jpa-2.7.10.jar;C:\Users\EXEQUIEL\.gradle\caches\modules-2\files-2.1\org.springframework\spring-aspects\5.3.26\a2614dbb277b9c7938776c6273a25e3f8342a23e\spring-aspects-5.3.26.jar;C:\Users\EXEQUIEL\.gradle\caches\modules-2\files-2.1\org.springframework.data\spring-data-rest-webmvc\3.7.10\d4f50023d02c8d7bc8f7069fff4fb144cbca427f\spring-data-rest-webmvc-3.7.10.jar;C:\Users\EXEQUIEL\.gradle\caches\modules-2\files-2.1\org.springframework\spring-webmvc\5.3.26\539e1d03decbec523b7ad87fb786fd0b1cf29ce\spring-webmvc-5.3.26.jar;C:\Users\EXEQUIEL\.gradle\caches\modules-2\files-2.1\org.springframework.data\spring-data-rest-core\3.7.10\dde31898ea985a388252a62b237bcf3ddd29c095\spring-data-rest-core-3.7.10.jar;C:\Users\EXEQUIEL\.gradle\caches\modules-2\files-2.1\org.springframework.hateoas\spring-hateoas\1.5.4\8c70b6a7bf26cd76c6e61934fd0bcb31ce2b873\spring-hateoas-1.5.4.jar;C:\Users\EXEQUIEL\.gradle\caches\modules-2\files-2.1\o
Launcher Type: SUN_STANDARD

[Global flags]
     bool BytecodeVerificationLocal                = false                                     {product} {command line}
     bool BytecodeVerificationRemote               = false                                     {product} {command line}
     intx CICompilerCount                          = 2                                         {product} {ergonomic}
     uint ConcGCThreads                            = 1                                         {product} {ergonomic}
     uint G1ConcRefinementThreads                  = 2                                         {product} {ergonomic}
   size_t G1HeapRegionSize                         = 1048576                                   {product} {ergonomic}
    uintx GCDrainStackTargetSize                   = 64                                        {product} {ergonomic}
   size_t InitialHeapSize                          = 67108864                                  {product} {ergonomic}
   size_t MarkStackSize                            = 4194304                                   {product} {ergonomic}
   size_t MaxHeapSize                              = 1042284544                                {product} {ergonomic}
   size_t MaxNewSize                               = 624951296                                 {product} {ergonomic}
   size_t MinHeapDeltaBytes                        = 1048576                                   {product} {ergonomic}
    uintx NonNMethodCodeHeapSize                   = 6396312                                {pd product} {ergonomic}
    uintx NonProfiledCodeHeapSize                  = 245261928                              {pd product} {ergonomic}
    uintx ProfiledCodeHeapSize                     = 0                                      {pd product} {ergonomic}
    uintx ReservedCodeCacheSize                    = 251658240                              {pd product} {ergonomic}
     bool SegmentedCodeCache                       = true                                      {product} {ergonomic}
     intx TieredStopAtLevel                        = 1                                         {product} {command line}
     bool UseCompressedClassPointers               = true                                 {lp64_product} {ergonomic}
     bool UseCompressedOops                        = true                                 {lp64_product} {ergonomic}
     bool UseG1GC                                  = true                                      {product} {ergonomic}
     bool UseLargePagesIndividualAllocation        = false                                  {pd product} {ergonomic}

Logging:
Log output configuration:
 #0: stdout all=warning uptime,level,tags
 #1: stderr all=off uptime,level,tags

Environment Variables:
PATH=C:\Program Files\Java\jdk-11.0.12\bin;C:\Program Files\Common Files\Oracle\Java\javapath;C:\WINDOWS\system32;C:\WINDOWS;C:\WINDOWS\System32\Wbem;C:\WINDOWS\System32\WindowsPowerShell\v1.0\;C:\WINDOWS\System32\OpenSSH\;C:\Program Files (x86)\Common Files\Propellerhead Software\ReWire\;C:\Program Files\Common Files\Propellerhead Software\ReWire\;C:\Program Files\dotnet\;C:\Program Files\nodejs\;C:\Program Files\Git\cmd;C:\Users\EXEQUIEL\AppData\Local\Microsoft\WindowsApps;C:\Users\EXEQUIEL\.dotnet\tools;C:\Users\EXEQUIEL\AppData\Local\Programs\Microsoft VS Code\bin;C:\Users\EXEQUIEL\AppData\Roaming\npm
USERNAME=Ezequiel
OS=Windows_NT
PROCESSOR_IDENTIFIER=Intel64 Family 6 Model 58 Stepping 9, GenuineIntel



---------------  S Y S T E M  ---------------

OS: Windows 10 , 64 bit Build 19041 (10.0.19041.2546)

CPU:total 2 (initial active 2) (2 cores per cpu, 1 threads per core) family 6 model 58 stepping 9 microcode 0x21, cmov, cx8, fxsr, mmx, sse, sse2, sse3, ssse3, sse4.1, sse4.2, popcnt, clmul, erms, tsc, tscinvbit, tscinv

Memory: 4k page, system-wide physical 3972M (280M free)
TotalPageFile size 6756M (AvailPageFile size 3M)
current process WorkingSet (physical memory assigned to process): 233M, peak: 236M
current process commit charge ("private bytes"): 266M, peak: 269M

vm_info: Java HotSpot(TM) 64-Bit Server VM (11.0.12+8-LTS-237) for windows-amd64 JRE (11.0.12+8-LTS-237), built on Jun  8 2021 11:25:59 by "mach5one" with MS VC++ 15.9 (VS2017)

END.
