#
# There is insufficient memory for the Java Runtime Environment to continue.
# Native memory allocation (malloc) failed to allocate 32744 bytes for ChunkPool::allocate
# Possible reasons:
#   The system is out of physical RAM or swap space
#   The process is running with CompressedOops enabled, and the Java Heap may be blocking the growth of the native heap
# Possible solutions:
#   Reduce memory load on the system
#   Increase physical memory or swap space
#   Check if swap backing store is full
#   Decrease Java heap size (-Xmx/-Xms)
#   Decrease number of Java threads
#   Decrease Java thread stack sizes (-Xss)
#   Set larger code cache with -XX:ReservedCodeCacheSize=
#   JVM is running with Unscaled Compressed Oops mode in which the Java heap is
#     placed in the first 4GB address space. The Java Heap base address is the
#     maximum limit for the native heap growth. Please use -XX:HeapBaseMinAddress
#     to set the Java Heap base and to place the Java Heap above 4GB virtual address.
# This output file may be truncated or incomplete.
#
#  Out of Memory Error (./open/src/hotspot/share/memory/arena.cpp:81), pid=4236, tid=4820
#
# JRE version: Java(TM) SE Runtime Environment 18.9 (11.0.12+8) (build 11.0.12+8-LTS-237)
# Java VM: Java HotSpot(TM) 64-Bit Server VM 18.9 (11.0.12+8-LTS-237, mixed mode, tiered, compressed oops, g1 gc, windows-amd64)
# No core dump will be written. Minidumps are not enabled by default on client versions of Windows
#

---------------  S U M M A R Y ------------

Command Line: --add-opens=java.base/java.util=ALL-UNNAMED --add-opens=java.base/java.lang=ALL-UNNAMED --add-opens=java.base/java.lang.invoke=ALL-UNNAMED --add-opens=java.prefs/java.util.prefs=ALL-UNNAMED --add-opens=java.base/java.nio.charset=ALL-UNNAMED --add-opens=java.base/java.net=ALL-UNNAMED --add-opens=java.base/java.util.concurrent.atomic=ALL-UNNAMED -XX:MaxMetaspaceSize=256m -XX:+HeapDumpOnOutOfMemoryError -Xms256m -Xmx512m -Dfile.encoding=windows-1252 -Duser.country=AR -Duser.language=es -Duser.variant org.gradle.launcher.daemon.bootstrap.GradleDaemon 7.6.1

Host: Intel(R) Celeron(R) CPU 1007U @ 1.50GHz, 2 cores, 3G,  Windows 10 , 64 bit Build 19041 (10.0.19041.2546)
Time: Fri Mar 31 20:25:17 2023 Hora estndar de Argentina elapsed time: 60.898305 seconds (0d 0h 1m 0s)

---------------  T H R E A D  ---------------

Current thread (0x00000202506bb000):  VMThread "VM Thread" [stack: 0x0000004ac0e00000,0x0000004ac0f00000] [id=4820] _threads_hazard_ptr=0x00000202531dcde0

Stack: [0x0000004ac0e00000,0x0000004ac0f00000]
[error occurred during error reporting (printing stack bounds), id 0xc0000005, EXCEPTION_ACCESS_VIOLATION (0xc0000005) at pc=0x000002023dbc0f3d]

Native frames: (J=compiled Java code, j=interpreted, Vv=VM code, C=native code)
V  [jvm.dll+0x617d9a]
V  [jvm.dll+0x74eeef]
V  [jvm.dll+0x750599]
V  [jvm.dll+0x750b85]
V  [jvm.dll+0x750b3b]
V  [jvm.dll+0x6175d3]
V  [jvm.dll+0x617998]
C  [ntdll.dll+0xa241f]
C  [ntdll.dll+0x514a4]
C  [ntdll.dll+0xa0f4e]
C  0x000002023dbc0f3d

VM_Operation (0x0000004ac21fe5c0): BulkRevokeBias, mode: safepoint, requested by thread 0x00000202528af800


---------------  P R O C E S S  ---------------

Threads class SMR info:
_java_thread_list=0x00000202531dcde0, length=65, elements={
0x00000202356f8000, 0x00000202506c1000, 0x00000202506c3000, 0x00000202506e6800,
0x00000202506e7800, 0x00000202506e9800, 0x00000202506ec800, 0x00000202506ed800,
0x00000202510c8800, 0x00000202511cd000, 0x0000020253547800, 0x00000202529c4000,
0x0000020251d39000, 0x0000020252477800, 0x0000020252a13800, 0x0000020252a14000,
0x0000020251345000, 0x00000202528af800, 0x00000202528b0000, 0x0000020252572000,
0x000002025313c000, 0x000002025313a000, 0x000002025313e800, 0x000002025313e000,
0x000002025313d000, 0x000002025313f800, 0x0000020253140800, 0x000002025313a800,
0x000002025313b800, 0x0000020254e1b000, 0x0000020254e1a000, 0x0000020254e1c000,
0x0000020254e18000, 0x0000020254e17000, 0x0000020254e1d800, 0x0000020254e1e800,
0x0000020254e18800, 0x0000020254e19800, 0x0000020254e23000, 0x0000020254e22800,
0x0000020254e1f000, 0x0000020254e20800, 0x0000020254e24000, 0x0000020254e25000,
0x0000020254e20000, 0x0000020254e21800, 0x000002025536b000, 0x0000020255367800,
0x0000020255365000, 0x0000020255369000, 0x000002025536a000, 0x0000020255368800,
0x0000020255366000, 0x000002025536b800, 0x000002025536c800, 0x0000020255366800,
0x0000020255371800, 0x0000020255373000, 0x0000020255372000, 0x000002025536e000,
0x000002025536d800, 0x0000020255374000, 0x000002025536f800, 0x0000020255370800,
0x000002025536f000
}

Java Threads: ( => current thread )
  0x00000202356f8000 JavaThread "main" [_thread_blocked, id=10624, stack(0x0000004ac0800000,0x0000004ac0900000)]
  0x00000202506c1000 JavaThread "Reference Handler" daemon [_thread_blocked, id=5796, stack(0x0000004ac0f00000,0x0000004ac1000000)]
  0x00000202506c3000 JavaThread "Finalizer" daemon [_thread_blocked, id=6476, stack(0x0000004ac1000000,0x0000004ac1100000)]
  0x00000202506e6800 JavaThread "Signal Dispatcher" daemon [_thread_blocked, id=10580, stack(0x0000004ac1100000,0x0000004ac1200000)]
  0x00000202506e7800 JavaThread "Attach Listener" daemon [_thread_blocked, id=5024, stack(0x0000004ac1200000,0x0000004ac1300000)]
  0x00000202506e9800 JavaThread "Service Thread" daemon [_thread_blocked, id=1100, stack(0x0000004ac1300000,0x0000004ac1400000)]
  0x00000202506ec800 JavaThread "C2 CompilerThread0" daemon [_thread_blocked, id=4936, stack(0x0000004ac1400000,0x0000004ac1500000)]
  0x00000202506ed800 JavaThread "C1 CompilerThread0" daemon [_thread_blocked, id=9244, stack(0x0000004ac1500000,0x0000004ac1600000)]
  0x00000202510c8800 JavaThread "Sweeper thread" daemon [_thread_blocked, id=9452, stack(0x0000004ac1600000,0x0000004ac1700000)]
  0x00000202511cd000 JavaThread "Common-Cleaner" daemon [_thread_blocked, id=7964, stack(0x0000004ac1700000,0x0000004ac1800000)]
  0x0000020253547800 JavaThread "Daemon health stats" [_thread_blocked, id=2796, stack(0x0000004ac1a00000,0x0000004ac1b00000)]
  0x00000202529c4000 JavaThread "Incoming local TCP Connector on port 58565" [_thread_in_native, id=9460, stack(0x0000004ac1b00000,0x0000004ac1c00000)]
  0x0000020251d39000 JavaThread "Daemon periodic checks" [_thread_blocked, id=2720, stack(0x0000004ac1c00000,0x0000004ac1d00000)]
  0x0000020252477800 JavaThread "Daemon" [_thread_blocked, id=3336, stack(0x0000004ac1d00000,0x0000004ac1e00000)]
  0x0000020252a13800 JavaThread "Handler for socket connection from /127.0.0.1:58565 to /127.0.0.1:58566" [_thread_in_native, id=8216, stack(0x0000004ac1e00000,0x0000004ac1f00000)]
  0x0000020252a14000 JavaThread "Cancel handler" [_thread_blocked, id=10720, stack(0x0000004ac1f00000,0x0000004ac2000000)]
  0x0000020251345000 JavaThread "Daemon worker" [_thread_blocked, id=9820, stack(0x0000004ac2000000,0x0000004ac2100000)]
  0x00000202528af800 JavaThread "Asynchronous log dispatcher for DefaultDaemonConnection: socket connection from /127.0.0.1:58565 to /127.0.0.1:58566" [_thread_blocked, id=4912, stack(0x0000004ac2100000,0x0000004ac2200000)]
  0x00000202528b0000 JavaThread "Stdin handler" [_thread_blocked, id=8272, stack(0x0000004ac2200000,0x0000004ac2300000)]
  0x0000020252572000 JavaThread "Daemon client event forwarder" [_thread_blocked, id=8328, stack(0x0000004ac2300000,0x0000004ac2400000)]
  0x000002025313c000 JavaThread "Cache worker for journal cache (C:\Users\EXEQUIEL\.gradle\caches\journal-1)" [_thread_blocked, id=1976, stack(0x0000004ac2400000,0x0000004ac2500000)]
  0x000002025313a000 JavaThread "File lock request listener" [_thread_in_native, id=7844, stack(0x0000004ac2500000,0x0000004ac2600000)]
  0x000002025313e800 JavaThread "Cache worker for file hash cache (C:\Users\EXEQUIEL\.gradle\caches\7.6.1\fileHashes)" [_thread_blocked, id=10980, stack(0x0000004ac2600000,0x0000004ac2700000)]
  0x000002025313e000 JavaThread "File watcher server" daemon [_thread_blocked, id=8164, stack(0x0000004ac2700000,0x0000004ac2800000)]
  0x000002025313d000 JavaThread "File watcher consumer" daemon [_thread_in_native, id=4992, stack(0x0000004ac2800000,0x0000004ac2900000)]
  0x000002025313f800 JavaThread "Cache worker for checksums cache (C:\Users\EXEQUIEL\Desktop\Programaci贸n\MindHub\Cohorte 44\Modulo 3 JAVA\homebanking\homebanking\.gradle\7.6.1\checksums)" [_thread_blocked, id=11028, stack(0x0000004ac2900000,0x0000004ac2a00000)]
  0x0000020253140800 JavaThread "Cache worker for cache directory md-rule (C:\Users\EXEQUIEL\.gradle\caches\7.6.1\md-rule)" [_thread_blocked, id=7664, stack(0x0000004ac2a00000,0x0000004ac2b00000)]
  0x000002025313a800 JavaThread "Cache worker for file content cache (C:\Users\EXEQUIEL\.gradle\caches\7.6.1\fileContent)" [_thread_blocked, id=9400, stack(0x0000004ac2b00000,0x0000004ac2c00000)]
  0x000002025313b800 JavaThread "Cache worker for file hash cache (C:\Users\EXEQUIEL\Desktop\Programaci贸n\MindHub\Cohorte 44\Modulo 3 JAVA\homebanking\homebanking\.gradle\7.6.1\fileHashes)" [_thread_blocked, id=3596, stack(0x0000004ac2c00000,0x0000004ac2d00000)]
  0x0000020254e1b000 JavaThread "Cache worker for cache directory md-supplier (C:\Users\EXEQUIEL\.gradle\caches\7.6.1\md-supplier)" [_thread_blocked, id=10204, stack(0x0000004ac2d00000,0x0000004ac2e00000)]
  0x0000020254e1a000 JavaThread "Cache worker for execution history cache (C:\Users\EXEQUIEL\.gradle\caches\7.6.1\executionHistory)" [_thread_blocked, id=9600, stack(0x0000004ac2e00000,0x0000004ac2f00000)]
  0x0000020254e1c000 JavaThread "jar transforms" [_thread_blocked, id=9844, stack(0x0000004ac2f00000,0x0000004ac3000000)]
  0x0000020254e18000 JavaThread "jar transforms Thread 2" [_thread_blocked, id=4476, stack(0x0000004ac3000000,0x0000004ac3100000)]
  0x0000020254e17000 JavaThread "Cache worker for dependencies-accessors (C:\Users\EXEQUIEL\Desktop\Programaci贸n\MindHub\Cohorte 44\Modulo 3 JAVA\homebanking\homebanking\.gradle\7.6.1\dependencies-accessors)" [_thread_blocked, id=592, stack(0x0000004ac3100000,0x0000004ac3200000)]
  0x0000020254e1d800 JavaThread "Cache worker for Build Output Cleanup Cache (C:\Users\EXEQUIEL\Desktop\Programaci贸n\MindHub\Cohorte 44\Modulo 3 JAVA\homebanking\homebanking\.gradle\buildOutputCleanup)" [_thread_blocked, id=11200, stack(0x0000004ac3200000,0x0000004ac3300000)]
  0x0000020254e1e800 JavaThread "Unconstrained build operations" [_thread_blocked, id=7548, stack(0x0000004ac3300000,0x0000004ac3400000)]
  0x0000020254e18800 JavaThread "Unconstrained build operations Thread 2" [_thread_blocked, id=2032, stack(0x0000004ac3400000,0x0000004ac3500000)]
  0x0000020254e19800 JavaThread "Unconstrained build operations Thread 3" [_thread_blocked, id=3084, stack(0x0000004ac3500000,0x0000004ac3600000)]
  0x0000020254e23000 JavaThread "Unconstrained build operations Thread 4" [_thread_blocked, id=9412, stack(0x0000004ac3600000,0x0000004ac3700000)]
  0x0000020254e22800 JavaThread "Unconstrained build operations Thread 5" [_thread_blocked, id=9324, stack(0x0000004ac3700000,0x0000004ac3800000)]
  0x0000020254e1f000 JavaThread "Unconstrained build operations Thread 6" [_thread_blocked, id=5792, stack(0x0000004ac3800000,0x0000004ac3900000)]
  0x0000020254e20800 JavaThread "Unconstrained build operations Thread 7" [_thread_blocked, id=5956, stack(0x0000004ac3900000,0x0000004ac3a00000)]
  0x0000020254e24000 JavaThread "Unconstrained build operations Thread 8" [_thread_blocked, id=652, stack(0x0000004ac3a00000,0x0000004ac3b00000)]
  0x0000020254e25000 JavaThread "Unconstrained build operations Thread 9" [_thread_blocked, id=10548, stack(0x0000004ac3b00000,0x0000004ac3c00000)]
  0x0000020254e20000 JavaThread "Unconstrained build operations Thread 10" [_thread_blocked, id=10732, stack(0x0000004ac3c00000,0x0000004ac3d00000)]
  0x0000020254e21800 JavaThread "Unconstrained build operations Thread 11" [_thread_blocked, id=7620, stack(0x0000004ac3d00000,0x0000004ac3e00000)]
  0x000002025536b000 JavaThread "Unconstrained build operations Thread 12" [_thread_blocked, id=9860, stack(0x0000004ac3e00000,0x0000004ac3f00000)]
  0x0000020255367800 JavaThread "Unconstrained build operations Thread 13" [_thread_blocked, id=9076, stack(0x0000004ac3f00000,0x0000004ac4000000)]
  0x0000020255365000 JavaThread "Unconstrained build operations Thread 14" [_thread_blocked, id=9776, stack(0x0000004ac4000000,0x0000004ac4100000)]
  0x0000020255369000 JavaThread "Unconstrained build operations Thread 15" [_thread_blocked, id=3044, stack(0x0000004ac4100000,0x0000004ac4200000)]
  0x000002025536a000 JavaThread "Unconstrained build operations Thread 16" [_thread_blocked, id=7368, stack(0x0000004ac4200000,0x0000004ac4300000)]
  0x0000020255368800 JavaThread "Unconstrained build operations Thread 17" [_thread_blocked, id=8508, stack(0x0000004ac4300000,0x0000004ac4400000)]
  0x0000020255366000 JavaThread "Unconstrained build operations Thread 18" [_thread_blocked, id=9308, stack(0x0000004ac4400000,0x0000004ac4500000)]
  0x000002025536b800 JavaThread "Memory manager" [_thread_blocked, id=8032, stack(0x0000004ac4500000,0x0000004ac4600000)]
  0x000002025536c800 JavaThread "included builds" [_thread_blocked, id=8384, stack(0x0000004ac0700000,0x0000004ac0800000)]
  0x0000020255366800 JavaThread "Execution worker" [_thread_blocked, id=6588, stack(0x0000004ac4600000,0x0000004ac4700000)]
  0x0000020255371800 JavaThread "Cache worker for execution history cache (C:\Users\EXEQUIEL\Desktop\Programaci贸n\MindHub\Cohorte 44\Modulo 3 JAVA\homebanking\homebanking\.gradle\7.6.1\executionHistory)" [_thread_blocked, id=9512, stack(0x0000004ac4700000,0x0000004ac4800000)]
  0x0000020255373000 JavaThread "Unconstrained build operations Thread 19" [_thread_blocked, id=7688, stack(0x0000004ac4800000,0x0000004ac4900000)]
  0x0000020255372000 JavaThread "Unconstrained build operations Thread 20" [_thread_blocked, id=1268, stack(0x0000004ac4900000,0x0000004ac4a00000)]
  0x000002025536e000 JavaThread "Cache worker for Java compile cache (C:\Users\EXEQUIEL\.gradle\caches\7.6.1\javaCompile)" [_thread_blocked, id=9228, stack(0x0000004ac4c00000,0x0000004ac4d00000)]
  0x000002025536d800 JavaThread "Build operations" [_thread_blocked, id=8820, stack(0x0000004ac4d00000,0x0000004ac4e00000)]
  0x0000020255374000 JavaThread "Build operations Thread 2" [_thread_blocked, id=752, stack(0x0000004ac4e00000,0x0000004ac4f00000)]
  0x000002025536f800 JavaThread "Exec process" [_thread_in_native, id=9976, stack(0x0000004ac4f00000,0x0000004ac5000000)]
  0x0000020255370800 JavaThread "Exec process Thread 2" [_thread_in_native, id=7020, stack(0x0000004ac5000000,0x0000004ac5100000)]
  0x000002025536f000 JavaThread "Exec process Thread 3" [_thread_in_native, id=9492, stack(0x0000004ac5100000,0x0000004ac5200000)]

Other Threads:
=>0x00000202506bb000 VMThread "VM Thread" [stack: 0x0000004ac0e00000,0x0000004ac0f00000] [id=4820] _threads_hazard_ptr=0x00000202531dcde0
  0x00000202511fe800 WatcherThread [stack: 0x0000004ac1800000,0x0000004ac1900000] [id=6728]
  0x000002023570d800 GCTaskThread "GC Thread#0" [stack: 0x0000004ac0900000,0x0000004ac0a00000] [id=9816]
  0x000002025143e000 GCTaskThread "GC Thread#1" [stack: 0x0000004ac1900000,0x0000004ac1a00000] [id=10928]
  0x000002023571e800 ConcurrentGCThread "G1 Main Marker" [stack: 0x0000004ac0a00000,0x0000004ac0b00000] [id=10588]
  0x0000020235721000 ConcurrentGCThread "G1 Conc#0" [stack: 0x0000004ac0b00000,0x0000004ac0c00000] [id=8676]
  0x0000020250536800 ConcurrentGCThread "G1 Refine#0" [stack: 0x0000004ac0c00000,0x0000004ac0d00000] [id=632]
  0x0000020250537800 ConcurrentGCThread "G1 Young RemSet Sampling" [stack: 0x0000004ac0d00000,0x0000004ac0e00000] [id=7860]

Threads with active compile tasks:
C1 CompilerThread0  60932 8899       1       java.io.ObjectStreamField::getField (5 bytes)

VM state:at safepoint (normal execution)

VM Mutex/Monitor currently owned by a thread:  ([mutex/lock_event])
[0x00000202356f3380] Threads_lock - owner thread: 0x00000202506bb000

Heap address: 0x00000000e0000000, size: 512 MB, Compressed Oops mode: 32-bit
Narrow klass base: 0x0000000000000000, Narrow klass shift: 3
Compressed class space size: 260046848 Address: 0x0000000100000000

Heap:
 garbage-first heap   total 262144K, used 182784K [0x00000000e0000000, 0x0000000100000000)
  region size 1024K, 121 young (123904K), 3 survivors (3072K)
 Metaspace       used 70559K, capacity 72944K, committed 73160K, reserved 321536K
  class space    used 9181K, capacity 10037K, committed 10112K, reserved 253952K
Heap Regions: E=young(eden), S=young(survivor), O=old, HS=humongous(starts), HC=humongous(continues), CS=collection set, F=free, A=archive, TAMS=top-at-mark-start (previous, next)
|   0|0x00000000e0000000, 0x00000000e0100000, 0x00000000e0100000|100%| O|  |TAMS 0x00000000e0100000, 0x00000000e0000000| Untracked 
|   1|0x00000000e0100000, 0x00000000e0200000, 0x00000000e0200000|100%|HS|  |TAMS 0x00000000e0200000, 0x00000000e0100000| Complete 
|   2|0x00000000e0200000, 0x00000000e0300000, 0x00000000e0300000|100%|HC|  |TAMS 0x00000000e0300000, 0x00000000e0200000| Complete 
|   3|0x00000000e0300000, 0x00000000e0400000, 0x00000000e0400000|100%|HC|  |TAMS 0x00000000e0400000, 0x00000000e0300000| Complete 
|   4|0x00000000e0400000, 0x00000000e0500000, 0x00000000e0500000|100%| O|  |TAMS 0x00000000e0500000, 0x00000000e0400000| Untracked 
|   5|0x00000000e0500000, 0x00000000e0600000, 0x00000000e0600000|100%| O|  |TAMS 0x00000000e0600000, 0x00000000e0500000| Untracked 
|   6|0x00000000e0600000, 0x00000000e0700000, 0x00000000e0700000|100%| O|  |TAMS 0x00000000e0700000, 0x00000000e0600000| Untracked 
|   7|0x00000000e0700000, 0x00000000e0800000, 0x00000000e0800000|100%| O|  |TAMS 0x00000000e0800000, 0x00000000e0700000| Untracked 
|   8|0x00000000e0800000, 0x00000000e0900000, 0x00000000e0900000|100%| O|  |TAMS 0x00000000e0900000, 0x00000000e0800000| Untracked 
|   9|0x00000000e0900000, 0x00000000e0a00000, 0x00000000e0a00000|100%| O|  |TAMS 0x00000000e0a00000, 0x00000000e0900000| Untracked 
|  10|0x00000000e0a00000, 0x00000000e0b00000, 0x00000000e0b00000|100%| O|  |TAMS 0x00000000e0b00000, 0x00000000e0a00000| Untracked 
|  11|0x00000000e0b00000, 0x00000000e0c00000, 0x00000000e0c00000|100%| O|  |TAMS 0x00000000e0c00000, 0x00000000e0b00000| Untracked 
|  12|0x00000000e0c00000, 0x00000000e0d00000, 0x00000000e0d00000|100%| O|  |TAMS 0x00000000e0d00000, 0x00000000e0c00000| Untracked 
|  13|0x00000000e0d00000, 0x00000000e0e00000, 0x00000000e0e00000|100%| O|  |TAMS 0x00000000e0e00000, 0x00000000e0d00000| Untracked 
|  14|0x00000000e0e00000, 0x00000000e0f00000, 0x00000000e0f00000|100%| O|  |TAMS 0x00000000e0f00000, 0x00000000e0e00000| Untracked 
|  15|0x00000000e0f00000, 0x00000000e1000000, 0x00000000e1000000|100%| O|  |TAMS 0x00000000e1000000, 0x00000000e0f00000| Untracked 
|  16|0x00000000e1000000, 0x00000000e1100000, 0x00000000e1100000|100%| O|  |TAMS 0x00000000e1100000, 0x00000000e1000000| Untracked 
|  17|0x00000000e1100000, 0x00000000e1200000, 0x00000000e1200000|100%| O|  |TAMS 0x00000000e1200000, 0x00000000e1100000| Untracked 
|  18|0x00000000e1200000, 0x00000000e1300000, 0x00000000e1300000|100%| O|  |TAMS 0x00000000e1300000, 0x00000000e1200000| Untracked 
|  19|0x00000000e1300000, 0x00000000e1400000, 0x00000000e1400000|100%| O|  |TAMS 0x00000000e1400000, 0x00000000e1300000| Untracked 
|  20|0x00000000e1400000, 0x00000000e1500000, 0x00000000e1500000|100%| O|  |TAMS 0x00000000e1500000, 0x00000000e1400000| Untracked 
|  21|0x00000000e1500000, 0x00000000e1600000, 0x00000000e1600000|100%| O|  |TAMS 0x00000000e1600000, 0x00000000e1500000| Untracked 
|  22|0x00000000e1600000, 0x00000000e1700000, 0x00000000e1700000|100%| O|  |TAMS 0x00000000e1700000, 0x00000000e1600000| Untracked 
|  23|0x00000000e1700000, 0x00000000e1800000, 0x00000000e1800000|100%| O|  |TAMS 0x00000000e1800000, 0x00000000e1700000| Untracked 
|  24|0x00000000e1800000, 0x00000000e1900000, 0x00000000e1900000|100%| O|  |TAMS 0x00000000e1900000, 0x00000000e1800000| Untracked 
|  25|0x00000000e1900000, 0x00000000e1a00000, 0x00000000e1a00000|100%| O|  |TAMS 0x00000000e1a00000, 0x00000000e1900000| Untracked 
|  26|0x00000000e1a00000, 0x00000000e1b00000, 0x00000000e1b00000|100%| O|  |TAMS 0x00000000e1b00000, 0x00000000e1a00000| Untracked 
|  27|0x00000000e1b00000, 0x00000000e1c00000, 0x00000000e1c00000|100%| O|  |TAMS 0x00000000e1c00000, 0x00000000e1b00000| Untracked 
|  28|0x00000000e1c00000, 0x00000000e1d00000, 0x00000000e1d00000|100%| O|  |TAMS 0x00000000e1d00000, 0x00000000e1c00000| Untracked 
|  29|0x00000000e1d00000, 0x00000000e1e00000, 0x00000000e1e00000|100%|HS|  |TAMS 0x00000000e1d00000, 0x00000000e1d00000| Complete 
|  30|0x00000000e1e00000, 0x00000000e1f00000, 0x00000000e1f00000|100%|HS|  |TAMS 0x00000000e1e00000, 0x00000000e1e00000| Complete 
|  31|0x00000000e1f00000, 0x00000000e2000000, 0x00000000e2000000|100%| O|  |TAMS 0x00000000e1f00000, 0x00000000e1f00000| Untracked 
|  32|0x00000000e2000000, 0x00000000e2100000, 0x00000000e2100000|100%| O|  |TAMS 0x00000000e2000000, 0x00000000e2000000| Untracked 
|  33|0x00000000e2100000, 0x00000000e2200000, 0x00000000e2200000|100%| O|  |TAMS 0x00000000e2100000, 0x00000000e2100000| Untracked 
|  34|0x00000000e2200000, 0x00000000e2300000, 0x00000000e2300000|100%| O|  |TAMS 0x00000000e2200000, 0x00000000e2200000| Untracked 
|  35|0x00000000e2300000, 0x00000000e2400000, 0x00000000e2400000|100%| O|  |TAMS 0x00000000e2300000, 0x00000000e2300000| Untracked 
|  36|0x00000000e2400000, 0x00000000e2500000, 0x00000000e2500000|100%| O|  |TAMS 0x00000000e2400000, 0x00000000e2400000| Untracked 
|  37|0x00000000e2500000, 0x00000000e2600000, 0x00000000e2600000|100%| O|  |TAMS 0x00000000e2500000, 0x00000000e2500000| Untracked 
|  38|0x00000000e2600000, 0x00000000e2700000, 0x00000000e2700000|100%| O|  |TAMS 0x00000000e2600000, 0x00000000e2600000| Untracked 
|  39|0x00000000e2700000, 0x00000000e2800000, 0x00000000e2800000|100%| O|  |TAMS 0x00000000e2700000, 0x00000000e2700000| Untracked 
|  40|0x00000000e2800000, 0x00000000e2900000, 0x00000000e2900000|100%| O|  |TAMS 0x00000000e2800000, 0x00000000e2800000| Untracked 
|  41|0x00000000e2900000, 0x00000000e2a00000, 0x00000000e2a00000|100%|HS|  |TAMS 0x00000000e2900000, 0x00000000e2900000| Complete 
|  42|0x00000000e2a00000, 0x00000000e2b00000, 0x00000000e2b00000|100%|HS|  |TAMS 0x00000000e2a00000, 0x00000000e2a00000| Complete 
|  43|0x00000000e2b00000, 0x00000000e2c00000, 0x00000000e2c00000|100%| O|  |TAMS 0x00000000e2b00000, 0x00000000e2b00000| Untracked 
|  44|0x00000000e2c00000, 0x00000000e2d00000, 0x00000000e2d00000|100%| O|  |TAMS 0x00000000e2c00000, 0x00000000e2c00000| Untracked 
|  45|0x00000000e2d00000, 0x00000000e2e00000, 0x00000000e2e00000|100%| O|  |TAMS 0x00000000e2d00000, 0x00000000e2d00000| Untracked 
|  46|0x00000000e2e00000, 0x00000000e2f00000, 0x00000000e2f00000|100%| O|  |TAMS 0x00000000e2e00000, 0x00000000e2e00000| Untracked 
|  47|0x00000000e2f00000, 0x00000000e3000000, 0x00000000e3000000|100%| O|  |TAMS 0x00000000e2f00000, 0x00000000e2f00000| Untracked 
|  48|0x00000000e3000000, 0x00000000e3100000, 0x00000000e3100000|100%| O|  |TAMS 0x00000000e3000000, 0x00000000e3000000| Untracked 
|  49|0x00000000e3100000, 0x00000000e3200000, 0x00000000e3200000|100%| O|  |TAMS 0x00000000e3100000, 0x00000000e3100000| Untracked 
|  50|0x00000000e3200000, 0x00000000e3300000, 0x00000000e3300000|100%| O|  |TAMS 0x00000000e3200000, 0x00000000e3200000| Untracked 
|  51|0x00000000e3300000, 0x00000000e3400000, 0x00000000e3400000|100%| O|  |TAMS 0x00000000e3300000, 0x00000000e3300000| Untracked 
|  52|0x00000000e3400000, 0x00000000e3500000, 0x00000000e3500000|100%| O|  |TAMS 0x00000000e3400000, 0x00000000e3400000| Untracked 
|  53|0x00000000e3500000, 0x00000000e3600000, 0x00000000e3600000|100%| O|  |TAMS 0x00000000e3500000, 0x00000000e3500000| Untracked 
|  54|0x00000000e3600000, 0x00000000e3700000, 0x00000000e3700000|100%| O|  |TAMS 0x00000000e3600000, 0x00000000e3600000| Untracked 
|  55|0x00000000e3700000, 0x00000000e3800000, 0x00000000e3800000|100%| O|  |TAMS 0x00000000e3700000, 0x00000000e3700000| Untracked 
|  56|0x00000000e3800000, 0x00000000e3900000, 0x00000000e3900000|100%| O|  |TAMS 0x00000000e3800000, 0x00000000e3800000| Untracked 
|  57|0x00000000e3900000, 0x00000000e3a00000, 0x00000000e3a00000|100%| O|  |TAMS 0x00000000e3900000, 0x00000000e3900000| Untracked 
|  58|0x00000000e3a00000, 0x00000000e3b00000, 0x00000000e3b00000|100%| O|  |TAMS 0x00000000e3a00000, 0x00000000e3a00000| Untracked 
|  59|0x00000000e3b00000, 0x00000000e3b80000, 0x00000000e3c00000| 50%| O|  |TAMS 0x00000000e3b00000, 0x00000000e3b00000| Untracked 
|  60|0x00000000e3c00000, 0x00000000e3c00000, 0x00000000e3d00000|  0%| F|  |TAMS 0x00000000e3c00000, 0x00000000e3c00000| Untracked 
|  61|0x00000000e3d00000, 0x00000000e3d00000, 0x00000000e3e00000|  0%| F|  |TAMS 0x00000000e3d00000, 0x00000000e3d00000| Untracked 
|  62|0x00000000e3e00000, 0x00000000e3e00000, 0x00000000e3f00000|  0%| F|  |TAMS 0x00000000e3e00000, 0x00000000e3e00000| Untracked 
|  63|0x00000000e3f00000, 0x00000000e3f00000, 0x00000000e4000000|  0%| F|  |TAMS 0x00000000e3f00000, 0x00000000e3f00000| Untracked 
|  64|0x00000000e4000000, 0x00000000e4000000, 0x00000000e4100000|  0%| F|  |TAMS 0x00000000e4000000, 0x00000000e4000000| Untracked 
|  65|0x00000000e4100000, 0x00000000e4100000, 0x00000000e4200000|  0%| F|  |TAMS 0x00000000e4100000, 0x00000000e4100000| Untracked 
|  66|0x00000000e4200000, 0x00000000e4200000, 0x00000000e4300000|  0%| F|  |TAMS 0x00000000e4200000, 0x00000000e4200000| Untracked 
|  67|0x00000000e4300000, 0x00000000e4300000, 0x00000000e4400000|  0%| F|  |TAMS 0x00000000e4300000, 0x00000000e4300000| Untracked 
|  68|0x00000000e4400000, 0x00000000e4400000, 0x00000000e4500000|  0%| F|  |TAMS 0x00000000e4400000, 0x00000000e4400000| Untracked 
|  69|0x00000000e4500000, 0x00000000e4500000, 0x00000000e4600000|  0%| F|  |TAMS 0x00000000e4500000, 0x00000000e4500000| Untracked 
|  70|0x00000000e4600000, 0x00000000e4600000, 0x00000000e4700000|  0%| F|  |TAMS 0x00000000e4600000, 0x00000000e4600000| Untracked 
|  71|0x00000000e4700000, 0x00000000e4700000, 0x00000000e4800000|  0%| F|  |TAMS 0x00000000e4700000, 0x00000000e4700000| Untracked 
|  72|0x00000000e4800000, 0x00000000e4800000, 0x00000000e4900000|  0%| F|  |TAMS 0x00000000e4800000, 0x00000000e4800000| Untracked 
|  73|0x00000000e4900000, 0x00000000e4900000, 0x00000000e4a00000|  0%| F|  |TAMS 0x00000000e4900000, 0x00000000e4900000| Untracked 
|  74|0x00000000e4a00000, 0x00000000e4a00000, 0x00000000e4b00000|  0%| F|  |TAMS 0x00000000e4a00000, 0x00000000e4a00000| Untracked 
|  75|0x00000000e4b00000, 0x00000000e4b00000, 0x00000000e4c00000|  0%| F|  |TAMS 0x00000000e4b00000, 0x00000000e4b00000| Untracked 
|  76|0x00000000e4c00000, 0x00000000e4c00000, 0x00000000e4d00000|  0%| F|  |TAMS 0x00000000e4c00000, 0x00000000e4c00000| Untracked 
|  77|0x00000000e4d00000, 0x00000000e4d00000, 0x00000000e4e00000|  0%| F|  |TAMS 0x00000000e4d00000, 0x00000000e4d00000| Untracked 
|  78|0x00000000e4e00000, 0x00000000e4e00000, 0x00000000e4f00000|  0%| F|  |TAMS 0x00000000e4e00000, 0x00000000e4e00000| Untracked 
|  79|0x00000000e4f00000, 0x00000000e4f00000, 0x00000000e5000000|  0%| F|  |TAMS 0x00000000e4f00000, 0x00000000e4f00000| Untracked 
|  80|0x00000000e5000000, 0x00000000e5000000, 0x00000000e5100000|  0%| F|  |TAMS 0x00000000e5000000, 0x00000000e5000000| Untracked 
|  81|0x00000000e5100000, 0x00000000e5100000, 0x00000000e5200000|  0%| F|  |TAMS 0x00000000e5100000, 0x00000000e5100000| Untracked 
|  82|0x00000000e5200000, 0x00000000e5200000, 0x00000000e5300000|  0%| F|  |TAMS 0x00000000e5200000, 0x00000000e5200000| Untracked 
|  83|0x00000000e5300000, 0x00000000e5300000, 0x00000000e5400000|  0%| F|  |TAMS 0x00000000e5300000, 0x00000000e5300000| Untracked 
|  84|0x00000000e5400000, 0x00000000e5400000, 0x00000000e5500000|  0%| F|  |TAMS 0x00000000e5400000, 0x00000000e5400000| Untracked 
|  85|0x00000000e5500000, 0x00000000e5500000, 0x00000000e5600000|  0%| F|  |TAMS 0x00000000e5500000, 0x00000000e5500000| Untracked 
|  86|0x00000000e5600000, 0x00000000e5600000, 0x00000000e5700000|  0%| F|  |TAMS 0x00000000e5600000, 0x00000000e5600000| Untracked 
|  87|0x00000000e5700000, 0x00000000e5700000, 0x00000000e5800000|  0%| F|  |TAMS 0x00000000e5700000, 0x00000000e5700000| Untracked 
|  88|0x00000000e5800000, 0x00000000e5800000, 0x00000000e5900000|  0%| F|  |TAMS 0x00000000e5800000, 0x00000000e5800000| Untracked 
|  89|0x00000000e5900000, 0x00000000e5900000, 0x00000000e5a00000|  0%| F|  |TAMS 0x00000000e5900000, 0x00000000e5900000| Untracked 
|  90|0x00000000e5a00000, 0x00000000e5a00000, 0x00000000e5b00000|  0%| F|  |TAMS 0x00000000e5a00000, 0x00000000e5a00000| Untracked 
|  91|0x00000000e5b00000, 0x00000000e5b00000, 0x00000000e5c00000|  0%| F|  |TAMS 0x00000000e5b00000, 0x00000000e5b00000| Untracked 
|  92|0x00000000e5c00000, 0x00000000e5c00000, 0x00000000e5d00000|  0%| F|  |TAMS 0x00000000e5c00000, 0x00000000e5c00000| Untracked 
|  93|0x00000000e5d00000, 0x00000000e5d00000, 0x00000000e5e00000|  0%| F|  |TAMS 0x00000000e5d00000, 0x00000000e5d00000| Untracked 
|  94|0x00000000e5e00000, 0x00000000e5e00000, 0x00000000e5f00000|  0%| F|  |TAMS 0x00000000e5e00000, 0x00000000e5e00000| Untracked 
|  95|0x00000000e5f00000, 0x00000000e5f00000, 0x00000000e6000000|  0%| F|  |TAMS 0x00000000e5f00000, 0x00000000e5f00000| Untracked 
|  96|0x00000000e6000000, 0x00000000e6000000, 0x00000000e6100000|  0%| F|  |TAMS 0x00000000e6000000, 0x00000000e6000000| Untracked 
|  97|0x00000000e6100000, 0x00000000e6100000, 0x00000000e6200000|  0%| F|  |TAMS 0x00000000e6100000, 0x00000000e6100000| Untracked 
|  98|0x00000000e6200000, 0x00000000e6200000, 0x00000000e6300000|  0%| F|  |TAMS 0x00000000e6200000, 0x00000000e6200000| Untracked 
|  99|0x00000000e6300000, 0x00000000e6300000, 0x00000000e6400000|  0%| F|  |TAMS 0x00000000e6300000, 0x00000000e6300000| Untracked 
| 100|0x00000000e6400000, 0x00000000e6400000, 0x00000000e6500000|  0%| F|  |TAMS 0x00000000e6400000, 0x00000000e6400000| Untracked 
| 101|0x00000000e6500000, 0x00000000e6500000, 0x00000000e6600000|  0%| F|  |TAMS 0x00000000e6500000, 0x00000000e6500000| Untracked 
| 102|0x00000000e6600000, 0x00000000e6600000, 0x00000000e6700000|  0%| F|  |TAMS 0x00000000e6600000, 0x00000000e6600000| Untracked 
| 103|0x00000000e6700000, 0x00000000e6700000, 0x00000000e6800000|  0%| F|  |TAMS 0x00000000e6700000, 0x00000000e6700000| Untracked 
| 104|0x00000000e6800000, 0x00000000e6800000, 0x00000000e6900000|  0%| F|  |TAMS 0x00000000e6800000, 0x00000000e6800000| Untracked 
| 105|0x00000000e6900000, 0x00000000e6900000, 0x00000000e6a00000|  0%| F|  |TAMS 0x00000000e6900000, 0x00000000e6900000| Untracked 
| 106|0x00000000e6a00000, 0x00000000e6a00000, 0x00000000e6b00000|  0%| F|  |TAMS 0x00000000e6a00000, 0x00000000e6a00000| Untracked 
| 107|0x00000000e6b00000, 0x00000000e6b00000, 0x00000000e6c00000|  0%| F|  |TAMS 0x00000000e6b00000, 0x00000000e6b00000| Untracked 
| 108|0x00000000e6c00000, 0x00000000e6c00000, 0x00000000e6d00000|  0%| F|  |TAMS 0x00000000e6c00000, 0x00000000e6c00000| Untracked 
| 109|0x00000000e6d00000, 0x00000000e6d00000, 0x00000000e6e00000|  0%| F|  |TAMS 0x00000000e6d00000, 0x00000000e6d00000| Untracked 
| 110|0x00000000e6e00000, 0x00000000e6e00000, 0x00000000e6f00000|  0%| F|  |TAMS 0x00000000e6e00000, 0x00000000e6e00000| Untracked 
| 111|0x00000000e6f00000, 0x00000000e6f00000, 0x00000000e7000000|  0%| F|  |TAMS 0x00000000e6f00000, 0x00000000e6f00000| Untracked 
| 112|0x00000000e7000000, 0x00000000e7000000, 0x00000000e7100000|  0%| F|  |TAMS 0x00000000e7000000, 0x00000000e7000000| Untracked 
| 113|0x00000000e7100000, 0x00000000e7100000, 0x00000000e7200000|  0%| F|  |TAMS 0x00000000e7100000, 0x00000000e7100000| Untracked 
| 114|0x00000000e7200000, 0x00000000e7200000, 0x00000000e7300000|  0%| F|  |TAMS 0x00000000e7200000, 0x00000000e7200000| Untracked 
| 115|0x00000000e7300000, 0x00000000e7300000, 0x00000000e7400000|  0%| F|  |TAMS 0x00000000e7300000, 0x00000000e7300000| Untracked 
| 116|0x00000000e7400000, 0x00000000e7400000, 0x00000000e7500000|  0%| F|  |TAMS 0x00000000e7400000, 0x00000000e7400000| Untracked 
| 117|0x00000000e7500000, 0x00000000e7500000, 0x00000000e7600000|  0%| F|  |TAMS 0x00000000e7500000, 0x00000000e7500000| Untracked 
| 118|0x00000000e7600000, 0x00000000e7600000, 0x00000000e7700000|  0%| F|  |TAMS 0x00000000e7600000, 0x00000000e7600000| Untracked 
| 119|0x00000000e7700000, 0x00000000e7700000, 0x00000000e7800000|  0%| F|  |TAMS 0x00000000e7700000, 0x00000000e7700000| Untracked 
| 120|0x00000000e7800000, 0x00000000e7900000, 0x00000000e7900000|100%| S|CS|TAMS 0x00000000e7800000, 0x00000000e7800000| Complete 
| 121|0x00000000e7900000, 0x00000000e7a00000, 0x00000000e7a00000|100%| S|CS|TAMS 0x00000000e7900000, 0x00000000e7900000| Complete 
| 122|0x00000000e7a00000, 0x00000000e7b00000, 0x00000000e7b00000|100%| S|CS|TAMS 0x00000000e7a00000, 0x00000000e7a00000| Complete 
| 123|0x00000000e7b00000, 0x00000000e7b00000, 0x00000000e7c00000|  0%| F|  |TAMS 0x00000000e7b00000, 0x00000000e7b00000| Untracked 
| 124|0x00000000e7c00000, 0x00000000e7c00000, 0x00000000e7d00000|  0%| F|  |TAMS 0x00000000e7c00000, 0x00000000e7c00000| Untracked 
| 125|0x00000000e7d00000, 0x00000000e7d00000, 0x00000000e7e00000|  0%| F|  |TAMS 0x00000000e7d00000, 0x00000000e7d00000| Untracked 
| 126|0x00000000e7e00000, 0x00000000e7e00000, 0x00000000e7f00000|  0%| F|  |TAMS 0x00000000e7e00000, 0x00000000e7e00000| Untracked 
| 127|0x00000000e7f00000, 0x00000000e7f00000, 0x00000000e8000000|  0%| F|  |TAMS 0x00000000e7f00000, 0x00000000e7f00000| Untracked 
| 128|0x00000000e8000000, 0x00000000e8000000, 0x00000000e8100000|  0%| F|  |TAMS 0x00000000e8000000, 0x00000000e8000000| Untracked 
| 129|0x00000000e8100000, 0x00000000e8100000, 0x00000000e8200000|  0%| F|  |TAMS 0x00000000e8100000, 0x00000000e8100000| Untracked 
| 130|0x00000000e8200000, 0x00000000e8200000, 0x00000000e8300000|  0%| F|  |TAMS 0x00000000e8200000, 0x00000000e8200000| Untracked 
| 131|0x00000000e8300000, 0x00000000e8300000, 0x00000000e8400000|  0%| F|  |TAMS 0x00000000e8300000, 0x00000000e8300000| Untracked 
| 132|0x00000000e8400000, 0x00000000e8400000, 0x00000000e8500000|  0%| F|  |TAMS 0x00000000e8400000, 0x00000000e8400000| Untracked 
| 133|0x00000000e8500000, 0x00000000e8500000, 0x00000000e8600000|  0%| F|  |TAMS 0x00000000e8500000, 0x00000000e8500000| Untracked 
| 134|0x00000000e8600000, 0x00000000e8600000, 0x00000000e8700000|  0%| F|  |TAMS 0x00000000e8600000, 0x00000000e8600000| Untracked 
| 135|0x00000000e8700000, 0x00000000e8700000, 0x00000000e8800000|  0%| F|  |TAMS 0x00000000e8700000, 0x00000000e8700000| Untracked 
| 136|0x00000000e8800000, 0x00000000e8800000, 0x00000000e8900000|  0%| F|  |TAMS 0x00000000e8800000, 0x00000000e8800000| Untracked 
| 137|0x00000000e8900000, 0x00000000e8900000, 0x00000000e8a00000|  0%| F|  |TAMS 0x00000000e8900000, 0x00000000e8900000| Untracked 
| 138|0x00000000e8a00000, 0x00000000e8ad5778, 0x00000000e8b00000| 83%| E|  |TAMS 0x00000000e8a00000, 0x00000000e8a00000| Complete 
| 139|0x00000000e8b00000, 0x00000000e8c00000, 0x00000000e8c00000|100%| E|CS|TAMS 0x00000000e8b00000, 0x00000000e8b00000| Complete 
| 140|0x00000000e8c00000, 0x00000000e8d00000, 0x00000000e8d00000|100%| E|CS|TAMS 0x00000000e8c00000, 0x00000000e8c00000| Complete 
| 141|0x00000000e8d00000, 0x00000000e8e00000, 0x00000000e8e00000|100%| E|CS|TAMS 0x00000000e8d00000, 0x00000000e8d00000| Complete 
| 142|0x00000000e8e00000, 0x00000000e8f00000, 0x00000000e8f00000|100%| E|CS|TAMS 0x00000000e8e00000, 0x00000000e8e00000| Complete 
| 143|0x00000000e8f00000, 0x00000000e9000000, 0x00000000e9000000|100%| E|CS|TAMS 0x00000000e8f00000, 0x00000000e8f00000| Complete 
| 144|0x00000000e9000000, 0x00000000e9100000, 0x00000000e9100000|100%| E|CS|TAMS 0x00000000e9000000, 0x00000000e9000000| Complete 
| 145|0x00000000e9100000, 0x00000000e9200000, 0x00000000e9200000|100%| E|CS|TAMS 0x00000000e9100000, 0x00000000e9100000| Complete 
| 146|0x00000000e9200000, 0x00000000e9300000, 0x00000000e9300000|100%| E|CS|TAMS 0x00000000e9200000, 0x00000000e9200000| Complete 
| 147|0x00000000e9300000, 0x00000000e9400000, 0x00000000e9400000|100%| E|CS|TAMS 0x00000000e9300000, 0x00000000e9300000| Complete 
| 148|0x00000000e9400000, 0x00000000e9500000, 0x00000000e9500000|100%| E|CS|TAMS 0x00000000e9400000, 0x00000000e9400000| Complete 
| 149|0x00000000e9500000, 0x00000000e9600000, 0x00000000e9600000|100%| E|CS|TAMS 0x00000000e9500000, 0x00000000e9500000| Complete 
| 150|0x00000000e9600000, 0x00000000e9700000, 0x00000000e9700000|100%| E|CS|TAMS 0x00000000e9600000, 0x00000000e9600000| Complete 
| 151|0x00000000e9700000, 0x00000000e9800000, 0x00000000e9800000|100%| E|CS|TAMS 0x00000000e9700000, 0x00000000e9700000| Complete 
| 152|0x00000000e9800000, 0x00000000e9900000, 0x00000000e9900000|100%| E|  |TAMS 0x00000000e9800000, 0x00000000e9800000| Complete 
| 153|0x00000000e9900000, 0x00000000e9a00000, 0x00000000e9a00000|100%| E|CS|TAMS 0x00000000e9900000, 0x00000000e9900000| Complete 
| 154|0x00000000e9a00000, 0x00000000e9b00000, 0x00000000e9b00000|100%| E|CS|TAMS 0x00000000e9a00000, 0x00000000e9a00000| Complete 
| 155|0x00000000e9b00000, 0x00000000e9c00000, 0x00000000e9c00000|100%| E|CS|TAMS 0x00000000e9b00000, 0x00000000e9b00000| Complete 
| 156|0x00000000e9c00000, 0x00000000e9d00000, 0x00000000e9d00000|100%| E|CS|TAMS 0x00000000e9c00000, 0x00000000e9c00000| Complete 
| 157|0x00000000e9d00000, 0x00000000e9e00000, 0x00000000e9e00000|100%| E|CS|TAMS 0x00000000e9d00000, 0x00000000e9d00000| Complete 
| 158|0x00000000e9e00000, 0x00000000e9f00000, 0x00000000e9f00000|100%| E|CS|TAMS 0x00000000e9e00000, 0x00000000e9e00000| Complete 
| 159|0x00000000e9f00000, 0x00000000ea000000, 0x00000000ea000000|100%| E|CS|TAMS 0x00000000e9f00000, 0x00000000e9f00000| Complete 
| 160|0x00000000ea000000, 0x00000000ea100000, 0x00000000ea100000|100%| E|CS|TAMS 0x00000000ea000000, 0x00000000ea000000| Complete 
| 161|0x00000000ea100000, 0x00000000ea200000, 0x00000000ea200000|100%| E|CS|TAMS 0x00000000ea100000, 0x00000000ea100000| Complete 
| 162|0x00000000ea200000, 0x00000000ea300000, 0x00000000ea300000|100%| E|CS|TAMS 0x00000000ea200000, 0x00000000ea200000| Complete 
| 163|0x00000000ea300000, 0x00000000ea400000, 0x00000000ea400000|100%| E|CS|TAMS 0x00000000ea300000, 0x00000000ea300000| Complete 
| 164|0x00000000ea400000, 0x00000000ea500000, 0x00000000ea500000|100%| E|CS|TAMS 0x00000000ea400000, 0x00000000ea400000| Complete 
| 165|0x00000000ea500000, 0x00000000ea600000, 0x00000000ea600000|100%| E|CS|TAMS 0x00000000ea500000, 0x00000000ea500000| Complete 
| 166|0x00000000ea600000, 0x00000000ea700000, 0x00000000ea700000|100%| E|CS|TAMS 0x00000000ea600000, 0x00000000ea600000| Complete 
| 167|0x00000000ea700000, 0x00000000ea800000, 0x00000000ea800000|100%| E|CS|TAMS 0x00000000ea700000, 0x00000000ea700000| Complete 
| 168|0x00000000ea800000, 0x00000000ea900000, 0x00000000ea900000|100%| E|CS|TAMS 0x00000000ea800000, 0x00000000ea800000| Complete 
| 169|0x00000000ea900000, 0x00000000eaa00000, 0x00000000eaa00000|100%| E|CS|TAMS 0x00000000ea900000, 0x00000000ea900000| Complete 
| 170|0x00000000eaa00000, 0x00000000eab00000, 0x00000000eab00000|100%| E|CS|TAMS 0x00000000eaa00000, 0x00000000eaa00000| Complete 
| 171|0x00000000eab00000, 0x00000000eac00000, 0x00000000eac00000|100%| E|CS|TAMS 0x00000000eab00000, 0x00000000eab00000| Complete 
| 172|0x00000000eac00000, 0x00000000ead00000, 0x00000000ead00000|100%| E|CS|TAMS 0x00000000eac00000, 0x00000000eac00000| Complete 
| 173|0x00000000ead00000, 0x00000000eae00000, 0x00000000eae00000|100%| E|CS|TAMS 0x00000000ead00000, 0x00000000ead00000| Complete 
| 174|0x00000000eae00000, 0x00000000eaf00000, 0x00000000eaf00000|100%| E|CS|TAMS 0x00000000eae00000, 0x00000000eae00000| Complete 
| 175|0x00000000eaf00000, 0x00000000eb000000, 0x00000000eb000000|100%| E|CS|TAMS 0x00000000eaf00000, 0x00000000eaf00000| Complete 
| 176|0x00000000eb000000, 0x00000000eb100000, 0x00000000eb100000|100%| E|CS|TAMS 0x00000000eb000000, 0x00000000eb000000| Complete 
| 177|0x00000000eb100000, 0x00000000eb200000, 0x00000000eb200000|100%| E|CS|TAMS 0x00000000eb100000, 0x00000000eb100000| Complete 
| 178|0x00000000eb200000, 0x00000000eb300000, 0x00000000eb300000|100%| E|CS|TAMS 0x00000000eb200000, 0x00000000eb200000| Complete 
| 179|0x00000000eb300000, 0x00000000eb400000, 0x00000000eb400000|100%| E|CS|TAMS 0x00000000eb300000, 0x00000000eb300000| Complete 
| 180|0x00000000eb400000, 0x00000000eb500000, 0x00000000eb500000|100%| E|CS|TAMS 0x00000000eb400000, 0x00000000eb400000| Complete 
| 181|0x00000000eb500000, 0x00000000eb600000, 0x00000000eb600000|100%| E|CS|TAMS 0x00000000eb500000, 0x00000000eb500000| Complete 
| 182|0x00000000eb600000, 0x00000000eb700000, 0x00000000eb700000|100%| E|CS|TAMS 0x00000000eb600000, 0x00000000eb600000| Complete 
| 183|0x00000000eb700000, 0x00000000eb800000, 0x00000000eb800000|100%| E|CS|TAMS 0x00000000eb700000, 0x00000000eb700000| Complete 
| 184|0x00000000eb800000, 0x00000000eb900000, 0x00000000eb900000|100%| E|CS|TAMS 0x00000000eb800000, 0x00000000eb800000| Complete 
| 185|0x00000000eb900000, 0x00000000eba00000, 0x00000000eba00000|100%| E|CS|TAMS 0x00000000eb900000, 0x00000000eb900000| Complete 
| 186|0x00000000eba00000, 0x00000000ebb00000, 0x00000000ebb00000|100%| E|CS|TAMS 0x00000000eba00000, 0x00000000eba00000| Complete 
| 187|0x00000000ebb00000, 0x00000000ebc00000, 0x00000000ebc00000|100%| E|CS|TAMS 0x00000000ebb00000, 0x00000000ebb00000| Complete 
| 188|0x00000000ebc00000, 0x00000000ebd00000, 0x00000000ebd00000|100%| E|CS|TAMS 0x00000000ebc00000, 0x00000000ebc00000| Complete 
| 189|0x00000000ebd00000, 0x00000000ebe00000, 0x00000000ebe00000|100%| E|CS|TAMS 0x00000000ebd00000, 0x00000000ebd00000| Complete 
| 190|0x00000000ebe00000, 0x00000000ebf00000, 0x00000000ebf00000|100%| E|CS|TAMS 0x00000000ebe00000, 0x00000000ebe00000| Complete 
| 191|0x00000000ebf00000, 0x00000000ec000000, 0x00000000ec000000|100%| E|CS|TAMS 0x00000000ebf00000, 0x00000000ebf00000| Complete 
| 192|0x00000000ec000000, 0x00000000ec100000, 0x00000000ec100000|100%| E|CS|TAMS 0x00000000ec000000, 0x00000000ec000000| Complete 
| 193|0x00000000ec100000, 0x00000000ec200000, 0x00000000ec200000|100%| E|CS|TAMS 0x00000000ec100000, 0x00000000ec100000| Complete 
| 194|0x00000000ec200000, 0x00000000ec300000, 0x00000000ec300000|100%| E|CS|TAMS 0x00000000ec200000, 0x00000000ec200000| Complete 
| 195|0x00000000ec300000, 0x00000000ec400000, 0x00000000ec400000|100%| E|CS|TAMS 0x00000000ec300000, 0x00000000ec300000| Complete 
| 196|0x00000000ec400000, 0x00000000ec500000, 0x00000000ec500000|100%| E|CS|TAMS 0x00000000ec400000, 0x00000000ec400000| Complete 
| 197|0x00000000ec500000, 0x00000000ec600000, 0x00000000ec600000|100%| E|CS|TAMS 0x00000000ec500000, 0x00000000ec500000| Complete 
| 198|0x00000000ec600000, 0x00000000ec700000, 0x00000000ec700000|100%| E|CS|TAMS 0x00000000ec600000, 0x00000000ec600000| Complete 
| 199|0x00000000ec700000, 0x00000000ec800000, 0x00000000ec800000|100%| E|CS|TAMS 0x00000000ec700000, 0x00000000ec700000| Complete 
| 200|0x00000000ec800000, 0x00000000ec900000, 0x00000000ec900000|100%| E|CS|TAMS 0x00000000ec800000, 0x00000000ec800000| Complete 
| 201|0x00000000ec900000, 0x00000000eca00000, 0x00000000eca00000|100%| E|CS|TAMS 0x00000000ec900000, 0x00000000ec900000| Complete 
| 202|0x00000000eca00000, 0x00000000ecb00000, 0x00000000ecb00000|100%| E|CS|TAMS 0x00000000eca00000, 0x00000000eca00000| Complete 
| 203|0x00000000ecb00000, 0x00000000ecc00000, 0x00000000ecc00000|100%| E|CS|TAMS 0x00000000ecb00000, 0x00000000ecb00000| Complete 
| 204|0x00000000ecc00000, 0x00000000ecd00000, 0x00000000ecd00000|100%| E|CS|TAMS 0x00000000ecc00000, 0x00000000ecc00000| Complete 
| 205|0x00000000ecd00000, 0x00000000ece00000, 0x00000000ece00000|100%| E|CS|TAMS 0x00000000ecd00000, 0x00000000ecd00000| Complete 
| 206|0x00000000ece00000, 0x00000000ecf00000, 0x00000000ecf00000|100%| E|CS|TAMS 0x00000000ece00000, 0x00000000ece00000| Complete 
| 207|0x00000000ecf00000, 0x00000000ed000000, 0x00000000ed000000|100%| E|CS|TAMS 0x00000000ecf00000, 0x00000000ecf00000| Complete 
| 208|0x00000000ed000000, 0x00000000ed100000, 0x00000000ed100000|100%| E|CS|TAMS 0x00000000ed000000, 0x00000000ed000000| Complete 
| 209|0x00000000ed100000, 0x00000000ed200000, 0x00000000ed200000|100%| E|CS|TAMS 0x00000000ed100000, 0x00000000ed100000| Complete 
| 210|0x00000000ed200000, 0x00000000ed300000, 0x00000000ed300000|100%| E|CS|TAMS 0x00000000ed200000, 0x00000000ed200000| Complete 
| 211|0x00000000ed300000, 0x00000000ed400000, 0x00000000ed400000|100%| E|CS|TAMS 0x00000000ed300000, 0x00000000ed300000| Complete 
| 212|0x00000000ed400000, 0x00000000ed500000, 0x00000000ed500000|100%| E|CS|TAMS 0x00000000ed400000, 0x00000000ed400000| Complete 
| 213|0x00000000ed500000, 0x00000000ed600000, 0x00000000ed600000|100%| E|CS|TAMS 0x00000000ed500000, 0x00000000ed500000| Complete 
| 214|0x00000000ed600000, 0x00000000ed700000, 0x00000000ed700000|100%| E|CS|TAMS 0x00000000ed600000, 0x00000000ed600000| Complete 
| 215|0x00000000ed700000, 0x00000000ed800000, 0x00000000ed800000|100%| E|CS|TAMS 0x00000000ed700000, 0x00000000ed700000| Complete 
| 216|0x00000000ed800000, 0x00000000ed900000, 0x00000000ed900000|100%| E|CS|TAMS 0x00000000ed800000, 0x00000000ed800000| Complete 
| 217|0x00000000ed900000, 0x00000000eda00000, 0x00000000eda00000|100%| E|CS|TAMS 0x00000000ed900000, 0x00000000ed900000| Complete 
| 218|0x00000000eda00000, 0x00000000edb00000, 0x00000000edb00000|100%| E|CS|TAMS 0x00000000eda00000, 0x00000000eda00000| Complete 
| 219|0x00000000edb00000, 0x00000000edc00000, 0x00000000edc00000|100%| E|CS|TAMS 0x00000000edb00000, 0x00000000edb00000| Complete 
| 220|0x00000000edc00000, 0x00000000edd00000, 0x00000000edd00000|100%| E|CS|TAMS 0x00000000edc00000, 0x00000000edc00000| Complete 
| 221|0x00000000edd00000, 0x00000000ede00000, 0x00000000ede00000|100%| E|CS|TAMS 0x00000000edd00000, 0x00000000edd00000| Complete 
| 222|0x00000000ede00000, 0x00000000edf00000, 0x00000000edf00000|100%| E|CS|TAMS 0x00000000ede00000, 0x00000000ede00000| Complete 
| 223|0x00000000edf00000, 0x00000000ee000000, 0x00000000ee000000|100%| E|CS|TAMS 0x00000000edf00000, 0x00000000edf00000| Complete 
| 224|0x00000000ee000000, 0x00000000ee100000, 0x00000000ee100000|100%| E|CS|TAMS 0x00000000ee000000, 0x00000000ee000000| Complete 
| 225|0x00000000ee100000, 0x00000000ee200000, 0x00000000ee200000|100%| E|CS|TAMS 0x00000000ee100000, 0x00000000ee100000| Complete 
| 226|0x00000000ee200000, 0x00000000ee300000, 0x00000000ee300000|100%| E|CS|TAMS 0x00000000ee200000, 0x00000000ee200000| Complete 
| 227|0x00000000ee300000, 0x00000000ee400000, 0x00000000ee400000|100%| E|CS|TAMS 0x00000000ee300000, 0x00000000ee300000| Complete 
| 228|0x00000000ee400000, 0x00000000ee500000, 0x00000000ee500000|100%| E|CS|TAMS 0x00000000ee400000, 0x00000000ee400000| Complete 
| 229|0x00000000ee500000, 0x00000000ee600000, 0x00000000ee600000|100%| E|CS|TAMS 0x00000000ee500000, 0x00000000ee500000| Complete 
| 230|0x00000000ee600000, 0x00000000ee700000, 0x00000000ee700000|100%| E|CS|TAMS 0x00000000ee600000, 0x00000000ee600000| Complete 
| 231|0x00000000ee700000, 0x00000000ee800000, 0x00000000ee800000|100%| E|CS|TAMS 0x00000000ee700000, 0x00000000ee700000| Complete 
| 232|0x00000000ee800000, 0x00000000ee900000, 0x00000000ee900000|100%| E|CS|TAMS 0x00000000ee800000, 0x00000000ee800000| Complete 
| 233|0x00000000ee900000, 0x00000000eea00000, 0x00000000eea00000|100%| E|CS|TAMS 0x00000000ee900000, 0x00000000ee900000| Complete 
| 234|0x00000000eea00000, 0x00000000eeb00000, 0x00000000eeb00000|100%| E|CS|TAMS 0x00000000eea00000, 0x00000000eea00000| Complete 
| 235|0x00000000eeb00000, 0x00000000eec00000, 0x00000000eec00000|100%| E|CS|TAMS 0x00000000eeb00000, 0x00000000eeb00000| Complete 
| 236|0x00000000eec00000, 0x00000000eed00000, 0x00000000eed00000|100%| E|CS|TAMS 0x00000000eec00000, 0x00000000eec00000| Complete 
| 237|0x00000000eed00000, 0x00000000eee00000, 0x00000000eee00000|100%| E|CS|TAMS 0x00000000eed00000, 0x00000000eed00000| Complete 
| 238|0x00000000eee00000, 0x00000000eef00000, 0x00000000eef00000|100%| E|CS|TAMS 0x00000000eee00000, 0x00000000eee00000| Complete 
| 239|0x00000000eef00000, 0x00000000ef000000, 0x00000000ef000000|100%| E|CS|TAMS 0x00000000eef00000, 0x00000000eef00000| Complete 
| 240|0x00000000ef000000, 0x00000000ef100000, 0x00000000ef100000|100%| E|CS|TAMS 0x00000000ef000000, 0x00000000ef000000| Complete 
| 241|0x00000000ef100000, 0x00000000ef200000, 0x00000000ef200000|100%| E|CS|TAMS 0x00000000ef100000, 0x00000000ef100000| Complete 
| 242|0x00000000ef200000, 0x00000000ef300000, 0x00000000ef300000|100%| E|CS|TAMS 0x00000000ef200000, 0x00000000ef200000| Complete 
| 243|0x00000000ef300000, 0x00000000ef400000, 0x00000000ef400000|100%| E|CS|TAMS 0x00000000ef300000, 0x00000000ef300000| Complete 
| 244|0x00000000ef400000, 0x00000000ef500000, 0x00000000ef500000|100%| E|CS|TAMS 0x00000000ef400000, 0x00000000ef400000| Complete 
| 245|0x00000000ef500000, 0x00000000ef600000, 0x00000000ef600000|100%| E|CS|TAMS 0x00000000ef500000, 0x00000000ef500000| Complete 
| 246|0x00000000ef600000, 0x00000000ef700000, 0x00000000ef700000|100%| E|CS|TAMS 0x00000000ef600000, 0x00000000ef600000| Complete 
| 247|0x00000000ef700000, 0x00000000ef800000, 0x00000000ef800000|100%| E|CS|TAMS 0x00000000ef700000, 0x00000000ef700000| Complete 
| 248|0x00000000ef800000, 0x00000000ef900000, 0x00000000ef900000|100%| E|CS|TAMS 0x00000000ef800000, 0x00000000ef800000| Complete 
| 249|0x00000000ef900000, 0x00000000efa00000, 0x00000000efa00000|100%| E|CS|TAMS 0x00000000ef900000, 0x00000000ef900000| Complete 
| 250|0x00000000efa00000, 0x00000000efb00000, 0x00000000efb00000|100%| E|CS|TAMS 0x00000000efa00000, 0x00000000efa00000| Complete 
| 251|0x00000000efb00000, 0x00000000efc00000, 0x00000000efc00000|100%| E|CS|TAMS 0x00000000efb00000, 0x00000000efb00000| Complete 
| 252|0x00000000efc00000, 0x00000000efd00000, 0x00000000efd00000|100%| E|CS|TAMS 0x00000000efc00000, 0x00000000efc00000| Complete 
| 253|0x00000000efd00000, 0x00000000efe00000, 0x00000000efe00000|100%| E|CS|TAMS 0x00000000efd00000, 0x00000000efd00000| Complete 
| 254|0x00000000efe00000, 0x00000000eff00000, 0x00000000eff00000|100%| E|CS|TAMS 0x00000000efe00000, 0x00000000efe00000| Complete 
| 255|0x00000000eff00000, 0x00000000f0000000, 0x00000000f0000000|100%| E|CS|TAMS 0x00000000eff00000, 0x00000000eff00000| Complete 

Card table byte_map: [0x000002024d0d0000,0x000002024d1d0000] _byte_map_base: 0x000002024c9d0000

Marking Bits (Prev, Next): (CMBitMap*) 0x000002023571bd50, (CMBitMap*) 0x000002023571bd18
 Prev Bits: [0x000002024dad0000, 0x000002024e2d0000)
 Next Bits: [0x000002024d2d0000, 0x000002024dad0000)

Polling page: 0x0000020233f10000

Metaspace:

Usage:
  Non-class:     61.43 MB capacity,    59.94 MB ( 98%) used,     1.24 MB (  2%) free+waste,   255.75 KB ( <1%) overhead. 
      Class:      9.80 MB capacity,     8.97 MB ( 91%) used,   733.85 KB (  7%) free+waste,   121.50 KB (  1%) overhead. 
       Both:     71.23 MB capacity,    68.91 MB ( 97%) used,     1.96 MB (  3%) free+waste,   377.25 KB ( <1%) overhead. 

Virtual space:
  Non-class space:       66.00 MB reserved,      61.57 MB ( 93%) committed 
      Class space:      248.00 MB reserved,       9.88 MB (  4%) committed 
             Both:      314.00 MB reserved,      71.45 MB ( 23%) committed 

Chunk freelists:
   Non-Class:  1.63 KB
       Class:  1.38 KB
        Both:  3.00 KB

CodeHeap 'non-profiled nmethods': size=120064Kb used=5374Kb max_used=5374Kb free=114689Kb
 bounds [0x0000020245680000, 0x0000020245bc0000, 0x000002024cbc0000]
CodeHeap 'profiled nmethods': size=120000Kb used=19371Kb max_used=19371Kb free=100628Kb
 bounds [0x000002023e150000, 0x000002023f440000, 0x0000020245680000]
CodeHeap 'non-nmethods': size=5696Kb used=2246Kb max_used=2279Kb free=3449Kb
 bounds [0x000002023dbc0000, 0x000002023de30000, 0x000002023e150000]
 total_blobs=9707 nmethods=8861 adapters=758
 compilation: enabled
              stopped_count=0, restarted_count=0
 full_count=0

Compilation events (10 events):
Event: 60.854 Thread 0x00000202506ed800 nmethod 8892 0x000002023f433090 code [0x000002023f433280, 0x000002023f433728]
Event: 60.854 Thread 0x00000202506ed800 8893       3       java.io.OutputStreamWriter::flushBuffer (8 bytes)
Event: 60.854 Thread 0x00000202506ed800 nmethod 8893 0x000002023f433910 code [0x000002023f433ac0, 0x000002023f433be8]
Event: 60.855 Thread 0x00000202506ed800 8894   !   3       java.io.PrintStream::write (83 bytes)
Event: 60.856 Thread 0x00000202506ed800 nmethod 8894 0x000002023f433c90 code [0x000002023f433f20, 0x000002023f434bd8]
Event: 60.884 Thread 0x00000202506ed800 8895       3       java.io.ObjectOutputStream$BlockDataOutputStream::writeShort (47 bytes)
Event: 60.885 Thread 0x00000202506ed800 nmethod 8895 0x000002023f435210 code [0x000002023f435400, 0x000002023f4358d8]
Event: 60.885 Thread 0x00000202506ed800 8896   !   3       java.io.ObjectOutputStream::writeObject0 (619 bytes)
Event: 60.893 Thread 0x00000202506ed800 nmethod 8896 0x000002023f435b10 code [0x000002023f436140, 0x000002023f4397f8]
Event: 60.893 Thread 0x00000202506ed800 8899       1       java.io.ObjectStreamField::getField (5 bytes)

GC Heap History (10 events):
Event: 29.942 GC heap before
{Heap before GC invocations=12 (full 0):
 garbage-first heap   total 262144K, used 155253K [0x00000000e0000000, 0x0000000100000000)
  region size 1024K, 136 young (139264K), 15 survivors (15360K)
 Metaspace       used 55571K, capacity 57242K, committed 57392K, reserved 305152K
  class space    used 7337K, capacity 7991K, committed 8064K, reserved 253952K
}
Event: 30.056 GC heap after
{Heap after GC invocations=13 (full 0):
 garbage-first heap   total 262144K, used 37453K [0x00000000e0000000, 0x0000000100000000)
  region size 1024K, 15 young (15360K), 15 survivors (15360K)
 Metaspace       used 55571K, capacity 57242K, committed 57392K, reserved 305152K
  class space    used 7337K, capacity 7991K, committed 8064K, reserved 253952K
}
Event: 32.213 GC heap before
{Heap before GC invocations=13 (full 0):
 garbage-first heap   total 262144K, used 69197K [0x00000000e0000000, 0x0000000100000000)
  region size 1024K, 48 young (49152K), 15 survivors (15360K)
 Metaspace       used 57873K, capacity 59819K, committed 59952K, reserved 307200K
  class space    used 7728K, capacity 8476K, committed 8576K, reserved 253952K
}
Event: 32.272 GC heap after
{Heap after GC invocations=14 (full 0):
 garbage-first heap   total 262144K, used 40448K [0x00000000e0000000, 0x0000000100000000)
  region size 1024K, 11 young (11264K), 11 survivors (11264K)
 Metaspace       used 57873K, capacity 59819K, committed 59952K, reserved 307200K
  class space    used 7728K, capacity 8476K, committed 8576K, reserved 253952K
}
Event: 42.778 GC heap before
{Heap before GC invocations=15 (full 0):
 garbage-first heap   total 262144K, used 185856K [0x00000000e0000000, 0x0000000100000000)
  region size 1024K, 153 young (156672K), 11 survivors (11264K)
 Metaspace       used 61653K, capacity 63777K, committed 64072K, reserved 309248K
  class space    used 8060K, capacity 8854K, committed 8960K, reserved 253952K
}
Event: 42.872 GC heap after
{Heap after GC invocations=16 (full 0):
 garbage-first heap   total 262144K, used 45568K [0x00000000e0000000, 0x0000000100000000)
  region size 1024K, 16 young (16384K), 16 survivors (16384K)
 Metaspace       used 61653K, capacity 63777K, committed 64072K, reserved 309248K
  class space    used 8060K, capacity 8854K, committed 8960K, reserved 253952K
}
Event: 47.348 GC heap before
{Heap before GC invocations=16 (full 0):
 garbage-first heap   total 262144K, used 186880K [0x00000000e0000000, 0x0000000100000000)
  region size 1024K, 153 young (156672K), 16 survivors (16384K)
 Metaspace       used 68163K, capacity 70463K, committed 70600K, reserved 315392K
  class space    used 8896K, capacity 9740K, committed 9856K, reserved 253952K
}
Event: 47.462 GC heap after
{Heap after GC invocations=17 (full 0):
 garbage-first heap   total 262144K, used 60892K [0x00000000e0000000, 0x0000000100000000)
  region size 1024K, 20 young (20480K), 20 survivors (20480K)
 Metaspace       used 68163K, capacity 70463K, committed 70600K, reserved 315392K
  class space    used 8896K, capacity 9740K, committed 9856K, reserved 253952K
}
Event: 51.033 GC heap before
{Heap before GC invocations=17 (full 0):
 garbage-first heap   total 262144K, used 199132K [0x00000000e0000000, 0x0000000100000000)
  region size 1024K, 153 young (156672K), 20 survivors (20480K)
 Metaspace       used 70055K, capacity 72366K, committed 72520K, reserved 317440K
  class space    used 9124K, capacity 9978K, committed 9984K, reserved 253952K
}
Event: 51.116 GC heap after
{Heap after GC invocations=18 (full 0):
 garbage-first heap   total 262144K, used 61952K [0x00000000e0000000, 0x0000000100000000)
  region size 1024K, 3 young (3072K), 3 survivors (3072K)
 Metaspace       used 70055K, capacity 72366K, committed 72520K, reserved 317440K
  class space    used 9124K, capacity 9978K, committed 9984K, reserved 253952K
}

Deoptimization events (10 events):
Event: 50.339 Thread 0x000002025536c800 Uncommon trap: reason=unstable_if action=reinterpret pc=0x0000020245b0acd8 method=java.util.jar.Manifest$FastInputStream.readLine([BII)I @ 106 c2
Event: 50.340 Thread 0x000002025536c800 Uncommon trap: reason=unstable_if action=reinterpret pc=0x0000020245b09b34 method=java.util.jar.Manifest$FastInputStream.readLine([BII)I @ 106 c2
Event: 50.665 Thread 0x000002025536c800 Uncommon trap: reason=unstable_if action=reinterpret pc=0x000002024574a23c method=java.nio.Buffer.position(I)Ljava/nio/Buffer; @ 37 c2
Event: 51.005 Thread 0x000002025536c800 Uncommon trap: reason=unstable_if action=reinterpret pc=0x0000020245b9a288 method=org.gradle.internal.snapshot.VfsRelativePath.compareToFirstSegment(Ljava/lang/String;Lorg/gradle/internal/snapshot/CaseSensitivity;)I @ 134 c2
Event: 51.999 Thread 0x0000020255366800 Uncommon trap: reason=unstable_if action=reinterpret pc=0x00000202459770b4 method=java.util.TreeMap.put(Ljava/lang/Object;Ljava/lang/Object;)Ljava/lang/Object; @ 163 c2
Event: 60.833 Thread 0x0000020255370800 Uncommon trap: reason=unstable_if action=reinterpret pc=0x0000020245bbe698 method=org.gradle.internal.logging.text.AbstractLineChoppingStyledTextOutput$2.execute(Lorg/gradle/internal/logging/text/AbstractLineChoppingStyledTextOutput$StateContext;)V @ 34 c
Event: 60.834 Thread 0x000002025536f000 Uncommon trap: reason=unstable_if action=reinterpret pc=0x0000020245bbb568 method=org.gradle.internal.logging.text.AbstractLineChoppingStyledTextOutput$2.execute(Lorg/gradle/internal/logging/text/AbstractLineChoppingStyledTextOutput$StateContext;)V @ 34 c
Event: 60.835 Thread 0x000002025536f000 Uncommon trap: reason=unstable_if action=reinterpret pc=0x0000020245bbc2cc method=org.gradle.internal.logging.text.AbstractLineChoppingStyledTextOutput$2.execute(Lorg/gradle/internal/logging/text/AbstractLineChoppingStyledTextOutput$StateContext;)V @ 34 c
Event: 60.851 Thread 0x000002025313d000 Uncommon trap: reason=unstable_if action=reinterpret pc=0x0000020245b96710 method=org.gradle.internal.logging.slf4j.OutputEventListenerBackedLogger.isLevelAtMost(Lorg/gradle/api/logging/LogLevel;)Z @ 11 c2
Event: 60.851 Thread 0x000002025313d000 Uncommon trap: reason=unstable_if action=reinterpret pc=0x0000020245902cb0 method=java.lang.ThreadLocal.get()Ljava/lang/Object; @ 11 c2

Classes redefined (0 events):
No events

Internal exceptions (10 events):
Event: 52.010 Thread 0x0000020255366800 Exception <a 'java/io/FileNotFoundException'{0x00000000eb74f2f0}> (0x00000000eb74f2f0) thrown at [./open/src/hotspot/share/prims/jni.cpp, line 611]
Event: 52.333 Thread 0x000002025536f800 Exception <a 'java/lang/NoSuchMethodError'{0x00000000e8b93470}: java.lang.invoke.DirectMethodHandle$Holder.invokeStatic(Ljava/lang/Object;J)V> (0x00000000e8b93470) thrown at [./open/src/hotspot/share/interpreter/linkResolver.cpp, line 772]
Event: 52.333 Thread 0x000002025536f800 Exception <a 'java/lang/NoSuchMethodError'{0x00000000e8b98298}: java.lang.invoke.DirectMethodHandle$Holder.invokeStatic(Ljava/lang/Object;J)Ljava/lang/Object;> (0x00000000e8b98298) thrown at [./open/src/hotspot/share/interpreter/linkResolver.cpp, line 772
Event: 52.334 Thread 0x000002025536f800 Exception <a 'java/lang/NoSuchMethodError'{0x00000000e8b9b5c0}: java.lang.invoke.DirectMethodHandle$Holder.invokeSpecial(Ljava/lang/Object;Ljava/lang/Object;J)Ljava/lang/Object;> (0x00000000e8b9b5c0) thrown at [./open/src/hotspot/share/interpreter/linkRes
Event: 52.334 Thread 0x000002025536f800 Exception <a 'java/lang/NoSuchMethodError'{0x00000000e8b9e328}: java.lang.invoke.Invokers$Holder.linkToTargetMethod(JLjava/lang/Object;)Ljava/lang/Object;> (0x00000000e8b9e328) thrown at [./open/src/hotspot/share/interpreter/linkResolver.cpp, line 772]
Event: 52.337 Thread 0x000002025536f800 Exception <a 'java/lang/NoSuchMethodError'{0x00000000e8ba3408}: java.lang.invoke.DirectMethodHandle$Holder.invokeStatic(Ljava/lang/Object;Ljava/lang/Object;JLjava/lang/Object;)Ljava/lang/Object;> (0x00000000e8ba3408) thrown at [./open/src/hotspot/share/in
Event: 52.337 Thread 0x000002025536f800 Exception <a 'java/lang/NoSuchMethodError'{0x00000000e8ba64e8}: java.lang.invoke.DirectMethodHandle$Holder.invokeStaticInit(Ljava/lang/Object;Ljava/lang/Object;JLjava/lang/Object;)Ljava/lang/Object;> (0x00000000e8ba64e8) thrown at [./open/src/hotspot/shar
Event: 60.851 Thread 0x000002025313d000 Implicit null exception at 0x0000020245902a0d to 0x0000020245902ca0
Event: 60.884 Thread 0x00000202528af800 Exception <a 'java/lang/NoSuchMethodError'{0x00000000e8ab6d78}: static Lnet/rubygrapefruit/platform/NativeException;.<clinit>()V> (0x00000000e8ab6d78) thrown at [./open/src/hotspot/share/prims/jni.cpp, line 1366]
Event: 60.886 Thread 0x00000202528af800 Exception <a 'java/lang/NoSuchMethodError'{0x00000000e8ab85c8}: static [Ljava/lang/StackTraceElement;.<clinit>()V> (0x00000000e8ab85c8) thrown at [./open/src/hotspot/share/prims/jni.cpp, line 1366]

Events (10 events):
Event: 60.883 loading class org/gradle/internal/serialize/ExceptionPlaceholder$2 done
Event: 60.885 loading class java/util/Collections$EmptyListIterator
Event: 60.885 loading class java/util/Collections$EmptyListIterator done
Event: 60.886 Executing VM operation: RevokeBias
Event: 60.886 Executing VM operation: RevokeBias done
Event: 60.891 Executing VM operation: RevokeBias
Event: 60.892 Executing VM operation: RevokeBias done
Event: 60.892 Executing VM operation: RevokeBias
Event: 60.892 Executing VM operation: RevokeBias done
Event: 60.894 Executing VM operation: BulkRevokeBias


Dynamic libraries:
0x00007ff7da370000 - 0x00007ff7da37f000 	C:\Program Files\Java\jdk-11.0.12\bin\java.exe
0x00007ffbd9930000 - 0x00007ffbd9b28000 	C:\WINDOWS\SYSTEM32\ntdll.dll
0x00007ffbd7be0000 - 0x00007ffbd7c9f000 	C:\WINDOWS\System32\KERNEL32.DLL
0x00007ffbd7180000 - 0x00007ffbd7452000 	C:\WINDOWS\System32\KERNELBASE.dll
0x00007ffbd7030000 - 0x00007ffbd7130000 	C:\WINDOWS\System32\ucrtbase.dll
0x00007ffbd2730000 - 0x00007ffbd2748000 	C:\Program Files\Java\jdk-11.0.12\bin\jli.dll
0x00007ffbd8590000 - 0x00007ffbd863e000 	C:\WINDOWS\System32\ADVAPI32.dll
0x00007ffbd83b0000 - 0x00007ffbd844e000 	C:\WINDOWS\System32\msvcrt.dll
0x00007ffbd7b40000 - 0x00007ffbd7bdc000 	C:\WINDOWS\System32\sechost.dll
0x00007ffbd7a10000 - 0x00007ffbd7b34000 	C:\WINDOWS\System32\RPCRT4.dll
0x00007ffbd9130000 - 0x00007ffbd92d1000 	C:\WINDOWS\System32\USER32.dll
0x00007ffbd75c0000 - 0x00007ffbd75e2000 	C:\WINDOWS\System32\win32u.dll
0x00007ffbd81c0000 - 0x00007ffbd81eb000 	C:\WINDOWS\System32\GDI32.dll
0x00007ffbd7690000 - 0x00007ffbd779f000 	C:\WINDOWS\System32\gdi32full.dll
0x00007ffbd75f0000 - 0x00007ffbd768d000 	C:\WINDOWS\System32\msvcp_win.dll
0x00007ffbc83a0000 - 0x00007ffbc863a000 	C:\WINDOWS\WinSxS\amd64_microsoft.windows.common-controls_6595b64144ccf1df_6.0.19041.1110_none_60b5254171f9507e\COMCTL32.dll
0x00007ffbc8b30000 - 0x00007ffbc8b3a000 	C:\WINDOWS\SYSTEM32\VERSION.dll
0x00007ffbd2710000 - 0x00007ffbd2725000 	C:\Program Files\Java\jdk-11.0.12\bin\VCRUNTIME140.dll
0x00007ffbd8770000 - 0x00007ffbd87a0000 	C:\WINDOWS\System32\IMM32.DLL
0x00007ffbbebc0000 - 0x00007ffbbec5b000 	C:\Program Files\Java\jdk-11.0.12\bin\msvcp140.dll
0x00007ffba7690000 - 0x00007ffba818f000 	C:\Program Files\Java\jdk-11.0.12\bin\server\jvm.dll
0x00007ffbd81f0000 - 0x00007ffbd81f8000 	C:\WINDOWS\System32\PSAPI.DLL
0x00007ffbd2770000 - 0x00007ffbd2779000 	C:\WINDOWS\SYSTEM32\WSOCK32.dll
0x00007ffbd97d0000 - 0x00007ffbd983b000 	C:\WINDOWS\System32\WS2_32.dll
0x00007ffbbbbb0000 - 0x00007ffbbbbd7000 	C:\WINDOWS\SYSTEM32\WINMM.dll
0x00007ffbd4ef0000 - 0x00007ffbd4f02000 	C:\WINDOWS\SYSTEM32\kernel.appcore.dll
0x00007ffbce9f0000 - 0x00007ffbcea00000 	C:\Program Files\Java\jdk-11.0.12\bin\verify.dll
0x00007ffbc3750000 - 0x00007ffbc3934000 	C:\WINDOWS\SYSTEM32\DBGHELP.DLL
0x00007ffbc36c0000 - 0x00007ffbc36f5000 	C:\WINDOWS\SYSTEM32\dbgcore.DLL
0x00007ffbd78f0000 - 0x00007ffbd7972000 	C:\WINDOWS\System32\bcryptPrimitives.dll
0x00007ffbc5b90000 - 0x00007ffbc5bb8000 	C:\Program Files\Java\jdk-11.0.12\bin\java.dll
0x00007ffbce9e0000 - 0x00007ffbce9ea000 	C:\Program Files\Java\jdk-11.0.12\bin\jimage.dll
0x00007ffbc1e00000 - 0x00007ffbc1e16000 	C:\Program Files\Java\jdk-11.0.12\bin\zip.dll
0x00007ffbd8920000 - 0x00007ffbd9065000 	C:\WINDOWS\System32\SHELL32.dll
0x00007ffbd50f0000 - 0x00007ffbd5882000 	C:\WINDOWS\SYSTEM32\windows.storage.dll
0x00007ffbd7cb0000 - 0x00007ffbd8005000 	C:\WINDOWS\System32\combase.dll
0x00007ffbd69b0000 - 0x00007ffbd69e0000 	C:\WINDOWS\SYSTEM32\Wldp.dll
0x00007ffbd9840000 - 0x00007ffbd98ed000 	C:\WINDOWS\System32\SHCORE.dll
0x00007ffbd88c0000 - 0x00007ffbd8915000 	C:\WINDOWS\System32\shlwapi.dll
0x00007ffbd6f70000 - 0x00007ffbd6f8f000 	C:\WINDOWS\SYSTEM32\profapi.dll
0x00007ffbc1de0000 - 0x00007ffbc1df9000 	C:\Program Files\Java\jdk-11.0.12\bin\net.dll
0x00007ffbc94a0000 - 0x00007ffbc95aa000 	C:\WINDOWS\SYSTEM32\WINHTTP.dll
0x00007ffbd6710000 - 0x00007ffbd677a000 	C:\WINDOWS\system32\mswsock.dll
0x00007ffbc1dc0000 - 0x00007ffbc1dd2000 	C:\Program Files\Java\jdk-11.0.12\bin\nio.dll
0x00007ffbc7880000 - 0x00007ffbc78a7000 	C:\Users\EXEQUIEL\.gradle\native\68d5fa5c4cc2d200863cafc0d521ce42e7d3e7ee720ec0a83991735586a16f82\windows-amd64\native-platform.dll
0x00007ffbb5bb0000 - 0x00007ffbb5cf4000 	C:\Users\EXEQUIEL\.gradle\native\e376f236ea51e6404a007f0833ffe2c6e607c4080706a723a18a27aeea778392\windows-amd64\native-platform-file-events.dll
0x00007ffbd27d0000 - 0x00007ffbd27d9000 	C:\Program Files\Java\jdk-11.0.12\bin\management.dll
0x00007ffbcbbe0000 - 0x00007ffbcbbeb000 	C:\Program Files\Java\jdk-11.0.12\bin\management_ext.dll
0x00007ffbd6900000 - 0x00007ffbd6918000 	C:\WINDOWS\SYSTEM32\CRYPTSP.dll
0x00007ffbd6030000 - 0x00007ffbd6064000 	C:\WINDOWS\system32\rsaenh.dll
0x00007ffbd7810000 - 0x00007ffbd7837000 	C:\WINDOWS\System32\bcrypt.dll
0x00007ffbd6f30000 - 0x00007ffbd6f5e000 	C:\WINDOWS\SYSTEM32\USERENV.dll
0x00007ffbd6920000 - 0x00007ffbd692c000 	C:\WINDOWS\SYSTEM32\CRYPTBASE.dll
0x00007ffbd6400000 - 0x00007ffbd643b000 	C:\WINDOWS\SYSTEM32\IPHLPAPI.DLL
0x00007ffbd9070000 - 0x00007ffbd9078000 	C:\WINDOWS\System32\NSI.dll
0x00007ffbc88d0000 - 0x00007ffbc88e7000 	C:\WINDOWS\SYSTEM32\dhcpcsvc6.DLL
0x00007ffbc9b10000 - 0x00007ffbc9b2d000 	C:\WINDOWS\SYSTEM32\dhcpcsvc.DLL
0x00007ffbd6440000 - 0x00007ffbd650b000 	C:\WINDOWS\SYSTEM32\DNSAPI.dll

dbghelp: loaded successfully - version: 4.0.5 - missing functions: none
symbol engine: initialized successfully - sym options: 0x614 - pdb path: .;C:\Program Files\Java\jdk-11.0.12\bin;C:\WINDOWS\SYSTEM32;C:\WINDOWS\WinSxS\amd64_microsoft.windows.common-controls_6595b64144ccf1df_6.0.19041.1110_none_60b5254171f9507e;C:\Program Files\Java\jdk-11.0.12\bin\server;C:\Users\EXEQUIEL\.gradle\native\68d5fa5c4cc2d200863cafc0d521ce42e7d3e7ee720ec0a83991735586a16f82\windows-amd64;C:\Users\EXEQUIEL\.gradle\native\e376f236ea51e6404a007f0833ffe2c6e607c4080706a723a18a27aeea778392\windows-amd64

VM Arguments:
jvm_args: --add-opens=java.base/java.util=ALL-UNNAMED --add-opens=java.base/java.lang=ALL-UNNAMED --add-opens=java.base/java.lang.invoke=ALL-UNNAMED --add-opens=java.prefs/java.util.prefs=ALL-UNNAMED --add-opens=java.base/java.nio.charset=ALL-UNNAMED --add-opens=java.base/java.net=ALL-UNNAMED --add-opens=java.base/java.util.concurrent.atomic=ALL-UNNAMED -XX:MaxMetaspaceSize=256m -XX:+HeapDumpOnOutOfMemoryError -Xms256m -Xmx512m -Dfile.encoding=windows-1252 -Duser.country=AR -Duser.language=es -Duser.variant 
java_command: org.gradle.launcher.daemon.bootstrap.GradleDaemon 7.6.1
java_class_path (initial): C:\Users\EXEQUIEL\.gradle\wrapper\dists\gradle-7.6.1-bin\2clxi94ab3brv6467628wnxmd\gradle-7.6.1\lib\gradle-launcher-7.6.1.jar
Launcher Type: SUN_STANDARD

[Global flags]
     intx CICompilerCount                          = 2                                         {product} {ergonomic}
   size_t CompressedClassSpaceSize                 = 260046848                                 {product} {ergonomic}
     uint ConcGCThreads                            = 1                                         {product} {ergonomic}
     uint G1ConcRefinementThreads                  = 2                                         {product} {ergonomic}
   size_t G1HeapRegionSize                         = 1048576                                   {product} {ergonomic}
    uintx GCDrainStackTargetSize                   = 64                                        {product} {ergonomic}
     bool HeapDumpOnOutOfMemoryError               = true                                   {manageable} {command line}
   size_t InitialHeapSize                          = 268435456                                 {product} {command line}
   size_t MarkStackSize                            = 4194304                                   {product} {ergonomic}
   size_t MaxHeapSize                              = 536870912                                 {product} {command line}
   size_t MaxMetaspaceSize                         = 268435456                                 {product} {command line}
   size_t MaxNewSize                               = 321912832                                 {product} {ergonomic}
   size_t MinHeapDeltaBytes                        = 1048576                                   {product} {ergonomic}
    uintx NonNMethodCodeHeapSize                   = 5825164                                {pd product} {ergonomic}
    uintx NonProfiledCodeHeapSize                  = 122916538                              {pd product} {ergonomic}
    uintx ProfiledCodeHeapSize                     = 122916538                              {pd product} {ergonomic}
    uintx ReservedCodeCacheSize                    = 251658240                              {pd product} {ergonomic}
     bool SegmentedCodeCache                       = true                                      {product} {ergonomic}
     bool UseCompressedClassPointers               = true                                 {lp64_product} {ergonomic}
     bool UseCompressedOops                        = true                                 {lp64_product} {ergonomic}
     bool UseG1GC                                  = true                                      {product} {ergonomic}
     bool UseLargePagesIndividualAllocation        = false                                  {pd product} {ergonomic}

Logging:
Log output configuration:
 #0: stdout all=warning uptime,level,tags
 #1: stderr all=off uptime,level,tags

Environment Variables:
PATH=C:\Program Files\Java\jdk-11.0.12\bin;C:\Program Files\Common Files\Oracle\Java\javapath;C:\WINDOWS\system32;C:\WINDOWS;C:\WINDOWS\System32\Wbem;C:\WINDOWS\System32\WindowsPowerShell\v1.0\;C:\WINDOWS\System32\OpenSSH\;C:\Program Files (x86)\Common Files\Propellerhead Software\ReWire\;C:\Program Files\Common Files\Propellerhead Software\ReWire\;C:\Program Files\dotnet\;C:\Program Files\nodejs\;C:\Program Files\Git\cmd;C:\Users\EXEQUIEL\AppData\Local\Microsoft\WindowsApps;C:\Users\EXEQUIEL\.dotnet\tools;C:\Users\EXEQUIEL\AppData\Local\Programs\Microsoft VS Code\bin;C:\Users\EXEQUIEL\AppData\Roaming\npm
USERNAME=Ezequiel
OS=Windows_NT
PROCESSOR_IDENTIFIER=Intel64 Family 6 Model 58 Stepping 9, GenuineIntel



---------------  S Y S T E M  ---------------

OS: Windows 10 , 64 bit Build 19041 (10.0.19041.2546)

CPU:total 2 (initial active 2) (2 cores per cpu, 1 threads per core) family 6 model 58 stepping 9 microcode 0x21, cmov, cx8, fxsr, mmx, sse, sse2, sse3, ssse3, sse4.1, sse4.2, popcnt, clmul, erms, tsc, tscinvbit, tscinv

Memory: 4k page, system-wide physical 3972M (352M free)
TotalPageFile size 6756M (AvailPageFile size 3M)
current process WorkingSet (physical memory assigned to process): 418M, peak: 428M
current process commit charge ("private bytes"): 473M, peak: 481M

vm_info: Java HotSpot(TM) 64-Bit Server VM (11.0.12+8-LTS-237) for windows-amd64 JRE (11.0.12+8-LTS-237), built on Jun  8 2021 11:25:59 by "mach5one" with MS VC++ 15.9 (VS2017)

END.
